#
# There is insufficient memory for the Java Runtime Environment to continue.
# Native memory allocation (malloc) failed to allocate 1847056 bytes for Chunk::new
# Possible reasons:
#   The system is out of physical RAM or swap space
#   The process is running with CompressedOops enabled, and the Java Heap may be blocking the growth of the native heap
# Possible solutions:
#   Reduce memory load on the system
#   Increase physical memory or swap space
#   Check if swap backing store is full
#   Decrease Java heap size (-Xmx/-Xms)
#   Decrease number of Java threads
#   Decrease Java thread stack sizes (-Xss)
#   Set larger code cache with -XX:ReservedCodeCacheSize=
#   JVM is running with Unscaled Compressed Oops mode in which the Java heap is
#     placed in the first 4GB address space. The Java Heap base address is the
#     maximum limit for the native heap growth. Please use -XX:HeapBaseMinAddress
#     to set the Java Heap base and to place the Java Heap above 4GB virtual address.
# This output file may be truncated or incomplete.
#
#  Out of Memory Error (./open/src/hotspot/share/memory/arena.cpp:197), pid=3292, tid=9000
#
# JRE version: Java(TM) SE Runtime Environment 18.9 (11.0.14+8) (build 11.0.14+8-LTS-263)
# Java VM: Java HotSpot(TM) 64-Bit Server VM 18.9 (11.0.14+8-LTS-263, mixed mode, tiered, compressed oops, g1 gc, windows-amd64)
# No core dump will be written. Minidumps are not enabled by default on client versions of Windows
#

---------------  S U M M A R Y ------------

Command Line: org.jetbrains.kotlin.cli.jvm.K2JVMCompiler @C:\Users\OLEG\Desktop\geekbrains\fullstack\rntodo\node_modules\react-native-safe-area-context\android\build\20220614_10932823123390771237.compiler.options

Host: Intel(R) Core(TM) i5-7400 CPU @ 3.00GHz, 4 cores, 7G,  Windows 10 , 64 bit Build 19041 (10.0.19041.1706)
Time: Tue Jun 14 13:16:14 2022 Russia TZ 2 Standard Time elapsed time: 7.828646 seconds (0d 0h 0m 7s)

---------------  T H R E A D  ---------------

Current thread (0x00000195fe65c000):  JavaThread "C2 CompilerThread0" daemon [_thread_in_native, id=9000, stack(0x0000003ecd200000,0x0000003ecd300000)]


Current CompileTask:
C2:   7828 9951       4       java.lang.invoke.MethodType::makeImpl (108 bytes)

Stack: [0x0000003ecd200000,0x0000003ecd300000]
Native frames: (J=compiled Java code, j=interpreted, Vv=VM code, C=native code)
V  [jvm.dll+0x6296da]
V  [jvm.dll+0x76323f]
V  [jvm.dll+0x7648e9]
V  [jvm.dll+0x764f73]
V  [jvm.dll+0x23d7c8]
V  [jvm.dll+0xb297c]
V  [jvm.dll+0xb2f3c]
V  [jvm.dll+0x340e97]
V  [jvm.dll+0x30e803]
V  [jvm.dll+0x30db4a]
V  [jvm.dll+0x1f8365]
V  [jvm.dll+0x1f754d]
V  [jvm.dll+0x177b21]
V  [jvm.dll+0x206e26]
V  [jvm.dll+0x204fbb]
V  [jvm.dll+0x729170]
V  [jvm.dll+0x721d44]
V  [jvm.dll+0x6285d6]
C  [ucrtbase.dll+0x21bb2]
C  [KERNEL32.DLL+0x17034]
C  [ntdll.dll+0x52651]


---------------  P R O C E S S  ---------------

Threads class SMR info:
_java_thread_list=0x00000195ff106c30, length=11, elements={
0x00000195fb490800, 0x00000195fe616800, 0x00000195fe642800, 0x00000195fe653000,
0x00000195fe654800, 0x00000195fe655800, 0x00000195fe65c000, 0x00000195fe66a000,
0x00000195fe671000, 0x00000195ff12a800, 0x00000195ff13d800
}

Java Threads: ( => current thread )
  0x00000195fb490800 JavaThread "main" [_thread_in_vm, id=7068, stack(0x0000003ecc600000,0x0000003ecc700000)]
  0x00000195fe616800 JavaThread "Reference Handler" daemon [_thread_blocked, id=10788, stack(0x0000003eccd00000,0x0000003ecce00000)]
  0x00000195fe642800 JavaThread "Finalizer" daemon [_thread_blocked, id=7088, stack(0x0000003ecce00000,0x0000003eccf00000)]
  0x00000195fe653000 JavaThread "Signal Dispatcher" daemon [_thread_blocked, id=924, stack(0x0000003eccf00000,0x0000003ecd000000)]
  0x00000195fe654800 JavaThread "Attach Listener" daemon [_thread_blocked, id=10920, stack(0x0000003ecd000000,0x0000003ecd100000)]
  0x00000195fe655800 JavaThread "Service Thread" daemon [_thread_blocked, id=6748, stack(0x0000003ecd100000,0x0000003ecd200000)]
=>0x00000195fe65c000 JavaThread "C2 CompilerThread0" daemon [_thread_in_native, id=9000, stack(0x0000003ecd200000,0x0000003ecd300000)]
  0x00000195fe66a000 JavaThread "C1 CompilerThread0" daemon [_thread_blocked, id=5128, stack(0x0000003ecd300000,0x0000003ecd400000)]
  0x00000195fe671000 JavaThread "Sweeper thread" daemon [_thread_blocked, id=6172, stack(0x0000003ecd400000,0x0000003ecd500000)]
  0x00000195ff12a800 JavaThread "Common-Cleaner" daemon [_thread_blocked, id=12276, stack(0x0000003ecd600000,0x0000003ecd700000)]
  0x00000195ff13d800 JavaThread "C2 CompilerThread1" daemon [_thread_blocked, id=8844, stack(0x0000003ecd700000,0x0000003ecd800000)]

Other Threads:
  0x00000195fe613000 VMThread "VM Thread" [stack: 0x0000003eccc00000,0x0000003eccd00000] [id=12036]
  0x00000195ff129800 WatcherThread [stack: 0x0000003ecd500000,0x0000003ecd600000] [id=10292]
  0x00000195fb4a5800 GCTaskThread "GC Thread#0" [stack: 0x0000003ecc700000,0x0000003ecc800000] [id=6600]
  0x00000195ff52b800 GCTaskThread "GC Thread#1" [stack: 0x0000003ecd800000,0x0000003ecd900000] [id=10884]
  0x00000195ff698800 GCTaskThread "GC Thread#2" [stack: 0x0000003ecd900000,0x0000003ecda00000] [id=5964]
  0x00000195fb4d5000 ConcurrentGCThread "G1 Main Marker" [stack: 0x0000003ecc800000,0x0000003ecc900000] [id=11568]
  0x00000195fb4d8800 ConcurrentGCThread "G1 Conc#0" [stack: 0x0000003ecc900000,0x0000003ecca00000] [id=11516]
  0x00000195fb569000 ConcurrentGCThread "G1 Refine#0" [stack: 0x0000003ecca00000,0x0000003eccb00000] [id=11572]
  0x000001959c430800 ConcurrentGCThread "G1 Refine#1" [stack: 0x0000003ecda00000,0x0000003ecdb00000] [id=11600]
  0x000001959e5b3800 ConcurrentGCThread "G1 Refine#2" [stack: 0x0000003ecdb00000,0x0000003ecdc00000] [id=11512]
  0x00000195fb56a000 ConcurrentGCThread "G1 Young RemSet Sampling" [stack: 0x0000003eccb00000,0x0000003eccc00000] [id=10756]

Threads with active compile tasks:
C2 CompilerThread0   7855 9951       4       java.lang.invoke.MethodType::makeImpl (108 bytes)

VM state:not at safepoint (normal execution)

VM Mutex/Monitor currently owned by a thread:  ([mutex/lock_event])
[0x00000195fb48a620] SymbolTable_lock - owner thread: 0x0000000000000000

Heap address: 0x0000000080800000, size: 2040 MB, Compressed Oops mode: 32-bit
Narrow klass base: 0x0000000000000000, Narrow klass shift: 3
Compressed class space size: 1073741824 Address: 0x0000000100000000

Heap:
 garbage-first heap   total 189440K, used 98816K [0x0000000080800000, 0x0000000100000000)
  region size 1024K, 49 young (50176K), 6 survivors (6144K)
 Metaspace       used 68210K, capacity 69039K, committed 69124K, reserved 1110016K
  class space    used 7774K, capacity 8119K, committed 8140K, reserved 1048576K
Heap Regions: E=young(eden), S=young(survivor), O=old, HS=humongous(starts), HC=humongous(continues), CS=collection set, F=free, A=archive, TAMS=top-at-mark-start (previous, next)
|   0|0x0000000080800000, 0x0000000080900000, 0x0000000080900000|100%|HS|  |TAMS 0x0000000080900000, 0x0000000080800000| Complete 
|   1|0x0000000080900000, 0x0000000080a00000, 0x0000000080a00000|100%|HC|  |TAMS 0x0000000080a00000, 0x0000000080900000| Complete 
|   2|0x0000000080a00000, 0x0000000080b00000, 0x0000000080b00000|100%|HC|  |TAMS 0x0000000080b00000, 0x0000000080a00000| Complete 
|   3|0x0000000080b00000, 0x0000000080c00000, 0x0000000080c00000|100%| O|  |TAMS 0x0000000080c00000, 0x0000000080b00000| Untracked 
|   4|0x0000000080c00000, 0x0000000080d00000, 0x0000000080d00000|100%| O|  |TAMS 0x0000000080d00000, 0x0000000080c00000| Untracked 
|   5|0x0000000080d00000, 0x0000000080e00000, 0x0000000080e00000|100%|HS|  |TAMS 0x0000000080e00000, 0x0000000080d00000| Complete 
|   6|0x0000000080e00000, 0x0000000080f00000, 0x0000000080f00000|100%|HC|  |TAMS 0x0000000080f00000, 0x0000000080e00000| Complete 
|   7|0x0000000080f00000, 0x0000000081000000, 0x0000000081000000|100%|HC|  |TAMS 0x0000000081000000, 0x0000000080f00000| Complete 
|   8|0x0000000081000000, 0x0000000081100000, 0x0000000081100000|100%|HS|  |TAMS 0x0000000081100000, 0x0000000081000000| Complete 
|   9|0x0000000081100000, 0x0000000081200000, 0x0000000081200000|100%|HC|  |TAMS 0x0000000081200000, 0x0000000081100000| Complete 
|  10|0x0000000081200000, 0x0000000081300000, 0x0000000081300000|100%| O|  |TAMS 0x0000000081300000, 0x0000000081200000| Untracked 
|  11|0x0000000081300000, 0x0000000081400000, 0x0000000081400000|100%| O|  |TAMS 0x0000000081400000, 0x0000000081300000| Untracked 
|  12|0x0000000081400000, 0x0000000081500000, 0x0000000081500000|100%| O|  |TAMS 0x0000000081500000, 0x0000000081400000| Untracked 
|  13|0x0000000081500000, 0x0000000081600000, 0x0000000081600000|100%| O|  |TAMS 0x0000000081600000, 0x0000000081500000| Untracked 
|  14|0x0000000081600000, 0x0000000081700000, 0x0000000081700000|100%| O|  |TAMS 0x0000000081700000, 0x0000000081600000| Untracked 
|  15|0x0000000081700000, 0x0000000081800000, 0x0000000081800000|100%| O|  |TAMS 0x0000000081800000, 0x0000000081700000| Untracked 
|  16|0x0000000081800000, 0x0000000081900000, 0x0000000081900000|100%| O|  |TAMS 0x0000000081900000, 0x0000000081800000| Untracked 
|  17|0x0000000081900000, 0x0000000081a00000, 0x0000000081a00000|100%| O|  |TAMS 0x0000000081a00000, 0x0000000081900000| Untracked 
|  18|0x0000000081a00000, 0x0000000081b00000, 0x0000000081b00000|100%| O|  |TAMS 0x0000000081b00000, 0x0000000081a00000| Untracked 
|  19|0x0000000081b00000, 0x0000000081c00000, 0x0000000081c00000|100%| O|  |TAMS 0x0000000081c00000, 0x0000000081b00000| Untracked 
|  20|0x0000000081c00000, 0x0000000081d00000, 0x0000000081d00000|100%| O|  |TAMS 0x0000000081d00000, 0x0000000081c00000| Untracked 
|  21|0x0000000081d00000, 0x0000000081e00000, 0x0000000081e00000|100%| O|  |TAMS 0x0000000081e00000, 0x0000000081d00000| Untracked 
|  22|0x0000000081e00000, 0x0000000081f00000, 0x0000000081f00000|100%| O|  |TAMS 0x0000000081f00000, 0x0000000081e00000| Untracked 
|  23|0x0000000081f00000, 0x0000000082000000, 0x0000000082000000|100%| O|  |TAMS 0x0000000082000000, 0x0000000081f00000| Untracked 
|  24|0x0000000082000000, 0x0000000082100000, 0x0000000082100000|100%| O|  |TAMS 0x0000000082100000, 0x0000000082000000| Untracked 
|  25|0x0000000082100000, 0x0000000082200000, 0x0000000082200000|100%| O|  |TAMS 0x0000000082200000, 0x0000000082100000| Untracked 
|  26|0x0000000082200000, 0x0000000082300000, 0x0000000082300000|100%| O|  |TAMS 0x0000000082300000, 0x0000000082200000| Untracked 
|  27|0x0000000082300000, 0x0000000082400000, 0x0000000082400000|100%| O|  |TAMS 0x0000000082400000, 0x0000000082300000| Untracked 
|  28|0x0000000082400000, 0x0000000082500000, 0x0000000082500000|100%| O|  |TAMS 0x0000000082500000, 0x0000000082400000| Untracked 
|  29|0x0000000082500000, 0x0000000082600000, 0x0000000082600000|100%| O|  |TAMS 0x0000000082600000, 0x0000000082500000| Untracked 
|  30|0x0000000082600000, 0x0000000082700000, 0x0000000082700000|100%| O|  |TAMS 0x0000000082700000, 0x0000000082600000| Untracked 
|  31|0x0000000082700000, 0x0000000082800000, 0x0000000082800000|100%| O|  |TAMS 0x0000000082800000, 0x0000000082700000| Untracked 
|  32|0x0000000082800000, 0x0000000082900000, 0x0000000082900000|100%| O|  |TAMS 0x0000000082900000, 0x0000000082800000| Untracked 
|  33|0x0000000082900000, 0x0000000082a00000, 0x0000000082a00000|100%| O|  |TAMS 0x0000000082a00000, 0x0000000082900000| Untracked 
|  34|0x0000000082a00000, 0x0000000082b00000, 0x0000000082b00000|100%| O|  |TAMS 0x0000000082b00000, 0x0000000082a00000| Untracked 
|  35|0x0000000082b00000, 0x0000000082c00000, 0x0000000082c00000|100%| O|  |TAMS 0x0000000082c00000, 0x0000000082b00000| Untracked 
|  36|0x0000000082c00000, 0x0000000082d00000, 0x0000000082d00000|100%| O|  |TAMS 0x0000000082d00000, 0x0000000082c00000| Untracked 
|  37|0x0000000082d00000, 0x0000000082e00000, 0x0000000082e00000|100%| O|  |TAMS 0x0000000082e00000, 0x0000000082d00000| Untracked 
|  38|0x0000000082e00000, 0x0000000082f00000, 0x0000000082f00000|100%| O|  |TAMS 0x0000000082f00000, 0x0000000082e00000| Untracked 
|  39|0x0000000082f00000, 0x0000000083000000, 0x0000000083000000|100%| O|  |TAMS 0x0000000083000000, 0x0000000082f00000| Untracked 
|  40|0x0000000083000000, 0x0000000083100000, 0x0000000083100000|100%| O|  |TAMS 0x0000000083100000, 0x0000000083000000| Untracked 
|  41|0x0000000083100000, 0x0000000083200000, 0x0000000083200000|100%| O|  |TAMS 0x0000000083200000, 0x0000000083100000| Untracked 
|  42|0x0000000083200000, 0x0000000083300000, 0x0000000083300000|100%| O|  |TAMS 0x0000000083300000, 0x0000000083200000| Untracked 
|  43|0x0000000083300000, 0x0000000083400000, 0x0000000083400000|100%| O|  |TAMS 0x00000000833d0e00, 0x0000000083300000| Untracked 
|  44|0x0000000083400000, 0x0000000083500000, 0x0000000083500000|100%| O|  |TAMS 0x0000000083400000, 0x0000000083400000| Untracked 
|  45|0x0000000083500000, 0x0000000083600000, 0x0000000083600000|100%| O|  |TAMS 0x0000000083500000, 0x0000000083500000| Untracked 
|  46|0x0000000083600000, 0x0000000083700000, 0x0000000083700000|100%| O|  |TAMS 0x0000000083600000, 0x0000000083600000| Untracked 
|  47|0x0000000083700000, 0x0000000083800000, 0x0000000083800000|100%| O|  |TAMS 0x0000000083700000, 0x0000000083700000| Untracked 
|  48|0x0000000083800000, 0x0000000083880000, 0x0000000083900000| 50%| O|  |TAMS 0x0000000083800000, 0x0000000083800000| Untracked 
|  49|0x0000000083900000, 0x0000000083900000, 0x0000000083a00000|  0%| F|  |TAMS 0x0000000083900000, 0x0000000083900000| Untracked 
|  50|0x0000000083a00000, 0x0000000083a00000, 0x0000000083b00000|  0%| F|  |TAMS 0x0000000083a00000, 0x0000000083a00000| Untracked 
|  51|0x0000000083b00000, 0x0000000083b00000, 0x0000000083c00000|  0%| F|  |TAMS 0x0000000083b00000, 0x0000000083b00000| Untracked 
|  52|0x0000000083c00000, 0x0000000083c00000, 0x0000000083d00000|  0%| F|  |TAMS 0x0000000083c00000, 0x0000000083c00000| Untracked 
|  53|0x0000000083d00000, 0x0000000083d00000, 0x0000000083e00000|  0%| F|  |TAMS 0x0000000083d00000, 0x0000000083d00000| Untracked 
|  54|0x0000000083e00000, 0x0000000083e00000, 0x0000000083f00000|  0%| F|  |TAMS 0x0000000083e00000, 0x0000000083e00000| Untracked 
|  55|0x0000000083f00000, 0x0000000083f00000, 0x0000000084000000|  0%| F|  |TAMS 0x0000000083f00000, 0x0000000083f00000| Untracked 
|  56|0x0000000084000000, 0x0000000084000000, 0x0000000084100000|  0%| F|  |TAMS 0x0000000084000000, 0x0000000084000000| Untracked 
|  57|0x0000000084100000, 0x0000000084100000, 0x0000000084200000|  0%| F|  |TAMS 0x0000000084100000, 0x0000000084100000| Untracked 
|  58|0x0000000084200000, 0x0000000084200000, 0x0000000084300000|  0%| F|  |TAMS 0x0000000084200000, 0x0000000084200000| Untracked 
|  59|0x0000000084300000, 0x0000000084300000, 0x0000000084400000|  0%| F|  |TAMS 0x0000000084300000, 0x0000000084300000| Untracked 
|  60|0x0000000084400000, 0x0000000084400000, 0x0000000084500000|  0%| F|  |TAMS 0x0000000084400000, 0x0000000084400000| Untracked 
|  61|0x0000000084500000, 0x0000000084500000, 0x0000000084600000|  0%| F|  |TAMS 0x0000000084500000, 0x0000000084500000| Untracked 
|  62|0x0000000084600000, 0x0000000084600000, 0x0000000084700000|  0%| F|  |TAMS 0x0000000084600000, 0x0000000084600000| Untracked 
|  63|0x0000000084700000, 0x0000000084700000, 0x0000000084800000|  0%| F|  |TAMS 0x0000000084700000, 0x0000000084700000| Untracked 
|  64|0x0000000084800000, 0x0000000084800000, 0x0000000084900000|  0%| F|  |TAMS 0x0000000084800000, 0x0000000084800000| Untracked 
|  65|0x0000000084900000, 0x0000000084900000, 0x0000000084a00000|  0%| F|  |TAMS 0x0000000084900000, 0x0000000084900000| Untracked 
|  66|0x0000000084a00000, 0x0000000084a00000, 0x0000000084b00000|  0%| F|  |TAMS 0x0000000084a00000, 0x0000000084a00000| Untracked 
|  67|0x0000000084b00000, 0x0000000084b00000, 0x0000000084c00000|  0%| F|  |TAMS 0x0000000084b00000, 0x0000000084b00000| Untracked 
|  68|0x0000000084c00000, 0x0000000084c00000, 0x0000000084d00000|  0%| F|  |TAMS 0x0000000084c00000, 0x0000000084c00000| Untracked 
|  69|0x0000000084d00000, 0x0000000084d00000, 0x0000000084e00000|  0%| F|  |TAMS 0x0000000084d00000, 0x0000000084d00000| Untracked 
|  70|0x0000000084e00000, 0x0000000084e00000, 0x0000000084f00000|  0%| F|  |TAMS 0x0000000084e00000, 0x0000000084e00000| Untracked 
|  71|0x0000000084f00000, 0x0000000084f00000, 0x0000000085000000|  0%| F|  |TAMS 0x0000000084f00000, 0x0000000084f00000| Untracked 
|  72|0x0000000085000000, 0x0000000085000000, 0x0000000085100000|  0%| F|  |TAMS 0x0000000085000000, 0x0000000085000000| Untracked 
|  73|0x0000000085100000, 0x0000000085100000, 0x0000000085200000|  0%| F|  |TAMS 0x0000000085100000, 0x0000000085100000| Untracked 
|  74|0x0000000085200000, 0x0000000085200000, 0x0000000085300000|  0%| F|  |TAMS 0x0000000085200000, 0x0000000085200000| Untracked 
|  75|0x0000000085300000, 0x0000000085300000, 0x0000000085400000|  0%| F|  |TAMS 0x0000000085300000, 0x0000000085300000| Untracked 
|  76|0x0000000085400000, 0x0000000085400000, 0x0000000085500000|  0%| F|  |TAMS 0x0000000085400000, 0x0000000085400000| Untracked 
|  77|0x0000000085500000, 0x0000000085500000, 0x0000000085600000|  0%| F|  |TAMS 0x0000000085500000, 0x0000000085500000| Untracked 
|  78|0x0000000085600000, 0x0000000085600000, 0x0000000085700000|  0%| F|  |TAMS 0x0000000085600000, 0x0000000085600000| Untracked 
|  79|0x0000000085700000, 0x0000000085700000, 0x0000000085800000|  0%| F|  |TAMS 0x0000000085700000, 0x0000000085700000| Untracked 
|  80|0x0000000085800000, 0x0000000085800000, 0x0000000085900000|  0%| F|  |TAMS 0x0000000085800000, 0x0000000085800000| Untracked 
|  81|0x0000000085900000, 0x0000000085900000, 0x0000000085a00000|  0%| F|  |TAMS 0x0000000085900000, 0x0000000085900000| Untracked 
|  82|0x0000000085a00000, 0x0000000085a00000, 0x0000000085b00000|  0%| F|  |TAMS 0x0000000085a00000, 0x0000000085a00000| Untracked 
|  83|0x0000000085b00000, 0x0000000085b00000, 0x0000000085c00000|  0%| F|  |TAMS 0x0000000085b00000, 0x0000000085b00000| Untracked 
|  84|0x0000000085c00000, 0x0000000085c00000, 0x0000000085d00000|  0%| F|  |TAMS 0x0000000085c00000, 0x0000000085c00000| Untracked 
|  85|0x0000000085d00000, 0x0000000085d00000, 0x0000000085e00000|  0%| F|  |TAMS 0x0000000085d00000, 0x0000000085d00000| Untracked 
|  86|0x0000000085e00000, 0x0000000085e00000, 0x0000000085f00000|  0%| F|  |TAMS 0x0000000085e00000, 0x0000000085e00000| Untracked 
|  87|0x0000000085f00000, 0x0000000085f00000, 0x0000000086000000|  0%| F|  |TAMS 0x0000000085f00000, 0x0000000085f00000| Untracked 
|  88|0x0000000086000000, 0x0000000086000000, 0x0000000086100000|  0%| F|  |TAMS 0x0000000086000000, 0x0000000086000000| Untracked 
|  89|0x0000000086100000, 0x0000000086100000, 0x0000000086200000|  0%| F|  |TAMS 0x0000000086100000, 0x0000000086100000| Untracked 
|  90|0x0000000086200000, 0x0000000086200000, 0x0000000086300000|  0%| F|  |TAMS 0x0000000086200000, 0x0000000086200000| Untracked 
|  91|0x0000000086300000, 0x0000000086300000, 0x0000000086400000|  0%| F|  |TAMS 0x0000000086300000, 0x0000000086300000| Untracked 
|  92|0x0000000086400000, 0x0000000086400000, 0x0000000086500000|  0%| F|  |TAMS 0x0000000086400000, 0x0000000086400000| Untracked 
|  93|0x0000000086500000, 0x0000000086500000, 0x0000000086600000|  0%| F|  |TAMS 0x0000000086500000, 0x0000000086500000| Untracked 
|  94|0x0000000086600000, 0x0000000086700000, 0x0000000086700000|100%| S|CS|TAMS 0x0000000086600000, 0x0000000086600000| Complete 
|  95|0x0000000086700000, 0x0000000086800000, 0x0000000086800000|100%| S|CS|TAMS 0x0000000086700000, 0x0000000086700000| Complete 
|  96|0x0000000086800000, 0x0000000086900000, 0x0000000086900000|100%| S|CS|TAMS 0x0000000086800000, 0x0000000086800000| Complete 
|  97|0x0000000086900000, 0x0000000086a00000, 0x0000000086a00000|100%| S|CS|TAMS 0x0000000086900000, 0x0000000086900000| Complete 
|  98|0x0000000086a00000, 0x0000000086b00000, 0x0000000086b00000|100%| S|CS|TAMS 0x0000000086a00000, 0x0000000086a00000| Complete 
|  99|0x0000000086b00000, 0x0000000086c00000, 0x0000000086c00000|100%| S|CS|TAMS 0x0000000086b00000, 0x0000000086b00000| Complete 
| 100|0x0000000086c00000, 0x0000000086c00000, 0x0000000086d00000|  0%| F|  |TAMS 0x0000000086c00000, 0x0000000086c00000| Untracked 
| 101|0x0000000086d00000, 0x0000000086d00000, 0x0000000086e00000|  0%| F|  |TAMS 0x0000000086d00000, 0x0000000086d00000| Untracked 
| 102|0x0000000086e00000, 0x0000000086e00000, 0x0000000086f00000|  0%| F|  |TAMS 0x0000000086e00000, 0x0000000086e00000| Untracked 
| 103|0x0000000086f00000, 0x0000000086f00000, 0x0000000087000000|  0%| F|  |TAMS 0x0000000086f00000, 0x0000000086f00000| Untracked 
| 104|0x0000000087000000, 0x0000000087000000, 0x0000000087100000|  0%| F|  |TAMS 0x0000000087000000, 0x0000000087000000| Untracked 
| 105|0x0000000087100000, 0x0000000087100000, 0x0000000087200000|  0%| F|  |TAMS 0x0000000087100000, 0x0000000087100000| Untracked 
| 106|0x0000000087200000, 0x0000000087200000, 0x0000000087300000|  0%| F|  |TAMS 0x0000000087200000, 0x0000000087200000| Untracked 
| 107|0x0000000087300000, 0x0000000087300000, 0x0000000087400000|  0%| F|  |TAMS 0x0000000087300000, 0x0000000087300000| Untracked 
| 108|0x0000000087400000, 0x0000000087400000, 0x0000000087500000|  0%| F|  |TAMS 0x0000000087400000, 0x0000000087400000| Untracked 
| 109|0x0000000087500000, 0x0000000087500000, 0x0000000087600000|  0%| F|  |TAMS 0x0000000087500000, 0x0000000087500000| Untracked 
| 110|0x0000000087600000, 0x0000000087600000, 0x0000000087700000|  0%| F|  |TAMS 0x0000000087600000, 0x0000000087600000| Untracked 
| 111|0x0000000087700000, 0x0000000087700000, 0x0000000087800000|  0%| F|  |TAMS 0x0000000087700000, 0x0000000087700000| Untracked 
| 112|0x0000000087800000, 0x0000000087800000, 0x0000000087900000|  0%| F|  |TAMS 0x0000000087800000, 0x0000000087800000| Untracked 
| 113|0x0000000087900000, 0x0000000087900000, 0x0000000087a00000|  0%| F|  |TAMS 0x0000000087900000, 0x0000000087900000| Untracked 
| 114|0x0000000087a00000, 0x0000000087a00000, 0x0000000087b00000|  0%| F|  |TAMS 0x0000000087a00000, 0x0000000087a00000| Untracked 
| 115|0x0000000087b00000, 0x0000000087b00000, 0x0000000087c00000|  0%| F|  |TAMS 0x0000000087b00000, 0x0000000087b00000| Untracked 
| 116|0x0000000087c00000, 0x0000000087c00000, 0x0000000087d00000|  0%| F|  |TAMS 0x0000000087c00000, 0x0000000087c00000| Untracked 
| 117|0x0000000087d00000, 0x0000000087d00000, 0x0000000087e00000|  0%| F|  |TAMS 0x0000000087d00000, 0x0000000087d00000| Untracked 
| 118|0x0000000087e00000, 0x0000000087e00000, 0x0000000087f00000|  0%| F|  |TAMS 0x0000000087e00000, 0x0000000087e00000| Untracked 
| 119|0x0000000087f00000, 0x0000000087f00000, 0x0000000088000000|  0%| F|  |TAMS 0x0000000087f00000, 0x0000000087f00000| Untracked 
| 120|0x0000000088000000, 0x0000000088000000, 0x0000000088100000|  0%| F|  |TAMS 0x0000000088000000, 0x0000000088000000| Untracked 
| 121|0x0000000088100000, 0x0000000088100000, 0x0000000088200000|  0%| F|  |TAMS 0x0000000088100000, 0x0000000088100000| Untracked 
| 122|0x0000000088200000, 0x0000000088200000, 0x0000000088300000|  0%| F|  |TAMS 0x0000000088200000, 0x0000000088200000| Untracked 
| 123|0x0000000088300000, 0x0000000088300000, 0x0000000088400000|  0%| F|  |TAMS 0x0000000088300000, 0x0000000088300000| Untracked 
| 124|0x0000000088400000, 0x0000000088400000, 0x0000000088500000|  0%| F|  |TAMS 0x0000000088400000, 0x0000000088400000| Untracked 
| 125|0x0000000088500000, 0x0000000088500000, 0x0000000088600000|  0%| F|  |TAMS 0x0000000088500000, 0x0000000088500000| Untracked 
| 126|0x0000000088600000, 0x0000000088600000, 0x0000000088700000|  0%| F|  |TAMS 0x0000000088600000, 0x0000000088600000| Untracked 
| 127|0x0000000088700000, 0x0000000088700000, 0x0000000088800000|  0%| F|  |TAMS 0x0000000088700000, 0x0000000088700000| Untracked 
| 128|0x0000000088800000, 0x0000000088800000, 0x0000000088900000|  0%| F|  |TAMS 0x0000000088800000, 0x0000000088800000| Untracked 
| 129|0x0000000088900000, 0x0000000088900000, 0x0000000088a00000|  0%| F|  |TAMS 0x0000000088900000, 0x0000000088900000| Untracked 
| 130|0x0000000088a00000, 0x0000000088a00000, 0x0000000088b00000|  0%| F|  |TAMS 0x0000000088a00000, 0x0000000088a00000| Untracked 
| 131|0x0000000088b00000, 0x0000000088b00000, 0x0000000088c00000|  0%| F|  |TAMS 0x0000000088b00000, 0x0000000088b00000| Untracked 
| 132|0x0000000088c00000, 0x0000000088c00000, 0x0000000088d00000|  0%| F|  |TAMS 0x0000000088c00000, 0x0000000088c00000| Untracked 
| 133|0x0000000088d00000, 0x0000000088d00000, 0x0000000088e00000|  0%| F|  |TAMS 0x0000000088d00000, 0x0000000088d00000| Untracked 
| 134|0x0000000088e00000, 0x0000000088e00000, 0x0000000088f00000|  0%| F|  |TAMS 0x0000000088e00000, 0x0000000088e00000| Untracked 
| 135|0x0000000088f00000, 0x0000000088f00000, 0x0000000089000000|  0%| F|  |TAMS 0x0000000088f00000, 0x0000000088f00000| Untracked 
| 136|0x0000000089000000, 0x0000000089000000, 0x0000000089100000|  0%| F|  |TAMS 0x0000000089000000, 0x0000000089000000| Untracked 
| 137|0x0000000089100000, 0x0000000089100000, 0x0000000089200000|  0%| F|  |TAMS 0x0000000089100000, 0x0000000089100000| Untracked 
| 138|0x0000000089200000, 0x0000000089200000, 0x0000000089300000|  0%| F|  |TAMS 0x0000000089200000, 0x0000000089200000| Untracked 
| 139|0x0000000089300000, 0x0000000089300000, 0x0000000089400000|  0%| F|  |TAMS 0x0000000089300000, 0x0000000089300000| Untracked 
| 140|0x0000000089400000, 0x0000000089400000, 0x0000000089500000|  0%| F|  |TAMS 0x0000000089400000, 0x0000000089400000| Untracked 
| 141|0x0000000089500000, 0x0000000089500000, 0x0000000089600000|  0%| F|  |TAMS 0x0000000089500000, 0x0000000089500000| Untracked 
| 142|0x0000000089600000, 0x0000000089682b28, 0x0000000089700000| 51%| E|  |TAMS 0x0000000089600000, 0x0000000089600000| Complete 
| 143|0x0000000089700000, 0x0000000089800000, 0x0000000089800000|100%| E|CS|TAMS 0x0000000089700000, 0x0000000089700000| Complete 
| 144|0x0000000089800000, 0x0000000089900000, 0x0000000089900000|100%| E|CS|TAMS 0x0000000089800000, 0x0000000089800000| Complete 
| 145|0x0000000089900000, 0x0000000089a00000, 0x0000000089a00000|100%| E|CS|TAMS 0x0000000089900000, 0x0000000089900000| Complete 
| 146|0x0000000089a00000, 0x0000000089b00000, 0x0000000089b00000|100%| E|CS|TAMS 0x0000000089a00000, 0x0000000089a00000| Complete 
| 147|0x0000000089b00000, 0x0000000089c00000, 0x0000000089c00000|100%| E|CS|TAMS 0x0000000089b00000, 0x0000000089b00000| Complete 
| 148|0x0000000089c00000, 0x0000000089d00000, 0x0000000089d00000|100%| E|CS|TAMS 0x0000000089c00000, 0x0000000089c00000| Complete 
| 149|0x0000000089d00000, 0x0000000089e00000, 0x0000000089e00000|100%| E|CS|TAMS 0x0000000089d00000, 0x0000000089d00000| Complete 
| 150|0x0000000089e00000, 0x0000000089f00000, 0x0000000089f00000|100%| E|CS|TAMS 0x0000000089e00000, 0x0000000089e00000| Complete 
| 151|0x0000000089f00000, 0x000000008a000000, 0x000000008a000000|100%| E|CS|TAMS 0x0000000089f00000, 0x0000000089f00000| Complete 
| 152|0x000000008a000000, 0x000000008a100000, 0x000000008a100000|100%| E|CS|TAMS 0x000000008a000000, 0x000000008a000000| Complete 
| 153|0x000000008a100000, 0x000000008a200000, 0x000000008a200000|100%| E|CS|TAMS 0x000000008a100000, 0x000000008a100000| Complete 
| 154|0x000000008a200000, 0x000000008a300000, 0x000000008a300000|100%| E|CS|TAMS 0x000000008a200000, 0x000000008a200000| Complete 
| 155|0x000000008a300000, 0x000000008a400000, 0x000000008a400000|100%| E|CS|TAMS 0x000000008a300000, 0x000000008a300000| Complete 
| 156|0x000000008a400000, 0x000000008a500000, 0x000000008a500000|100%| E|CS|TAMS 0x000000008a400000, 0x000000008a400000| Complete 
| 157|0x000000008a500000, 0x000000008a600000, 0x000000008a600000|100%| E|CS|TAMS 0x000000008a500000, 0x000000008a500000| Complete 
| 158|0x000000008a600000, 0x000000008a700000, 0x000000008a700000|100%| E|CS|TAMS 0x000000008a600000, 0x000000008a600000| Complete 
| 159|0x000000008a700000, 0x000000008a800000, 0x000000008a800000|100%| E|CS|TAMS 0x000000008a700000, 0x000000008a700000| Complete 
| 160|0x000000008a800000, 0x000000008a900000, 0x000000008a900000|100%| E|CS|TAMS 0x000000008a800000, 0x000000008a800000| Complete 
| 161|0x000000008a900000, 0x000000008aa00000, 0x000000008aa00000|100%| E|CS|TAMS 0x000000008a900000, 0x000000008a900000| Complete 
| 162|0x000000008aa00000, 0x000000008ab00000, 0x000000008ab00000|100%| E|CS|TAMS 0x000000008aa00000, 0x000000008aa00000| Complete 
| 163|0x000000008ab00000, 0x000000008ac00000, 0x000000008ac00000|100%| E|CS|TAMS 0x000000008ab00000, 0x000000008ab00000| Complete 
| 164|0x000000008ac00000, 0x000000008ad00000, 0x000000008ad00000|100%| E|CS|TAMS 0x000000008ac00000, 0x000000008ac00000| Complete 
| 165|0x000000008ad00000, 0x000000008ae00000, 0x000000008ae00000|100%| E|CS|TAMS 0x000000008ad00000, 0x000000008ad00000| Complete 
| 166|0x000000008ae00000, 0x000000008af00000, 0x000000008af00000|100%| E|CS|TAMS 0x000000008ae00000, 0x000000008ae00000| Complete 
| 167|0x000000008af00000, 0x000000008b000000, 0x000000008b000000|100%| E|CS|TAMS 0x000000008af00000, 0x000000008af00000| Complete 
| 168|0x000000008b000000, 0x000000008b100000, 0x000000008b100000|100%| E|CS|TAMS 0x000000008b000000, 0x000000008b000000| Complete 
| 169|0x000000008b100000, 0x000000008b200000, 0x000000008b200000|100%| E|CS|TAMS 0x000000008b100000, 0x000000008b100000| Complete 
| 170|0x000000008b200000, 0x000000008b300000, 0x000000008b300000|100%| E|CS|TAMS 0x000000008b200000, 0x000000008b200000| Complete 
| 171|0x000000008b300000, 0x000000008b400000, 0x000000008b400000|100%| E|CS|TAMS 0x000000008b300000, 0x000000008b300000| Complete 
| 172|0x000000008b400000, 0x000000008b500000, 0x000000008b500000|100%| E|CS|TAMS 0x000000008b400000, 0x000000008b400000| Complete 
| 173|0x000000008b500000, 0x000000008b600000, 0x000000008b600000|100%| E|CS|TAMS 0x000000008b500000, 0x000000008b500000| Complete 
| 174|0x000000008b600000, 0x000000008b700000, 0x000000008b700000|100%| E|CS|TAMS 0x000000008b600000, 0x000000008b600000| Complete 
| 175|0x000000008b700000, 0x000000008b800000, 0x000000008b800000|100%| E|CS|TAMS 0x000000008b700000, 0x000000008b700000| Complete 
| 176|0x000000008b800000, 0x000000008b900000, 0x000000008b900000|100%| E|CS|TAMS 0x000000008b800000, 0x000000008b800000| Complete 
| 177|0x000000008b900000, 0x000000008ba00000, 0x000000008ba00000|100%| E|CS|TAMS 0x000000008b900000, 0x000000008b900000| Complete 
| 178|0x000000008ba00000, 0x000000008bb00000, 0x000000008bb00000|100%| E|CS|TAMS 0x000000008ba00000, 0x000000008ba00000| Complete 
| 179|0x000000008bb00000, 0x000000008bc00000, 0x000000008bc00000|100%| E|CS|TAMS 0x000000008bb00000, 0x000000008bb00000| Complete 
| 180|0x000000008bc00000, 0x000000008bd00000, 0x000000008bd00000|100%| E|CS|TAMS 0x000000008bc00000, 0x000000008bc00000| Complete 
| 181|0x000000008bd00000, 0x000000008be00000, 0x000000008be00000|100%| E|CS|TAMS 0x000000008bd00000, 0x000000008bd00000| Complete 
| 182|0x000000008be00000, 0x000000008bf00000, 0x000000008bf00000|100%| E|CS|TAMS 0x000000008be00000, 0x000000008be00000| Complete 
| 183|0x000000008bf00000, 0x000000008c000000, 0x000000008c000000|100%| E|CS|TAMS 0x000000008bf00000, 0x000000008bf00000| Complete 
| 184|0x000000008c000000, 0x000000008c100000, 0x000000008c100000|100%| E|CS|TAMS 0x000000008c000000, 0x000000008c000000| Complete 

Card table byte_map: [0x00000195fb970000,0x00000195fbd70000] _byte_map_base: 0x00000195fb56c000

Marking Bits (Prev, Next): (CMBitMap*) 0x00000195fb4cc780, (CMBitMap*) 0x00000195fb4cc748
 Prev Bits: [0x00000195965a0000, 0x0000019598580000)
 Next Bits: [0x00000195fc170000, 0x00000195fe150000)

Polling page: 0x00000195fac70000

Metaspace:

Usage:
  Non-class:     59.49 MB capacity,    59.05 MB (>99%) used,   329.61 KB ( <1%) free+waste,   120.50 KB ( <1%) overhead. 
      Class:      7.93 MB capacity,     7.59 MB ( 96%) used,   288.27 KB (  4%) free+waste,    54.63 KB ( <1%) overhead. 
       Both:     67.42 MB capacity,    66.65 MB ( 99%) used,   617.88 KB ( <1%) free+waste,   175.13 KB ( <1%) overhead. 

Virtual space:
  Non-class space:       60.00 MB reserved,      59.55 MB (>99%) committed 
      Class space:        1.00 GB reserved,       7.95 MB ( <1%) committed 
             Both:        1.06 GB reserved,      67.50 MB (  6%) committed 

Chunk freelists:
   Non-Class:  0 bytes
       Class:  1.00 KB
        Both:  1.00 KB

CodeHeap 'non-profiled nmethods': size=120064Kb used=4670Kb max_used=4670Kb free=115393Kb
 bounds [0x000001958f060000, 0x000001958f4f0000, 0x00000195965a0000]
CodeHeap 'profiled nmethods': size=120000Kb used=29923Kb max_used=29923Kb free=90076Kb
 bounds [0x0000019587b30000, 0x0000019589870000, 0x000001958f060000]
CodeHeap 'non-nmethods': size=5696Kb used=1243Kb max_used=1274Kb free=4453Kb
 bounds [0x00000195875a0000, 0x0000019587810000, 0x0000019587b30000]
 total_blobs=10589 nmethods=9977 adapters=521
 compilation: enabled
              stopped_count=0, restarted_count=0
 full_count=0

Compilation events (10 events):
Event: 7.826 Thread 0x00000195fe66a000 nmethod 9984 0x000001958985e090 code [0x000001958985e240, 0x000001958985e478]
Event: 7.826 Thread 0x00000195fe66a000 9985       3       org.jetbrains.kotlin.psi.KtVisitorVoid::visitTypeReference (17 bytes)
Event: 7.826 Thread 0x00000195ff13d800 nmethod 9988 0x000001958f4eee10 code [0x000001958f4eefa0, 0x000001958f4ef038]
Event: 7.826 Thread 0x00000195ff13d800 9989       4       org.jetbrains.kotlin.psi.KtVisitorVoid::visitExpression (10 bytes)
Event: 7.826 Thread 0x00000195fe66a000 nmethod 9985 0x000001958985e590 code [0x000001958985e780, 0x000001958985ec38]
Event: 7.826 Thread 0x00000195fe66a000 9990       3       org.jetbrains.kotlin.psi.KtConstantExpression::accept (15 bytes)
Event: 7.827 Thread 0x00000195fe66a000 nmethod 9990 0x000001958985ee10 code [0x000001958985efc0, 0x000001958985f218]
Event: 7.827 Thread 0x00000195fe66a000 9991       3       org.jetbrains.kotlin.resolve.diagnostics.BindingContextSuppressCache::getSuppressionAnnotations (208 bytes)
Event: 7.827 Thread 0x00000195ff13d800 nmethod 9989 0x000001958f4ef110 code [0x000001958f4ef2a0, 0x000001958f4ef358]
Event: 7.827 Thread 0x00000195ff13d800 9997       4       org.jetbrains.kotlin.psi.KtVisitorVoid::visitReferenceExpression (17 bytes)

GC Heap History (10 events):
Event: 2.835 GC heap before
{Heap before GC invocations=6 (full 0):
 garbage-first heap   total 131072K, used 70452K [0x0000000080800000, 0x0000000100000000)
  region size 1024K, 45 young (46080K), 3 survivors (3072K)
 Metaspace       used 44571K, capacity 45042K, committed 45340K, reserved 1089536K
  class space    used 5327K, capacity 5510K, committed 5580K, reserved 1048576K
}
Event: 2.843 GC heap after
{Heap after GC invocations=7 (full 0):
 garbage-first heap   total 157696K, used 30650K [0x0000000080800000, 0x0000000100000000)
  region size 1024K, 6 young (6144K), 6 survivors (6144K)
 Metaspace       used 44571K, capacity 45042K, committed 45340K, reserved 1089536K
  class space    used 5327K, capacity 5510K, committed 5580K, reserved 1048576K
}
Event: 3.619 GC heap before
{Heap before GC invocations=7 (full 0):
 garbage-first heap   total 157696K, used 85946K [0x0000000080800000, 0x0000000100000000)
  region size 1024K, 59 young (60416K), 6 survivors (6144K)
 Metaspace       used 52844K, capacity 53492K, committed 53660K, reserved 1095680K
  class space    used 6394K, capacity 6665K, committed 6732K, reserved 1048576K
}
Event: 3.628 GC heap after
{Heap after GC invocations=8 (full 0):
 garbage-first heap   total 157696K, used 35033K [0x0000000080800000, 0x0000000100000000)
  region size 1024K, 8 young (8192K), 8 survivors (8192K)
 Metaspace       used 52844K, capacity 53492K, committed 53660K, reserved 1095680K
  class space    used 6394K, capacity 6665K, committed 6732K, reserved 1048576K
}
Event: 4.768 GC heap before
{Heap before GC invocations=8 (full 0):
 garbage-first heap   total 157696K, used 95449K [0x0000000080800000, 0x0000000100000000)
  region size 1024K, 67 young (68608K), 8 survivors (8192K)
 Metaspace       used 58163K, capacity 58849K, committed 59036K, reserved 1101824K
  class space    used 6874K, capacity 7185K, committed 7244K, reserved 1048576K
}
Event: 4.786 GC heap after
{Heap after GC invocations=9 (full 0):
 garbage-first heap   total 157696K, used 44134K [0x0000000080800000, 0x0000000100000000)
  region size 1024K, 9 young (9216K), 9 survivors (9216K)
 Metaspace       used 58163K, capacity 58849K, committed 59036K, reserved 1101824K
  class space    used 6874K, capacity 7185K, committed 7244K, reserved 1048576K
}
Event: 5.244 GC heap before
{Heap before GC invocations=9 (full 0):
 garbage-first heap   total 157696K, used 76902K [0x0000000080800000, 0x0000000100000000)
  region size 1024K, 42 young (43008K), 9 survivors (9216K)
 Metaspace       used 59615K, capacity 60300K, committed 60420K, reserved 1101824K
  class space    used 7018K, capacity 7328K, committed 7372K, reserved 1048576K
}
Event: 5.262 GC heap after
{Heap after GC invocations=10 (full 0):
 garbage-first heap   total 157696K, used 50499K [0x0000000080800000, 0x0000000100000000)
  region size 1024K, 6 young (6144K), 6 survivors (6144K)
 Metaspace       used 59615K, capacity 60300K, committed 60420K, reserved 1101824K
  class space    used 7018K, capacity 7328K, committed 7372K, reserved 1048576K
}
Event: 6.613 GC heap before
{Heap before GC invocations=11 (full 0):
 garbage-first heap   total 157696K, used 99651K [0x0000000080800000, 0x0000000100000000)
  region size 1024K, 54 young (55296K), 6 survivors (6144K)
 Metaspace       used 63668K, capacity 64474K, committed 64644K, reserved 1105920K
  class space    used 7353K, capacity 7706K, committed 7756K, reserved 1048576K
}
Event: 6.627 GC heap after
{Heap after GC invocations=12 (full 0):
 garbage-first heap   total 189440K, used 55808K [0x0000000080800000, 0x0000000100000000)
  region size 1024K, 6 young (6144K), 6 survivors (6144K)
 Metaspace       used 63668K, capacity 64474K, committed 64644K, reserved 1105920K
  class space    used 7353K, capacity 7706K, committed 7756K, reserved 1048576K
}

Deoptimization events (10 events):
Event: 7.582 Thread 0x00000195fb490800 Uncommon trap: reason=bimorphic_or_optimized_type_check action=maybe_recompile pc=0x000001958f4c6cac method=org.jetbrains.kotlin.com.intellij.extapi.psi.ASTDelegatePsiElement.findChildByType(Lorg/jetbrains/kotlin/com/intellij/psi/tree/IElementType;)Lorg/j
Event: 7.610 Thread 0x00000195fb490800 Uncommon trap: reason=unstable_if action=reinterpret pc=0x000001958f4c9c50 method=java.util.ArrayDeque.addFirst(Ljava/lang/Object;)V @ 42 c2
Event: 7.642 Thread 0x00000195fb490800 Uncommon trap: reason=unstable_if action=reinterpret pc=0x000001958f43d884 method=java.util.ArrayList.indexOfRange(Ljava/lang/Object;II)I @ 7 c2
Event: 7.642 Thread 0x00000195fb490800 Uncommon trap: reason=unstable_if action=reinterpret pc=0x000001958f2f354c method=java.util.ArrayList.indexOfRange(Ljava/lang/Object;II)I @ 7 c2
Event: 7.681 Thread 0x00000195fb490800 Uncommon trap: reason=unstable_if action=reinterpret pc=0x000001958f481514 method=org.jetbrains.kotlin.types.TypeUtils.contains(Lorg/jetbrains/kotlin/types/KotlinType;Lkotlin/jvm/functions/Function1;Lkotlin/jvm/functions/Function1;Lorg/jetbrains/kotlin/ut
Event: 7.700 Thread 0x00000195fb490800 Uncommon trap: reason=unstable_if action=reinterpret pc=0x000001958f2d2330 method=java.util.concurrent.ConcurrentHashMap.get(Ljava/lang/Object;)Ljava/lang/Object; @ 152 c2
Event: 7.700 Thread 0x00000195fb490800 Uncommon trap: reason=unstable_if action=reinterpret pc=0x000001958f177608 method=java.util.concurrent.ConcurrentHashMap.get(Ljava/lang/Object;)Ljava/lang/Object; @ 152 c2
Event: 7.764 Thread 0x00000195fb490800 Uncommon trap: reason=unstable_if action=reinterpret pc=0x000001958f0820a4 method=java.lang.String.equals(Ljava/lang/Object;)Z @ 27 c2
Event: 7.775 Thread 0x00000195fb490800 Uncommon trap: reason=unstable_if action=reinterpret pc=0x000001958f47bdf4 method=java.lang.String.indexOf([BBILjava/lang/String;I)I @ 21 c2
Event: 7.782 Thread 0x00000195fb490800 Uncommon trap: reason=unstable_if action=reinterpret pc=0x000001958f226e3c method=java.lang.String.replace(CC)Ljava/lang/String; @ 2 c2

Classes redefined (0 events):
No events

Internal exceptions (10 events):
Event: 5.401 Thread 0x00000195fb490800 Implicit null exception at 0x000001958f2de61c to 0x000001958f2df714
Event: 5.525 Thread 0x00000195fb490800 Exception <a 'java/lang/NoSuchMethodError'{0x00000000896ecae8}: java.lang.invoke.DirectMethodHandle$Holder.invokeStaticInit(Ljava/lang/Object;I)I> (0x00000000896ecae8) thrown at [./open/src/hotspot/share/interpreter/linkResolver.cpp, line 772]
Event: 5.568 Thread 0x00000195fb490800 Implicit null exception at 0x000001958f07acd4 to 0x000001958f07b1ac
Event: 5.675 Thread 0x00000195fb490800 Exception <a 'java/lang/NoSuchMethodError'{0x0000000088c22bc0}: java.lang.invoke.DirectMethodHandle$Holder.invokeInterface(Ljava/lang/Object;Ljava/lang/Object;Ljava/lang/Object;)Ljava/lang/Object;> (0x0000000088c22bc0) thrown at [./open/src/hotspot/share/
Event: 5.675 Thread 0x00000195fb490800 Exception <a 'java/lang/IncompatibleClassChangeError'{0x0000000088c25df0}: Found class java.lang.Object, but interface was expected> (0x0000000088c25df0) thrown at [./open/src/hotspot/share/interpreter/linkResolver.cpp, line 838]
Event: 5.680 Thread 0x00000195fb490800 Exception <a 'java/lang/NoSuchMethodError'{0x0000000088c5f7a0}: java.lang.invoke.Invokers$Holder.linkToTargetMethod(Ljava/lang/Object;Ljava/lang/Object;Ljava/lang/Object;Ljava/lang/Object;Ljava/lang/Object;Ljava/lang/Object;Ljava/lang/Object;)Ljava/lang/O
Event: 7.506 Thread 0x00000195fb490800 Implicit null exception at 0x000001958f0b60d5 to 0x000001958f0b629c
Event: 7.642 Thread 0x00000195fb490800 Implicit null exception at 0x000001958f43d561 to 0x000001958f43d86c
Event: 7.642 Thread 0x00000195fb490800 Implicit null exception at 0x000001958f2f3259 to 0x000001958f2f3530
Event: 7.760 Thread 0x00000195fb490800 Exception <a 'java/lang/NoSuchMethodError'{0x0000000089c17b88}: java.lang.invoke.DirectMethodHandle$Holder.invokeStaticInit(Ljava/lang/Object;Ljava/lang/Object;Ljava/lang/Object;Ljava/lang/Object;)Ljava/lang/Object;> (0x0000000089c17b88) thrown at [./open

Events (10 events):
Event: 7.821 loading class org/jetbrains/kotlin/codegen/state/GenerationState
Event: 7.821 loading class org/jetbrains/kotlin/codegen/state/GenerationState done
Event: 7.823 loading class org/jetbrains/kotlin/codegen/state/GenerationState$Companion
Event: 7.823 loading class org/jetbrains/kotlin/codegen/state/GenerationState$Companion done
Event: 7.823 loading class org/jetbrains/kotlin/codegen/inline/InlineCache
Event: 7.823 loading class org/jetbrains/kotlin/codegen/inline/InlineCache done
Event: 7.823 loading class org/jetbrains/kotlin/resolve/diagnostics/PrecomputedSuppressCache
Event: 7.823 loading class org/jetbrains/kotlin/resolve/diagnostics/PrecomputedSuppressCache done
Event: 7.824 loading class org/jetbrains/kotlin/resolve/diagnostics/PrecomputedSuppressCache$PrecomputingVisitor
Event: 7.824 loading class org/jetbrains/kotlin/resolve/diagnostics/PrecomputedSuppressCache$PrecomputingVisitor done


Dynamic libraries:
0x00007ff73caa0000 - 0x00007ff73caaf000 	C:\Program Files\Java\jdk-11.0.14\bin\java.exe
0x00007ff933630000 - 0x00007ff933825000 	C:\WINDOWS\SYSTEM32\ntdll.dll
0x00007ff932a70000 - 0x00007ff932b2d000 	C:\WINDOWS\System32\KERNEL32.DLL
0x00007ff930d40000 - 0x00007ff93100d000 	C:\WINDOWS\System32\KERNELBASE.dll
0x00007ff931010000 - 0x00007ff931110000 	C:\WINDOWS\System32\ucrtbase.dll
0x00007ff910cc0000 - 0x00007ff910cd8000 	C:\Program Files\Java\jdk-11.0.14\bin\jli.dll
0x00007ff910d70000 - 0x00007ff910d85000 	C:\Program Files\Java\jdk-11.0.14\bin\VCRUNTIME140.dll
0x00007ff931b00000 - 0x00007ff931bae000 	C:\WINDOWS\System32\ADVAPI32.dll
0x00007ff932f30000 - 0x00007ff932fce000 	C:\WINDOWS\System32\msvcrt.dll
0x00007ff932e90000 - 0x00007ff932f2c000 	C:\WINDOWS\System32\sechost.dll
0x00007ff933380000 - 0x00007ff9334a5000 	C:\WINDOWS\System32\RPCRT4.dll
0x00007ff931ca0000 - 0x00007ff931e40000 	C:\WINDOWS\System32\USER32.dll
0x00007ff919210000 - 0x00007ff9194aa000 	C:\WINDOWS\WinSxS\amd64_microsoft.windows.common-controls_6595b64144ccf1df_6.0.19041.1110_none_60b5254171f9507e\COMCTL32.dll
0x00007ff9315c0000 - 0x00007ff9315e2000 	C:\WINDOWS\System32\win32u.dll
0x00007ff932870000 - 0x00007ff93289a000 	C:\WINDOWS\System32\GDI32.dll
0x00007ff931110000 - 0x00007ff93121b000 	C:\WINDOWS\System32\gdi32full.dll
0x00007ff9314b0000 - 0x00007ff93154d000 	C:\WINDOWS\System32\msvcp_win.dll
0x00007ff929ff0000 - 0x00007ff929ffa000 	C:\WINDOWS\SYSTEM32\VERSION.dll
0x00007ff933080000 - 0x00007ff9330b0000 	C:\WINDOWS\System32\IMM32.DLL
0x00007ff8edb50000 - 0x00007ff8edbeb000 	C:\Program Files\Java\jdk-11.0.14\bin\msvcp140.dll
0x00007ff8e1c40000 - 0x00007ff8e2756000 	C:\Program Files\Java\jdk-11.0.14\bin\server\jvm.dll
0x00007ff931bb0000 - 0x00007ff931bb8000 	C:\WINDOWS\System32\PSAPI.DLL
0x00007ff918e80000 - 0x00007ff918e89000 	C:\WINDOWS\SYSTEM32\WSOCK32.dll
0x00007ff925fd0000 - 0x00007ff925ff7000 	C:\WINDOWS\SYSTEM32\WINMM.dll
0x00007ff931bc0000 - 0x00007ff931c2b000 	C:\WINDOWS\System32\WS2_32.dll
0x00007ff92ec20000 - 0x00007ff92ec32000 	C:\WINDOWS\SYSTEM32\kernel.appcore.dll
0x00007ff915b90000 - 0x00007ff915ba0000 	C:\Program Files\Java\jdk-11.0.14\bin\verify.dll
0x00007ff924560000 - 0x00007ff924744000 	C:\WINDOWS\SYSTEM32\DBGHELP.DLL
0x00007ff91a180000 - 0x00007ff91a1ac000 	C:\WINDOWS\SYSTEM32\dbgcore.DLL
0x00007ff9315f0000 - 0x00007ff931672000 	C:\WINDOWS\System32\bcryptPrimitives.dll
0x00007ff906260000 - 0x00007ff906288000 	C:\Program Files\Java\jdk-11.0.14\bin\java.dll
0x00007ff90b9d0000 - 0x00007ff90b9da000 	C:\Program Files\Java\jdk-11.0.14\bin\jimage.dll
0x00007ff90b930000 - 0x00007ff90b946000 	C:\Program Files\Java\jdk-11.0.14\bin\zip.dll
0x00007ff931e40000 - 0x00007ff932584000 	C:\WINDOWS\System32\SHELL32.dll
0x00007ff92ee20000 - 0x00007ff92f5b4000 	C:\WINDOWS\SYSTEM32\windows.storage.dll
0x00007ff932b30000 - 0x00007ff932e84000 	C:\WINDOWS\System32\combase.dll
0x00007ff930710000 - 0x00007ff93073c000 	C:\WINDOWS\SYSTEM32\Wldp.dll
0x00007ff9329c0000 - 0x00007ff932a6d000 	C:\WINDOWS\System32\SHCORE.dll
0x00007ff932960000 - 0x00007ff9329b5000 	C:\WINDOWS\System32\shlwapi.dll
0x00007ff930c80000 - 0x00007ff930c9f000 	C:\WINDOWS\SYSTEM32\profapi.dll
0x00007ff90aa20000 - 0x00007ff90aa39000 	C:\Program Files\Java\jdk-11.0.14\bin\net.dll
0x00007ff927860000 - 0x00007ff92796a000 	C:\WINDOWS\SYSTEM32\WINHTTP.dll
0x00007ff9304a0000 - 0x00007ff93050a000 	C:\WINDOWS\system32\mswsock.dll
0x00007ff906320000 - 0x00007ff906332000 	C:\Program Files\Java\jdk-11.0.14\bin\nio.dll

dbghelp: loaded successfully - version: 4.0.5 - missing functions: none
symbol engine: initialized successfully - sym options: 0x614 - pdb path: .;C:\Program Files\Java\jdk-11.0.14\bin;C:\WINDOWS\SYSTEM32;C:\WINDOWS\WinSxS\amd64_microsoft.windows.common-controls_6595b64144ccf1df_6.0.19041.1110_none_60b5254171f9507e;C:\Program Files\Java\jdk-11.0.14\bin\server

VM Arguments:
java_command: org.jetbrains.kotlin.cli.jvm.K2JVMCompiler @C:\Users\OLEG\Desktop\geekbrains\fullstack\rntodo\node_modules\react-native-safe-area-context\android\build\20220614_10932823123390771237.compiler.options
java_class_path (initial): C:\Users\OLEG\.gradle\caches\modules-2\files-2.1\org.jetbrains.kotlin\kotlin-compiler-embeddable\1.6.10\88f2073f4020cdb83132cfe940ceb9a60aba54ea\kotlin-compiler-embeddable-1.6.10.jar;C:\Users\OLEG\.gradle\caches\modules-2\files-2.1\org.jetbrains.kotlin\kotlin-reflect\1.6.10\1cbe9c92c12a94eea200d23c2bbaedaf3daf5132\kotlin-reflect-1.6.10.jar;C:\Users\OLEG\.gradle\caches\modules-2\files-2.1\org.jetbrains.kotlin\kotlin-stdlib\1.6.10\b8af3fe6f1ca88526914929add63cf5e7c5049af\kotlin-stdlib-1.6.10.jar;C:\Users\OLEG\.gradle\caches\modules-2\files-2.1\org.jetbrains.kotlin\kotlin-script-runtime\1.6.10\d0a7ff2e2500ef497ed0214ae40ad3c8387a6164\kotlin-script-runtime-1.6.10.jar;C:\Users\OLEG\.gradle\caches\modules-2\files-2.1\org.jetbrains.kotlin\kotlin-daemon-embeddable\1.6.10\a56d79bcbea411fa6058e4ecffc2de73e742bd2a\kotlin-daemon-embeddable-1.6.10.jar;C:\Users\OLEG\.gradle\caches\modules-2\files-2.1\org.jetbrains.intellij.deps\trove4j\1.0.20181211\216c2e14b070f334479d800987affe4054cd563f\trove4j-1.0.20181211.jar;C:\Users\OLEG\.gradle\caches\modules-2\files-2.1\net.java.dev.jna\jna\5.6.0\330f2244e9030119ab3030fc3fededc86713d9cc\jna-5.6.0.jar;C:\Users\OLEG\.gradle\caches\modules-2\files-2.1\org.jetbrains\annotations\13.0\919f0dfe192fb4e063e7dacadee7f8bb9a2672a9\annotations-13.0.jar;C:\Users\OLEG\.gradle\caches\modules-2\files-2.1\org.jetbrains.kotlin\kotlin-stdlib-common\1.6.10\c118700e3a33c8a0d9adc920e9dec0831171925\kotlin-stdlib-common-1.6.10.jar
Launcher Type: SUN_STANDARD

[Global flags]
     intx CICompilerCount                          = 3                                         {product} {ergonomic}
     uint ConcGCThreads                            = 1                                         {product} {ergonomic}
     uint G1ConcRefinementThreads                  = 4                                         {product} {ergonomic}
   size_t G1HeapRegionSize                         = 1048576                                   {product} {ergonomic}
    uintx GCDrainStackTargetSize                   = 64                                        {product} {ergonomic}
   size_t InitialHeapSize                          = 134217728                                 {product} {ergonomic}
   size_t MarkStackSize                            = 4194304                                   {product} {ergonomic}
   size_t MaxHeapSize                              = 2139095040                                {product} {ergonomic}
   size_t MaxNewSize                               = 1283457024                                {product} {ergonomic}
   size_t MinHeapDeltaBytes                        = 1048576                                   {product} {ergonomic}
    uintx NonNMethodCodeHeapSize                   = 5830732                                {pd product} {ergonomic}
    uintx NonProfiledCodeHeapSize                  = 122913754                              {pd product} {ergonomic}
    uintx ProfiledCodeHeapSize                     = 122913754                              {pd product} {ergonomic}
    uintx ReservedCodeCacheSize                    = 251658240                              {pd product} {ergonomic}
     bool SegmentedCodeCache                       = true                                      {product} {ergonomic}
     bool UseCompressedClassPointers               = true                                 {lp64_product} {ergonomic}
     bool UseCompressedOops                        = true                                 {lp64_product} {ergonomic}
     bool UseG1GC                                  = true                                      {product} {ergonomic}
     bool UseLargePagesIndividualAllocation        = false                                  {pd product} {ergonomic}

Logging:
Log output configuration:
 #0: stdout all=warning uptime,level,tags
 #1: stderr all=off uptime,level,tags

Environment Variables:
JAVA_HOME=C:\Program Files\Java\jdk-11.0.14
CLASSPATH=C:\Users\OLEG\Desktop\geekbrains\fullstack\rntodo\android\\gradle\wrapper\gradle-wrapper.jar
PATH=C:\Users\OLEG\Desktop\geekbrains\fullstack\rntodo\android\node_modules\.bin;C:\Users\OLEG\Desktop\geekbrains\fullstack\rntodo\node_modules\.bin;C:\Users\OLEG\Desktop\geekbrains\fullstack\node_modules\.bin;C:\Users\OLEG\Desktop\geekbrains\node_modules\.bin;C:\Users\OLEG\Desktop\node_modules\.bin;C:\Users\OLEG\node_modules\.bin;C:\Users\node_modules\.bin;C:\node_modules\.bin;C:\Program Files\nodejs;C:\Users\OLEG\Desktop\geekbrains\fullstack\rntodo\node_modules\.bin;C:\Users\OLEG\Desktop\geekbrains\fullstack\node_modules\.bin;C:\Users\OLEG\Desktop\geekbrains\node_modules\.bin;C:\Users\OLEG\Desktop\node_modules\.bin;C:\Users\OLEG\node_modules\.bin;C:\Users\node_modules\.bin;C:\node_modules\.bin;C:\Users\OLEG\AppData\Roaming\npm\node_modules\npm\node_modules\@npmcli\run-script\lib\node-gyp-bin;C:\Program Files\Common Files\Oracle\Java\javapath;C:\Program Files\AdoptOpenJDK\jdk-8.0.265.01-hotspot\bin;C:\Windows\system32;C:\Windows;C:\Windows\System32\Wbem;C:\Windows\System32\WindowsPowerShell\v1.0\;C:\Windows\System32\OpenSSH\;C:\Program Files (x86)\Wolfram Research\WolframScript\;d:\apps\lab tools\NAMD;d:\apps\lab tools\VMD;D:\apps\PuTTY\;C:\Program Files\Microsoft SQL Server\130\Tools\Binn\;C:\WINDOWS\system32;C:\WINDOWS;C:\WINDOWS\System32\Wbem;C:\WINDOWS\System32\WindowsPowerShell\v1.0\;C:\WINDOWS\System32\OpenSSH\;D:\apps\WinSCP\;C:\Program Files (x86)\NVIDIA Corporation\PhysX\Common;D:\apps\lab tools\PyMOL\path;C:\WINDOWS\system32;C:\WINDOWS;C:\WINDOWS\System32\Wbem;C:\WINDOWS\System32\WindowsPowerShell\v1.0\;C:\WINDOWS\System32\OpenSSH\;C:\Program Files\Git\cmd;C:\Users\OLEG\AppData\Roaming\Python\Python39\Scripts;C:\Program Files\nodejs\;C:\Program Files\Microsoft\jdk-11.0.12.7-hotspot\bin;C:\Program Files\AdoptOpenJDK\jdk-8.0.265.01-hotspot\bin;C:\Windows\system32;C:\Windows;C:\Windows\System32\Wbem;C:\Windows\System32\WindowsPowerShell\v1.0\;C:\Windows\System32\OpenSSH\;C:\Program Files (x86)\Wolfram Research\WolframScript\;d:\apps\lab tools\NAMD;d:\apps\lab t
USERNAME=OLEG
OS=Windows_NT
PROCESSOR_IDENTIFIER=Intel64 Family 6 Model 158 Stepping 9, GenuineIntel



---------------  S Y S T E M  ---------------

OS: Windows 10 , 64 bit Build 19041 (10.0.19041.1706)
Hyper-V role detected

CPU:total 4 (initial active 4) (4 cores per cpu, 1 threads per core) family 6 model 158 stepping 9 microcode 0xb4, cmov, cx8, fxsr, mmx, sse, sse2, sse3, ssse3, sse4.1, sse4.2, popcnt, avx, avx2, aes, clmul, erms, 3dnowpref, lzcnt, tsc, tscinvbit, bmi1, bmi2, adx, fma

Memory: 4k page, system-wide physical 8159M (1870M free)
TotalPageFile size 8159M (AvailPageFile size 3M)
current process WorkingSet (physical memory assigned to process): 355M, peak: 356M
current process commit charge ("private bytes"): 410M, peak: 411M

vm_info: Java HotSpot(TM) 64-Bit Server VM (11.0.14+8-LTS-263) for windows-amd64 JRE (11.0.14+8-LTS-263), built on Dec  7 2021 21:53:57 by "mach5one" with MS VC++ 15.9 (VS2017)

END.
