#
# There is insufficient memory for the Java Runtime Environment to continue.
# Native memory allocation (mmap) failed to map 47185920 bytes for Failed to commit area from 0x000000008de00000 to 0x0000000090b00000 of length 47185920.
# Possible reasons:
#   The system is out of physical RAM or swap space
#   The process is running with CompressedOops enabled, and the Java Heap may be blocking the growth of the native heap
# Possible solutions:
#   Reduce memory load on the system
#   Increase physical memory or swap space
#   Check if swap backing store is full
#   Decrease Java heap size (-Xmx/-Xms)
#   Decrease number of Java threads
#   Decrease Java thread stack sizes (-Xss)
#   Set larger code cache with -XX:ReservedCodeCacheSize=
#   JVM is running with Unscaled Compressed Oops mode in which the Java heap is
#     placed in the first 4GB address space. The Java Heap base address is the
#     maximum limit for the native heap growth. Please use -XX:HeapBaseMinAddress
#     to set the Java Heap base and to place the Java Heap above 4GB virtual address.
# This output file may be truncated or incomplete.
#
#  Out of Memory Error (./open/src/hotspot/os/windows/os_windows.cpp:3284), pid=2740, tid=10796
#
# JRE version: Java(TM) SE Runtime Environment 18.9 (11.0.14+8) (build 11.0.14+8-LTS-263)
# Java VM: Java HotSpot(TM) 64-Bit Server VM 18.9 (11.0.14+8-LTS-263, mixed mode, tiered, compressed oops, g1 gc, windows-amd64)
# No core dump will be written. Minidumps are not enabled by default on client versions of Windows
#

---------------  S U M M A R Y ------------

Command Line: -XX:MaxMetaspaceSize=512m --add-opens=java.base/java.util=ALL-UNNAMED --add-opens=java.base/java.lang=ALL-UNNAMED --add-opens=java.base/java.lang.invoke=ALL-UNNAMED --add-opens=java.base/java.util=ALL-UNNAMED --add-opens=java.prefs/java.util.prefs=ALL-UNNAMED --add-opens=java.prefs/java.util.prefs=ALL-UNNAMED --add-opens=java.base/java.nio.charset=ALL-UNNAMED --add-opens=java.base/java.net=ALL-UNNAMED --add-opens=java.base/java.util.concurrent.atomic=ALL-UNNAMED -Xmx2048m -Dfile.encoding=windows-1252 -Duser.country=US -Duser.language=en -Duser.variant org.gradle.launcher.daemon.bootstrap.GradleDaemon 7.3.3

Host: Intel(R) Core(TM) i5-7400 CPU @ 3.00GHz, 4 cores, 7G,  Windows 10 , 64 bit Build 19041 (10.0.19041.1706)
Time: Tue Jun 14 13:46:33 2022 Russia TZ 2 Standard Time elapsed time: 39.252031 seconds (0d 0h 0m 39s)

---------------  T H R E A D  ---------------

Current thread (0x00000194a9e6f800):  VMThread "VM Thread" [stack: 0x000000283ce00000,0x000000283cf00000] [id=10796]

Stack: [0x000000283ce00000,0x000000283cf00000]
[error occurred during error reporting (printing stack bounds), id 0xc0000005, EXCEPTION_ACCESS_VIOLATION (0xc0000005) at pc=0x0000019493db0f2d]

Native frames: (J=compiled Java code, j=interpreted, Vv=VM code, C=native code)
V  [jvm.dll+0x6296da]
V  [jvm.dll+0x76323f]
V  [jvm.dll+0x7648e9]
V  [jvm.dll+0x764ed5]
V  [jvm.dll+0x764e8b]
V  [jvm.dll+0x628c23]
V  [jvm.dll+0x6292d8]
C  [ntdll.dll+0xa209f]
C  [ntdll.dll+0x51454]
C  [ntdll.dll+0xa0bce]
C  0x0000019493db0f2d

VM_Operation (0x000000283e9fe650): G1CollectForAllocation, mode: safepoint, requested by thread 0x00000194acee0800


---------------  P R O C E S S  ---------------

Threads class SMR info:
_java_thread_list=0x00000194b6bcd540, length=89, elements={
0x000001948c737000, 0x00000194a9e72800, 0x00000194a9e80000, 0x00000194a9e8d000,
0x00000194a9e8f000, 0x00000194a9e90000, 0x00000194a9e91800, 0x00000194aa7e9800,
0x00000194aa7f8800, 0x00000194aa7f9800, 0x00000194aa7fa000, 0x00000194aa7fb000,
0x00000194aa7f5800, 0x00000194aa7f6000, 0x00000194aa7f7800, 0x00000194acede800,
0x00000194aced9800, 0x00000194acedc000, 0x00000194acedd800, 0x00000194acedb000,
0x00000194aceda000, 0x00000194acee2800, 0x00000194acee0800, 0x00000194acee1800,
0x00000194acedc800, 0x00000194acee3000, 0x00000194acee4000, 0x00000194acee5000,
0x00000194acedf000, 0x00000194acee5800, 0x00000194acee7000, 0x00000194acee8000,
0x00000194ad87c800, 0x00000194ad879800, 0x00000194ad87d800, 0x00000194ad880000,
0x00000194ad87b800, 0x00000194ad87e000, 0x00000194ad87f000, 0x00000194ad87a000,
0x00000194ad886800, 0x00000194ad885800, 0x00000194ad884800, 0x00000194ad884000,
0x00000194ad880800, 0x00000194ad887000, 0x00000194ad881800, 0x00000194ad882800,
0x00000194ad883000, 0x00000194ad49c000, 0x00000194ad4a2800, 0x00000194ad49c800,
0x00000194ad49d800, 0x00000194ad4a1800, 0x00000194ad4a0800, 0x00000194ad4a3000,
0x00000194ad4a4000, 0x00000194ad49e000, 0x00000194ad4a5000, 0x00000194ad49f000,
0x00000194ad4a5800, 0x00000194ad4a0000, 0x00000194ad4a9000, 0x00000194ad4aa800,
0x00000194ad4a6800, 0x00000194ad4a7000, 0x00000194ad4a8000, 0x00000194ad4a9800,
0x00000194ad4ac000, 0x00000194ad4ae000, 0x00000194ad4ad800, 0x00000194ad4b0800,
0x00000194ad4b2800, 0x00000194ad4ac800, 0x00000194ad4b1800, 0x00000194ad4b0000,
0x00000194ad4b6800, 0x00000194ad4b5000, 0x00000194ad4b7000, 0x00000194ad4b8000,
0x00000194ad4b9800, 0x00000194ad4b9000, 0x00000194ad4b4000, 0x00000194ad4b3000,
0x00000194b0a7c800, 0x00000194ad4af000, 0x00000194ad4ba800, 0x00000194ad4b5800,
0x00000194b6731800
}

Java Threads: ( => current thread )
  0x000001948c737000 JavaThread "main" [_thread_blocked, id=10540, stack(0x000000283c800000,0x000000283c900000)]
  0x00000194a9e72800 JavaThread "Reference Handler" daemon [_thread_blocked, id=3700, stack(0x000000283cf00000,0x000000283d000000)]
  0x00000194a9e80000 JavaThread "Finalizer" daemon [_thread_blocked, id=10800, stack(0x000000283d000000,0x000000283d100000)]
  0x00000194a9e8d000 JavaThread "Signal Dispatcher" daemon [_thread_blocked, id=3824, stack(0x000000283d100000,0x000000283d200000)]
  0x00000194a9e8f000 JavaThread "Attach Listener" daemon [_thread_blocked, id=8744, stack(0x000000283d200000,0x000000283d300000)]
  0x00000194a9e90000 JavaThread "Service Thread" daemon [_thread_blocked, id=3336, stack(0x000000283d300000,0x000000283d400000)]
  0x00000194a9e91800 JavaThread "C2 CompilerThread0" daemon [_thread_blocked, id=9644, stack(0x000000283d400000,0x000000283d500000)]
  0x00000194aa7e9800 JavaThread "C1 CompilerThread0" daemon [_thread_blocked, id=7584, stack(0x000000283d500000,0x000000283d600000)]
  0x00000194aa7f8800 JavaThread "Sweeper thread" daemon [_thread_blocked, id=4236, stack(0x000000283d600000,0x000000283d700000)]
  0x00000194aa7f9800 JavaThread "Common-Cleaner" daemon [_thread_blocked, id=6900, stack(0x000000283d700000,0x000000283d800000)]
  0x00000194aa7fa000 JavaThread "Daemon health stats" [_thread_blocked, id=656, stack(0x000000283dc00000,0x000000283dd00000)]
  0x00000194aa7fb000 JavaThread "Incoming local TCP Connector on port 49908" [_thread_in_native, id=2480, stack(0x000000283dd00000,0x000000283de00000)]
  0x00000194aa7f5800 JavaThread "Daemon periodic checks" [_thread_blocked, id=724, stack(0x000000283de00000,0x000000283df00000)]
  0x00000194aa7f6000 JavaThread "Daemon" [_thread_blocked, id=7952, stack(0x000000283df00000,0x000000283e000000)]
  0x00000194aa7f7800 JavaThread "Handler for socket connection from /127.0.0.1:49908 to /127.0.0.1:49910" [_thread_in_native, id=10696, stack(0x000000283e000000,0x000000283e100000)]
  0x00000194acede800 JavaThread "Cancel handler" [_thread_blocked, id=11100, stack(0x000000283e100000,0x000000283e200000)]
  0x00000194aced9800 JavaThread "Daemon worker" [_thread_blocked, id=6868, stack(0x000000283e200000,0x000000283e300000)]
  0x00000194acedc000 JavaThread "Asynchronous log dispatcher for DefaultDaemonConnection: socket connection from /127.0.0.1:49908 to /127.0.0.1:49910" [_thread_blocked, id=11252, stack(0x000000283e300000,0x000000283e400000)]
  0x00000194acedd800 JavaThread "Stdin handler" [_thread_blocked, id=10452, stack(0x000000283e400000,0x000000283e500000)]
  0x00000194acedb000 JavaThread "Daemon client event forwarder" [_thread_blocked, id=1172, stack(0x000000283e500000,0x000000283e600000)]
  0x00000194aceda000 JavaThread "Cache worker for journal cache (C:\Users\OLEG\.gradle\caches\journal-1)" [_thread_blocked, id=3020, stack(0x000000283e700000,0x000000283e800000)]
  0x00000194acee2800 JavaThread "File lock request listener" [_thread_in_native, id=2988, stack(0x000000283e800000,0x000000283e900000)]
  0x00000194acee0800 JavaThread "Cache worker for file hash cache (C:\Users\OLEG\.gradle\caches\7.3.3\fileHashes)" [_thread_blocked, id=10340, stack(0x000000283e900000,0x000000283ea00000)]
  0x00000194acee1800 JavaThread "Cache worker for file hash cache (C:\Users\OLEG\Desktop\geekbrains\fullstack\rntodo\android\.gradle\7.3.3\fileHashes)" [_thread_blocked, id=10396, stack(0x000000283ea00000,0x000000283eb00000)]
  0x00000194acedc800 JavaThread "File watcher server" daemon [_thread_blocked, id=2684, stack(0x000000283eb00000,0x000000283ec00000)]
  0x00000194acee3000 JavaThread "File watcher consumer" daemon [_thread_blocked, id=8544, stack(0x000000283ec00000,0x000000283ed00000)]
  0x00000194acee4000 JavaThread "Cache worker for checksums cache (C:\Users\OLEG\Desktop\geekbrains\fullstack\rntodo\android\.gradle\7.3.3\checksums)" [_thread_blocked, id=7660, stack(0x000000283ed00000,0x000000283ee00000)]
  0x00000194acee5000 JavaThread "Cache worker for cache directory md-supplier (C:\Users\OLEG\.gradle\caches\7.3.3\md-supplier)" [_thread_blocked, id=4252, stack(0x000000283ee00000,0x000000283ef00000)]
  0x00000194acedf000 JavaThread "Cache worker for cache directory md-rule (C:\Users\OLEG\.gradle\caches\7.3.3\md-rule)" [_thread_blocked, id=1132, stack(0x000000283ef00000,0x000000283f000000)]
  0x00000194acee5800 JavaThread "Cache worker for execution history cache (C:\Users\OLEG\.gradle\caches\7.3.3\executionHistory)" [_thread_blocked, id=10564, stack(0x000000283f000000,0x000000283f100000)]
  0x00000194acee7000 JavaThread "jar transforms" [_thread_blocked, id=10832, stack(0x000000283f100000,0x000000283f200000)]
  0x00000194acee8000 JavaThread "jar transforms Thread 2" [_thread_blocked, id=10644, stack(0x000000283f200000,0x000000283f300000)]
  0x00000194ad87c800 JavaThread "Cache worker for file content cache (C:\Users\OLEG\.gradle\caches\7.3.3\fileContent)" [_thread_blocked, id=4524, stack(0x000000283f300000,0x000000283f400000)]
  0x00000194ad879800 JavaThread "jar transforms Thread 3" [_thread_blocked, id=11012, stack(0x000000283f400000,0x000000283f500000)]
  0x00000194ad87d800 JavaThread "jar transforms Thread 4" [_thread_blocked, id=8492, stack(0x000000283f500000,0x000000283f600000)]
  0x00000194ad880000 JavaThread "Cache worker for kotlin-dsl (C:\Users\OLEG\.gradle\caches\7.3.3\kotlin-dsl)" [_thread_blocked, id=5568, stack(0x000000283f600000,0x000000283f700000)]
  0x00000194ad87b800 JavaThread "Cache worker for dependencies-accessors (C:\Users\OLEG\Desktop\geekbrains\fullstack\rntodo\android\.gradle\7.3.3\dependencies-accessors)" [_thread_blocked, id=5524, stack(0x000000283f700000,0x000000283f800000)]
  0x00000194ad87e000 JavaThread "Cache worker for Build Output Cleanup Cache (C:\Users\OLEG\Desktop\geekbrains\fullstack\rntodo\node_modules\react-native-gradle-plugin\.gradle\buildOutputCleanup)" [_thread_blocked, id=5552, stack(0x000000283f800000,0x000000283f900000)]
  0x00000194ad87f000 JavaThread "Unconstrained build operations" [_thread_blocked, id=6876, stack(0x000000283d900000,0x000000283da00000)]
  0x00000194ad87a000 JavaThread "Unconstrained build operations Thread 2" [_thread_blocked, id=6760, stack(0x000000283f900000,0x000000283fa00000)]
  0x00000194ad886800 JavaThread "Unconstrained build operations Thread 3" [_thread_blocked, id=6172, stack(0x000000283fa00000,0x000000283fb00000)]
  0x00000194ad885800 JavaThread "Unconstrained build operations Thread 4" [_thread_blocked, id=5160, stack(0x000000283fb00000,0x000000283fc00000)]
  0x00000194ad884800 JavaThread "Unconstrained build operations Thread 5" [_thread_blocked, id=5048, stack(0x000000283fc00000,0x000000283fd00000)]
  0x00000194ad884000 JavaThread "Unconstrained build operations Thread 6" [_thread_blocked, id=7192, stack(0x000000283fd00000,0x000000283fe00000)]
  0x00000194ad880800 JavaThread "Unconstrained build operations Thread 7" [_thread_blocked, id=8284, stack(0x000000283fe00000,0x000000283ff00000)]
  0x00000194ad887000 JavaThread "Unconstrained build operations Thread 8" [_thread_blocked, id=7064, stack(0x000000283ff00000,0x0000002840000000)]
  0x00000194ad881800 JavaThread "Unconstrained build operations Thread 9" [_thread_blocked, id=10512, stack(0x0000002840000000,0x0000002840100000)]
  0x00000194ad882800 JavaThread "Unconstrained build operations Thread 10" [_thread_blocked, id=6564, stack(0x0000002840100000,0x0000002840200000)]
  0x00000194ad883000 JavaThread "Unconstrained build operations Thread 11" [_thread_blocked, id=8820, stack(0x0000002840200000,0x0000002840300000)]
  0x00000194ad49c000 JavaThread "Unconstrained build operations Thread 12" [_thread_blocked, id=8740, stack(0x0000002840300000,0x0000002840400000)]
  0x00000194ad4a2800 JavaThread "Unconstrained build operations Thread 13" [_thread_blocked, id=4636, stack(0x0000002840400000,0x0000002840500000)]
  0x00000194ad49c800 JavaThread "Unconstrained build operations Thread 14" [_thread_blocked, id=3904, stack(0x0000002840500000,0x0000002840600000)]
  0x00000194ad49d800 JavaThread "Unconstrained build operations Thread 15" [_thread_blocked, id=8816, stack(0x0000002840600000,0x0000002840700000)]
  0x00000194ad4a1800 JavaThread "Unconstrained build operations Thread 16" [_thread_blocked, id=8808, stack(0x0000002840700000,0x0000002840800000)]
  0x00000194ad4a0800 JavaThread "Unconstrained build operations Thread 17" [_thread_blocked, id=2896, stack(0x0000002840800000,0x0000002840900000)]
  0x00000194ad4a3000 JavaThread "Unconstrained build operations Thread 18" [_thread_blocked, id=4136, stack(0x0000002840900000,0x0000002840a00000)]
  0x00000194ad4a4000 JavaThread "Unconstrained build operations Thread 19" [_thread_blocked, id=3884, stack(0x0000002840a00000,0x0000002840b00000)]
  0x00000194ad49e000 JavaThread "Unconstrained build operations Thread 20" [_thread_blocked, id=4148, stack(0x0000002840b00000,0x0000002840c00000)]
  0x00000194ad4a5000 JavaThread "Unconstrained build operations Thread 21" [_thread_blocked, id=4180, stack(0x0000002840c00000,0x0000002840d00000)]
  0x00000194ad49f000 JavaThread "Unconstrained build operations Thread 22" [_thread_blocked, id=4220, stack(0x0000002840d00000,0x0000002840e00000)]
  0x00000194ad4a5800 JavaThread "Unconstrained build operations Thread 23" [_thread_blocked, id=6308, stack(0x0000002840e00000,0x0000002840f00000)]
  0x00000194ad4a0000 JavaThread "Unconstrained build operations Thread 24" [_thread_blocked, id=4152, stack(0x0000002840f00000,0x0000002841000000)]
  0x00000194ad4a9000 JavaThread "Unconstrained build operations Thread 25" [_thread_blocked, id=3896, stack(0x0000002841000000,0x0000002841100000)]
  0x00000194ad4aa800 JavaThread "Unconstrained build operations Thread 26" [_thread_blocked, id=4232, stack(0x0000002841100000,0x0000002841200000)]
  0x00000194ad4a6800 JavaThread "Unconstrained build operations Thread 27" [_thread_blocked, id=4088, stack(0x0000002841200000,0x0000002841300000)]
  0x00000194ad4a7000 JavaThread "Unconstrained build operations Thread 28" [_thread_blocked, id=4224, stack(0x0000002841300000,0x0000002841400000)]
  0x00000194ad4a8000 JavaThread "Unconstrained build operations Thread 29" [_thread_blocked, id=4176, stack(0x0000002841400000,0x0000002841500000)]
  0x00000194ad4a9800 JavaThread "Unconstrained build operations Thread 30" [_thread_blocked, id=4344, stack(0x0000002841500000,0x0000002841600000)]
  0x00000194ad4ac000 JavaThread "Unconstrained build operations Thread 31" [_thread_blocked, id=9848, stack(0x0000002841600000,0x0000002841700000)]
  0x00000194ad4ae000 JavaThread "Unconstrained build operations Thread 32" [_thread_blocked, id=4384, stack(0x0000002841700000,0x0000002841800000)]
  0x00000194ad4ad800 JavaThread "Unconstrained build operations Thread 33" [_thread_blocked, id=4640, stack(0x0000002841800000,0x0000002841900000)]
  0x00000194ad4b0800 JavaThread "build event listener" [_thread_blocked, id=4644, stack(0x0000002841a00000,0x0000002841b00000)]
  0x00000194ad4b2800 JavaThread "Memory manager" [_thread_blocked, id=4704, stack(0x0000002841b00000,0x0000002841c00000)]
  0x00000194ad4ac800 JavaThread "Cache worker for Build Output Cleanup Cache (C:\Users\OLEG\Desktop\geekbrains\fullstack\rntodo\android\.gradle\buildOutputCleanup)" [_thread_blocked, id=2900, stack(0x0000002841c00000,0x0000002841d00000)]
  0x00000194ad4b1800 JavaThread "included builds" [_thread_blocked, id=11016, stack(0x0000002841d00000,0x0000002841e00000)]
  0x00000194ad4b0000 JavaThread "Cache worker for execution history cache (C:\Users\OLEG\Desktop\geekbrains\fullstack\rntodo\node_modules\react-native-gradle-plugin\.gradle\7.3.3\executionHistory)" [_thread_blocked, id=9160, stack(0x0000002842100000,0x0000002842200000)]
  0x00000194ad4b6800 JavaThread "Unconstrained build operations Thread 34" [_thread_blocked, id=10768, stack(0x0000002842200000,0x0000002842300000)]
  0x00000194ad4b5000 JavaThread "Unconstrained build operations Thread 35" [_thread_blocked, id=5904, stack(0x0000002842300000,0x0000002842400000)]
  0x00000194ad4b7000 JavaThread "Unconstrained build operations Thread 36" [_thread_blocked, id=10592, stack(0x0000002842400000,0x0000002842500000)]
  0x00000194ad4b8000 JavaThread "Unconstrained build operations Thread 37" [_thread_blocked, id=2716, stack(0x0000002842500000,0x0000002842600000)]
  0x00000194ad4b9800 JavaThread "Unconstrained build operations Thread 38" [_thread_blocked, id=3152, stack(0x0000002842600000,0x0000002842700000)]
  0x00000194ad4b9000 JavaThread "Unconstrained build operations Thread 39" [_thread_blocked, id=8988, stack(0x0000002842700000,0x0000002842800000)]
  0x00000194ad4b4000 JavaThread "Unconstrained build operations Thread 40" [_thread_blocked, id=8892, stack(0x0000002842800000,0x0000002842900000)]
  0x00000194ad4b3000 JavaThread "build event listener" [_thread_blocked, id=11888, stack(0x0000002842000000,0x0000002842100000)]
  0x00000194b0a7c800 JavaThread "C2 CompilerThread1" daemon [_thread_blocked, id=12032, stack(0x0000002841900000,0x0000002841a00000)]
  0x00000194ad4af000 JavaThread "Execution worker for ':'" [_thread_blocked, id=12220, stack(0x0000002842900000,0x0000002842a00000)]
  0x00000194ad4ba800 JavaThread "Execution worker for ':' Thread 2" [_thread_blocked, id=12224, stack(0x0000002842a00000,0x0000002842b00000)]
  0x00000194ad4b5800 JavaThread "Execution worker for ':' Thread 3" [_thread_blocked, id=12228, stack(0x0000002842b00000,0x0000002842c00000)]
  0x00000194b6731800 JavaThread "Cache worker for execution history cache (C:\Users\OLEG\Desktop\geekbrains\fullstack\rntodo\android\.gradle\7.3.3\executionHistory)" [_thread_blocked, id=12232, stack(0x0000002842c00000,0x0000002842d00000)]

Other Threads:
=>0x00000194a9e6f800 VMThread "VM Thread" [stack: 0x000000283ce00000,0x000000283cf00000] [id=10796]
  0x00000194aa997800 WatcherThread [stack: 0x000000283d800000,0x000000283d900000] [id=10616]
  0x000001948c74c000 GCTaskThread "GC Thread#0" [stack: 0x000000283c900000,0x000000283ca00000] [id=10988]
  0x00000194aaa2e000 GCTaskThread "GC Thread#1" [stack: 0x000000283da00000,0x000000283db00000] [id=2736]
  0x00000194aace9000 GCTaskThread "GC Thread#2" [stack: 0x000000283db00000,0x000000283dc00000] [id=10500]
  0x00000194ac052800 GCTaskThread "GC Thread#3" [stack: 0x000000283e600000,0x000000283e700000] [id=8416]
  0x000001948c779800 ConcurrentGCThread "G1 Main Marker" [stack: 0x000000283ca00000,0x000000283cb00000] [id=7296]
  0x000001948c77a800 ConcurrentGCThread "G1 Conc#0" [stack: 0x000000283cb00000,0x000000283cc00000] [id=3064]
  0x000001948c80a800 ConcurrentGCThread "G1 Refine#0" [stack: 0x000000283cc00000,0x000000283cd00000] [id=5544]
  0x000001948c80b800 ConcurrentGCThread "G1 Young RemSet Sampling" [stack: 0x000000283cd00000,0x000000283ce00000] [id=7288]

Threads with active compile tasks:
C2 CompilerThread0  39287 14072       4       org.gradle.internal.vfs.impl.DefaultFileSystemAccess::readSnapshotFromLocation (27 bytes)
C2 CompilerThread1  39287 14073       4       org.gradle.internal.snapshot.SnapshotHierarchy::findSnapshot (38 bytes)

VM state:at safepoint (normal execution)

VM Mutex/Monitor currently owned by a thread:  ([mutex/lock_event])
[0x000001948c733020] Threads_lock - owner thread: 0x00000194a9e6f800
[0x000001948c732d50] Heap_lock - owner thread: 0x00000194acee0800

Heap address: 0x0000000080000000, size: 2048 MB, Compressed Oops mode: 32-bit
Narrow klass base: 0x0000000000000000, Narrow klass shift: 3
Compressed class space size: 528482304 Address: 0x0000000100000000

Heap:
 garbage-first heap   total 273408K, used 141673K [0x0000000080000000, 0x0000000100000000)
  region size 1024K, 5 young (5120K), 5 survivors (5120K)
 Metaspace       used 105108K, capacity 108624K, committed 108928K, reserved 610304K
  class space    used 13776K, capacity 15112K, committed 15232K, reserved 516096K
Heap Regions: E=young(eden), S=young(survivor), O=old, HS=humongous(starts), HC=humongous(continues), CS=collection set, F=free, A=archive, TAMS=top-at-mark-start (previous, next)
|   0|0x0000000080000000, 0x0000000080100000, 0x0000000080100000|100%| O|  |TAMS 0x0000000080100000, 0x0000000080100000| Untracked 
|   1|0x0000000080100000, 0x0000000080200000, 0x0000000080200000|100%| O|  |TAMS 0x0000000080200000, 0x0000000080200000| Untracked 
|   2|0x0000000080200000, 0x0000000080300000, 0x0000000080300000|100%| O|  |TAMS 0x0000000080300000, 0x0000000080300000| Untracked 
|   3|0x0000000080300000, 0x0000000080400000, 0x0000000080400000|100%|HS|  |TAMS 0x0000000080400000, 0x0000000080400000| Complete 
|   4|0x0000000080400000, 0x0000000080500000, 0x0000000080500000|100%|HC|  |TAMS 0x0000000080500000, 0x0000000080500000| Complete 
|   5|0x0000000080500000, 0x0000000080600000, 0x0000000080600000|100%|HC|  |TAMS 0x0000000080600000, 0x0000000080600000| Complete 
|   6|0x0000000080600000, 0x0000000080700000, 0x0000000080700000|100%| O|  |TAMS 0x0000000080700000, 0x0000000080700000| Untracked 
|   7|0x0000000080700000, 0x0000000080800000, 0x0000000080800000|100%| O|  |TAMS 0x0000000080800000, 0x0000000080800000| Untracked 
|   8|0x0000000080800000, 0x0000000080900000, 0x0000000080900000|100%| O|  |TAMS 0x0000000080900000, 0x0000000080900000| Untracked 
|   9|0x0000000080900000, 0x0000000080a00000, 0x0000000080a00000|100%| O|  |TAMS 0x0000000080a00000, 0x0000000080a00000| Untracked 
|  10|0x0000000080a00000, 0x0000000080b00000, 0x0000000080b00000|100%| O|  |TAMS 0x0000000080b00000, 0x0000000080b00000| Untracked 
|  11|0x0000000080b00000, 0x0000000080c00000, 0x0000000080c00000|100%| O|  |TAMS 0x0000000080c00000, 0x0000000080c00000| Untracked 
|  12|0x0000000080c00000, 0x0000000080d00000, 0x0000000080d00000|100%| O|  |TAMS 0x0000000080d00000, 0x0000000080d00000| Untracked 
|  13|0x0000000080d00000, 0x0000000080e00000, 0x0000000080e00000|100%| O|  |TAMS 0x0000000080e00000, 0x0000000080e00000| Untracked 
|  14|0x0000000080e00000, 0x0000000080f00000, 0x0000000080f00000|100%| O|  |TAMS 0x0000000080f00000, 0x0000000080f00000| Untracked 
|  15|0x0000000080f00000, 0x0000000081000000, 0x0000000081000000|100%| O|  |TAMS 0x0000000081000000, 0x0000000081000000| Untracked 
|  16|0x0000000081000000, 0x0000000081100000, 0x0000000081100000|100%|HS|  |TAMS 0x0000000081100000, 0x0000000081100000| Complete 
|  17|0x0000000081100000, 0x0000000081200000, 0x0000000081200000|100%| O|  |TAMS 0x0000000081200000, 0x0000000081200000| Untracked 
|  18|0x0000000081200000, 0x0000000081300000, 0x0000000081300000|100%| O|  |TAMS 0x0000000081300000, 0x0000000081300000| Untracked 
|  19|0x0000000081300000, 0x0000000081400000, 0x0000000081400000|100%| O|  |TAMS 0x0000000081400000, 0x0000000081400000| Untracked 
|  20|0x0000000081400000, 0x0000000081500000, 0x0000000081500000|100%| O|  |TAMS 0x0000000081500000, 0x0000000081500000| Untracked 
|  21|0x0000000081500000, 0x0000000081600000, 0x0000000081600000|100%| O|  |TAMS 0x0000000081600000, 0x0000000081600000| Untracked 
|  22|0x0000000081600000, 0x0000000081700000, 0x0000000081700000|100%| O|  |TAMS 0x0000000081700000, 0x0000000081700000| Untracked 
|  23|0x0000000081700000, 0x0000000081800000, 0x0000000081800000|100%| O|  |TAMS 0x0000000081800000, 0x0000000081800000| Untracked 
|  24|0x0000000081800000, 0x0000000081900000, 0x0000000081900000|100%|HS|  |TAMS 0x0000000081900000, 0x0000000081900000| Complete 
|  25|0x0000000081900000, 0x0000000081a00000, 0x0000000081a00000|100%|HC|  |TAMS 0x0000000081a00000, 0x0000000081a00000| Complete 
|  26|0x0000000081a00000, 0x0000000081b00000, 0x0000000081b00000|100%|HC|  |TAMS 0x0000000081b00000, 0x0000000081b00000| Complete 
|  27|0x0000000081b00000, 0x0000000081c00000, 0x0000000081c00000|100%| O|  |TAMS 0x0000000081c00000, 0x0000000081c00000| Untracked 
|  28|0x0000000081c00000, 0x0000000081d00000, 0x0000000081d00000|100%| O|  |TAMS 0x0000000081d00000, 0x0000000081d00000| Untracked 
|  29|0x0000000081d00000, 0x0000000081e00000, 0x0000000081e00000|100%| O|  |TAMS 0x0000000081e00000, 0x0000000081e00000| Untracked 
|  30|0x0000000081e00000, 0x0000000081f00000, 0x0000000081f00000|100%| O|  |TAMS 0x0000000081f00000, 0x0000000081f00000| Untracked 
|  31|0x0000000081f00000, 0x0000000082000000, 0x0000000082000000|100%| O|  |TAMS 0x0000000082000000, 0x0000000082000000| Untracked 
|  32|0x0000000082000000, 0x0000000082100000, 0x0000000082100000|100%| O|  |TAMS 0x0000000082100000, 0x0000000082100000| Untracked 
|  33|0x0000000082100000, 0x0000000082200000, 0x0000000082200000|100%| O|  |TAMS 0x0000000082200000, 0x0000000082200000| Untracked 
|  34|0x0000000082200000, 0x0000000082300000, 0x0000000082300000|100%| O|  |TAMS 0x0000000082300000, 0x0000000082300000| Untracked 
|  35|0x0000000082300000, 0x0000000082400000, 0x0000000082400000|100%| O|  |TAMS 0x0000000082400000, 0x0000000082400000| Untracked 
|  36|0x0000000082400000, 0x0000000082500000, 0x0000000082500000|100%| O|  |TAMS 0x0000000082500000, 0x0000000082500000| Untracked 
|  37|0x0000000082500000, 0x0000000082600000, 0x0000000082600000|100%| O|  |TAMS 0x0000000082600000, 0x0000000082600000| Untracked 
|  38|0x0000000082600000, 0x0000000082700000, 0x0000000082700000|100%| O|  |TAMS 0x0000000082700000, 0x0000000082700000| Untracked 
|  39|0x0000000082700000, 0x0000000082800000, 0x0000000082800000|100%| O|  |TAMS 0x0000000082800000, 0x0000000082800000| Untracked 
|  40|0x0000000082800000, 0x0000000082900000, 0x0000000082900000|100%| O|  |TAMS 0x0000000082900000, 0x0000000082900000| Untracked 
|  41|0x0000000082900000, 0x0000000082a00000, 0x0000000082a00000|100%| O|  |TAMS 0x0000000082a00000, 0x0000000082a00000| Untracked 
|  42|0x0000000082a00000, 0x0000000082b00000, 0x0000000082b00000|100%|HS|  |TAMS 0x0000000082b00000, 0x0000000082b00000| Complete 
|  43|0x0000000082b00000, 0x0000000082c00000, 0x0000000082c00000|100%| O|  |TAMS 0x0000000082c00000, 0x0000000082c00000| Untracked 
|  44|0x0000000082c00000, 0x0000000082d00000, 0x0000000082d00000|100%|HS|  |TAMS 0x0000000082d00000, 0x0000000082d00000| Complete 
|  45|0x0000000082d00000, 0x0000000082e00000, 0x0000000082e00000|100%|HS|  |TAMS 0x0000000082e00000, 0x0000000082e00000| Complete 
|  46|0x0000000082e00000, 0x0000000082f00000, 0x0000000082f00000|100%|HC|  |TAMS 0x0000000082f00000, 0x0000000082f00000| Complete 
|  47|0x0000000082f00000, 0x0000000083000000, 0x0000000083000000|100%| O|  |TAMS 0x0000000083000000, 0x0000000083000000| Untracked 
|  48|0x0000000083000000, 0x0000000083100000, 0x0000000083100000|100%| O|  |TAMS 0x0000000083100000, 0x0000000083100000| Untracked 
|  49|0x0000000083100000, 0x0000000083200000, 0x0000000083200000|100%| O|  |TAMS 0x0000000083200000, 0x0000000083200000| Untracked 
|  50|0x0000000083200000, 0x0000000083300000, 0x0000000083300000|100%| O|  |TAMS 0x0000000083300000, 0x0000000083300000| Untracked 
|  51|0x0000000083300000, 0x0000000083400000, 0x0000000083400000|100%| O|  |TAMS 0x0000000083400000, 0x0000000083400000| Untracked 
|  52|0x0000000083400000, 0x0000000083500000, 0x0000000083500000|100%| O|  |TAMS 0x0000000083500000, 0x0000000083500000| Untracked 
|  53|0x0000000083500000, 0x0000000083600000, 0x0000000083600000|100%| O|  |TAMS 0x0000000083600000, 0x0000000083600000| Untracked 
|  54|0x0000000083600000, 0x0000000083700000, 0x0000000083700000|100%| O|  |TAMS 0x0000000083700000, 0x0000000083700000| Untracked 
|  55|0x0000000083700000, 0x0000000083800000, 0x0000000083800000|100%| O|  |TAMS 0x0000000083800000, 0x0000000083800000| Untracked 
|  56|0x0000000083800000, 0x0000000083900000, 0x0000000083900000|100%| O|  |TAMS 0x0000000083900000, 0x0000000083900000| Untracked 
|  57|0x0000000083900000, 0x0000000083a00000, 0x0000000083a00000|100%| O|  |TAMS 0x0000000083a00000, 0x0000000083a00000| Untracked 
|  58|0x0000000083a00000, 0x0000000083b00000, 0x0000000083b00000|100%| O|  |TAMS 0x0000000083b00000, 0x0000000083b00000| Untracked 
|  59|0x0000000083b00000, 0x0000000083c00000, 0x0000000083c00000|100%| O|  |TAMS 0x0000000083c00000, 0x0000000083c00000| Untracked 
|  60|0x0000000083c00000, 0x0000000083d00000, 0x0000000083d00000|100%| O|  |TAMS 0x0000000083d00000, 0x0000000083d00000| Untracked 
|  61|0x0000000083d00000, 0x0000000083e00000, 0x0000000083e00000|100%| O|  |TAMS 0x0000000083e00000, 0x0000000083e00000| Untracked 
|  62|0x0000000083e00000, 0x0000000083f00000, 0x0000000083f00000|100%| O|  |TAMS 0x0000000083f00000, 0x0000000083f00000| Untracked 
|  63|0x0000000083f00000, 0x0000000084000000, 0x0000000084000000|100%| O|  |TAMS 0x0000000084000000, 0x0000000084000000| Untracked 
|  64|0x0000000084000000, 0x0000000084100000, 0x0000000084100000|100%| O|  |TAMS 0x0000000084100000, 0x0000000084100000| Untracked 
|  65|0x0000000084100000, 0x0000000084200000, 0x0000000084200000|100%| O|  |TAMS 0x0000000084200000, 0x0000000084200000| Untracked 
|  66|0x0000000084200000, 0x0000000084300000, 0x0000000084300000|100%| O|  |TAMS 0x0000000084300000, 0x0000000084300000| Untracked 
|  67|0x0000000084300000, 0x0000000084400000, 0x0000000084400000|100%| O|  |TAMS 0x0000000084400000, 0x0000000084400000| Untracked 
|  68|0x0000000084400000, 0x0000000084500000, 0x0000000084500000|100%| O|  |TAMS 0x0000000084500000, 0x0000000084500000| Untracked 
|  69|0x0000000084500000, 0x0000000084600000, 0x0000000084600000|100%| O|  |TAMS 0x0000000084600000, 0x0000000084600000| Untracked 
|  70|0x0000000084600000, 0x0000000084700000, 0x0000000084700000|100%| O|  |TAMS 0x0000000084700000, 0x0000000084700000| Untracked 
|  71|0x0000000084700000, 0x0000000084800000, 0x0000000084800000|100%| O|  |TAMS 0x0000000084800000, 0x0000000084800000| Untracked 
|  72|0x0000000084800000, 0x0000000084900000, 0x0000000084900000|100%| O|  |TAMS 0x0000000084900000, 0x0000000084900000| Untracked 
|  73|0x0000000084900000, 0x0000000084a00000, 0x0000000084a00000|100%| O|  |TAMS 0x0000000084a00000, 0x0000000084a00000| Untracked 
|  74|0x0000000084a00000, 0x0000000084b00000, 0x0000000084b00000|100%| O|  |TAMS 0x0000000084b00000, 0x0000000084b00000| Untracked 
|  75|0x0000000084b00000, 0x0000000084c00000, 0x0000000084c00000|100%| O|  |TAMS 0x0000000084c00000, 0x0000000084c00000| Untracked 
|  76|0x0000000084c00000, 0x0000000084d00000, 0x0000000084d00000|100%| O|  |TAMS 0x0000000084d00000, 0x0000000084d00000| Untracked 
|  77|0x0000000084d00000, 0x0000000084e00000, 0x0000000084e00000|100%| O|  |TAMS 0x0000000084e00000, 0x0000000084e00000| Untracked 
|  78|0x0000000084e00000, 0x0000000084f00000, 0x0000000084f00000|100%| O|  |TAMS 0x0000000084f00000, 0x0000000084f00000| Untracked 
|  79|0x0000000084f00000, 0x0000000085000000, 0x0000000085000000|100%| O|  |TAMS 0x0000000085000000, 0x0000000085000000| Untracked 
|  80|0x0000000085000000, 0x0000000085100000, 0x0000000085100000|100%|HS|  |TAMS 0x0000000085100000, 0x0000000085100000| Complete 
|  81|0x0000000085100000, 0x0000000085200000, 0x0000000085200000|100%|HS|  |TAMS 0x0000000085200000, 0x0000000085200000| Complete 
|  82|0x0000000085200000, 0x0000000085300000, 0x0000000085300000|100%|HC|  |TAMS 0x0000000085300000, 0x0000000085300000| Complete 
|  83|0x0000000085300000, 0x0000000085400000, 0x0000000085400000|100%|HC|  |TAMS 0x0000000085400000, 0x0000000085400000| Complete 
|  84|0x0000000085400000, 0x0000000085500000, 0x0000000085500000|100%| O|  |TAMS 0x0000000085500000, 0x0000000085500000| Untracked 
|  85|0x0000000085500000, 0x0000000085600000, 0x0000000085600000|100%| O|  |TAMS 0x0000000085600000, 0x0000000085600000| Untracked 
|  86|0x0000000085600000, 0x0000000085700000, 0x0000000085700000|100%| O|  |TAMS 0x0000000085700000, 0x0000000085700000| Untracked 
|  87|0x0000000085700000, 0x0000000085800000, 0x0000000085800000|100%| O|  |TAMS 0x0000000085800000, 0x0000000085800000| Untracked 
|  88|0x0000000085800000, 0x0000000085900000, 0x0000000085900000|100%| O|  |TAMS 0x0000000085900000, 0x0000000085900000| Untracked 
|  89|0x0000000085900000, 0x0000000085a00000, 0x0000000085a00000|100%| O|  |TAMS 0x0000000085a00000, 0x0000000085a00000| Untracked 
|  90|0x0000000085a00000, 0x0000000085b00000, 0x0000000085b00000|100%| O|  |TAMS 0x0000000085b00000, 0x0000000085b00000| Untracked 
|  91|0x0000000085b00000, 0x0000000085c00000, 0x0000000085c00000|100%| O|  |TAMS 0x0000000085c00000, 0x0000000085c00000| Untracked 
|  92|0x0000000085c00000, 0x0000000085d00000, 0x0000000085d00000|100%| O|  |TAMS 0x0000000085d00000, 0x0000000085d00000| Untracked 
|  93|0x0000000085d00000, 0x0000000085e00000, 0x0000000085e00000|100%| O|  |TAMS 0x0000000085e00000, 0x0000000085e00000| Untracked 
|  94|0x0000000085e00000, 0x0000000085f00000, 0x0000000085f00000|100%|HS|  |TAMS 0x0000000085f00000, 0x0000000085f00000| Complete 
|  95|0x0000000085f00000, 0x0000000086000000, 0x0000000086000000|100%|HS|  |TAMS 0x0000000086000000, 0x0000000086000000| Complete 
|  96|0x0000000086000000, 0x0000000086100000, 0x0000000086100000|100%|HC|  |TAMS 0x0000000086100000, 0x0000000086100000| Complete 
|  97|0x0000000086100000, 0x0000000086200000, 0x0000000086200000|100%|HC|  |TAMS 0x0000000086200000, 0x0000000086200000| Complete 
|  98|0x0000000086200000, 0x0000000086300000, 0x0000000086300000|100%| O|  |TAMS 0x0000000086300000, 0x0000000086300000| Untracked 
|  99|0x0000000086300000, 0x0000000086400000, 0x0000000086400000|100%| O|  |TAMS 0x0000000086400000, 0x0000000086400000| Untracked 
| 100|0x0000000086400000, 0x0000000086500000, 0x0000000086500000|100%| O|  |TAMS 0x0000000086500000, 0x0000000086500000| Untracked 
| 101|0x0000000086500000, 0x0000000086600000, 0x0000000086600000|100%| O|  |TAMS 0x0000000086600000, 0x0000000086600000| Untracked 
| 102|0x0000000086600000, 0x0000000086700000, 0x0000000086700000|100%| O|  |TAMS 0x0000000086700000, 0x0000000086700000| Untracked 
| 103|0x0000000086700000, 0x0000000086800000, 0x0000000086800000|100%| O|  |TAMS 0x0000000086800000, 0x0000000086800000| Untracked 
| 104|0x0000000086800000, 0x0000000086900000, 0x0000000086900000|100%| O|  |TAMS 0x0000000086900000, 0x0000000086900000| Untracked 
| 105|0x0000000086900000, 0x0000000086a00000, 0x0000000086a00000|100%| O|  |TAMS 0x0000000086a00000, 0x0000000086a00000| Untracked 
| 106|0x0000000086a00000, 0x0000000086b00000, 0x0000000086b00000|100%| O|  |TAMS 0x0000000086b00000, 0x0000000086b00000| Untracked 
| 107|0x0000000086b00000, 0x0000000086c00000, 0x0000000086c00000|100%| O|  |TAMS 0x0000000086c00000, 0x0000000086c00000| Untracked 
| 108|0x0000000086c00000, 0x0000000086d00000, 0x0000000086d00000|100%| O|  |TAMS 0x0000000086d00000, 0x0000000086d00000| Untracked 
| 109|0x0000000086d00000, 0x0000000086e00000, 0x0000000086e00000|100%| O|  |TAMS 0x0000000086e00000, 0x0000000086e00000| Untracked 
| 110|0x0000000086e00000, 0x0000000086f00000, 0x0000000086f00000|100%| O|  |TAMS 0x0000000086f00000, 0x0000000086f00000| Untracked 
| 111|0x0000000086f00000, 0x0000000087000000, 0x0000000087000000|100%| O|  |TAMS 0x0000000087000000, 0x0000000087000000| Untracked 
| 112|0x0000000087000000, 0x0000000087100000, 0x0000000087100000|100%| O|  |TAMS 0x0000000087100000, 0x0000000087100000| Untracked 
| 113|0x0000000087100000, 0x0000000087200000, 0x0000000087200000|100%| O|  |TAMS 0x0000000087200000, 0x0000000087200000| Untracked 
| 114|0x0000000087200000, 0x0000000087300000, 0x0000000087300000|100%| O|  |TAMS 0x0000000087300000, 0x0000000087300000| Untracked 
| 115|0x0000000087300000, 0x0000000087400000, 0x0000000087400000|100%| O|  |TAMS 0x0000000087400000, 0x0000000087400000| Untracked 
| 116|0x0000000087400000, 0x0000000087500000, 0x0000000087500000|100%| O|  |TAMS 0x0000000087500000, 0x0000000087500000| Untracked 
| 117|0x0000000087500000, 0x0000000087600000, 0x0000000087600000|100%| O|  |TAMS 0x0000000087600000, 0x0000000087600000| Untracked 
| 118|0x0000000087600000, 0x0000000087700000, 0x0000000087700000|100%| O|  |TAMS 0x0000000087700000, 0x0000000087700000| Untracked 
| 119|0x0000000087700000, 0x0000000087800000, 0x0000000087800000|100%| O|  |TAMS 0x0000000087800000, 0x0000000087800000| Untracked 
| 120|0x0000000087800000, 0x0000000087900000, 0x0000000087900000|100%| O|  |TAMS 0x0000000087900000, 0x0000000087900000| Untracked 
| 121|0x0000000087900000, 0x0000000087a00000, 0x0000000087a00000|100%| O|  |TAMS 0x0000000087a00000, 0x0000000087a00000| Untracked 
| 122|0x0000000087a00000, 0x0000000087b00000, 0x0000000087b00000|100%| O|  |TAMS 0x0000000087b00000, 0x0000000087b00000| Untracked 
| 123|0x0000000087b00000, 0x0000000087c00000, 0x0000000087c00000|100%| O|  |TAMS 0x0000000087c00000, 0x0000000087c00000| Untracked 
| 124|0x0000000087c00000, 0x0000000087d00000, 0x0000000087d00000|100%| O|  |TAMS 0x0000000087d00000, 0x0000000087d00000| Untracked 
| 125|0x0000000087d00000, 0x0000000087e00000, 0x0000000087e00000|100%| O|  |TAMS 0x0000000087e00000, 0x0000000087e00000| Untracked 
| 126|0x0000000087e00000, 0x0000000087f00000, 0x0000000087f00000|100%| O|  |TAMS 0x0000000087f00000, 0x0000000087f00000| Untracked 
| 127|0x0000000087f00000, 0x0000000088000000, 0x0000000088000000|100%| O|  |TAMS 0x0000000088000000, 0x0000000088000000| Untracked 
| 128|0x0000000088000000, 0x0000000088100000, 0x0000000088100000|100%| O|  |TAMS 0x0000000088100000, 0x0000000088100000| Untracked 
| 129|0x0000000088100000, 0x0000000088200000, 0x0000000088200000|100%| O|  |TAMS 0x0000000088200000, 0x0000000088200000| Untracked 
| 130|0x0000000088200000, 0x0000000088300000, 0x0000000088300000|100%| O|  |TAMS 0x0000000088249200, 0x0000000088300000| Untracked 
| 131|0x0000000088300000, 0x0000000088400000, 0x0000000088400000|100%| O|  |TAMS 0x0000000088300000, 0x0000000088400000| Untracked 
| 132|0x0000000088400000, 0x0000000088500000, 0x0000000088500000|100%| O|  |TAMS 0x0000000088400000, 0x0000000088500000| Untracked 
| 133|0x0000000088500000, 0x000000008855a400, 0x0000000088600000| 35%| O|  |TAMS 0x0000000088500000, 0x000000008855a400| Untracked 
| 134|0x0000000088600000, 0x0000000088600000, 0x0000000088700000|  0%| F|  |TAMS 0x0000000088600000, 0x0000000088600000| Untracked 
| 135|0x0000000088700000, 0x0000000088700000, 0x0000000088800000|  0%| F|  |TAMS 0x0000000088700000, 0x0000000088700000| Untracked 
| 136|0x0000000088800000, 0x0000000088800000, 0x0000000088900000|  0%| F|  |TAMS 0x0000000088800000, 0x0000000088800000| Untracked 
| 137|0x0000000088900000, 0x0000000088900000, 0x0000000088a00000|  0%| F|  |TAMS 0x0000000088900000, 0x0000000088900000| Untracked 
| 138|0x0000000088a00000, 0x0000000088a00000, 0x0000000088b00000|  0%| F|  |TAMS 0x0000000088a00000, 0x0000000088a00000| Untracked 
| 139|0x0000000088b00000, 0x0000000088b00000, 0x0000000088c00000|  0%| F|  |TAMS 0x0000000088b00000, 0x0000000088b00000| Untracked 
| 140|0x0000000088c00000, 0x0000000088c00000, 0x0000000088d00000|  0%| F|  |TAMS 0x0000000088c00000, 0x0000000088c00000| Untracked 
| 141|0x0000000088d00000, 0x0000000088d00000, 0x0000000088e00000|  0%| F|  |TAMS 0x0000000088d00000, 0x0000000088d00000| Untracked 
| 142|0x0000000088e00000, 0x0000000088e00000, 0x0000000088f00000|  0%| F|  |TAMS 0x0000000088e00000, 0x0000000088e00000| Untracked 
| 143|0x0000000088f00000, 0x0000000088f00000, 0x0000000089000000|  0%| F|  |TAMS 0x0000000088f00000, 0x0000000088f00000| Untracked 
| 144|0x0000000089000000, 0x0000000089000000, 0x0000000089100000|  0%| F|  |TAMS 0x0000000089000000, 0x0000000089000000| Untracked 
| 145|0x0000000089100000, 0x0000000089100000, 0x0000000089200000|  0%| F|  |TAMS 0x0000000089100000, 0x0000000089100000| Untracked 
| 146|0x0000000089200000, 0x0000000089200000, 0x0000000089300000|  0%| F|  |TAMS 0x0000000089200000, 0x0000000089200000| Untracked 
| 147|0x0000000089300000, 0x0000000089300000, 0x0000000089400000|  0%| F|  |TAMS 0x0000000089300000, 0x0000000089300000| Untracked 
| 148|0x0000000089400000, 0x0000000089400000, 0x0000000089500000|  0%| F|  |TAMS 0x0000000089400000, 0x0000000089400000| Untracked 
| 149|0x0000000089500000, 0x0000000089500000, 0x0000000089600000|  0%| F|  |TAMS 0x0000000089500000, 0x0000000089500000| Untracked 
| 150|0x0000000089600000, 0x0000000089600000, 0x0000000089700000|  0%| F|  |TAMS 0x0000000089600000, 0x0000000089600000| Untracked 
| 151|0x0000000089700000, 0x0000000089700000, 0x0000000089800000|  0%| F|  |TAMS 0x0000000089700000, 0x0000000089700000| Untracked 
| 152|0x0000000089800000, 0x0000000089800000, 0x0000000089900000|  0%| F|  |TAMS 0x0000000089800000, 0x0000000089800000| Untracked 
| 153|0x0000000089900000, 0x0000000089900000, 0x0000000089a00000|  0%| F|  |TAMS 0x0000000089900000, 0x0000000089900000| Untracked 
| 154|0x0000000089a00000, 0x0000000089a00000, 0x0000000089b00000|  0%| F|  |TAMS 0x0000000089a00000, 0x0000000089a00000| Untracked 
| 155|0x0000000089b00000, 0x0000000089b00000, 0x0000000089c00000|  0%| F|  |TAMS 0x0000000089b00000, 0x0000000089b00000| Untracked 
| 156|0x0000000089c00000, 0x0000000089c00000, 0x0000000089d00000|  0%| F|  |TAMS 0x0000000089c00000, 0x0000000089c00000| Untracked 
| 157|0x0000000089d00000, 0x0000000089d00000, 0x0000000089e00000|  0%| F|  |TAMS 0x0000000089d00000, 0x0000000089d00000| Untracked 
| 158|0x0000000089e00000, 0x0000000089e00000, 0x0000000089f00000|  0%| F|  |TAMS 0x0000000089e00000, 0x0000000089e00000| Untracked 
| 159|0x0000000089f00000, 0x0000000089f00000, 0x000000008a000000|  0%| F|  |TAMS 0x0000000089f00000, 0x0000000089f00000| Untracked 
| 160|0x000000008a000000, 0x000000008a000000, 0x000000008a100000|  0%| F|  |TAMS 0x000000008a000000, 0x000000008a000000| Untracked 
| 161|0x000000008a100000, 0x000000008a100000, 0x000000008a200000|  0%| F|  |TAMS 0x000000008a100000, 0x000000008a100000| Untracked 
| 162|0x000000008a200000, 0x000000008a200000, 0x000000008a300000|  0%| F|  |TAMS 0x000000008a200000, 0x000000008a200000| Untracked 
| 163|0x000000008a300000, 0x000000008a300000, 0x000000008a400000|  0%| F|  |TAMS 0x000000008a300000, 0x000000008a300000| Untracked 
| 164|0x000000008a400000, 0x000000008a400000, 0x000000008a500000|  0%| F|  |TAMS 0x000000008a400000, 0x000000008a400000| Untracked 
| 165|0x000000008a500000, 0x000000008a500000, 0x000000008a600000|  0%| F|  |TAMS 0x000000008a500000, 0x000000008a500000| Untracked 
| 166|0x000000008a600000, 0x000000008a600000, 0x000000008a700000|  0%| F|  |TAMS 0x000000008a600000, 0x000000008a600000| Untracked 
| 167|0x000000008a700000, 0x000000008a700000, 0x000000008a800000|  0%| F|  |TAMS 0x000000008a700000, 0x000000008a700000| Untracked 
| 168|0x000000008a800000, 0x000000008a800000, 0x000000008a900000|  0%| F|  |TAMS 0x000000008a800000, 0x000000008a800000| Untracked 
| 169|0x000000008a900000, 0x000000008a900000, 0x000000008aa00000|  0%| F|  |TAMS 0x000000008a900000, 0x000000008a900000| Untracked 
| 170|0x000000008aa00000, 0x000000008aa00000, 0x000000008ab00000|  0%| F|  |TAMS 0x000000008aa00000, 0x000000008aa00000| Untracked 
| 171|0x000000008ab00000, 0x000000008ab00000, 0x000000008ac00000|  0%| F|  |TAMS 0x000000008ab00000, 0x000000008ab00000| Untracked 
| 172|0x000000008ac00000, 0x000000008ac00000, 0x000000008ad00000|  0%| F|  |TAMS 0x000000008ac00000, 0x000000008ac00000| Untracked 
| 173|0x000000008ad00000, 0x000000008ae00000, 0x000000008ae00000|100%| S|CS|TAMS 0x000000008ad00000, 0x000000008ad00000| Complete 
| 174|0x000000008ae00000, 0x000000008af00000, 0x000000008af00000|100%| S|CS|TAMS 0x000000008ae00000, 0x000000008ae00000| Complete 
| 175|0x000000008af00000, 0x000000008af00000, 0x000000008b000000|  0%| F|  |TAMS 0x000000008af00000, 0x000000008af00000| Untracked 
| 176|0x000000008b000000, 0x000000008b000000, 0x000000008b100000|  0%| F|  |TAMS 0x000000008b000000, 0x000000008b000000| Untracked 
| 177|0x000000008b100000, 0x000000008b100000, 0x000000008b200000|  0%| F|  |TAMS 0x000000008b100000, 0x000000008b100000| Untracked 
| 178|0x000000008b200000, 0x000000008b200000, 0x000000008b300000|  0%| F|  |TAMS 0x000000008b200000, 0x000000008b200000| Untracked 
| 179|0x000000008b300000, 0x000000008b300000, 0x000000008b400000|  0%| F|  |TAMS 0x000000008b300000, 0x000000008b300000| Untracked 
| 180|0x000000008b400000, 0x000000008b400000, 0x000000008b500000|  0%| F|  |TAMS 0x000000008b400000, 0x000000008b400000| Untracked 
| 181|0x000000008b500000, 0x000000008b600000, 0x000000008b600000|100%| S|CS|TAMS 0x000000008b500000, 0x000000008b500000| Complete 
| 182|0x000000008b600000, 0x000000008b700000, 0x000000008b700000|100%| S|CS|TAMS 0x000000008b600000, 0x000000008b600000| Complete 
| 183|0x000000008b700000, 0x000000008b800000, 0x000000008b800000|100%| S|CS|TAMS 0x000000008b700000, 0x000000008b700000| Complete 
| 184|0x000000008b800000, 0x000000008b800000, 0x000000008b900000|  0%| F|  |TAMS 0x000000008b800000, 0x000000008b800000| Untracked 
| 185|0x000000008b900000, 0x000000008b900000, 0x000000008ba00000|  0%| F|  |TAMS 0x000000008b900000, 0x000000008b900000| Untracked 
| 186|0x000000008ba00000, 0x000000008ba00000, 0x000000008bb00000|  0%| F|  |TAMS 0x000000008ba00000, 0x000000008ba00000| Untracked 
| 187|0x000000008bb00000, 0x000000008bb00000, 0x000000008bc00000|  0%| F|  |TAMS 0x000000008bb00000, 0x000000008bb00000| Untracked 
| 188|0x000000008bc00000, 0x000000008bc00000, 0x000000008bd00000|  0%| F|  |TAMS 0x000000008bc00000, 0x000000008bc00000| Untracked 
| 189|0x000000008bd00000, 0x000000008bd00000, 0x000000008be00000|  0%| F|  |TAMS 0x000000008bd00000, 0x000000008bd00000| Untracked 
| 190|0x000000008be00000, 0x000000008be00000, 0x000000008bf00000|  0%| F|  |TAMS 0x000000008be00000, 0x000000008be00000| Untracked 
| 191|0x000000008bf00000, 0x000000008bf00000, 0x000000008c000000|  0%| F|  |TAMS 0x000000008bf00000, 0x000000008bf00000| Untracked 
| 192|0x000000008c000000, 0x000000008c000000, 0x000000008c100000|  0%| F|  |TAMS 0x000000008c000000, 0x000000008c000000| Untracked 
| 193|0x000000008c100000, 0x000000008c100000, 0x000000008c200000|  0%| F|  |TAMS 0x000000008c100000, 0x000000008c100000| Untracked 
| 194|0x000000008c200000, 0x000000008c200000, 0x000000008c300000|  0%| F|  |TAMS 0x000000008c200000, 0x000000008c200000| Untracked 
| 195|0x000000008c300000, 0x000000008c300000, 0x000000008c400000|  0%| F|  |TAMS 0x000000008c300000, 0x000000008c300000| Untracked 
| 196|0x000000008c400000, 0x000000008c400000, 0x000000008c500000|  0%| F|  |TAMS 0x000000008c400000, 0x000000008c400000| Untracked 
| 197|0x000000008c500000, 0x000000008c500000, 0x000000008c600000|  0%| F|  |TAMS 0x000000008c500000, 0x000000008c500000| Untracked 
| 198|0x000000008c600000, 0x000000008c600000, 0x000000008c700000|  0%| F|  |TAMS 0x000000008c600000, 0x000000008c600000| Untracked 
| 199|0x000000008c700000, 0x000000008c700000, 0x000000008c800000|  0%| F|  |TAMS 0x000000008c700000, 0x000000008c700000| Untracked 
| 200|0x000000008c800000, 0x000000008c800000, 0x000000008c900000|  0%| F|  |TAMS 0x000000008c800000, 0x000000008c800000| Untracked 
| 201|0x000000008c900000, 0x000000008c900000, 0x000000008ca00000|  0%| F|  |TAMS 0x000000008c900000, 0x000000008c900000| Untracked 
| 202|0x000000008ca00000, 0x000000008ca00000, 0x000000008cb00000|  0%| F|  |TAMS 0x000000008ca00000, 0x000000008ca00000| Untracked 
| 203|0x000000008cb00000, 0x000000008cb00000, 0x000000008cc00000|  0%| F|  |TAMS 0x000000008cb00000, 0x000000008cb00000| Untracked 
| 204|0x000000008cc00000, 0x000000008cc00000, 0x000000008cd00000|  0%| F|  |TAMS 0x000000008cc00000, 0x000000008cc00000| Untracked 
| 205|0x000000008cd00000, 0x000000008cd00000, 0x000000008ce00000|  0%| F|  |TAMS 0x000000008cd00000, 0x000000008cd00000| Untracked 
| 206|0x000000008ce00000, 0x000000008ce00000, 0x000000008cf00000|  0%| F|  |TAMS 0x000000008ce00000, 0x000000008ce00000| Untracked 
| 207|0x000000008cf00000, 0x000000008cf00000, 0x000000008d000000|  0%| F|  |TAMS 0x000000008cf00000, 0x000000008cf00000| Untracked 
| 208|0x000000008d000000, 0x000000008d000000, 0x000000008d100000|  0%| F|  |TAMS 0x000000008d000000, 0x000000008d000000| Untracked 
| 209|0x000000008d100000, 0x000000008d100000, 0x000000008d200000|  0%| F|  |TAMS 0x000000008d100000, 0x000000008d100000| Untracked 
| 210|0x000000008d200000, 0x000000008d200000, 0x000000008d300000|  0%| F|  |TAMS 0x000000008d200000, 0x000000008d200000| Untracked 
| 211|0x000000008d300000, 0x000000008d300000, 0x000000008d400000|  0%| F|  |TAMS 0x000000008d300000, 0x000000008d300000| Untracked 
| 212|0x000000008d400000, 0x000000008d400000, 0x000000008d500000|  0%| F|  |TAMS 0x000000008d400000, 0x000000008d400000| Untracked 
| 213|0x000000008d500000, 0x000000008d500000, 0x000000008d600000|  0%| F|  |TAMS 0x000000008d500000, 0x000000008d500000| Untracked 
| 214|0x000000008d600000, 0x000000008d600000, 0x000000008d700000|  0%| F|  |TAMS 0x000000008d600000, 0x000000008d600000| Untracked 
| 215|0x000000008d700000, 0x000000008d700000, 0x000000008d800000|  0%| F|  |TAMS 0x000000008d700000, 0x000000008d700000| Untracked 
| 216|0x000000008d800000, 0x000000008d800000, 0x000000008d900000|  0%| F|  |TAMS 0x000000008d800000, 0x000000008d800000| Untracked 
| 217|0x000000008d900000, 0x000000008d900000, 0x000000008da00000|  0%| F|  |TAMS 0x000000008d900000, 0x000000008d900000| Untracked 
| 218|0x000000008da00000, 0x000000008da00000, 0x000000008db00000|  0%| F|  |TAMS 0x000000008da00000, 0x000000008da00000| Untracked 
| 219|0x000000008db00000, 0x000000008db00000, 0x000000008dc00000|  0%| F|  |TAMS 0x000000008db00000, 0x000000008db00000| Untracked 
| 220|0x000000008dc00000, 0x000000008dc00000, 0x000000008dd00000|  0%| F|  |TAMS 0x000000008dc00000, 0x000000008dc00000| Untracked 
| 221|0x000000008dd00000, 0x000000008dd00000, 0x000000008de00000|  0%| F|  |TAMS 0x000000008dd00000, 0x000000008dd00000| Untracked 

Card table byte_map: [0x00000194a31b0000,0x00000194a35b0000] _byte_map_base: 0x00000194a2db0000

Marking Bits (Prev, Next): (CMBitMap*) 0x000001948c770ae0, (CMBitMap*) 0x000001948c770aa8
 Prev Bits: [0x00000194a59b0000, 0x00000194a79b0000)
 Next Bits: [0x00000194a39b0000, 0x00000194a59b0000)

Polling page: 0x000001948bf10000

Metaspace:

Usage:
  Non-class:     91.32 MB capacity,    89.19 MB ( 98%) used,     1.83 MB (  2%) free+waste,   310.44 KB ( <1%) overhead. 
      Class:     14.76 MB capacity,    13.45 MB ( 91%) used,     1.16 MB (  8%) free+waste,   145.19 KB ( <1%) overhead. 
       Both:    106.08 MB capacity,   102.65 MB ( 97%) used,     2.99 MB (  3%) free+waste,   455.63 KB ( <1%) overhead. 

Virtual space:
  Non-class space:       92.00 MB reserved,      91.50 MB (>99%) committed 
      Class space:      504.00 MB reserved,      14.88 MB (  3%) committed 
             Both:      596.00 MB reserved,     106.38 MB ( 18%) committed 

Chunk freelists:
   Non-Class:  7.00 KB
       Class:  7.00 KB
        Both:  14.00 KB

CodeHeap 'non-profiled nmethods': size=120064Kb used=8544Kb max_used=9358Kb free=111519Kb
 bounds [0x000001949b870000, 0x000001949c1a0000, 0x00000194a2db0000]
CodeHeap 'profiled nmethods': size=120000Kb used=29133Kb max_used=31217Kb free=90867Kb
 bounds [0x0000019494340000, 0x00000194961c0000, 0x000001949b870000]
CodeHeap 'non-nmethods': size=5696Kb used=2301Kb max_used=2366Kb free=3394Kb
 bounds [0x0000019493db0000, 0x0000019494020000, 0x0000019494340000]
 total_blobs=14150 nmethods=13238 adapters=822
 compilation: enabled
              stopped_count=0, restarted_count=0
 full_count=0

Compilation events (10 events):
Event: 39.222 Thread 0x00000194aa7e9800 14068       3       kotlin.reflect.jvm.internal.KProperty1Impl::<init> (73 bytes)
Event: 39.223 Thread 0x00000194aa7e9800 nmethod 14068 0x0000019494370b90 code [0x00000194943710c0, 0x0000019494373588]
Event: 39.230 Thread 0x00000194a9e91800 14070       4       org.gradle.internal.execution.fingerprint.impl.DefaultFileCollectionFingerprinterRegistry::getFingerprinter (70 bytes)
Event: 39.230 Thread 0x00000194b0a7c800 14069       4       java.util.ArrayDeque::spliterator (9 bytes)
Event: 39.231 Thread 0x00000194b0a7c800 nmethod 14069 0x000001949b897010 code [0x000001949b8971a0, 0x000001949b897278]
Event: 39.231 Thread 0x00000194b0a7c800 14073       4       org.gradle.internal.snapshot.SnapshotHierarchy::findSnapshot (38 bytes)
Event: 39.233 Thread 0x00000194a9e91800 nmethod 14070 0x000001949b8a6f10 code [0x000001949b8a70a0, 0x000001949b8a72f8]
Event: 39.233 Thread 0x00000194a9e91800 14071       4       java.util.ArrayDeque$DeqSpliterator::estimateSize (21 bytes)
Event: 39.234 Thread 0x00000194a9e91800 nmethod 14071 0x000001949b89b690 code [0x000001949b89b800, 0x000001949b89b8b8]
Event: 39.234 Thread 0x00000194a9e91800 14072       4       org.gradle.internal.vfs.impl.DefaultFileSystemAccess::readSnapshotFromLocation (27 bytes)

GC Heap History (10 events):
Event: 37.284 GC heap after
{Heap after GC invocations=50 (full 0):
 garbage-first heap   total 189440K, used 132372K [0x0000000080000000, 0x0000000100000000)
  region size 1024K, 2 young (2048K), 2 survivors (2048K)
 Metaspace       used 104225K, capacity 107737K, committed 107776K, reserved 610304K
  class space    used 13728K, capacity 15098K, committed 15104K, reserved 516096K
}
Event: 37.724 GC heap before
{Heap before GC invocations=51 (full 0):
 garbage-first heap   total 189440K, used 152852K [0x0000000080000000, 0x0000000100000000)
  region size 1024K, 23 young (23552K), 2 survivors (2048K)
 Metaspace       used 104542K, capacity 108018K, committed 108160K, reserved 610304K
  class space    used 13740K, capacity 15108K, committed 15232K, reserved 516096K
}
Event: 37.730 GC heap after
{Heap after GC invocations=52 (full 0):
 garbage-first heap   total 227328K, used 133497K [0x0000000080000000, 0x0000000100000000)
  region size 1024K, 3 young (3072K), 3 survivors (3072K)
 Metaspace       used 104542K, capacity 108018K, committed 108160K, reserved 610304K
  class space    used 13740K, capacity 15108K, committed 15232K, reserved 516096K
}
Event: 37.809 GC heap before
{Heap before GC invocations=52 (full 0):
 garbage-first heap   total 227328K, used 140665K [0x0000000080000000, 0x0000000100000000)
  region size 1024K, 11 young (11264K), 3 survivors (3072K)
 Metaspace       used 104557K, capacity 108018K, committed 108160K, reserved 610304K
  class space    used 13740K, capacity 15108K, committed 15232K, reserved 516096K
}
Event: 37.814 GC heap after
{Heap after GC invocations=53 (full 0):
 garbage-first heap   total 227328K, used 134436K [0x0000000080000000, 0x0000000100000000)
  region size 1024K, 1 young (1024K), 1 survivors (1024K)
 Metaspace       used 104557K, capacity 108018K, committed 108160K, reserved 610304K
  class space    used 13740K, capacity 15108K, committed 15232K, reserved 516096K
}
Event: 38.268 GC heap before
{Heap before GC invocations=53 (full 0):
 garbage-first heap   total 227328K, used 170276K [0x0000000080000000, 0x0000000100000000)
  region size 1024K, 37 young (37888K), 1 survivors (1024K)
 Metaspace       used 104747K, capacity 108325K, committed 108672K, reserved 610304K
  class space    used 13745K, capacity 15115K, committed 15232K, reserved 516096K
}
Event: 38.272 GC heap after
{Heap after GC invocations=54 (full 0):
 garbage-first heap   total 227328K, used 136672K [0x0000000080000000, 0x0000000100000000)
  region size 1024K, 4 young (4096K), 4 survivors (4096K)
 Metaspace       used 104747K, capacity 108325K, committed 108672K, reserved 610304K
  class space    used 13745K, capacity 15115K, committed 15232K, reserved 516096K
}
Event: 38.810 GC heap before
{Heap before GC invocations=55 (full 0):
 garbage-first heap   total 227328K, used 173536K [0x0000000080000000, 0x0000000100000000)
  region size 1024K, 41 young (41984K), 4 survivors (4096K)
 Metaspace       used 104823K, capacity 108268K, committed 108672K, reserved 610304K
  class space    used 13730K, capacity 15079K, committed 15232K, reserved 516096K
}
Event: 38.817 GC heap after
{Heap after GC invocations=56 (full 0):
 garbage-first heap   total 227328K, used 139609K [0x0000000080000000, 0x0000000100000000)
  region size 1024K, 6 young (6144K), 6 survivors (6144K)
 Metaspace       used 104823K, capacity 108268K, committed 108672K, reserved 610304K
  class space    used 13730K, capacity 15079K, committed 15232K, reserved 516096K
}
Event: 39.240 GC heap before
{Heap before GC invocations=56 (full 0):
 garbage-first heap   total 227328K, used 177497K [0x0000000080000000, 0x0000000100000000)
  region size 1024K, 44 young (45056K), 6 survivors (6144K)
 Metaspace       used 105108K, capacity 108624K, committed 108928K, reserved 610304K
  class space    used 13776K, capacity 15112K, committed 15232K, reserved 516096K
}

Deoptimization events (10 events):
Event: 38.583 Thread 0x00000194ad4ba800 Uncommon trap: reason=bimorphic_or_optimized_type_check action=maybe_recompile pc=0x000001949c1504b4 method=org.gradle.api.internal.artifacts.transform.AttributeMatchingVariantSelector.doSelect(Lorg/gradle/api/internal/artifacts/ivyservice/resolveengine/a
Event: 38.593 Thread 0x00000194ad4ba800 Uncommon trap: reason=bimorphic_or_optimized_type_check action=maybe_recompile pc=0x000001949c1504b4 method=org.gradle.api.internal.artifacts.transform.AttributeMatchingVariantSelector.doSelect(Lorg/gradle/api/internal/artifacts/ivyservice/resolveengine/a
Event: 38.594 Thread 0x00000194ad4ba800 Uncommon trap: reason=bimorphic_or_optimized_type_check action=maybe_recompile pc=0x000001949c1504b4 method=org.gradle.api.internal.artifacts.transform.AttributeMatchingVariantSelector.doSelect(Lorg/gradle/api/internal/artifacts/ivyservice/resolveengine/a
Event: 38.603 Thread 0x00000194ad4ba800 Uncommon trap: reason=bimorphic_or_optimized_type_check action=maybe_recompile pc=0x000001949c1504b4 method=org.gradle.api.internal.artifacts.transform.AttributeMatchingVariantSelector.doSelect(Lorg/gradle/api/internal/artifacts/ivyservice/resolveengine/a
Event: 38.799 Thread 0x00000194ad4ba800 Uncommon trap: reason=unstable_if action=reinterpret pc=0x000001949c00b948 method=org.gradle.api.internal.artifacts.ivyservice.resolveengine.store.DefaultBinaryStore.write(Lorg/gradle/cache/internal/BinaryStore$WriteAction;)V @ 4 c2
Event: 38.805 Thread 0x00000194ad4ba800 Uncommon trap: reason=predicate action=maybe_recompile pc=0x000001949c12fdc8 method=org.gradle.internal.snapshot.impl.DefaultValueSnapshotter.processValue(Ljava/lang/Object;Lorg/gradle/internal/snapshot/impl/DefaultValueSnapshotter$ValueVisitor;)Ljava/lan
Event: 39.006 Thread 0x00000194ad4ba800 Uncommon trap: reason=unstable_if action=reinterpret pc=0x000001949c16e60c method=org.gradle.internal.component.model.ComponentAttributeMatcher$CachedQuery.select([ILjava/util/Collection;)Ljava/util/List; @ 2 c2
Event: 39.059 Thread 0x00000194ad4ba800 Uncommon trap: reason=predicate action=maybe_recompile pc=0x000001949c0e7980 method=com.google.common.collect.RegularImmutableMap.fromEntryArray(I[Ljava/util/Map$Entry;)Lcom/google/common/collect/ImmutableMap; @ 59 c2
Event: 39.059 Thread 0x00000194ad4ba800 Uncommon trap: reason=class_check action=maybe_recompile pc=0x000001949c1863dc method=org.gradle.internal.snapshot.impl.DefaultValueSnapshotter.processValue(Ljava/lang/Object;Lorg/gradle/internal/snapshot/impl/DefaultValueSnapshotter$ValueVisitor;)Ljava/l
Event: 39.229 Thread 0x00000194ad4ba800 Uncommon trap: reason=class_check action=maybe_recompile pc=0x000001949c1863dc method=org.gradle.internal.snapshot.impl.DefaultValueSnapshotter.processValue(Ljava/lang/Object;Lorg/gradle/internal/snapshot/impl/DefaultValueSnapshotter$ValueVisitor;)Ljava/l

Classes redefined (0 events):
No events

Internal exceptions (10 events):
Event: 36.827 Thread 0x00000194ad4a5000 Exception <a 'java/lang/NoSuchMethodError'{0x000000008b2acab0}: java.lang.invoke.DirectMethodHandle$Holder.invokeSpecialIFC(Ljava/lang/Object;Ljava/lang/Object;Ljava/lang/Object;)Ljava/lang/Object;> (0x000000008b2acab0) thrown at [./open/src/hotspot/share
Event: 36.827 Thread 0x00000194ad4a9800 Exception <a 'java/lang/NoSuchMethodError'{0x000000008b2a7508}: java.lang.invoke.DirectMethodHandle$Holder.invokeSpecialIFC(Ljava/lang/Object;Ljava/lang/Object;Ljava/lang/Object;)Ljava/lang/Object;> (0x000000008b2a7508) thrown at [./open/src/hotspot/share
Event: 36.827 Thread 0x00000194ad4aa800 Exception <a 'java/lang/NoSuchMethodError'{0x000000008b2adcc0}: java.lang.invoke.DirectMethodHandle$Holder.invokeSpecialIFC(Ljava/lang/Object;Ljava/lang/Object;Ljava/lang/Object;)Ljava/lang/Object;> (0x000000008b2adcc0) thrown at [./open/src/hotspot/share
Event: 37.664 Thread 0x00000194ad4ba800 Exception <a 'java/lang/NoSuchMethodError'{0x000000008a689f38}: static Lcom/android/build/api/variant/impl/ResValueKeyImpl;.<clinit>()V> (0x000000008a689f38) thrown at [./open/src/hotspot/share/prims/jni.cpp, line 1366]
Event: 37.665 Thread 0x00000194ad4ba800 Exception <a 'java/lang/NoSuchMethodError'{0x000000008a697438}: static Lcom/android/build/api/variant/ResValue;.<clinit>()V> (0x000000008a697438) thrown at [./open/src/hotspot/share/prims/jni.cpp, line 1366]
Event: 38.782 Thread 0x00000194ad4ba800 Exception <a 'java/lang/NoSuchMethodError'{0x000000008ba79d80}: static Lcom/android/build/gradle/internal/scope/InternalArtifactType;.<clinit>()V> (0x000000008ba79d80) thrown at [./open/src/hotspot/share/prims/jni.cpp, line 1366]
Event: 38.782 Thread 0x00000194ad4ba800 Exception <a 'java/lang/NoSuchMethodError'{0x000000008ba7b0f0}: static Lcom/android/build/gradle/internal/scope/InternalArtifactType;.<clinit>()V> (0x000000008ba7b0f0) thrown at [./open/src/hotspot/share/prims/jni.cpp, line 1366]
Event: 38.783 Thread 0x00000194ad4ba800 Exception <a 'java/lang/NoSuchMethodError'{0x000000008ba7fae8}: static Lcom/android/build/api/artifact/Artifact$Single;.<clinit>()V> (0x000000008ba7fae8) thrown at [./open/src/hotspot/share/prims/jni.cpp, line 1366]
Event: 38.785 Thread 0x00000194ad4ba800 Exception <a 'java/lang/NoSuchMethodError'{0x000000008ba96f18}: static Lcom/android/build/api/artifact/ArtifactKind;.<clinit>()V> (0x000000008ba96f18) thrown at [./open/src/hotspot/share/prims/jni.cpp, line 1366]
Event: 38.785 Thread 0x00000194ad4ba800 Exception <a 'java/lang/NoSuchMethodError'{0x000000008ba98188}: static Lcom/android/build/api/artifact/ArtifactKind;.<clinit>()V> (0x000000008ba98188) thrown at [./open/src/hotspot/share/prims/jni.cpp, line 1366]

Events (10 events):
Event: 39.214 Executing VM operation: RevokeBias
Event: 39.214 Executing VM operation: RevokeBias done
Event: 39.214 Executing VM operation: RevokeBias
Event: 39.215 Executing VM operation: RevokeBias done
Event: 39.228 loading class org/gradle/api/internal/file/FileCollectionInternal
Event: 39.228 loading class org/gradle/api/internal/file/FileCollectionInternal done
Event: 39.229 Thread 0x00000194ad4ba800 Uncommon trap: trap_request=0xffffffde fr.pc=0x000001949c1863dc relative=0x0000000000002b1c
Event: 39.229 Thread 0x00000194ad4ba800 DEOPT PACKING pc=0x000001949c1863dc sp=0x0000002842af8580
Event: 39.229 Thread 0x00000194ad4ba800 DEOPT UNPACKING pc=0x0000019493dd662f sp=0x0000002842af8578 mode 2
Event: 39.240 Executing VM operation: G1CollectForAllocation


Dynamic libraries:
0x00007ff76fcd0000 - 0x00007ff76fcdf000 	C:\Program Files\Java\jdk-11.0.14\bin\java.exe
0x00007ffe7d750000 - 0x00007ffe7d945000 	C:\WINDOWS\SYSTEM32\ntdll.dll
0x00007ffe7b7a0000 - 0x00007ffe7b85d000 	C:\WINDOWS\System32\KERNEL32.DLL
0x00007ffe7b430000 - 0x00007ffe7b6fd000 	C:\WINDOWS\System32\KERNELBASE.dll
0x00007ffe7aed0000 - 0x00007ffe7afd0000 	C:\WINDOWS\System32\ucrtbase.dll
0x00007ffe39300000 - 0x00007ffe39315000 	C:\Program Files\Java\jdk-11.0.14\bin\VCRUNTIME140.dll
0x00007ffe35f60000 - 0x00007ffe35f78000 	C:\Program Files\Java\jdk-11.0.14\bin\jli.dll
0x00007ffe7bca0000 - 0x00007ffe7bd4e000 	C:\WINDOWS\System32\ADVAPI32.dll
0x00007ffe7d610000 - 0x00007ffe7d6ae000 	C:\WINDOWS\System32\msvcrt.dll
0x00007ffe7d420000 - 0x00007ffe7d4bc000 	C:\WINDOWS\System32\sechost.dll
0x00007ffe7d4e0000 - 0x00007ffe7d605000 	C:\WINDOWS\System32\RPCRT4.dll
0x00007ffe605e0000 - 0x00007ffe6087a000 	C:\WINDOWS\WinSxS\amd64_microsoft.windows.common-controls_6595b64144ccf1df_6.0.19041.1110_none_60b5254171f9507e\COMCTL32.dll
0x00007ffe7d120000 - 0x00007ffe7d14a000 	C:\WINDOWS\System32\GDI32.dll
0x00007ffe7c220000 - 0x00007ffe7c3c0000 	C:\WINDOWS\System32\USER32.dll
0x00007ffe7b080000 - 0x00007ffe7b0a2000 	C:\WINDOWS\System32\win32u.dll
0x00007ffe7b240000 - 0x00007ffe7b34b000 	C:\WINDOWS\System32\gdi32full.dll
0x00007ffe7b700000 - 0x00007ffe7b79d000 	C:\WINDOWS\System32\msvcp_win.dll
0x00007ffe749e0000 - 0x00007ffe749ea000 	C:\WINDOWS\SYSTEM32\VERSION.dll
0x00007ffe7d0f0000 - 0x00007ffe7d120000 	C:\WINDOWS\System32\IMM32.DLL
0x00007ffe22750000 - 0x00007ffe227eb000 	C:\Program Files\Java\jdk-11.0.14\bin\msvcp140.dll
0x00007ffe21c30000 - 0x00007ffe22746000 	C:\Program Files\Java\jdk-11.0.14\bin\server\jvm.dll
0x00007ffe7d150000 - 0x00007ffe7d158000 	C:\WINDOWS\System32\PSAPI.DLL
0x00007ffe6fae0000 - 0x00007ffe6fb07000 	C:\WINDOWS\SYSTEM32\WINMM.dll
0x00007ffe661b0000 - 0x00007ffe661b9000 	C:\WINDOWS\SYSTEM32\WSOCK32.dll
0x00007ffe7c3c0000 - 0x00007ffe7c42b000 	C:\WINDOWS\System32\ws2_32.DLL
0x00007ffe78d40000 - 0x00007ffe78d52000 	C:\WINDOWS\SYSTEM32\kernel.appcore.dll
0x00007ffe5e5b0000 - 0x00007ffe5e5c0000 	C:\Program Files\Java\jdk-11.0.14\bin\verify.dll
0x00007ffe6e200000 - 0x00007ffe6e3e4000 	C:\WINDOWS\SYSTEM32\DBGHELP.DLL
0x00007ffe633a0000 - 0x00007ffe633cc000 	C:\WINDOWS\SYSTEM32\dbgcore.DLL
0x00007ffe7b350000 - 0x00007ffe7b3d2000 	C:\WINDOWS\System32\bcryptPrimitives.dll
0x00007ffe35650000 - 0x00007ffe35678000 	C:\Program Files\Java\jdk-11.0.14\bin\java.dll
0x00007ffe5c750000 - 0x00007ffe5c75a000 	C:\Program Files\Java\jdk-11.0.14\bin\jimage.dll
0x00007ffe21c10000 - 0x00007ffe21c26000 	C:\Program Files\Java\jdk-11.0.14\bin\zip.dll
0x00007ffe7c510000 - 0x00007ffe7cc54000 	C:\WINDOWS\System32\SHELL32.dll
0x00007ffe78f40000 - 0x00007ffe796d4000 	C:\WINDOWS\SYSTEM32\windows.storage.dll
0x00007ffe7b940000 - 0x00007ffe7bc94000 	C:\WINDOWS\System32\combase.dll
0x00007ffe7a830000 - 0x00007ffe7a85c000 	C:\WINDOWS\SYSTEM32\Wldp.dll
0x00007ffe7be30000 - 0x00007ffe7bedd000 	C:\WINDOWS\System32\SHCORE.dll
0x00007ffe7d210000 - 0x00007ffe7d265000 	C:\WINDOWS\System32\shlwapi.dll
0x00007ffe7ada0000 - 0x00007ffe7adbf000 	C:\WINDOWS\SYSTEM32\profapi.dll
0x00007ffe21bf0000 - 0x00007ffe21c09000 	C:\Program Files\Java\jdk-11.0.14\bin\net.dll
0x00007ffe70ce0000 - 0x00007ffe70dea000 	C:\WINDOWS\SYSTEM32\WINHTTP.dll
0x00007ffe7a5c0000 - 0x00007ffe7a62a000 	C:\WINDOWS\system32\mswsock.dll
0x00007ffe21bd0000 - 0x00007ffe21be2000 	C:\Program Files\Java\jdk-11.0.14\bin\nio.dll
0x00007ffe21ba0000 - 0x00007ffe21bc7000 	C:\Users\OLEG\.gradle\native\e1d6ef7f7dcc3fd88c89a11ec53ec762bb8ba0a96d01ffa2cd45eb1d1d8dd5c5\windows-amd64\native-platform.dll
0x00007ffe21a50000 - 0x00007ffe21b94000 	C:\Users\OLEG\.gradle\native\5664cfc778a61ccfe75a443a1ab52a65af34e5dc3c78e0209fed803814484fcb\windows-amd64\native-platform-file-events.dll
0x00007ffe5c480000 - 0x00007ffe5c489000 	C:\Program Files\Java\jdk-11.0.14\bin\management.dll
0x00007ffe58f40000 - 0x00007ffe58f4b000 	C:\Program Files\Java\jdk-11.0.14\bin\management_ext.dll
0x00007ffe7a7d0000 - 0x00007ffe7a7e8000 	C:\WINDOWS\SYSTEM32\CRYPTSP.dll
0x00007ffe79ef0000 - 0x00007ffe79f24000 	C:\WINDOWS\system32\rsaenh.dll
0x00007ffe7b210000 - 0x00007ffe7b237000 	C:\WINDOWS\System32\bcrypt.dll
0x00007ffe7ad60000 - 0x00007ffe7ad8e000 	C:\WINDOWS\SYSTEM32\USERENV.dll
0x00007ffe7a750000 - 0x00007ffe7a75c000 	C:\WINDOWS\SYSTEM32\CRYPTBASE.dll
0x00007ffe7a280000 - 0x00007ffe7a2bb000 	C:\WINDOWS\SYSTEM32\IPHLPAPI.DLL
0x00007ffe7be20000 - 0x00007ffe7be28000 	C:\WINDOWS\System32\NSI.dll
0x00007ffe74390000 - 0x00007ffe743a7000 	C:\WINDOWS\SYSTEM32\dhcpcsvc6.DLL
0x00007ffe749f0000 - 0x00007ffe74a0d000 	C:\WINDOWS\SYSTEM32\dhcpcsvc.DLL
0x00007ffe7a2d0000 - 0x00007ffe7a39b000 	C:\WINDOWS\SYSTEM32\DNSAPI.dll

dbghelp: loaded successfully - version: 4.0.5 - missing functions: none
symbol engine: initialized successfully - sym options: 0x614 - pdb path: .;C:\Program Files\Java\jdk-11.0.14\bin;C:\WINDOWS\SYSTEM32;C:\WINDOWS\WinSxS\amd64_microsoft.windows.common-controls_6595b64144ccf1df_6.0.19041.1110_none_60b5254171f9507e;C:\Program Files\Java\jdk-11.0.14\bin\server;C:\Users\OLEG\.gradle\native\e1d6ef7f7dcc3fd88c89a11ec53ec762bb8ba0a96d01ffa2cd45eb1d1d8dd5c5\windows-amd64;C:\Users\OLEG\.gradle\native\5664cfc778a61ccfe75a443a1ab52a65af34e5dc3c78e0209fed803814484fcb\windows-amd64

VM Arguments:
jvm_args: -XX:MaxMetaspaceSize=512m --add-opens=java.base/java.util=ALL-UNNAMED --add-opens=java.base/java.lang=ALL-UNNAMED --add-opens=java.base/java.lang.invoke=ALL-UNNAMED --add-opens=java.base/java.util=ALL-UNNAMED --add-opens=java.prefs/java.util.prefs=ALL-UNNAMED --add-opens=java.prefs/java.util.prefs=ALL-UNNAMED --add-opens=java.base/java.nio.charset=ALL-UNNAMED --add-opens=java.base/java.net=ALL-UNNAMED --add-opens=java.base/java.util.concurrent.atomic=ALL-UNNAMED -Xmx2048m -Dfile.encoding=windows-1252 -Duser.country=US -Duser.language=en -Duser.variant 
java_command: org.gradle.launcher.daemon.bootstrap.GradleDaemon 7.3.3
java_class_path (initial): C:\Users\OLEG\.gradle\wrapper\dists\gradle-7.3.3-all\4295vidhdd9hd3gbjyw1xqxpo\gradle-7.3.3\lib\gradle-launcher-7.3.3.jar
Launcher Type: SUN_STANDARD

[Global flags]
     intx CICompilerCount                          = 3                                         {product} {ergonomic}
   size_t CompressedClassSpaceSize                 = 528482304                                 {product} {ergonomic}
     uint ConcGCThreads                            = 1                                         {product} {ergonomic}
     uint G1ConcRefinementThreads                  = 4                                         {product} {ergonomic}
   size_t G1HeapRegionSize                         = 1048576                                   {product} {ergonomic}
    uintx GCDrainStackTargetSize                   = 64                                        {product} {ergonomic}
   size_t InitialHeapSize                          = 134217728                                 {product} {ergonomic}
   size_t MarkStackSize                            = 4194304                                   {product} {ergonomic}
   size_t MaxHeapSize                              = 2147483648                                {product} {command line}
   size_t MaxMetaspaceSize                         = 536870912                                 {product} {command line}
   size_t MaxNewSize                               = 1287651328                                {product} {ergonomic}
   size_t MinHeapDeltaBytes                        = 1048576                                   {product} {ergonomic}
    uintx NonNMethodCodeHeapSize                   = 5830732                                {pd product} {ergonomic}
    uintx NonProfiledCodeHeapSize                  = 122913754                              {pd product} {ergonomic}
    uintx ProfiledCodeHeapSize                     = 122913754                              {pd product} {ergonomic}
    uintx ReservedCodeCacheSize                    = 251658240                              {pd product} {ergonomic}
     bool SegmentedCodeCache                       = true                                      {product} {ergonomic}
     bool UseCompressedClassPointers               = true                                 {lp64_product} {ergonomic}
     bool UseCompressedOops                        = true                                 {lp64_product} {ergonomic}
     bool UseG1GC                                  = true                                      {product} {ergonomic}
     bool UseLargePagesIndividualAllocation        = false                                  {pd product} {ergonomic}

Logging:
Log output configuration:
 #0: stdout all=warning uptime,level,tags
 #1: stderr all=off uptime,level,tags

Environment Variables:
JAVA_HOME=C:\Program Files\Java\jdk-11.0.14
CLASSPATH=C:\Users\OLEG\Desktop\geekbrains\fullstack\rntodo\android\\gradle\wrapper\gradle-wrapper.jar
PATH=C:\Users\OLEG\Desktop\geekbrains\fullstack\rntodo\android\node_modules\.bin;C:\Users\OLEG\Desktop\geekbrains\fullstack\rntodo\node_modules\.bin;C:\Users\OLEG\Desktop\geekbrains\fullstack\node_modules\.bin;C:\Users\OLEG\Desktop\geekbrains\node_modules\.bin;C:\Users\OLEG\Desktop\node_modules\.bin;C:\Users\OLEG\node_modules\.bin;C:\Users\node_modules\.bin;C:\node_modules\.bin;C:\Program Files\nodejs;C:\Users\OLEG\Desktop\geekbrains\fullstack\rntodo\node_modules\.bin;C:\Users\OLEG\Desktop\geekbrains\fullstack\node_modules\.bin;C:\Users\OLEG\Desktop\geekbrains\node_modules\.bin;C:\Users\OLEG\Desktop\node_modules\.bin;C:\Users\OLEG\node_modules\.bin;C:\Users\node_modules\.bin;C:\node_modules\.bin;C:\Users\OLEG\AppData\Roaming\npm\node_modules\npm\node_modules\@npmcli\run-script\lib\node-gyp-bin;C:\Program Files\Common Files\Oracle\Java\javapath;C:\Program Files\AdoptOpenJDK\jdk-8.0.265.01-hotspot\bin;C:\Windows\system32;C:\Windows;C:\Windows\System32\Wbem;C:\Windows\System32\WindowsPowerShell\v1.0\;C:\Windows\System32\OpenSSH\;C:\Program Files (x86)\Wolfram Research\WolframScript\;d:\apps\lab tools\NAMD;d:\apps\lab tools\VMD;D:\apps\PuTTY\;C:\Program Files\Microsoft SQL Server\130\Tools\Binn\;C:\WINDOWS\system32;C:\WINDOWS;C:\WINDOWS\System32\Wbem;C:\WINDOWS\System32\WindowsPowerShell\v1.0\;C:\WINDOWS\System32\OpenSSH\;D:\apps\WinSCP\;C:\Program Files (x86)\NVIDIA Corporation\PhysX\Common;D:\apps\lab tools\PyMOL\path;C:\WINDOWS\system32;C:\WINDOWS;C:\WINDOWS\System32\Wbem;C:\WINDOWS\System32\WindowsPowerShell\v1.0\;C:\WINDOWS\System32\OpenSSH\;C:\Program Files\Git\cmd;C:\Users\OLEG\AppData\Roaming\Python\Python39\Scripts;C:\Program Files\nodejs\;C:\Program Files\Microsoft\jdk-11.0.12.7-hotspot\bin;C:\Program Files\AdoptOpenJDK\jdk-8.0.265.01-hotspot\bin;C:\Windows\system32;C:\Windows;C:\Windows\System32\Wbem;C:\Windows\System32\WindowsPowerShell\v1.0\;C:\Windows\System32\OpenSSH\;C:\Program Files (x86)\Wolfram Research\WolframScript\;d:\apps\lab tools\NAMD;d:\apps\lab t
USERNAME=OLEG
OS=Windows_NT
PROCESSOR_IDENTIFIER=Intel64 Family 6 Model 158 Stepping 9, GenuineIntel



---------------  S Y S T E M  ---------------

OS: Windows 10 , 64 bit Build 19041 (10.0.19041.1706)
Hyper-V role detected

CPU:total 4 (initial active 4) (4 cores per cpu, 1 threads per core) family 6 model 158 stepping 9 microcode 0xb4, cmov, cx8, fxsr, mmx, sse, sse2, sse3, ssse3, sse4.1, sse4.2, popcnt, avx, avx2, aes, clmul, erms, 3dnowpref, lzcnt, tsc, tscinvbit, bmi1, bmi2, adx, fma

Memory: 4k page, system-wide physical 8159M (1437M free)
TotalPageFile size 8159M (AvailPageFile size 24M)
current process WorkingSet (physical memory assigned to process): 516M, peak: 520M
current process commit charge ("private bytes"): 561M, peak: 606M

vm_info: Java HotSpot(TM) 64-Bit Server VM (11.0.14+8-LTS-263) for windows-amd64 JRE (11.0.14+8-LTS-263), built on Dec  7 2021 21:53:57 by "mach5one" with MS VC++ 15.9 (VS2017)

END.
