#
# There is insufficient memory for the Java Runtime Environment to continue.
# Native memory allocation (malloc) failed to allocate 32744 bytes for ChunkPool::allocate
# Possible reasons:
#   The system is out of physical RAM or swap space
#   The process is running with CompressedOops enabled, and the Java Heap may be blocking the growth of the native heap
# Possible solutions:
#   Reduce memory load on the system
#   Increase physical memory or swap space
#   Check if swap backing store is full
#   Decrease Java heap size (-Xmx/-Xms)
#   Decrease number of Java threads
#   Decrease Java thread stack sizes (-Xss)
#   Set larger code cache with -XX:ReservedCodeCacheSize=
#   JVM is running with Unscaled Compressed Oops mode in which the Java heap is
#     placed in the first 4GB address space. The Java Heap base address is the
#     maximum limit for the native heap growth. Please use -XX:HeapBaseMinAddress
#     to set the Java Heap base and to place the Java Heap above 4GB virtual address.
# This output file may be truncated or incomplete.
#
#  Out of Memory Error (./open/src/hotspot/share/memory/arena.cpp:81), pid=5568, tid=3844
#
# JRE version: Java(TM) SE Runtime Environment 18.9 (11.0.14+8) (build 11.0.14+8-LTS-263)
# Java VM: Java HotSpot(TM) 64-Bit Server VM 18.9 (11.0.14+8-LTS-263, mixed mode, tiered, compressed oops, g1 gc, windows-amd64)
# No core dump will be written. Minidumps are not enabled by default on client versions of Windows
#

---------------  S U M M A R Y ------------

Command Line: -Xmx64m -Xms64m -Dorg.gradle.appname=gradlew org.gradle.wrapper.GradleWrapperMain app:installDebug -PreactNativeDevServerPort=8081

Host: Intel(R) Core(TM) i5-7400 CPU @ 3.00GHz, 4 cores, 7G,  Windows 10 , 64 bit Build 19041 (10.0.19041.1706)
Time: Tue Jun 14 12:18:26 2022 Russia TZ 2 Standard Time elapsed time: 0.154929 seconds (0d 0h 0m 0s)

---------------  T H R E A D  ---------------

Current thread (0x000002771e5b5800):  JavaThread "C2 CompilerThread0" daemon [_thread_in_native, id=3844, stack(0x000000f782400000,0x000000f782500000)]


Current CompileTask:
C2:    154  207       4       java.util.regex.Pattern::isSupplementary (20 bytes)

Stack: [0x000000f782400000,0x000000f782500000]
Native frames: (J=compiled Java code, j=interpreted, Vv=VM code, C=native code)
V  [jvm.dll+0x6296da]
V  [jvm.dll+0x76323f]
V  [jvm.dll+0x7648e9]
V  [jvm.dll+0x764f73]
V  [jvm.dll+0x23d7c8]
V  [jvm.dll+0xb2bdb]
V  [jvm.dll+0xb2f3c]
V  [jvm.dll+0x652df7]
V  [jvm.dll+0x6538bb]
V  [jvm.dll+0x1f6d99]
V  [jvm.dll+0x177b21]
V  [jvm.dll+0x206e26]
V  [jvm.dll+0x204fbb]
V  [jvm.dll+0x729170]
V  [jvm.dll+0x721d44]
V  [jvm.dll+0x6285d6]
C  [ucrtbase.dll+0x21bb2]
C  [KERNEL32.DLL+0x17034]
C  [ntdll.dll+0x52651]


---------------  P R O C E S S  ---------------

Threads class SMR info:
_java_thread_list=0x000002771e933710, length=10, elements={
0x000002771e52c800, 0x000002771e556000, 0x000002771e5ae800, 0x000002771e5b1000,
0x000002771e5b2000, 0x000002771e5b5800, 0x000002771e5b9800, 0x000002771e5be000,
0x000002771e836000, 0x000002771e833800
}

Java Threads: ( => current thread )
  0x000002771e52c800 JavaThread "Reference Handler" daemon [_thread_blocked, id=7296, stack(0x000000f781f00000,0x000000f782000000)]
  0x000002771e556000 JavaThread "Finalizer" daemon [_thread_blocked, id=6232, stack(0x000000f782000000,0x000000f782100000)]
  0x000002771e5ae800 JavaThread "Signal Dispatcher" daemon [_thread_blocked, id=11088, stack(0x000000f782100000,0x000000f782200000)]
  0x000002771e5b1000 JavaThread "Attach Listener" daemon [_thread_blocked, id=3796, stack(0x000000f782200000,0x000000f782300000)]
  0x000002771e5b2000 JavaThread "Service Thread" daemon [_thread_blocked, id=8292, stack(0x000000f782300000,0x000000f782400000)]
=>0x000002771e5b5800 JavaThread "C2 CompilerThread0" daemon [_thread_in_native, id=3844, stack(0x000000f782400000,0x000000f782500000)]
  0x000002771e5b9800 JavaThread "C1 CompilerThread0" daemon [_thread_blocked, id=9172, stack(0x000000f782500000,0x000000f782600000)]
  0x000002771e5be000 JavaThread "Sweeper thread" daemon [_thread_blocked, id=10544, stack(0x000000f782600000,0x000000f782700000)]
  0x000002771e836000 JavaThread "Common-Cleaner" daemon [_thread_blocked, id=6916, stack(0x000000f782800000,0x000000f782900000)]
  0x000002771e833800 JavaThread "DestroyJavaVM" [_thread_blocked, id=10520, stack(0x000000f781800000,0x000000f781900000)]

Other Threads:
  0x000002771e528000 VMThread "VM Thread" [stack: 0x000000f781e00000,0x000000f781f00000] [id=5620]
  0x000002771e845000 WatcherThread [stack: 0x000000f782700000,0x000000f782800000] [id=5396]
  0x0000027705043800 GCTaskThread "GC Thread#0" [stack: 0x000000f781900000,0x000000f781a00000] [id=8612]
  0x000002771e85f800 GCTaskThread "GC Thread#1" [stack: 0x000000f782900000,0x000000f782a00000] [id=3400]
  0x000002770504c800 ConcurrentGCThread "G1 Main Marker" [stack: 0x000000f781a00000,0x000000f781b00000] [id=1376]
  0x000002770504d800 ConcurrentGCThread "G1 Conc#0" [stack: 0x000000f781b00000,0x000000f781c00000] [id=10772]
  0x00000277050a1800 ConcurrentGCThread "G1 Refine#0" [stack: 0x000000f781c00000,0x000000f781d00000] [id=5768]
  0x00000277050a2800 ConcurrentGCThread "G1 Young RemSet Sampling" [stack: 0x000000f781d00000,0x000000f781e00000] [id=1040]

Threads with active compile tasks:
C2 CompilerThread0    186  207       4       java.util.regex.Pattern::isSupplementary (20 bytes)

VM state:not at safepoint (normal execution)

VM Mutex/Monitor currently owned by a thread: None

OutOfMemory and StackOverflow Exception counts:
OutOfMemoryError java_heap_errors=2

Heap address: 0x00000000fc000000, size: 64 MB, Compressed Oops mode: 32-bit
Narrow klass base: 0x0000000000000000, Narrow klass shift: 3
Compressed class space size: 1073741824 Address: 0x0000000100000000

Heap:
 garbage-first heap   total 65536K, used 1904K [0x00000000fc000000, 0x0000000100000000)
  region size 1024K, 3 young (3072K), 1 survivors (1024K)
 Metaspace       used 6560K, capacity 6662K, committed 6784K, reserved 1069056K
  class space    used 576K, capacity 600K, committed 640K, reserved 1048576K
Heap Regions: E=young(eden), S=young(survivor), O=old, HS=humongous(starts), HC=humongous(continues), CS=collection set, F=free, A=archive, TAMS=top-at-mark-start (previous, next)
|   0|0x00000000fc000000, 0x00000000fc000000, 0x00000000fc100000|  0%| F|  |TAMS 0x00000000fc000000, 0x00000000fc000000| Untracked 
|   1|0x00000000fc100000, 0x00000000fc100000, 0x00000000fc200000|  0%| F|  |TAMS 0x00000000fc100000, 0x00000000fc100000| Untracked 
|   2|0x00000000fc200000, 0x00000000fc200000, 0x00000000fc300000|  0%| F|  |TAMS 0x00000000fc200000, 0x00000000fc200000| Untracked 
|   3|0x00000000fc300000, 0x00000000fc300000, 0x00000000fc400000|  0%| F|  |TAMS 0x00000000fc300000, 0x00000000fc300000| Untracked 
|   4|0x00000000fc400000, 0x00000000fc400000, 0x00000000fc500000|  0%| F|  |TAMS 0x00000000fc400000, 0x00000000fc400000| Untracked 
|   5|0x00000000fc500000, 0x00000000fc500000, 0x00000000fc600000|  0%| F|  |TAMS 0x00000000fc500000, 0x00000000fc500000| Untracked 
|   6|0x00000000fc600000, 0x00000000fc600000, 0x00000000fc700000|  0%| F|  |TAMS 0x00000000fc600000, 0x00000000fc600000| Untracked 
|   7|0x00000000fc700000, 0x00000000fc700000, 0x00000000fc800000|  0%| F|  |TAMS 0x00000000fc700000, 0x00000000fc700000| Untracked 
|   8|0x00000000fc800000, 0x00000000fc800000, 0x00000000fc900000|  0%| F|  |TAMS 0x00000000fc800000, 0x00000000fc800000| Untracked 
|   9|0x00000000fc900000, 0x00000000fc900000, 0x00000000fca00000|  0%| F|  |TAMS 0x00000000fc900000, 0x00000000fc900000| Untracked 
|  10|0x00000000fca00000, 0x00000000fca00000, 0x00000000fcb00000|  0%| F|  |TAMS 0x00000000fca00000, 0x00000000fca00000| Untracked 
|  11|0x00000000fcb00000, 0x00000000fcb00000, 0x00000000fcc00000|  0%| F|  |TAMS 0x00000000fcb00000, 0x00000000fcb00000| Untracked 
|  12|0x00000000fcc00000, 0x00000000fcc00000, 0x00000000fcd00000|  0%| F|  |TAMS 0x00000000fcc00000, 0x00000000fcc00000| Untracked 
|  13|0x00000000fcd00000, 0x00000000fcd00000, 0x00000000fce00000|  0%| F|  |TAMS 0x00000000fcd00000, 0x00000000fcd00000| Untracked 
|  14|0x00000000fce00000, 0x00000000fce00000, 0x00000000fcf00000|  0%| F|  |TAMS 0x00000000fce00000, 0x00000000fce00000| Untracked 
|  15|0x00000000fcf00000, 0x00000000fcf00000, 0x00000000fd000000|  0%| F|  |TAMS 0x00000000fcf00000, 0x00000000fcf00000| Untracked 
|  16|0x00000000fd000000, 0x00000000fd000000, 0x00000000fd100000|  0%| F|  |TAMS 0x00000000fd000000, 0x00000000fd000000| Untracked 
|  17|0x00000000fd100000, 0x00000000fd100000, 0x00000000fd200000|  0%| F|  |TAMS 0x00000000fd100000, 0x00000000fd100000| Untracked 
|  18|0x00000000fd200000, 0x00000000fd200000, 0x00000000fd300000|  0%| F|  |TAMS 0x00000000fd200000, 0x00000000fd200000| Untracked 
|  19|0x00000000fd300000, 0x00000000fd300000, 0x00000000fd400000|  0%| F|  |TAMS 0x00000000fd300000, 0x00000000fd300000| Untracked 
|  20|0x00000000fd400000, 0x00000000fd400000, 0x00000000fd500000|  0%| F|  |TAMS 0x00000000fd400000, 0x00000000fd400000| Untracked 
|  21|0x00000000fd500000, 0x00000000fd500000, 0x00000000fd600000|  0%| F|  |TAMS 0x00000000fd500000, 0x00000000fd500000| Untracked 
|  22|0x00000000fd600000, 0x00000000fd600000, 0x00000000fd700000|  0%| F|  |TAMS 0x00000000fd600000, 0x00000000fd600000| Untracked 
|  23|0x00000000fd700000, 0x00000000fd700000, 0x00000000fd800000|  0%| F|  |TAMS 0x00000000fd700000, 0x00000000fd700000| Untracked 
|  24|0x00000000fd800000, 0x00000000fd800000, 0x00000000fd900000|  0%| F|  |TAMS 0x00000000fd800000, 0x00000000fd800000| Untracked 
|  25|0x00000000fd900000, 0x00000000fd900000, 0x00000000fda00000|  0%| F|  |TAMS 0x00000000fd900000, 0x00000000fd900000| Untracked 
|  26|0x00000000fda00000, 0x00000000fda00000, 0x00000000fdb00000|  0%| F|  |TAMS 0x00000000fda00000, 0x00000000fda00000| Untracked 
|  27|0x00000000fdb00000, 0x00000000fdb00000, 0x00000000fdc00000|  0%| F|  |TAMS 0x00000000fdb00000, 0x00000000fdb00000| Untracked 
|  28|0x00000000fdc00000, 0x00000000fdc00000, 0x00000000fdd00000|  0%| F|  |TAMS 0x00000000fdc00000, 0x00000000fdc00000| Untracked 
|  29|0x00000000fdd00000, 0x00000000fdd00000, 0x00000000fde00000|  0%| F|  |TAMS 0x00000000fdd00000, 0x00000000fdd00000| Untracked 
|  30|0x00000000fde00000, 0x00000000fde00000, 0x00000000fdf00000|  0%| F|  |TAMS 0x00000000fde00000, 0x00000000fde00000| Untracked 
|  31|0x00000000fdf00000, 0x00000000fdf00000, 0x00000000fe000000|  0%| F|  |TAMS 0x00000000fdf00000, 0x00000000fdf00000| Untracked 
|  32|0x00000000fe000000, 0x00000000fe000000, 0x00000000fe100000|  0%| F|  |TAMS 0x00000000fe000000, 0x00000000fe000000| Untracked 
|  33|0x00000000fe100000, 0x00000000fe100000, 0x00000000fe200000|  0%| F|  |TAMS 0x00000000fe100000, 0x00000000fe100000| Untracked 
|  34|0x00000000fe200000, 0x00000000fe200000, 0x00000000fe300000|  0%| F|  |TAMS 0x00000000fe200000, 0x00000000fe200000| Untracked 
|  35|0x00000000fe300000, 0x00000000fe300000, 0x00000000fe400000|  0%| F|  |TAMS 0x00000000fe300000, 0x00000000fe300000| Untracked 
|  36|0x00000000fe400000, 0x00000000fe400000, 0x00000000fe500000|  0%| F|  |TAMS 0x00000000fe400000, 0x00000000fe400000| Untracked 
|  37|0x00000000fe500000, 0x00000000fe500000, 0x00000000fe600000|  0%| F|  |TAMS 0x00000000fe500000, 0x00000000fe500000| Untracked 
|  38|0x00000000fe600000, 0x00000000fe600000, 0x00000000fe700000|  0%| F|  |TAMS 0x00000000fe600000, 0x00000000fe600000| Untracked 
|  39|0x00000000fe700000, 0x00000000fe700000, 0x00000000fe800000|  0%| F|  |TAMS 0x00000000fe700000, 0x00000000fe700000| Untracked 
|  40|0x00000000fe800000, 0x00000000fe800000, 0x00000000fe900000|  0%| F|  |TAMS 0x00000000fe800000, 0x00000000fe800000| Untracked 
|  41|0x00000000fe900000, 0x00000000fe900000, 0x00000000fea00000|  0%| F|  |TAMS 0x00000000fe900000, 0x00000000fe900000| Untracked 
|  42|0x00000000fea00000, 0x00000000fea00000, 0x00000000feb00000|  0%| F|  |TAMS 0x00000000fea00000, 0x00000000fea00000| Untracked 
|  43|0x00000000feb00000, 0x00000000feb00000, 0x00000000fec00000|  0%| F|  |TAMS 0x00000000feb00000, 0x00000000feb00000| Untracked 
|  44|0x00000000fec00000, 0x00000000fec00000, 0x00000000fed00000|  0%| F|  |TAMS 0x00000000fec00000, 0x00000000fec00000| Untracked 
|  45|0x00000000fed00000, 0x00000000fed00000, 0x00000000fee00000|  0%| F|  |TAMS 0x00000000fed00000, 0x00000000fed00000| Untracked 
|  46|0x00000000fee00000, 0x00000000fee00000, 0x00000000fef00000|  0%| F|  |TAMS 0x00000000fee00000, 0x00000000fee00000| Untracked 
|  47|0x00000000fef00000, 0x00000000fef00000, 0x00000000ff000000|  0%| F|  |TAMS 0x00000000fef00000, 0x00000000fef00000| Untracked 
|  48|0x00000000ff000000, 0x00000000ff000000, 0x00000000ff100000|  0%| F|  |TAMS 0x00000000ff000000, 0x00000000ff000000| Untracked 
|  49|0x00000000ff100000, 0x00000000ff100000, 0x00000000ff200000|  0%| F|  |TAMS 0x00000000ff100000, 0x00000000ff100000| Untracked 
|  50|0x00000000ff200000, 0x00000000ff200000, 0x00000000ff300000|  0%| F|  |TAMS 0x00000000ff200000, 0x00000000ff200000| Untracked 
|  51|0x00000000ff300000, 0x00000000ff300000, 0x00000000ff400000|  0%| F|  |TAMS 0x00000000ff300000, 0x00000000ff300000| Untracked 
|  52|0x00000000ff400000, 0x00000000ff400000, 0x00000000ff500000|  0%| F|  |TAMS 0x00000000ff400000, 0x00000000ff400000| Untracked 
|  53|0x00000000ff500000, 0x00000000ff500000, 0x00000000ff600000|  0%| F|  |TAMS 0x00000000ff500000, 0x00000000ff500000| Untracked 
|  54|0x00000000ff600000, 0x00000000ff600000, 0x00000000ff700000|  0%| F|  |TAMS 0x00000000ff600000, 0x00000000ff600000| Untracked 
|  55|0x00000000ff700000, 0x00000000ff700000, 0x00000000ff800000|  0%| F|  |TAMS 0x00000000ff700000, 0x00000000ff700000| Untracked 
|  56|0x00000000ff800000, 0x00000000ff800000, 0x00000000ff900000|  0%| F|  |TAMS 0x00000000ff800000, 0x00000000ff800000| Untracked 
|  57|0x00000000ff900000, 0x00000000ff900000, 0x00000000ffa00000|  0%| F|  |TAMS 0x00000000ff900000, 0x00000000ff900000| Untracked 
|  58|0x00000000ffa00000, 0x00000000ffa00000, 0x00000000ffb00000|  0%| F|  |TAMS 0x00000000ffa00000, 0x00000000ffa00000| Untracked 
|  59|0x00000000ffb00000, 0x00000000ffb00000, 0x00000000ffc00000|  0%| F|  |TAMS 0x00000000ffb00000, 0x00000000ffb00000| Untracked 
|  60|0x00000000ffc00000, 0x00000000ffcdc2d0, 0x00000000ffd00000| 86%| S|CS|TAMS 0x00000000ffc00000, 0x00000000ffc00000| Complete 
|  61|0x00000000ffd00000, 0x00000000ffd00000, 0x00000000ffe00000|  0%| F|  |TAMS 0x00000000ffd00000, 0x00000000ffd00000| Untracked 
|  62|0x00000000ffe00000, 0x00000000ffe00800, 0x00000000fff00000|  0%| E|  |TAMS 0x00000000ffe00000, 0x00000000ffe00000| Complete 
|  63|0x00000000fff00000, 0x0000000100000000, 0x0000000100000000|100%| E|CS|TAMS 0x00000000fff00000, 0x00000000fff00000| Complete 

Card table byte_map: [0x0000027702ff0000,0x0000027703010000] _byte_map_base: 0x0000027702810000

Marking Bits (Prev, Next): (CMBitMap*) 0x000002770504b370, (CMBitMap*) 0x000002770504b338
 Prev Bits: [0x000002771b6b0000, 0x000002771b7b0000)
 Next Bits: [0x0000027704e30000, 0x0000027704f30000)

Polling page: 0x0000027702fa0000

Metaspace:

Usage:
  Non-class:      5.92 MB capacity,     5.84 MB ( 99%) used,    74.86 KB (  1%) free+waste,     3.31 KB ( <1%) overhead. 
      Class:    600.00 KB capacity,   576.58 KB ( 96%) used,    21.98 KB (  4%) free+waste,     1.44 KB ( <1%) overhead. 
       Both:      6.51 MB capacity,     6.41 MB ( 98%) used,    96.84 KB (  1%) free+waste,     4.75 KB ( <1%) overhead. 

Virtual space:
  Non-class space:       20.00 MB reserved,       6.00 MB ( 30%) committed 
      Class space:        1.00 GB reserved,     640.00 KB ( <1%) committed 
             Both:        1.02 GB reserved,       6.63 MB ( <1%) committed 

Chunk freelists:
   Non-Class:  2.25 KB
       Class:  1.00 KB
        Both:  3.25 KB

CodeHeap 'non-profiled nmethods': size=120064Kb used=50Kb max_used=50Kb free=120014Kb
 bounds [0x0000027714170000, 0x00000277143e0000, 0x000002771b6b0000]
CodeHeap 'profiled nmethods': size=120000Kb used=332Kb max_used=332Kb free=119667Kb
 bounds [0x000002770cc40000, 0x000002770ceb0000, 0x0000027714170000]
CodeHeap 'non-nmethods': size=5696Kb used=1059Kb max_used=1070Kb free=4636Kb
 bounds [0x000002770c6b0000, 0x000002770c920000, 0x000002770cc40000]
 total_blobs=577 nmethods=225 adapters=264
 compilation: enabled
              stopped_count=0, restarted_count=0
 full_count=0

Compilation events (10 events):
Event: 0.148 Thread 0x000002771e5b9800 nmethod 200 0x000002770cc7d990 code [0x000002770cc7dbe0, 0x000002770cc7e948]
Event: 0.148 Thread 0x000002771e5b9800  201       3       java.util.regex.Matcher::reset (128 bytes)
Event: 0.148 Thread 0x000002771e5b9800 nmethod 201 0x000002770cc7ed10 code [0x000002770cc7ef00, 0x000002770cc7f498]
Event: 0.148 Thread 0x000002771e5b9800  202       3       java.util.regex.Matcher::match (154 bytes)
Event: 0.148 Thread 0x000002771e5b5800 nmethod 204 0x000002771417b710 code [0x000002771417b880, 0x000002771417b918]
Event: 0.148 Thread 0x000002771e5b9800 nmethod 202 0x000002770cc7f690 code [0x000002770cc7f880, 0x000002770cc7fdf8]
Event: 0.148 Thread 0x000002771e5b9800  203       3       java.util.regex.Pattern::closure (365 bytes)
Event: 0.150 Thread 0x000002771e5b5800  207       4       java.util.regex.Pattern::isSupplementary (20 bytes)
Event: 0.150 Thread 0x000002771e5b9800 nmethod 203 0x000002770cc80010 code [0x000002770cc80500, 0x000002770cc82b08]
Event: 0.150 Thread 0x000002771e5b9800  208       3       java.util.regex.Pattern::compile (498 bytes)

GC Heap History (0 events):
No events

Deoptimization events (1 events):
Event: 0.072 Thread 0x000002770502f000 Uncommon trap: reason=unstable_if action=reinterpret pc=0x0000027714174310 method=java.lang.String.hashCode()I @ 14 c2

Classes redefined (0 events):
No events

Internal exceptions (0 events):
No events

Events (10 events):
Event: 0.142 loading class sun/nio/ch/FileLockTable$FileLockReference
Event: 0.142 loading class sun/nio/ch/FileLockTable$FileLockReference done
Event: 0.144 loading class org/gradle/wrapper/BootstrapMainStarter$1
Event: 0.144 loading class org/gradle/wrapper/BootstrapMainStarter$1 done
Event: 0.147 loading class org/gradle/wrapper/Install$InstallCheck
Event: 0.147 loading class org/gradle/wrapper/Install$InstallCheck done
Event: 0.148 loading class java/lang/invoke/VarHandle$AccessDescriptor
Event: 0.148 loading class java/lang/invoke/VarHandle$AccessDescriptor done
Event: 0.148 loading class java/io/RandomAccessFile$1
Event: 0.148 loading class java/io/RandomAccessFile$1 done


Dynamic libraries:
0x00007ff746900000 - 0x00007ff74690f000 	C:\Program Files\Java\jdk-11.0.14\bin\java.exe
0x00007ffc95e10000 - 0x00007ffc96005000 	C:\WINDOWS\SYSTEM32\ntdll.dll
0x00007ffc953a0000 - 0x00007ffc9545d000 	C:\WINDOWS\System32\KERNEL32.DLL
0x00007ffc93550000 - 0x00007ffc9381d000 	C:\WINDOWS\System32\KERNELBASE.dll
0x00007ffc93ba0000 - 0x00007ffc93ca0000 	C:\WINDOWS\System32\ucrtbase.dll
0x00007ffc7d1b0000 - 0x00007ffc7d1c5000 	C:\Program Files\Java\jdk-11.0.14\bin\VCRUNTIME140.dll
0x00007ffc8ec90000 - 0x00007ffc8eca8000 	C:\Program Files\Java\jdk-11.0.14\bin\jli.dll
0x00007ffc95250000 - 0x00007ffc952fe000 	C:\WINDOWS\System32\ADVAPI32.dll
0x00007ffc95300000 - 0x00007ffc9539e000 	C:\WINDOWS\System32\msvcrt.dll
0x00007ffc944c0000 - 0x00007ffc9455c000 	C:\WINDOWS\System32\sechost.dll
0x00007ffc95460000 - 0x00007ffc95585000 	C:\WINDOWS\System32\RPCRT4.dll
0x00007ffc94e80000 - 0x00007ffc95020000 	C:\WINDOWS\System32\USER32.dll
0x00007ffc7cc90000 - 0x00007ffc7cf2a000 	C:\WINDOWS\WinSxS\amd64_microsoft.windows.common-controls_6595b64144ccf1df_6.0.19041.1110_none_60b5254171f9507e\COMCTL32.dll
0x00007ffc93520000 - 0x00007ffc93542000 	C:\WINDOWS\System32\win32u.dll
0x00007ffc94de0000 - 0x00007ffc94e0a000 	C:\WINDOWS\System32\GDI32.dll
0x00007ffc93d50000 - 0x00007ffc93e5b000 	C:\WINDOWS\System32\gdi32full.dll
0x00007ffc93b00000 - 0x00007ffc93b9d000 	C:\WINDOWS\System32\msvcp_win.dll
0x00007ffc8d760000 - 0x00007ffc8d76a000 	C:\WINDOWS\SYSTEM32\VERSION.dll
0x00007ffc948d0000 - 0x00007ffc94900000 	C:\WINDOWS\System32\IMM32.DLL
0x00007ffc7c560000 - 0x00007ffc7c5fb000 	C:\Program Files\Java\jdk-11.0.14\bin\msvcp140.dll
0x00007ffc66b20000 - 0x00007ffc67636000 	C:\Program Files\Java\jdk-11.0.14\bin\server\jvm.dll
0x00007ffc94e10000 - 0x00007ffc94e18000 	C:\WINDOWS\System32\PSAPI.DLL
0x00007ffc7c460000 - 0x00007ffc7c469000 	C:\WINDOWS\SYSTEM32\WSOCK32.dll
0x00007ffc88100000 - 0x00007ffc88127000 	C:\WINDOWS\SYSTEM32\WINMM.dll
0x00007ffc95020000 - 0x00007ffc9508b000 	C:\WINDOWS\System32\WS2_32.dll
0x00007ffc91400000 - 0x00007ffc91412000 	C:\WINDOWS\SYSTEM32\kernel.appcore.dll
0x00007ffc7d1a0000 - 0x00007ffc7d1b0000 	C:\Program Files\Java\jdk-11.0.14\bin\verify.dll
0x00007ffc88580000 - 0x00007ffc88764000 	C:\WINDOWS\SYSTEM32\DBGHELP.DLL
0x00007ffc7c320000 - 0x00007ffc7c34c000 	C:\WINDOWS\SYSTEM32\dbgcore.DLL
0x00007ffc93820000 - 0x00007ffc938a2000 	C:\WINDOWS\System32\bcryptPrimitives.dll
0x00007ffc79660000 - 0x00007ffc79688000 	C:\Program Files\Java\jdk-11.0.14\bin\java.dll
0x00007ffc7c780000 - 0x00007ffc7c78a000 	C:\Program Files\Java\jdk-11.0.14\bin\jimage.dll
0x00007ffc7c540000 - 0x00007ffc7c556000 	C:\Program Files\Java\jdk-11.0.14\bin\zip.dll
0x00007ffc95680000 - 0x00007ffc95dc4000 	C:\WINDOWS\System32\SHELL32.dll
0x00007ffc91600000 - 0x00007ffc91d94000 	C:\WINDOWS\SYSTEM32\windows.storage.dll
0x00007ffc94560000 - 0x00007ffc948b4000 	C:\WINDOWS\System32\combase.dll
0x00007ffc92ef0000 - 0x00007ffc92f1c000 	C:\WINDOWS\SYSTEM32\Wldp.dll
0x00007ffc94140000 - 0x00007ffc941ed000 	C:\WINDOWS\System32\SHCORE.dll
0x00007ffc941f0000 - 0x00007ffc94245000 	C:\WINDOWS\System32\shlwapi.dll
0x00007ffc93460000 - 0x00007ffc9347f000 	C:\WINDOWS\SYSTEM32\profapi.dll
0x00007ffc79640000 - 0x00007ffc79659000 	C:\Program Files\Java\jdk-11.0.14\bin\net.dll
0x00007ffc89990000 - 0x00007ffc89a9a000 	C:\WINDOWS\SYSTEM32\WINHTTP.dll
0x00007ffc92c80000 - 0x00007ffc92cea000 	C:\WINDOWS\system32\mswsock.dll
0x00007ffc79620000 - 0x00007ffc79632000 	C:\Program Files\Java\jdk-11.0.14\bin\nio.dll

dbghelp: loaded successfully - version: 4.0.5 - missing functions: none
symbol engine: initialized successfully - sym options: 0x614 - pdb path: .;C:\Program Files\Java\jdk-11.0.14\bin;C:\WINDOWS\SYSTEM32;C:\WINDOWS\WinSxS\amd64_microsoft.windows.common-controls_6595b64144ccf1df_6.0.19041.1110_none_60b5254171f9507e;C:\Program Files\Java\jdk-11.0.14\bin\server

VM Arguments:
jvm_args: -Xmx64m -Xms64m -Dorg.gradle.appname=gradlew 
java_command: org.gradle.wrapper.GradleWrapperMain app:installDebug -PreactNativeDevServerPort=8081
java_class_path (initial): C:\Users\OLEG\Desktop\geekbrains\fullstack\rntodo\android\\gradle\wrapper\gradle-wrapper.jar
Launcher Type: SUN_STANDARD

[Global flags]
     intx CICompilerCount                          = 3                                         {product} {ergonomic}
     uint ConcGCThreads                            = 1                                         {product} {ergonomic}
     uint G1ConcRefinementThreads                  = 4                                         {product} {ergonomic}
   size_t G1HeapRegionSize                         = 1048576                                   {product} {ergonomic}
    uintx GCDrainStackTargetSize                   = 64                                        {product} {ergonomic}
   size_t InitialHeapSize                          = 67108864                                  {product} {command line}
   size_t MarkStackSize                            = 4194304                                   {product} {ergonomic}
   size_t MaxHeapSize                              = 67108864                                  {product} {command line}
   size_t MaxNewSize                               = 39845888                                  {product} {ergonomic}
   size_t MinHeapDeltaBytes                        = 1048576                                   {product} {ergonomic}
    uintx NonNMethodCodeHeapSize                   = 5830732                                {pd product} {ergonomic}
    uintx NonProfiledCodeHeapSize                  = 122913754                              {pd product} {ergonomic}
    uintx ProfiledCodeHeapSize                     = 122913754                              {pd product} {ergonomic}
    uintx ReservedCodeCacheSize                    = 251658240                              {pd product} {ergonomic}
     bool SegmentedCodeCache                       = true                                      {product} {ergonomic}
     bool UseCompressedClassPointers               = true                                 {lp64_product} {ergonomic}
     bool UseCompressedOops                        = true                                 {lp64_product} {ergonomic}
     bool UseG1GC                                  = true                                      {product} {ergonomic}
     bool UseLargePagesIndividualAllocation        = false                                  {pd product} {ergonomic}

Logging:
Log output configuration:
 #0: stdout all=warning uptime,level,tags
 #1: stderr all=off uptime,level,tags

Environment Variables:
JAVA_HOME=C:\Program Files\Java\jdk-11.0.14
CLASSPATH=C:\Users\OLEG\Desktop\geekbrains\fullstack\rntodo\android\\gradle\wrapper\gradle-wrapper.jar
PATH=C:\Users\OLEG\Desktop\geekbrains\fullstack\rntodo\android\node_modules\.bin;C:\Users\OLEG\Desktop\geekbrains\fullstack\rntodo\node_modules\.bin;C:\Users\OLEG\Desktop\geekbrains\fullstack\node_modules\.bin;C:\Users\OLEG\Desktop\geekbrains\node_modules\.bin;C:\Users\OLEG\Desktop\node_modules\.bin;C:\Users\OLEG\node_modules\.bin;C:\Users\node_modules\.bin;C:\node_modules\.bin;C:\Program Files\nodejs;C:\Users\OLEG\Desktop\geekbrains\fullstack\rntodo\node_modules\.bin;C:\Users\OLEG\Desktop\geekbrains\fullstack\node_modules\.bin;C:\Users\OLEG\Desktop\geekbrains\node_modules\.bin;C:\Users\OLEG\Desktop\node_modules\.bin;C:\Users\OLEG\node_modules\.bin;C:\Users\node_modules\.bin;C:\node_modules\.bin;C:\Users\OLEG\AppData\Roaming\npm\node_modules\npm\node_modules\@npmcli\run-script\lib\node-gyp-bin;C:\Program Files\Common Files\Oracle\Java\javapath;C:\Program Files\AdoptOpenJDK\jdk-8.0.265.01-hotspot\bin;C:\Windows\system32;C:\Windows;C:\Windows\System32\Wbem;C:\Windows\System32\WindowsPowerShell\v1.0\;C:\Windows\System32\OpenSSH\;C:\Program Files (x86)\Wolfram Research\WolframScript\;d:\apps\lab tools\NAMD;d:\apps\lab tools\VMD;D:\apps\PuTTY\;C:\Program Files\Microsoft SQL Server\130\Tools\Binn\;C:\WINDOWS\system32;C:\WINDOWS;C:\WINDOWS\System32\Wbem;C:\WINDOWS\System32\WindowsPowerShell\v1.0\;C:\WINDOWS\System32\OpenSSH\;D:\apps\WinSCP\;C:\Program Files (x86)\NVIDIA Corporation\PhysX\Common;D:\apps\lab tools\PyMOL\path;C:\WINDOWS\system32;C:\WINDOWS;C:\WINDOWS\System32\Wbem;C:\WINDOWS\System32\WindowsPowerShell\v1.0\;C:\WINDOWS\System32\OpenSSH\;C:\Program Files\Git\cmd;C:\Users\OLEG\AppData\Roaming\Python\Python39\Scripts;C:\Program Files\nodejs\;C:\Program Files\Microsoft\jdk-11.0.12.7-hotspot\bin;C:\Program Files\AdoptOpenJDK\jdk-8.0.265.01-hotspot\bin;C:\Windows\system32;C:\Windows;C:\Windows\System32\Wbem;C:\Windows\System32\WindowsPowerShell\v1.0\;C:\Windows\System32\OpenSSH\;C:\Program Files (x86)\Wolfram Research\WolframScript\;d:\apps\lab tools\NAMD;d:\apps\lab t
USERNAME=OLEG
OS=Windows_NT
PROCESSOR_IDENTIFIER=Intel64 Family 6 Model 158 Stepping 9, GenuineIntel



---------------  S Y S T E M  ---------------

OS: Windows 10 , 64 bit Build 19041 (10.0.19041.1706)
Hyper-V role detected

CPU:total 4 (initial active 4) (4 cores per cpu, 1 threads per core) family 6 model 158 stepping 9 microcode 0xb4, cmov, cx8, fxsr, mmx, sse, sse2, sse3, ssse3, sse4.1, sse4.2, popcnt, avx, avx2, aes, clmul, erms, 3dnowpref, lzcnt, tsc, tscinvbit, bmi1, bmi2, adx, fma

Memory: 4k page, system-wide physical 8159M (881M free)
TotalPageFile size 8159M (AvailPageFile size 3M)
current process WorkingSet (physical memory assigned to process): 34M, peak: 34M
current process commit charge ("private bytes"): 131M, peak: 131M

vm_info: Java HotSpot(TM) 64-Bit Server VM (11.0.14+8-LTS-263) for windows-amd64 JRE (11.0.14+8-LTS-263), built on Dec  7 2021 21:53:57 by "mach5one" with MS VC++ 15.9 (VS2017)

END.
