#
# There is insufficient memory for the Java Runtime Environment to continue.
# Native memory allocation (malloc) failed to allocate 32744 bytes for ChunkPool::allocate
# Possible reasons:
#   The system is out of physical RAM or swap space
#   The process is running with CompressedOops enabled, and the Java Heap may be blocking the growth of the native heap
# Possible solutions:
#   Reduce memory load on the system
#   Increase physical memory or swap space
#   Check if swap backing store is full
#   Decrease Java heap size (-Xmx/-Xms)
#   Decrease number of Java threads
#   Decrease Java thread stack sizes (-Xss)
#   Set larger code cache with -XX:ReservedCodeCacheSize=
#   JVM is running with Unscaled Compressed Oops mode in which the Java heap is
#     placed in the first 4GB address space. The Java Heap base address is the
#     maximum limit for the native heap growth. Please use -XX:HeapBaseMinAddress
#     to set the Java Heap base and to place the Java Heap above 4GB virtual address.
# This output file may be truncated or incomplete.
#
#  Out of Memory Error (allocation.cpp:272), pid=3264, tid=0x0000000000003318
#
# JRE version: OpenJDK Runtime Environment (8.0_265-b01) (build 1.8.0_265-b01)
# Java VM: OpenJDK 64-Bit Server VM (25.265-b01 mixed mode windows-amd64 compressed oops)
# Failed to write core dump. Minidumps are not enabled by default on client versions of Windows
#

---------------  T H R E A D  ---------------

Current thread (0x000001cf1c82f000):  JavaThread "C2 CompilerThread1" daemon [_thread_in_native, id=13080, stack(0x0000000fd5b00000,0x0000000fd5c00000)]

Stack: [0x0000000fd5b00000,0x0000000fd5c00000]
[error occurred during error reporting (printing stack bounds), id 0xc0000005]

Native frames: (J=compiled Java code, j=interpreted, Vv=VM code, C=native code)


Current CompileTask:
C2:   6252 6440       4       org.jetbrains.kotlin.parsing.KotlinExpressionParsing::parseBinaryExpression (70 bytes)


---------------  P R O C E S S  ---------------

Java Threads: ( => current thread )
  0x000001cf1c8bb000 JavaThread "Service Thread" daemon [_thread_blocked, id=6008, stack(0x0000000fd5d00000,0x0000000fd5e00000)]
  0x000001cf1c83f800 JavaThread "C1 CompilerThread2" daemon [_thread_in_native, id=12024, stack(0x0000000fd5c00000,0x0000000fd5d00000)]
=>0x000001cf1c82f000 JavaThread "C2 CompilerThread1" daemon [_thread_in_native, id=13080, stack(0x0000000fd5b00000,0x0000000fd5c00000)]
  0x000001cf1c81d000 JavaThread "C2 CompilerThread0" daemon [_thread_in_native, id=7724, stack(0x0000000fd5a00000,0x0000000fd5b00000)]
  0x000001cf1c81b800 JavaThread "Attach Listener" daemon [_thread_blocked, id=4552, stack(0x0000000fd5900000,0x0000000fd5a00000)]
  0x000001cf1c82d000 JavaThread "Signal Dispatcher" daemon [_thread_blocked, id=5048, stack(0x0000000fd5800000,0x0000000fd5900000)]
  0x000001cf1c7fc000 JavaThread "Finalizer" daemon [_thread_blocked, id=5920, stack(0x0000000fd5700000,0x0000000fd5800000)]
  0x000001cf1c7f5000 JavaThread "Reference Handler" daemon [_thread_blocked, id=5888, stack(0x0000000fd5600000,0x0000000fd5700000)]
  0x000001cf05ffe800 JavaThread "main" [_thread_in_Java, id=9608, stack(0x0000000fd5000000,0x0000000fd5100000)]

Other Threads:
  0x000001cf1c7d2800 VMThread [stack: 0x0000000fd5500000,0x0000000fd5600000] [id=5688]
  0x000001cf1c8be800 WatcherThread [stack: 0x0000000fd5e00000,0x0000000fd5f00000] [id=10132]

VM state:not at safepoint (normal execution)

VM Mutex/Monitor currently owned by a thread: None

heap address: 0x0000000080800000, size: 2040 MB, Compressed Oops mode: 32-bit
Narrow klass base: 0x0000000000000000, Narrow klass shift: 3
Compressed class space size: 1073741824 Address: 0x0000000100000000

Heap:
 PSYoungGen      total 168448K, used 47527K [0x00000000d5800000, 0x00000000e6700000, 0x0000000100000000)
  eden space 142336K, 15% used [0x00000000d5800000,0x00000000d6ceee00,0x00000000de300000)
  from space 26112K, 99% used [0x00000000de300000,0x00000000dfc7aec8,0x00000000dfc80000)
  to   space 31744K, 0% used [0x00000000e4800000,0x00000000e4800000,0x00000000e6700000)
 ParOldGen       total 77312K, used 44925K [0x0000000080800000, 0x0000000085380000, 0x00000000d5800000)
  object space 77312K, 58% used [0x0000000080800000,0x00000000833df7e0,0x0000000085380000)
 Metaspace       used 52000K, capacity 53097K, committed 53288K, reserved 1095680K
  class space    used 6345K, capacity 6623K, committed 6696K, reserved 1048576K

Card table byte_map: [0x000001cf16d30000,0x000001cf17130000] byte_map_base: 0x000001cf1692c000

Marking Bits: (ParMarkBitMap*) 0x0000000072527790
 Begin Bits: [0x000001cf173e0000, 0x000001cf193c0000)
 End Bits:   [0x000001cf193c0000, 0x000001cf1b3a0000)

Polling page: 0x000001cf07940000

CodeCache: size=245760Kb used=24586Kb max_used=24598Kb free=221173Kb
 bounds [0x000001cf07970000, 0x000001cf09190000, 0x000001cf16970000]
 total_blobs=6824 nmethods=6285 adapters=450
 compilation: enabled

Compilation events (10 events):
Event: 6.247 Thread 0x000001cf1c81d000 nmethod 6799 0x000001cf080190d0 code [0x000001cf08019200, 0x000001cf08019278]
Event: 6.248 Thread 0x000001cf1c83f800 nmethod 6805 0x000001cf09181390 code [0x000001cf09181c80, 0x000001cf09187f70]
Event: 6.248 Thread 0x000001cf1c81d000 6806       4       java.lang.invoke.DirectMethodHandle::internalMemberName (8 bytes)
Event: 6.249 Thread 0x000001cf1c81d000 nmethod 6806 0x000001cf080c2890 code [0x000001cf080c29c0, 0x000001cf080c2a38]
Event: 6.249 Thread 0x000001cf1c83f800 6807       1       org.jetbrains.kotlin.com.intellij.psi.AbstractFileViewProvider::isPhysical (5 bytes)
Event: 6.249 Thread 0x000001cf1c83f800 nmethod 6807 0x000001cf09179610 code [0x000001cf09179760, 0x000001cf09179878]
Event: 6.249 Thread 0x000001cf1c81d000 6808       4       org.jetbrains.kotlin.com.intellij.psi.impl.source.tree.TreeElement::rawRemoveUpToWithoutNotifications (247 bytes)
Event: 6.249 Thread 0x000001cf1c83f800 6809       3       java.util.concurrent.atomic.AtomicLong::<init> (5 bytes)
Event: 6.249 Thread 0x000001cf1c83f800 nmethod 6809 0x000001cf09179190 code [0x000001cf09179300, 0x000001cf09179518]
Event: 6.250 Thread 0x000001cf1c83f800 6810       3       org.jetbrains.kotlin.resolve.calls.inference.model.NewConstraintSystemImpl::runTransaction (528 bytes)

GC Heap History (10 events):
Event: 2.153 GC heap before
{Heap before GC invocations=5 (full 1):
 PSYoungGen      total 71680K, used 66560K [0x00000000d5800000, 0x00000000de400000, 0x0000000100000000)
  eden space 66560K, 100% used [0x00000000d5800000,0x00000000d9900000,0x00000000d9900000)
  from space 5120K, 0% used [0x00000000d9900000,0x00000000d9900000,0x00000000d9e00000)
  to   space 5120K, 0% used [0x00000000ddf00000,0x00000000ddf00000,0x00000000de400000)
 ParOldGen       total 77312K, used 14949K [0x0000000080800000, 0x0000000085380000, 0x00000000d5800000)
  object space 77312K, 19% used [0x0000000080800000,0x0000000081699550,0x0000000085380000)
 Metaspace       used 25747K, capacity 26394K, committed 26672K, reserved 1073152K
  class space    used 3379K, capacity 3583K, committed 3632K, reserved 1048576K
Event: 2.170 GC heap after
Heap after GC invocations=5 (full 1):
 PSYoungGen      total 102400K, used 5100K [0x00000000d5800000, 0x00000000de400000, 0x0000000100000000)
  eden space 97280K, 0% used [0x00000000d5800000,0x00000000d5800000,0x00000000db700000)
  from space 5120K, 99% used [0x00000000ddf00000,0x00000000de3fb118,0x00000000de400000)
  to   space 5120K, 0% used [0x00000000dda00000,0x00000000dda00000,0x00000000ddf00000)
 ParOldGen       total 77312K, used 22749K [0x0000000080800000, 0x0000000085380000, 0x00000000d5800000)
  object space 77312K, 29% used [0x0000000080800000,0x0000000081e37518,0x0000000085380000)
 Metaspace       used 25747K, capacity 26394K, committed 26672K, reserved 1073152K
  class space    used 3379K, capacity 3583K, committed 3632K, reserved 1048576K
}
Event: 2.936 GC heap before
{Heap before GC invocations=6 (full 1):
 PSYoungGen      total 102400K, used 102380K [0x00000000d5800000, 0x00000000de400000, 0x0000000100000000)
  eden space 97280K, 100% used [0x00000000d5800000,0x00000000db700000,0x00000000db700000)
  from space 5120K, 99% used [0x00000000ddf00000,0x00000000de3fb118,0x00000000de400000)
  to   space 5120K, 0% used [0x00000000dda00000,0x00000000dda00000,0x00000000ddf00000)
 ParOldGen       total 77312K, used 22749K [0x0000000080800000, 0x0000000085380000, 0x00000000d5800000)
  object space 77312K, 29% used [0x0000000080800000,0x0000000081e37518,0x0000000085380000)
 Metaspace       used 33842K, capacity 34533K, committed 34864K, reserved 1079296K
  class space    used 4410K, capacity 4617K, committed 4656K, reserved 1048576K
Event: 2.956 GC heap after
Heap after GC invocations=6 (full 1):
 PSYoungGen      total 138240K, used 5105K [0x00000000d5800000, 0x00000000e1600000, 0x0000000100000000)
  eden space 133120K, 0% used [0x00000000d5800000,0x00000000d5800000,0x00000000dda00000)
  from space 5120K, 99% used [0x00000000dda00000,0x00000000ddefc578,0x00000000ddf00000)
  to   space 26112K, 0% used [0x00000000dfc80000,0x00000000dfc80000,0x00000000e1600000)
 ParOldGen       total 77312K, used 44408K [0x0000000080800000, 0x0000000085380000, 0x00000000d5800000)
  object space 77312K, 57% used [0x0000000080800000,0x000000008335e2e0,0x0000000085380000)
 Metaspace       used 33842K, capacity 34533K, committed 34864K, reserved 1079296K
  class space    used 4410K, capacity 4617K, committed 4656K, reserved 1048576K
}
Event: 3.004 GC heap before
{Heap before GC invocations=7 (full 1):
 PSYoungGen      total 138240K, used 10372K [0x00000000d5800000, 0x00000000e1600000, 0x0000000100000000)
  eden space 133120K, 3% used [0x00000000d5800000,0x00000000d5d24e00,0x00000000dda00000)
  from space 5120K, 99% used [0x00000000dda00000,0x00000000ddefc578,0x00000000ddf00000)
  to   space 26112K, 0% used [0x00000000dfc80000,0x00000000dfc80000,0x00000000e1600000)
 ParOldGen       total 77312K, used 44408K [0x0000000080800000, 0x0000000085380000, 0x00000000d5800000)
  object space 77312K, 57% used [0x0000000080800000,0x000000008335e2e0,0x0000000085380000)
 Metaspace       used 34624K, capacity 35301K, committed 35496K, reserved 1079296K
  class space    used 4468K, capacity 4681K, committed 4776K, reserved 1048576K
Event: 3.012 GC heap after
Heap after GC invocations=7 (full 1):
 PSYoungGen      total 168448K, used 6605K [0x00000000d5800000, 0x00000000e6180000, 0x0000000100000000)
  eden space 142336K, 0% used [0x00000000d5800000,0x00000000d5800000,0x00000000de300000)
  from space 26112K, 25% used [0x00000000dfc80000,0x00000000e02f3560,0x00000000e1600000)
  to   space 26112K, 0% used [0x00000000de300000,0x00000000de300000,0x00000000dfc80000)
 ParOldGen       total 77312K, used 44408K [0x0000000080800000, 0x0000000085380000, 0x00000000d5800000)
  object space 77312K, 57% used [0x0000000080800000,0x000000008335e2e0,0x0000000085380000)
 Metaspace       used 34624K, capacity 35301K, committed 35496K, reserved 1079296K
  class space    used 4468K, capacity 4681K, committed 4776K, reserved 1048576K
}
Event: 3.012 GC heap before
{Heap before GC invocations=8 (full 2):
 PSYoungGen      total 168448K, used 6605K [0x00000000d5800000, 0x00000000e6180000, 0x0000000100000000)
  eden space 142336K, 0% used [0x00000000d5800000,0x00000000d5800000,0x00000000de300000)
  from space 26112K, 25% used [0x00000000dfc80000,0x00000000e02f3560,0x00000000e1600000)
  to   space 26112K, 0% used [0x00000000de300000,0x00000000de300000,0x00000000dfc80000)
 ParOldGen       total 77312K, used 44408K [0x0000000080800000, 0x0000000085380000, 0x00000000d5800000)
  object space 77312K, 57% used [0x0000000080800000,0x000000008335e2e0,0x0000000085380000)
 Metaspace       used 34624K, capacity 35301K, committed 35496K, reserved 1079296K
  class space    used 4468K, capacity 4681K, committed 4776K, reserved 1048576K
Event: 3.104 GC heap after
Heap after GC invocations=8 (full 2):
 PSYoungGen      total 168448K, used 0K [0x00000000d5800000, 0x00000000e6180000, 0x0000000100000000)
  eden space 142336K, 0% used [0x00000000d5800000,0x00000000d5800000,0x00000000de300000)
  from space 26112K, 0% used [0x00000000dfc80000,0x00000000dfc80000,0x00000000e1600000)
  to   space 26112K, 0% used [0x00000000de300000,0x00000000de300000,0x00000000dfc80000)
 ParOldGen       total 77312K, used 43687K [0x0000000080800000, 0x0000000085380000, 0x00000000d5800000)
  object space 77312K, 56% used [0x0000000080800000,0x00000000832a9fb8,0x0000000085380000)
 Metaspace       used 34624K, capacity 35301K, committed 35496K, reserved 1079296K
  class space    used 4468K, capacity 4681K, committed 4776K, reserved 1048576K
}
Event: 5.480 GC heap before
{Heap before GC invocations=9 (full 2):
 PSYoungGen      total 168448K, used 142336K [0x00000000d5800000, 0x00000000e6180000, 0x0000000100000000)
  eden space 142336K, 100% used [0x00000000d5800000,0x00000000de300000,0x00000000de300000)
  from space 26112K, 0% used [0x00000000dfc80000,0x00000000dfc80000,0x00000000e1600000)
  to   space 26112K, 0% used [0x00000000de300000,0x00000000de300000,0x00000000dfc80000)
 ParOldGen       total 77312K, used 43687K [0x0000000080800000, 0x0000000085380000, 0x00000000d5800000)
  object space 77312K, 56% used [0x0000000080800000,0x00000000832a9fb8,0x0000000085380000)
 Metaspace       used 50060K, capacity 51153K, committed 51368K, reserved 1093632K
  class space    used 6170K, capacity 6449K, committed 6568K, reserved 1048576K
Event: 5.510 GC heap after
Heap after GC invocations=9 (full 2):
 PSYoungGen      total 168448K, used 26091K [0x00000000d5800000, 0x00000000e6700000, 0x0000000100000000)
  eden space 142336K, 0% used [0x00000000d5800000,0x00000000d5800000,0x00000000de300000)
  from space 26112K, 99% used [0x00000000de300000,0x00000000dfc7aec8,0x00000000dfc80000)
  to   space 31744K, 0% used [0x00000000e4800000,0x00000000e4800000,0x00000000e6700000)
 ParOldGen       total 77312K, used 44925K [0x0000000080800000, 0x0000000085380000, 0x00000000d5800000)
  object space 77312K, 58% used [0x0000000080800000,0x00000000833df7e0,0x0000000085380000)
 Metaspace       used 50060K, capacity 51153K, committed 51368K, reserved 1093632K
  class space    used 6170K, capacity 6449K, committed 6568K, reserved 1048576K
}

Deoptimization events (10 events):
Event: 6.099 Thread 0x000001cf05ffe800 Uncommon trap: reason=class_check action=maybe_recompile pc=0x000001cf07f01218 method=org.jetbrains.org.objectweb.asm.ClassReader.readElementValue(Lorg/jetbrains/org/objectweb/asm/AnnotationVisitor;ILjava/lang/String;[C)I @ 1022
Event: 6.099 Thread 0x000001cf05ffe800 Uncommon trap: reason=class_check action=maybe_recompile pc=0x000001cf07f01218 method=org.jetbrains.org.objectweb.asm.ClassReader.readElementValue(Lorg/jetbrains/org/objectweb/asm/AnnotationVisitor;ILjava/lang/String;[C)I @ 1022
Event: 6.099 Thread 0x000001cf05ffe800 Uncommon trap: reason=class_check action=maybe_recompile pc=0x000001cf07eff4ac method=org.jetbrains.org.objectweb.asm.ClassReader.readElementValue(Lorg/jetbrains/org/objectweb/asm/AnnotationVisitor;ILjava/lang/String;[C)I @ 398
Event: 6.099 Thread 0x000001cf05ffe800 Uncommon trap: reason=class_check action=maybe_recompile pc=0x000001cf07eff4ac method=org.jetbrains.org.objectweb.asm.ClassReader.readElementValue(Lorg/jetbrains/org/objectweb/asm/AnnotationVisitor;ILjava/lang/String;[C)I @ 398
Event: 6.119 Thread 0x000001cf05ffe800 Uncommon trap: reason=class_check action=maybe_recompile pc=0x000001cf0845db1c method=org.jetbrains.kotlin.com.intellij.openapi.util.UserDataHolderBase.putUserData(Lorg/jetbrains/kotlin/com/intellij/openapi/util/Key;Ljava/lang/Object;)V @ 30
Event: 6.120 Thread 0x000001cf05ffe800 Uncommon trap: reason=class_check action=maybe_recompile pc=0x000001cf0845db1c method=org.jetbrains.kotlin.com.intellij.openapi.util.UserDataHolderBase.putUserData(Lorg/jetbrains/kotlin/com/intellij/openapi/util/Key;Ljava/lang/Object;)V @ 30
Event: 6.150 Thread 0x000001cf05ffe800 Uncommon trap: reason=bimorphic action=maybe_recompile pc=0x000001cf08cf7624 method=org.jetbrains.kotlin.types.TypeConstructorSubstitution$Companion$createByConstructorsMap$1.isEmpty()Z @ 4
Event: 6.150 Thread 0x000001cf05ffe800 Uncommon trap: reason=bimorphic action=maybe_recompile pc=0x000001cf08cf7624 method=org.jetbrains.kotlin.types.TypeConstructorSubstitution$Companion$createByConstructorsMap$1.isEmpty()Z @ 4
Event: 6.226 Thread 0x000001cf05ffe800 Uncommon trap: reason=bimorphic action=maybe_recompile pc=0x000001cf087cd784 method=org.jetbrains.kotlin.com.intellij.psi.impl.source.tree.TreeElement.rawRemoveUpToWithoutNotifications(Lorg/jetbrains/kotlin/com/intellij/psi/impl/source/tree/TreeElement;Z)
Event: 6.241 Thread 0x000001cf05ffe800 Uncommon trap: reason=bimorphic action=maybe_recompile pc=0x000001cf087cd784 method=org.jetbrains.kotlin.com.intellij.psi.impl.source.tree.TreeElement.rawRemoveUpToWithoutNotifications(Lorg/jetbrains/kotlin/com/intellij/psi/impl/source/tree/TreeElement;Z)

Classes redefined (0 events):
No events

Internal exceptions (10 events):
Event: 3.901 Thread 0x000001cf05ffe800 Exception <a 'java/lang/NoSuchMethodError': java.lang.Object.lambda$identity$2(I)I> (0x00000000d83d9588) thrown at [J:\jenkins\tmp\workspace\build\src\hotspot\src\share\vm\interpreter\linkResolver.cpp, line 620]
Event: 3.914 Thread 0x000001cf05ffe800 Exception <a 'java/lang/NoSuchMethodError': java.lang.Object.lambda$static$0(I)[Lorg/jetbrains/kotlin/com/intellij/psi/PsiReference;> (0x00000000d8476de8) thrown at [J:\jenkins\tmp\workspace\build\src\hotspot\src\share\vm\interpreter\linkResolver.cpp, lin
Event: 3.919 Thread 0x000001cf05ffe800 Exception <a 'java/lang/NoSuchMethodError': java.lang.Object.lambda$static$0(I)[Lorg/jetbrains/kotlin/com/intellij/psi/PsiTypeElement;> (0x00000000d84c25c0) thrown at [J:\jenkins\tmp\workspace\build\src\hotspot\src\share\vm\interpreter\linkResolver.cpp, l
Event: 3.927 Thread 0x000001cf05ffe800 Exception <a 'java/lang/NoSuchMethodError': java.lang.Object.lambda$static$0(I)[Lorg/jetbrains/kotlin/com/intellij/psi/PsiTypeParameter;> (0x00000000d8553788) thrown at [J:\jenkins\tmp\workspace\build\src\hotspot\src\share\vm\interpreter\linkResolver.cpp,
Event: 5.452 Thread 0x000001cf05ffe800 Implicit null exception at 0x000001cf0848a742 to 0x000001cf0848b335
Event: 5.452 Thread 0x000001cf05ffe800 Implicit null exception at 0x000001cf0843e39b to 0x000001cf0843e87d
Event: 5.455 Thread 0x000001cf05ffe800 Implicit null exception at 0x000001cf07cb73af to 0x000001cf07cb7419
Event: 5.480 Thread 0x000001cf05ffe800 Implicit null exception at 0x000001cf08c166bb to 0x000001cf08c1b4e9
Event: 5.550 Thread 0x000001cf05ffe800 Implicit null exception at 0x000001cf08d4e873 to 0x000001cf08d4ed3d
Event: 6.149 Thread 0x000001cf05ffe800 Exception <a 'java/lang/IncompatibleClassChangeError': Found class java.lang.Object, but interface was expected> (0x00000000d6acd7b0) thrown at [J:\jenkins\tmp\workspace\build\src\hotspot\src\share\vm\interpreter\linkResolver.cpp, line 653]

Events (10 events):
Event: 6.162 loading class javaslang/collection/HashArrayMappedTrieModule$LeafNode
Event: 6.162 loading class javaslang/collection/HashArrayMappedTrieModule$LeafNode done
Event: 6.217 Executing VM operation: ForceSafepoint
Event: 6.217 Executing VM operation: ForceSafepoint done
Event: 6.226 Thread 0x000001cf05ffe800 Uncommon trap: trap_request=0xffffffc6 fr.pc=0x000001cf087cd784
Event: 6.226 Thread 0x000001cf05ffe800 DEOPT PACKING pc=0x000001cf087cd784 sp=0x0000000fd50fd9d0
Event: 6.226 Thread 0x000001cf05ffe800 DEOPT UNPACKING pc=0x000001cf079b5583 sp=0x0000000fd50fd958 mode 2
Event: 6.241 Thread 0x000001cf05ffe800 Uncommon trap: trap_request=0xffffffc6 fr.pc=0x000001cf087cd784
Event: 6.241 Thread 0x000001cf05ffe800 DEOPT PACKING pc=0x000001cf087cd784 sp=0x0000000fd50fd9d0
Event: 6.241 Thread 0x000001cf05ffe800 DEOPT UNPACKING pc=0x000001cf079b5583 sp=0x0000000fd50fd958 mode 2


Dynamic libraries:
0x00007ff641f60000 - 0x00007ff641f9a000 	C:\Program Files\AdoptOpenJDK\jdk-8.0.265.01-hotspot\jre\bin\java.exe
0x00007ff996e70000 - 0x00007ff997065000 	C:\WINDOWS\SYSTEM32\ntdll.dll
0x00007ff996ab0000 - 0x00007ff996b6d000 	C:\WINDOWS\System32\KERNEL32.DLL
0x00007ff994630000 - 0x00007ff9948fd000 	C:\WINDOWS\System32\KERNELBASE.dll
0x00007ff995120000 - 0x00007ff9951ce000 	C:\WINDOWS\System32\ADVAPI32.dll
0x00007ff9951e0000 - 0x00007ff99527e000 	C:\WINDOWS\System32\msvcrt.dll
0x00007ff996b70000 - 0x00007ff996c0c000 	C:\WINDOWS\System32\sechost.dll
0x00007ff996980000 - 0x00007ff996aa5000 	C:\WINDOWS\System32\RPCRT4.dll
0x00007ff995290000 - 0x00007ff995430000 	C:\WINDOWS\System32\USER32.dll
0x00007ff994900000 - 0x00007ff994922000 	C:\WINDOWS\System32\win32u.dll
0x00007ff996820000 - 0x00007ff99684a000 	C:\WINDOWS\System32\GDI32.dll
0x00007ff9949d0000 - 0x00007ff994adb000 	C:\WINDOWS\System32\gdi32full.dll
0x00007ff994930000 - 0x00007ff9949cd000 	C:\WINDOWS\System32\msvcp_win.dll
0x00007ff994ae0000 - 0x00007ff994be0000 	C:\WINDOWS\System32\ucrtbase.dll
0x00007ff9897b0000 - 0x00007ff989a4a000 	C:\WINDOWS\WinSxS\amd64_microsoft.windows.common-controls_6595b64144ccf1df_6.0.19041.1110_none_60b5254171f9507e\COMCTL32.dll
0x00007ff996c10000 - 0x00007ff996c40000 	C:\WINDOWS\System32\IMM32.DLL
0x00007ff966750000 - 0x00007ff96683f000 	C:\Program Files\AdoptOpenJDK\jdk-8.0.265.01-hotspot\jre\bin\msvcr120.dll
0x00007ff9666a0000 - 0x00007ff966746000 	C:\Program Files\AdoptOpenJDK\jdk-8.0.265.01-hotspot\jre\bin\msvcp120.dll
0x0000000071d40000 - 0x00000000725a6000 	C:\Program Files\AdoptOpenJDK\jdk-8.0.265.01-hotspot\jre\bin\server\jvm.dll
0x00007ff995280000 - 0x00007ff995288000 	C:\WINDOWS\System32\PSAPI.DLL
0x00007ff989f90000 - 0x00007ff989fb7000 	C:\WINDOWS\SYSTEM32\WINMM.dll
0x00007ff97cd50000 - 0x00007ff97cd59000 	C:\WINDOWS\SYSTEM32\WSOCK32.dll
0x00007ff996750000 - 0x00007ff9967bb000 	C:\WINDOWS\System32\WS2_32.dll
0x00007ff98d4a0000 - 0x00007ff98d4aa000 	C:\WINDOWS\SYSTEM32\VERSION.dll
0x00007ff98acd0000 - 0x00007ff98acdf000 	C:\Program Files\AdoptOpenJDK\jdk-8.0.265.01-hotspot\jre\bin\verify.dll
0x00007ff989ee0000 - 0x00007ff989f08000 	C:\Program Files\AdoptOpenJDK\jdk-8.0.265.01-hotspot\jre\bin\java.dll
0x00007ff989620000 - 0x00007ff989636000 	C:\Program Files\AdoptOpenJDK\jdk-8.0.265.01-hotspot\jre\bin\zip.dll
0x00007ff995f30000 - 0x00007ff996674000 	C:\WINDOWS\System32\SHELL32.dll
0x00007ff992660000 - 0x00007ff992df4000 	C:\WINDOWS\SYSTEM32\windows.storage.dll
0x00007ff995430000 - 0x00007ff995784000 	C:\WINDOWS\System32\combase.dll
0x00007ff993f50000 - 0x00007ff993f7c000 	C:\WINDOWS\SYSTEM32\Wldp.dll
0x00007ff996c40000 - 0x00007ff996ced000 	C:\WINDOWS\System32\SHCORE.dll
0x00007ff995790000 - 0x00007ff9957e5000 	C:\WINDOWS\System32\shlwapi.dll
0x00007ff9944c0000 - 0x00007ff9944df000 	C:\WINDOWS\SYSTEM32\profapi.dll
0x00007ff989600000 - 0x00007ff98961a000 	C:\Program Files\AdoptOpenJDK\jdk-8.0.265.01-hotspot\jre\bin\net.dll
0x00007ff993ce0000 - 0x00007ff993d4a000 	C:\WINDOWS\system32\mswsock.dll
0x00007ff987c80000 - 0x00007ff987c92000 	C:\Program Files\AdoptOpenJDK\jdk-8.0.265.01-hotspot\jre\bin\nio.dll

VM Arguments:
java_command: org.jetbrains.kotlin.cli.jvm.K2JVMCompiler @C:\Users\OLEG\Desktop\geekbrains\fullstack\rntodo\node_modules\react-native-gradle-plugin\build\20220524_6469555792169528456.compiler.options
java_class_path (initial): C:\Users\OLEG\.gradle\caches\modules-2\files-2.1\org.jetbrains.kotlin\kotlin-compiler-embeddable\1.6.10\88f2073f4020cdb83132cfe940ceb9a60aba54ea\kotlin-compiler-embeddable-1.6.10.jar;C:\Users\OLEG\.gradle\caches\modules-2\files-2.1\org.jetbrains.kotlin\kotlin-reflect\1.6.10\1cbe9c92c12a94eea200d23c2bbaedaf3daf5132\kotlin-reflect-1.6.10.jar;C:\Users\OLEG\.gradle\caches\modules-2\files-2.1\org.jetbrains.kotlin\kotlin-stdlib\1.6.10\b8af3fe6f1ca88526914929add63cf5e7c5049af\kotlin-stdlib-1.6.10.jar;C:\Users\OLEG\.gradle\caches\modules-2\files-2.1\org.jetbrains.kotlin\kotlin-script-runtime\1.6.10\d0a7ff2e2500ef497ed0214ae40ad3c8387a6164\kotlin-script-runtime-1.6.10.jar;C:\Users\OLEG\.gradle\caches\modules-2\files-2.1\org.jetbrains.kotlin\kotlin-daemon-embeddable\1.6.10\a56d79bcbea411fa6058e4ecffc2de73e742bd2a\kotlin-daemon-embeddable-1.6.10.jar;C:\Users\OLEG\.gradle\caches\modules-2\files-2.1\org.jetbrains.intellij.deps\trove4j\1.0.20181211\216c2e14b070f334479d800987affe4054cd563f\trove4j-1.0.20181211.jar;C:\Users\OLEG\.gradle\caches\modules-2\files-2.1\net.java.dev.jna\jna\5.6.0\330f2244e9030119ab3030fc3fededc86713d9cc\jna-5.6.0.jar;C:\Users\OLEG\.gradle\caches\modules-2\files-2.1\org.jetbrains\annotations\13.0\919f0dfe192fb4e063e7dacadee7f8bb9a2672a9\annotations-13.0.jar;C:\Users\OLEG\.gradle\caches\modules-2\files-2.1\org.jetbrains.kotlin\kotlin-stdlib-common\1.6.10\c118700e3a33c8a0d9adc920e9dec0831171925\kotlin-stdlib-common-1.6.10.jar;C:\Program Files\AdoptOpenJDK\jdk-8.0.265.01-hotspot\lib\tools.jar
Launcher Type: SUN_STANDARD

Environment Variables:
JAVA_HOME=C:\Program Files\AdoptOpenJDK\jdk-8.0.265.01-hotspot\
CLASSPATH=C:\Users\OLEG\Desktop\geekbrains\fullstack\rntodo\android\\gradle\wrapper\gradle-wrapper.jar
USERNAME=OLEG
OS=Windows_NT
PROCESSOR_IDENTIFIER=Intel64 Family 6 Model 158 Stepping 9, GenuineIntel



---------------  S Y S T E M  ---------------

OS: Windows 10.0 , 64 bit Build 19041 (10.0.19041.1706)

CPU:total 4 (initial active 4) (4 cores per cpu, 1 threads per core) family 6 model 158 stepping 9, cmov, cx8, fxsr, mmx, sse, sse2, sse3, ssse3, sse4.1, sse4.2, popcnt, avx, avx2, aes, clmul, erms, 3dnowpref, lzcnt, tsc, tscinvbit, bmi1, bmi2, adx

Memory: 4k page, physical 8355116k(965020k free), swap 8355116k(5184k free)

vm_info: OpenJDK 64-Bit Server VM (25.265-b01) for windows-amd64 JRE (1.8.0_265-b01), built on Jul 28 2020 15:11:27 by "jenkins" with MS VC++ 12.0 (VS2013)

time: Tue May 24 18:31:00 2022
timezone: Russia TZ 2 Standard Time
elapsed time: 6 seconds (0d 0h 0m 6s)

