#
# There is insufficient memory for the Java Runtime Environment to continue.
# Native memory allocation (malloc) failed to allocate 1686256 bytes for Chunk::new
# Possible reasons:
#   The system is out of physical RAM or swap space
#   The process is running with CompressedOops enabled, and the Java Heap may be blocking the growth of the native heap
# Possible solutions:
#   Reduce memory load on the system
#   Increase physical memory or swap space
#   Check if swap backing store is full
#   Decrease Java heap size (-Xmx/-Xms)
#   Decrease number of Java threads
#   Decrease Java thread stack sizes (-Xss)
#   Set larger code cache with -XX:ReservedCodeCacheSize=
#   JVM is running with Unscaled Compressed Oops mode in which the Java heap is
#     placed in the first 4GB address space. The Java Heap base address is the
#     maximum limit for the native heap growth. Please use -XX:HeapBaseMinAddress
#     to set the Java Heap base and to place the Java Heap above 4GB virtual address.
# This output file may be truncated or incomplete.
#
#  Out of Memory Error (./src/hotspot/share/memory/arena.cpp:197), pid=3372, tid=1672
#
# JRE version: OpenJDK Runtime Environment Microsoft-25199 (11.0.12+7) (build 11.0.12+7)
# Java VM: OpenJDK 64-Bit Server VM Microsoft-25199 (11.0.12+7, mixed mode, tiered, compressed oops, g1 gc, windows-amd64)
# No core dump will be written. Minidumps are not enabled by default on client versions of Windows
#

---------------  S U M M A R Y ------------

Command Line: -XX:MaxMetaspaceSize=512m --add-opens=java.base/java.util=ALL-UNNAMED --add-opens=java.base/java.lang=ALL-UNNAMED --add-opens=java.base/java.lang.invoke=ALL-UNNAMED --add-opens=java.base/java.util=ALL-UNNAMED --add-opens=java.prefs/java.util.prefs=ALL-UNNAMED --add-opens=java.prefs/java.util.prefs=ALL-UNNAMED --add-opens=java.base/java.nio.charset=ALL-UNNAMED --add-opens=java.base/java.net=ALL-UNNAMED --add-opens=java.base/java.util.concurrent.atomic=ALL-UNNAMED -Xmx2048m -Dfile.encoding=windows-1252 -Duser.country=US -Duser.language=en -Duser.variant org.gradle.launcher.daemon.bootstrap.GradleDaemon 7.3.3

Host: Intel(R) Core(TM) i5-7400 CPU @ 3.00GHz, 4 cores, 7G,  Windows 10 , 64 bit Build 19041 (10.0.19041.1706)
Time: Tue May 24 19:04:01 2022 Russia TZ 2 Standard Time elapsed time: 49.309151 seconds (0d 0h 0m 49s)

---------------  T H R E A D  ---------------

Current thread (0x0000015c287af000):  JavaThread "C2 CompilerThread1" daemon [_thread_in_native, id=1672, stack(0x0000002568200000,0x0000002568300000)]


Current CompileTask:
C2:  49309 13535       4       java.beans.Introspector::addMethod (196 bytes)

Stack: [0x0000002568200000,0x0000002568300000]
Native frames: (J=compiled Java code, j=interpreted, Vv=VM code, C=native code)
V  [jvm.dll+0x6090fa]
V  [jvm.dll+0x79229e]
V  [jvm.dll+0x79396f]
V  [jvm.dll+0x794033]
V  [jvm.dll+0x24bed8]
V  [jvm.dll+0xc219c]
V  [jvm.dll+0xc275c]
V  [jvm.dll+0x354862]
V  [jvm.dll+0x19db79]
V  [jvm.dll+0x205692]
V  [jvm.dll+0x20476d]
V  [jvm.dll+0x18996c]
V  [jvm.dll+0x213dd7]
V  [jvm.dll+0x211f9b]
V  [jvm.dll+0x7563a9]
V  [jvm.dll+0x74f414]
V  [jvm.dll+0x607f56]
C  [ucrtbase.dll+0x21bb2]
C  [KERNEL32.DLL+0x17034]
C  [ntdll.dll+0x52651]


---------------  P R O C E S S  ---------------

Threads class SMR info:
_java_thread_list=0x0000015c25930e50, length=94, elements={
0x0000015c7cdf4800, 0x0000015c1eec6800, 0x0000015c1eeb4800, 0x0000015c1ef19000,
0x0000015c1ef1b000, 0x0000015c1ef1c000, 0x0000015c1ef1e800, 0x0000015c1f840000,
0x0000015c1f89a000, 0x0000015c1f9a7800, 0x0000015c21126000, 0x0000015c2135d800,
0x0000015c20994800, 0x0000015c20924000, 0x0000015c21cfe000, 0x0000015c22363000,
0x0000015c2175f000, 0x0000015c217bd800, 0x0000015c220b5000, 0x0000015c21113000,
0x0000015c21113800, 0x0000015c2110f800, 0x0000015c21110800, 0x0000015c2110e000,
0x0000015c21111000, 0x0000015c2110e800, 0x0000015c21114800, 0x0000015c21112000,
0x0000015c23633800, 0x0000015c23633000, 0x0000015c23634800, 0x0000015c2362f800,
0x0000015c23636000, 0x0000015c23631000, 0x0000015c23637800, 0x0000015c23632000,
0x0000015c23638800, 0x0000015c2363c800, 0x0000015c2363d800, 0x0000015c23639800,
0x0000015c2363a000, 0x0000015c2363c000, 0x0000015c2363b000, 0x0000015c23945000,
0x0000015c23946000, 0x0000015c23946800, 0x0000015c23947800, 0x0000015c23948800,
0x0000015c23949000, 0x0000015c23943800, 0x0000015c2394a000, 0x0000015c23944000,
0x0000015c23950800, 0x0000015c2394b800, 0x0000015c2394e000, 0x0000015c2394b000,
0x0000015c2394d000, 0x0000015c23951800, 0x0000015c23952000, 0x0000015c2394f000,
0x0000015c2394f800, 0x0000015c2394c800, 0x0000015c224c2800, 0x0000015c224c4800,
0x0000015c224c1800, 0x0000015c224c0800, 0x0000015c224c3000, 0x0000015c224c4000,
0x0000015c224bf000, 0x0000015c224c5800, 0x0000015c224c0000, 0x0000015c224cb000,
0x0000015c224c6800, 0x0000015c224cc000, 0x0000015c224ca800, 0x0000015c224c9000,
0x0000015c224c9800, 0x0000015c224c8000, 0x0000015c266f8800, 0x0000015c266f2800,
0x0000015c266f7000, 0x0000015c266f4800, 0x0000015c266f9000, 0x0000015c266f3800,
0x0000015c266f6000, 0x0000015c266fa000, 0x0000015c266fb000, 0x0000015c266f5000,
0x0000015c26700800, 0x0000015c266fb800, 0x0000015c266fc800, 0x0000015c266fd800,
0x0000015c266f7800, 0x0000015c287af000
}

Java Threads: ( => current thread )
  0x0000015c7cdf4800 JavaThread "main" [_thread_blocked, id=3664, stack(0x0000002562c00000,0x0000002562d00000)]
  0x0000015c1eec6800 JavaThread "Reference Handler" daemon [_thread_blocked, id=12752, stack(0x0000002563300000,0x0000002563400000)]
  0x0000015c1eeb4800 JavaThread "Finalizer" daemon [_thread_blocked, id=12332, stack(0x0000002563400000,0x0000002563500000)]
  0x0000015c1ef19000 JavaThread "Signal Dispatcher" daemon [_thread_blocked, id=3900, stack(0x0000002563500000,0x0000002563600000)]
  0x0000015c1ef1b000 JavaThread "Attach Listener" daemon [_thread_blocked, id=8872, stack(0x0000002563600000,0x0000002563700000)]
  0x0000015c1ef1c000 JavaThread "Service Thread" daemon [_thread_blocked, id=7216, stack(0x0000002563700000,0x0000002563800000)]
  0x0000015c1ef1e800 JavaThread "C2 CompilerThread0" daemon [_thread_in_native, id=11544, stack(0x0000002563800000,0x0000002563900000)]
  0x0000015c1f840000 JavaThread "C1 CompilerThread0" daemon [_thread_blocked, id=1700, stack(0x0000002563900000,0x0000002563a00000)]
  0x0000015c1f89a000 JavaThread "Sweeper thread" daemon [_thread_blocked, id=2092, stack(0x0000002563a00000,0x0000002563b00000)]
  0x0000015c1f9a7800 JavaThread "Common-Cleaner" daemon [_thread_blocked, id=7084, stack(0x0000002563b00000,0x0000002563c00000)]
  0x0000015c21126000 JavaThread "Daemon health stats" [_thread_blocked, id=8172, stack(0x0000002564000000,0x0000002564100000)]
  0x0000015c2135d800 JavaThread "Incoming local TCP Connector on port 50998" [_thread_in_native, id=7708, stack(0x0000002564100000,0x0000002564200000)]
  0x0000015c20994800 JavaThread "Daemon periodic checks" [_thread_blocked, id=6432, stack(0x0000002564200000,0x0000002564300000)]
  0x0000015c20924000 JavaThread "Daemon" [_thread_blocked, id=5204, stack(0x0000002564300000,0x0000002564400000)]
  0x0000015c21cfe000 JavaThread "Handler for socket connection from /127.0.0.1:50998 to /127.0.0.1:50999" [_thread_in_native, id=1324, stack(0x0000002564400000,0x0000002564500000)]
  0x0000015c22363000 JavaThread "Cancel handler" [_thread_blocked, id=7636, stack(0x0000002564500000,0x0000002564600000)]
  0x0000015c2175f000 JavaThread "Daemon worker" [_thread_in_native, id=3188, stack(0x0000002564600000,0x0000002564700000)]
  0x0000015c217bd800 JavaThread "Asynchronous log dispatcher for DefaultDaemonConnection: socket connection from /127.0.0.1:50998 to /127.0.0.1:50999" [_thread_blocked, id=3016, stack(0x0000002564700000,0x0000002564800000)]
  0x0000015c220b5000 JavaThread "Stdin handler" [_thread_blocked, id=12456, stack(0x0000002564800000,0x0000002564900000)]
  0x0000015c21113000 JavaThread "Daemon client event forwarder" [_thread_blocked, id=3928, stack(0x0000002564900000,0x0000002564a00000)]
  0x0000015c21113800 JavaThread "Cache worker for journal cache (C:\Users\OLEG\.gradle\caches\journal-1)" [_thread_blocked, id=8744, stack(0x0000002564b00000,0x0000002564c00000)]
  0x0000015c2110f800 JavaThread "File lock request listener" [_thread_in_native, id=4584, stack(0x0000002564c00000,0x0000002564d00000)]
  0x0000015c21110800 JavaThread "Cache worker for file hash cache (C:\Users\OLEG\.gradle\caches\7.3.3\fileHashes)" [_thread_blocked, id=8004, stack(0x0000002564d00000,0x0000002564e00000)]
  0x0000015c2110e000 JavaThread "Cache worker for file hash cache (C:\Users\OLEG\Desktop\geekbrains\fullstack\rntodo\android\.gradle\7.3.3\fileHashes)" [_thread_blocked, id=5184, stack(0x0000002564e00000,0x0000002564f00000)]
  0x0000015c21111000 JavaThread "File watcher server" daemon [_thread_in_native, id=11572, stack(0x0000002564f00000,0x0000002565000000)]
  0x0000015c2110e800 JavaThread "File watcher consumer" daemon [_thread_blocked, id=7604, stack(0x0000002565000000,0x0000002565100000)]
  0x0000015c21114800 JavaThread "Cache worker for checksums cache (C:\Users\OLEG\Desktop\geekbrains\fullstack\rntodo\android\.gradle\7.3.3\checksums)" [_thread_blocked, id=9184, stack(0x0000002565100000,0x0000002565200000)]
  0x0000015c21112000 JavaThread "Cache worker for cache directory md-supplier (C:\Users\OLEG\.gradle\caches\7.3.3\md-supplier)" [_thread_blocked, id=11732, stack(0x0000002565200000,0x0000002565300000)]
  0x0000015c23633800 JavaThread "Cache worker for cache directory md-rule (C:\Users\OLEG\.gradle\caches\7.3.3\md-rule)" [_thread_blocked, id=9128, stack(0x0000002565300000,0x0000002565400000)]
  0x0000015c23633000 JavaThread "Cache worker for execution history cache (C:\Users\OLEG\.gradle\caches\7.3.3\executionHistory)" [_thread_blocked, id=5460, stack(0x0000002565400000,0x0000002565500000)]
  0x0000015c23634800 JavaThread "jar transforms" [_thread_blocked, id=8044, stack(0x0000002565500000,0x0000002565600000)]
  0x0000015c2362f800 JavaThread "jar transforms Thread 2" [_thread_blocked, id=11316, stack(0x0000002565600000,0x0000002565700000)]
  0x0000015c23636000 JavaThread "Cache worker for file content cache (C:\Users\OLEG\.gradle\caches\7.3.3\fileContent)" [_thread_blocked, id=10396, stack(0x0000002565700000,0x0000002565800000)]
  0x0000015c23631000 JavaThread "jar transforms Thread 3" [_thread_blocked, id=2160, stack(0x0000002565800000,0x0000002565900000)]
  0x0000015c23637800 JavaThread "jar transforms Thread 4" [_thread_blocked, id=8340, stack(0x0000002565900000,0x0000002565a00000)]
  0x0000015c23632000 JavaThread "Cache worker for kotlin-dsl (C:\Users\OLEG\.gradle\caches\7.3.3\kotlin-dsl)" [_thread_blocked, id=11032, stack(0x0000002563d00000,0x0000002563e00000)]
  0x0000015c23638800 JavaThread "Cache worker for dependencies-accessors (C:\Users\OLEG\Desktop\geekbrains\fullstack\rntodo\android\.gradle\7.3.3\dependencies-accessors)" [_thread_blocked, id=5292, stack(0x0000002565b00000,0x0000002565c00000)]
  0x0000015c2363c800 JavaThread "Cache worker for Build Output Cleanup Cache (C:\Users\OLEG\Desktop\geekbrains\fullstack\rntodo\node_modules\react-native-gradle-plugin\.gradle\buildOutputCleanup)" [_thread_blocked, id=3648, stack(0x0000002565c00000,0x0000002565d00000)]
  0x0000015c2363d800 JavaThread "Unconstrained build operations" [_thread_blocked, id=1912, stack(0x0000002565d00000,0x0000002565e00000)]
  0x0000015c23639800 JavaThread "Unconstrained build operations Thread 2" [_thread_blocked, id=4256, stack(0x0000002565e00000,0x0000002565f00000)]
  0x0000015c2363a000 JavaThread "Unconstrained build operations Thread 3" [_thread_blocked, id=13060, stack(0x0000002565f00000,0x0000002566000000)]
  0x0000015c2363c000 JavaThread "Unconstrained build operations Thread 4" [_thread_blocked, id=9804, stack(0x0000002566000000,0x0000002566100000)]
  0x0000015c2363b000 JavaThread "Unconstrained build operations Thread 5" [_thread_blocked, id=11932, stack(0x0000002566100000,0x0000002566200000)]
  0x0000015c23945000 JavaThread "Unconstrained build operations Thread 6" [_thread_blocked, id=3128, stack(0x0000002566200000,0x0000002566300000)]
  0x0000015c23946000 JavaThread "Unconstrained build operations Thread 7" [_thread_blocked, id=7080, stack(0x0000002566300000,0x0000002566400000)]
  0x0000015c23946800 JavaThread "Unconstrained build operations Thread 8" [_thread_blocked, id=5584, stack(0x0000002566400000,0x0000002566500000)]
  0x0000015c23947800 JavaThread "Unconstrained build operations Thread 9" [_thread_blocked, id=4432, stack(0x0000002566500000,0x0000002566600000)]
  0x0000015c23948800 JavaThread "Unconstrained build operations Thread 10" [_thread_blocked, id=5128, stack(0x0000002566600000,0x0000002566700000)]
  0x0000015c23949000 JavaThread "Unconstrained build operations Thread 11" [_thread_blocked, id=7156, stack(0x0000002566700000,0x0000002566800000)]
  0x0000015c23943800 JavaThread "Unconstrained build operations Thread 12" [_thread_blocked, id=136, stack(0x0000002566800000,0x0000002566900000)]
  0x0000015c2394a000 JavaThread "Unconstrained build operations Thread 13" [_thread_blocked, id=8636, stack(0x0000002566900000,0x0000002566a00000)]
  0x0000015c23944000 JavaThread "Unconstrained build operations Thread 14" [_thread_blocked, id=1160, stack(0x0000002566a00000,0x0000002566b00000)]
  0x0000015c23950800 JavaThread "Unconstrained build operations Thread 15" [_thread_blocked, id=11808, stack(0x0000002566b00000,0x0000002566c00000)]
  0x0000015c2394b800 JavaThread "Unconstrained build operations Thread 16" [_thread_blocked, id=7332, stack(0x0000002566c00000,0x0000002566d00000)]
  0x0000015c2394e000 JavaThread "Unconstrained build operations Thread 17" [_thread_blocked, id=5720, stack(0x0000002566d00000,0x0000002566e00000)]
  0x0000015c2394b000 JavaThread "Unconstrained build operations Thread 18" [_thread_blocked, id=5648, stack(0x0000002566e00000,0x0000002566f00000)]
  0x0000015c2394d000 JavaThread "Unconstrained build operations Thread 19" [_thread_blocked, id=11864, stack(0x0000002566f00000,0x0000002567000000)]
  0x0000015c23951800 JavaThread "Unconstrained build operations Thread 20" [_thread_blocked, id=9884, stack(0x0000002567000000,0x0000002567100000)]
  0x0000015c23952000 JavaThread "Unconstrained build operations Thread 21" [_thread_blocked, id=7792, stack(0x0000002567100000,0x0000002567200000)]
  0x0000015c2394f000 JavaThread "Unconstrained build operations Thread 22" [_thread_blocked, id=1484, stack(0x0000002567200000,0x0000002567300000)]
  0x0000015c2394f800 JavaThread "Unconstrained build operations Thread 23" [_thread_blocked, id=5972, stack(0x0000002567300000,0x0000002567400000)]
  0x0000015c2394c800 JavaThread "Unconstrained build operations Thread 24" [_thread_blocked, id=11776, stack(0x0000002567400000,0x0000002567500000)]
  0x0000015c224c2800 JavaThread "Unconstrained build operations Thread 25" [_thread_blocked, id=7236, stack(0x0000002567500000,0x0000002567600000)]
  0x0000015c224c4800 JavaThread "Unconstrained build operations Thread 26" [_thread_blocked, id=11484, stack(0x0000002567600000,0x0000002567700000)]
  0x0000015c224c1800 JavaThread "Unconstrained build operations Thread 27" [_thread_blocked, id=7624, stack(0x0000002567700000,0x0000002567800000)]
  0x0000015c224c0800 JavaThread "Unconstrained build operations Thread 28" [_thread_blocked, id=4600, stack(0x0000002567800000,0x0000002567900000)]
  0x0000015c224c3000 JavaThread "Unconstrained build operations Thread 29" [_thread_blocked, id=7200, stack(0x0000002567900000,0x0000002567a00000)]
  0x0000015c224c4000 JavaThread "Unconstrained build operations Thread 30" [_thread_blocked, id=10812, stack(0x0000002567a00000,0x0000002567b00000)]
  0x0000015c224bf000 JavaThread "Unconstrained build operations Thread 31" [_thread_blocked, id=8820, stack(0x0000002567b00000,0x0000002567c00000)]
  0x0000015c224c5800 JavaThread "Unconstrained build operations Thread 32" [_thread_blocked, id=880, stack(0x0000002567c00000,0x0000002567d00000)]
  0x0000015c224c0000 JavaThread "Unconstrained build operations Thread 33" [_thread_blocked, id=12016, stack(0x0000002567d00000,0x0000002567e00000)]
  0x0000015c224cb000 JavaThread "build event listener" [_thread_blocked, id=8788, stack(0x0000002567e00000,0x0000002567f00000)]
  0x0000015c224c6800 JavaThread "Memory manager" [_thread_blocked, id=9144, stack(0x0000002567f00000,0x0000002568000000)]
  0x0000015c224cc000 JavaThread "Cache worker for Build Output Cleanup Cache (C:\Users\OLEG\Desktop\geekbrains\fullstack\rntodo\android\.gradle\buildOutputCleanup)" [_thread_blocked, id=2812, stack(0x0000002568000000,0x0000002568100000)]
  0x0000015c224ca800 JavaThread "included builds" [_thread_blocked, id=12948, stack(0x0000002568100000,0x0000002568200000)]
  0x0000015c224c9000 JavaThread "Cache worker for execution history cache (C:\Users\OLEG\Desktop\geekbrains\fullstack\rntodo\node_modules\react-native-gradle-plugin\.gradle\7.3.3\executionHistory)" [_thread_blocked, id=10860, stack(0x0000002568500000,0x0000002568600000)]
  0x0000015c224c9800 JavaThread "Unconstrained build operations Thread 34" [_thread_blocked, id=1352, stack(0x0000002568600000,0x0000002568700000)]
  0x0000015c224c8000 JavaThread "Unconstrained build operations Thread 35" [_thread_blocked, id=2568, stack(0x0000002568700000,0x0000002568800000)]
  0x0000015c266f8800 JavaThread "Unconstrained build operations Thread 36" [_thread_blocked, id=7372, stack(0x0000002568800000,0x0000002568900000)]
  0x0000015c266f2800 JavaThread "Unconstrained build operations Thread 37" [_thread_blocked, id=11816, stack(0x0000002568900000,0x0000002568a00000)]
  0x0000015c266f7000 JavaThread "Unconstrained build operations Thread 38" [_thread_blocked, id=1620, stack(0x0000002568a00000,0x0000002568b00000)]
  0x0000015c266f4800 JavaThread "Unconstrained build operations Thread 39" [_thread_blocked, id=11332, stack(0x0000002568b00000,0x0000002568c00000)]
  0x0000015c266f9000 JavaThread "Unconstrained build operations Thread 40" [_thread_blocked, id=4364, stack(0x0000002568c00000,0x0000002568d00000)]
  0x0000015c266f3800 JavaThread "RMI Scheduler(0)" daemon [_thread_blocked, id=11500, stack(0x0000002565a00000,0x0000002565b00000)]
  0x0000015c266f6000 JavaThread "RMI GC Daemon" daemon [_thread_blocked, id=6984, stack(0x0000002568e00000,0x0000002568f00000)]
  0x0000015c266fa000 JavaThread "RMI TCP Accept-0" daemon [_thread_in_native, id=8304, stack(0x0000002568f00000,0x0000002569000000)]
  0x0000015c266fb000 JavaThread "RMI Reaper" [_thread_blocked, id=11628, stack(0x0000002569000000,0x0000002569100000)]
  0x0000015c266f5000 JavaThread "RMI TCP Connection(2)-127.0.0.1" daemon [_thread_in_native, id=12432, stack(0x0000002569100000,0x0000002569200000)]
  0x0000015c26700800 JavaThread "Cache worker for Java compile cache (C:\Users\OLEG\.gradle\caches\7.3.3\javaCompile)" [_thread_blocked, id=11532, stack(0x0000002569300000,0x0000002569400000)]
  0x0000015c266fb800 JavaThread "Build operations" [_thread_blocked, id=13240, stack(0x0000002568d00000,0x0000002568e00000)]
  0x0000015c266fc800 JavaThread "Build operations Thread 2" [_thread_blocked, id=8404, stack(0x0000002569500000,0x0000002569600000)]
  0x0000015c266fd800 JavaThread "Build operations Thread 3" [_thread_blocked, id=10952, stack(0x0000002569600000,0x0000002569700000)]
  0x0000015c266f7800 JavaThread "Build operations Thread 4" [_thread_blocked, id=8984, stack(0x0000002569700000,0x0000002569800000)]
=>0x0000015c287af000 JavaThread "C2 CompilerThread1" daemon [_thread_in_native, id=1672, stack(0x0000002568200000,0x0000002568300000)]

Other Threads:
  0x0000015c1eeb1800 VMThread "VM Thread" [stack: 0x0000002563200000,0x0000002563300000] [id=12748]
  0x0000015c1f9c7800 WatcherThread [stack: 0x0000002563c00000,0x0000002563d00000] [id=7892]
  0x0000015c7ce0b000 GCTaskThread "GC Thread#0" [stack: 0x0000002562d00000,0x0000002562e00000] [id=7516]
  0x0000015c1fcb2000 GCTaskThread "GC Thread#1" [stack: 0x0000002563e00000,0x0000002563f00000] [id=12260]
  0x0000015c20211000 GCTaskThread "GC Thread#2" [stack: 0x0000002563f00000,0x0000002564000000] [id=7248]
  0x0000015c2168b800 GCTaskThread "GC Thread#3" [stack: 0x0000002564a00000,0x0000002564b00000] [id=6548]
  0x0000015c7ce3d000 ConcurrentGCThread "G1 Main Marker" [stack: 0x0000002562e00000,0x0000002562f00000] [id=9576]
  0x0000015c7ce40800 ConcurrentGCThread "G1 Conc#0" [stack: 0x0000002562f00000,0x0000002563000000] [id=10340]
  0x0000015c7cec4800 ConcurrentGCThread "G1 Refine#0" [stack: 0x0000002563000000,0x0000002563100000] [id=8780]
  0x0000015c28a85000 ConcurrentGCThread "G1 Refine#1" [stack: 0x0000002569800000,0x0000002569900000] [id=1600]
  0x0000015c26d2d000 ConcurrentGCThread "G1 Refine#2" [stack: 0x0000002569900000,0x0000002569a00000] [id=416]
  0x0000015c1ed30800 ConcurrentGCThread "G1 Young RemSet Sampling" [stack: 0x0000002563100000,0x0000002563200000] [id=12728]

Threads with active compile tasks:
C2 CompilerThread0  49363 13532 %     4       groovy.lang.MetaClassImpl::inheritInterfaceNewMetaMethods @ 100 (195 bytes)
C2 CompilerThread1  49363 13535       4       java.beans.Introspector::addMethod (196 bytes)

VM state:not at safepoint (normal execution)

VM Mutex/Monitor currently owned by a thread: None

Heap address: 0x0000000080000000, size: 2048 MB, Compressed Oops mode: 32-bit
Narrow klass base: 0x0000000000000000, Narrow klass shift: 3
Compressed class space size: 528482304 Address: 0x0000000100000000

Heap:
 garbage-first heap   total 293888K, used 137468K [0x0000000080000000, 0x0000000100000000)
  region size 1024K, 23 young (23552K), 11 survivors (11264K)
 Metaspace       used 101620K, capacity 104940K, committed 105216K, reserved 608256K
  class space    used 13014K, capacity 14272K, committed 14336K, reserved 516096K
Heap Regions: E=young(eden), S=young(survivor), O=old, HS=humongous(starts), HC=humongous(continues), CS=collection set, F=free, A=archive, TAMS=top-at-mark-start (previous, next)
|   0|0x0000000080000000, 0x0000000080100000, 0x0000000080100000|100%| O|  |TAMS 0x0000000080100000, 0x0000000080000000| Untracked 
|   1|0x0000000080100000, 0x0000000080200000, 0x0000000080200000|100%| O|  |TAMS 0x0000000080200000, 0x0000000080100000| Untracked 
|   2|0x0000000080200000, 0x0000000080300000, 0x0000000080300000|100%| O|  |TAMS 0x0000000080300000, 0x0000000080200000| Untracked 
|   3|0x0000000080300000, 0x0000000080400000, 0x0000000080400000|100%|HS|  |TAMS 0x0000000080400000, 0x0000000080300000| Complete 
|   4|0x0000000080400000, 0x0000000080500000, 0x0000000080500000|100%|HC|  |TAMS 0x0000000080500000, 0x0000000080400000| Complete 
|   5|0x0000000080500000, 0x0000000080600000, 0x0000000080600000|100%|HC|  |TAMS 0x0000000080600000, 0x0000000080500000| Complete 
|   6|0x0000000080600000, 0x0000000080700000, 0x0000000080700000|100%| O|  |TAMS 0x0000000080700000, 0x0000000080600000| Untracked 
|   7|0x0000000080700000, 0x0000000080800000, 0x0000000080800000|100%| O|  |TAMS 0x0000000080800000, 0x0000000080700000| Untracked 
|   8|0x0000000080800000, 0x0000000080900000, 0x0000000080900000|100%| O|  |TAMS 0x0000000080900000, 0x0000000080800000| Untracked 
|   9|0x0000000080900000, 0x0000000080a00000, 0x0000000080a00000|100%| O|  |TAMS 0x0000000080a00000, 0x0000000080900000| Untracked 
|  10|0x0000000080a00000, 0x0000000080b00000, 0x0000000080b00000|100%| O|  |TAMS 0x0000000080a00000, 0x0000000080a00000| Untracked 
|  11|0x0000000080b00000, 0x0000000080c00000, 0x0000000080c00000|100%| O|  |TAMS 0x0000000080c00000, 0x0000000080b00000| Untracked 
|  12|0x0000000080c00000, 0x0000000080d00000, 0x0000000080d00000|100%| O|  |TAMS 0x0000000080d00000, 0x0000000080c00000| Untracked 
|  13|0x0000000080d00000, 0x0000000080e00000, 0x0000000080e00000|100%| O|  |TAMS 0x0000000080e00000, 0x0000000080d00000| Untracked 
|  14|0x0000000080e00000, 0x0000000080f00000, 0x0000000080f00000|100%| O|  |TAMS 0x0000000080f00000, 0x0000000080e00000| Untracked 
|  15|0x0000000080f00000, 0x0000000081000000, 0x0000000081000000|100%| O|  |TAMS 0x0000000081000000, 0x0000000080f00000| Untracked 
|  16|0x0000000081000000, 0x0000000081100000, 0x0000000081100000|100%| O|  |TAMS 0x0000000081100000, 0x0000000081000000| Untracked 
|  17|0x0000000081100000, 0x0000000081200000, 0x0000000081200000|100%|HS|  |TAMS 0x0000000081200000, 0x0000000081100000| Complete 
|  18|0x0000000081200000, 0x0000000081300000, 0x0000000081300000|100%| O|  |TAMS 0x0000000081300000, 0x0000000081200000| Untracked 
|  19|0x0000000081300000, 0x0000000081400000, 0x0000000081400000|100%| O|  |TAMS 0x0000000081400000, 0x0000000081300000| Untracked 
|  20|0x0000000081400000, 0x0000000081500000, 0x0000000081500000|100%| O|  |TAMS 0x0000000081500000, 0x0000000081400000| Untracked 
|  21|0x0000000081500000, 0x0000000081600000, 0x0000000081600000|100%| O|  |TAMS 0x0000000081600000, 0x0000000081500000| Untracked 
|  22|0x0000000081600000, 0x0000000081700000, 0x0000000081700000|100%| O|  |TAMS 0x0000000081700000, 0x0000000081600000| Untracked 
|  23|0x0000000081700000, 0x0000000081800000, 0x0000000081800000|100%| O|  |TAMS 0x0000000081800000, 0x0000000081700000| Untracked 
|  24|0x0000000081800000, 0x0000000081900000, 0x0000000081900000|100%|HS|  |TAMS 0x0000000081900000, 0x0000000081800000| Complete 
|  25|0x0000000081900000, 0x0000000081a00000, 0x0000000081a00000|100%|HC|  |TAMS 0x0000000081a00000, 0x0000000081900000| Complete 
|  26|0x0000000081a00000, 0x0000000081b00000, 0x0000000081b00000|100%|HC|  |TAMS 0x0000000081b00000, 0x0000000081a00000| Complete 
|  27|0x0000000081b00000, 0x0000000081c00000, 0x0000000081c00000|100%| O|  |TAMS 0x0000000081c00000, 0x0000000081b00000| Untracked 
|  28|0x0000000081c00000, 0x0000000081d00000, 0x0000000081d00000|100%| O|  |TAMS 0x0000000081d00000, 0x0000000081c00000| Untracked 
|  29|0x0000000081d00000, 0x0000000081e00000, 0x0000000081e00000|100%| O|  |TAMS 0x0000000081e00000, 0x0000000081d00000| Untracked 
|  30|0x0000000081e00000, 0x0000000081f00000, 0x0000000081f00000|100%| O|  |TAMS 0x0000000081f00000, 0x0000000081e00000| Untracked 
|  31|0x0000000081f00000, 0x0000000082000000, 0x0000000082000000|100%| O|  |TAMS 0x0000000082000000, 0x0000000081f00000| Untracked 
|  32|0x0000000082000000, 0x0000000082100000, 0x0000000082100000|100%| O|  |TAMS 0x0000000082100000, 0x0000000082000000| Untracked 
|  33|0x0000000082100000, 0x0000000082200000, 0x0000000082200000|100%| O|  |TAMS 0x0000000082100000, 0x0000000082100000| Untracked 
|  34|0x0000000082200000, 0x0000000082300000, 0x0000000082300000|100%| O|  |TAMS 0x0000000082300000, 0x0000000082200000| Untracked 
|  35|0x0000000082300000, 0x0000000082400000, 0x0000000082400000|100%| O|  |TAMS 0x0000000082400000, 0x0000000082300000| Untracked 
|  36|0x0000000082400000, 0x0000000082500000, 0x0000000082500000|100%| O|  |TAMS 0x0000000082500000, 0x0000000082400000| Untracked 
|  37|0x0000000082500000, 0x0000000082600000, 0x0000000082600000|100%| O|  |TAMS 0x0000000082600000, 0x0000000082500000| Untracked 
|  38|0x0000000082600000, 0x0000000082700000, 0x0000000082700000|100%| O|  |TAMS 0x0000000082700000, 0x0000000082600000| Untracked 
|  39|0x0000000082700000, 0x0000000082800000, 0x0000000082800000|100%| O|  |TAMS 0x0000000082800000, 0x0000000082700000| Untracked 
|  40|0x0000000082800000, 0x0000000082900000, 0x0000000082900000|100%| O|  |TAMS 0x0000000082900000, 0x0000000082800000| Untracked 
|  41|0x0000000082900000, 0x0000000082a00000, 0x0000000082a00000|100%| O|  |TAMS 0x0000000082a00000, 0x0000000082900000| Untracked 
|  42|0x0000000082a00000, 0x0000000082b00000, 0x0000000082b00000|100%| O|  |TAMS 0x0000000082b00000, 0x0000000082a00000| Untracked 
|  43|0x0000000082b00000, 0x0000000082c00000, 0x0000000082c00000|100%| O|  |TAMS 0x0000000082c00000, 0x0000000082b00000| Untracked 
|  44|0x0000000082c00000, 0x0000000082d00000, 0x0000000082d00000|100%| O|  |TAMS 0x0000000082d00000, 0x0000000082c00000| Untracked 
|  45|0x0000000082d00000, 0x0000000082e00000, 0x0000000082e00000|100%| O|  |TAMS 0x0000000082e00000, 0x0000000082d00000| Untracked 
|  46|0x0000000082e00000, 0x0000000082f00000, 0x0000000082f00000|100%| O|  |TAMS 0x0000000082e00000, 0x0000000082e00000| Untracked 
|  47|0x0000000082f00000, 0x0000000083000000, 0x0000000083000000|100%| O|  |TAMS 0x0000000083000000, 0x0000000082f00000| Untracked 
|  48|0x0000000083000000, 0x0000000083100000, 0x0000000083100000|100%| O|  |TAMS 0x0000000083100000, 0x0000000083000000| Untracked 
|  49|0x0000000083100000, 0x0000000083200000, 0x0000000083200000|100%| O|  |TAMS 0x0000000083200000, 0x0000000083100000| Untracked 
|  50|0x0000000083200000, 0x0000000083300000, 0x0000000083300000|100%| O|  |TAMS 0x0000000083300000, 0x0000000083200000| Untracked 
|  51|0x0000000083300000, 0x0000000083400000, 0x0000000083400000|100%| O|  |TAMS 0x0000000083300000, 0x0000000083300000| Untracked 
|  52|0x0000000083400000, 0x0000000083500000, 0x0000000083500000|100%| O|  |TAMS 0x0000000083500000, 0x0000000083400000| Untracked 
|  53|0x0000000083500000, 0x0000000083600000, 0x0000000083600000|100%| O|  |TAMS 0x0000000083600000, 0x0000000083500000| Untracked 
|  54|0x0000000083600000, 0x0000000083700000, 0x0000000083700000|100%| O|  |TAMS 0x0000000083700000, 0x0000000083600000| Untracked 
|  55|0x0000000083700000, 0x0000000083800000, 0x0000000083800000|100%| O|  |TAMS 0x0000000083700000, 0x0000000083700000| Untracked 
|  56|0x0000000083800000, 0x0000000083900000, 0x0000000083900000|100%| O|  |TAMS 0x0000000083900000, 0x0000000083800000| Untracked 
|  57|0x0000000083900000, 0x0000000083a00000, 0x0000000083a00000|100%| O|  |TAMS 0x0000000083a00000, 0x0000000083900000| Untracked 
|  58|0x0000000083a00000, 0x0000000083b00000, 0x0000000083b00000|100%| O|  |TAMS 0x0000000083a00000, 0x0000000083a00000| Untracked 
|  59|0x0000000083b00000, 0x0000000083c00000, 0x0000000083c00000|100%| O|  |TAMS 0x0000000083c00000, 0x0000000083b00000| Untracked 
|  60|0x0000000083c00000, 0x0000000083d00000, 0x0000000083d00000|100%| O|  |TAMS 0x0000000083d00000, 0x0000000083c00000| Untracked 
|  61|0x0000000083d00000, 0x0000000083e00000, 0x0000000083e00000|100%| O|  |TAMS 0x0000000083d00000, 0x0000000083d00000| Untracked 
|  62|0x0000000083e00000, 0x0000000083f00000, 0x0000000083f00000|100%| O|  |TAMS 0x0000000083f00000, 0x0000000083e00000| Untracked 
|  63|0x0000000083f00000, 0x0000000084000000, 0x0000000084000000|100%| O|  |TAMS 0x0000000083f00000, 0x0000000083f00000| Untracked 
|  64|0x0000000084000000, 0x0000000084100000, 0x0000000084100000|100%| O|  |TAMS 0x0000000084100000, 0x0000000084000000| Untracked 
|  65|0x0000000084100000, 0x0000000084200000, 0x0000000084200000|100%|HS|  |TAMS 0x0000000084100000, 0x0000000084100000| Complete 
|  66|0x0000000084200000, 0x0000000084300000, 0x0000000084300000|100%|HC|  |TAMS 0x0000000084200000, 0x0000000084200000| Complete 
|  67|0x0000000084300000, 0x0000000084400000, 0x0000000084400000|100%| O|  |TAMS 0x0000000084400000, 0x0000000084300000| Untracked 
|  68|0x0000000084400000, 0x0000000084500000, 0x0000000084500000|100%|HS|  |TAMS 0x0000000084400000, 0x0000000084400000| Complete 
|  69|0x0000000084500000, 0x0000000084600000, 0x0000000084600000|100%|HS|  |TAMS 0x0000000084500000, 0x0000000084500000| Complete 
|  70|0x0000000084600000, 0x0000000084700000, 0x0000000084700000|100%| O|  |TAMS 0x0000000084600000, 0x0000000084600000| Untracked 
|  71|0x0000000084700000, 0x0000000084800000, 0x0000000084800000|100%|HS|  |TAMS 0x0000000084700000, 0x0000000084700000| Complete 
|  72|0x0000000084800000, 0x0000000084900000, 0x0000000084900000|100%| O|  |TAMS 0x0000000084800000, 0x0000000084800000| Untracked 
|  73|0x0000000084900000, 0x0000000084a00000, 0x0000000084a00000|100%| O|  |TAMS 0x0000000084900000, 0x0000000084900000| Untracked 
|  74|0x0000000084a00000, 0x0000000084b00000, 0x0000000084b00000|100%| O|  |TAMS 0x0000000084a00000, 0x0000000084a00000| Untracked 
|  75|0x0000000084b00000, 0x0000000084c00000, 0x0000000084c00000|100%| O|  |TAMS 0x0000000084b00000, 0x0000000084b00000| Untracked 
|  76|0x0000000084c00000, 0x0000000084d00000, 0x0000000084d00000|100%| O|  |TAMS 0x0000000084c00000, 0x0000000084c00000| Untracked 
|  77|0x0000000084d00000, 0x0000000084e00000, 0x0000000084e00000|100%| O|  |TAMS 0x0000000084d00000, 0x0000000084d00000| Untracked 
|  78|0x0000000084e00000, 0x0000000084f00000, 0x0000000084f00000|100%| O|  |TAMS 0x0000000084e00000, 0x0000000084e00000| Untracked 
|  79|0x0000000084f00000, 0x0000000085000000, 0x0000000085000000|100%| O|  |TAMS 0x0000000084f00000, 0x0000000084f00000| Untracked 
|  80|0x0000000085000000, 0x0000000085100000, 0x0000000085100000|100%| O|  |TAMS 0x0000000085100000, 0x0000000085000000| Untracked 
|  81|0x0000000085100000, 0x0000000085200000, 0x0000000085200000|100%| O|  |TAMS 0x0000000085200000, 0x0000000085100000| Untracked 
|  82|0x0000000085200000, 0x0000000085300000, 0x0000000085300000|100%| O|  |TAMS 0x0000000085200000, 0x0000000085200000| Untracked 
|  83|0x0000000085300000, 0x0000000085400000, 0x0000000085400000|100%| O|  |TAMS 0x0000000085300000, 0x0000000085300000| Untracked 
|  84|0x0000000085400000, 0x0000000085500000, 0x0000000085500000|100%| O|  |TAMS 0x0000000085400000, 0x0000000085400000| Untracked 
|  85|0x0000000085500000, 0x0000000085600000, 0x0000000085600000|100%| O|  |TAMS 0x0000000085500000, 0x0000000085500000| Untracked 
|  86|0x0000000085600000, 0x0000000085700000, 0x0000000085700000|100%| O|  |TAMS 0x0000000085700000, 0x0000000085600000| Untracked 
|  87|0x0000000085700000, 0x0000000085800000, 0x0000000085800000|100%| O|  |TAMS 0x0000000085700000, 0x0000000085700000| Untracked 
|  88|0x0000000085800000, 0x0000000085900000, 0x0000000085900000|100%| O|  |TAMS 0x0000000085800000, 0x0000000085800000| Untracked 
|  89|0x0000000085900000, 0x0000000085a00000, 0x0000000085a00000|100%| O|  |TAMS 0x0000000085a00000, 0x0000000085900000| Untracked 
|  90|0x0000000085a00000, 0x0000000085b00000, 0x0000000085b00000|100%| O|  |TAMS 0x0000000085b00000, 0x0000000085a00000| Untracked 
|  91|0x0000000085b00000, 0x0000000085c00000, 0x0000000085c00000|100%| O|  |TAMS 0x0000000085c00000, 0x0000000085b00000| Untracked 
|  92|0x0000000085c00000, 0x0000000085d00000, 0x0000000085d00000|100%| O|  |TAMS 0x0000000085d00000, 0x0000000085c00000| Untracked 
|  93|0x0000000085d00000, 0x0000000085e00000, 0x0000000085e00000|100%| O|  |TAMS 0x0000000085e00000, 0x0000000085d00000| Untracked 
|  94|0x0000000085e00000, 0x0000000085f00000, 0x0000000085f00000|100%| O|  |TAMS 0x0000000085f00000, 0x0000000085e00000| Untracked 
|  95|0x0000000085f00000, 0x0000000086000000, 0x0000000086000000|100%| O|  |TAMS 0x0000000086000000, 0x0000000085f00000| Untracked 
|  96|0x0000000086000000, 0x0000000086100000, 0x0000000086100000|100%| O|  |TAMS 0x0000000086000000, 0x0000000086000000| Untracked 
|  97|0x0000000086100000, 0x0000000086200000, 0x0000000086200000|100%| O|  |TAMS 0x0000000086100000, 0x0000000086100000| Untracked 
|  98|0x0000000086200000, 0x0000000086300000, 0x0000000086300000|100%| O|  |TAMS 0x0000000086200000, 0x0000000086200000| Untracked 
|  99|0x0000000086300000, 0x0000000086400000, 0x0000000086400000|100%| O|  |TAMS 0x0000000086300000, 0x0000000086300000| Untracked 
| 100|0x0000000086400000, 0x0000000086500000, 0x0000000086500000|100%| O|  |TAMS 0x0000000086400000, 0x0000000086400000| Untracked 
| 101|0x0000000086500000, 0x0000000086600000, 0x0000000086600000|100%| O|  |TAMS 0x0000000086500000, 0x0000000086500000| Untracked 
| 102|0x0000000086600000, 0x0000000086700000, 0x0000000086700000|100%| O|  |TAMS 0x0000000086600000, 0x0000000086600000| Untracked 
| 103|0x0000000086700000, 0x0000000086800000, 0x0000000086800000|100%| O|  |TAMS 0x0000000086700000, 0x0000000086700000| Untracked 
| 104|0x0000000086800000, 0x0000000086900000, 0x0000000086900000|100%| O|  |TAMS 0x0000000086800000, 0x0000000086800000| Untracked 
| 105|0x0000000086900000, 0x0000000086900000, 0x0000000086a00000|  0%| F|  |TAMS 0x0000000086900000, 0x0000000086900000| Untracked 
| 106|0x0000000086a00000, 0x0000000086a00000, 0x0000000086b00000|  0%| F|  |TAMS 0x0000000086a00000, 0x0000000086a00000| Untracked 
| 107|0x0000000086b00000, 0x0000000086c00000, 0x0000000086c00000|100%| O|  |TAMS 0x0000000086b00000, 0x0000000086b00000| Untracked 
| 108|0x0000000086c00000, 0x0000000086c00000, 0x0000000086d00000|  0%| F|  |TAMS 0x0000000086c00000, 0x0000000086c00000| Untracked 
| 109|0x0000000086d00000, 0x0000000086e00000, 0x0000000086e00000|100%| O|  |TAMS 0x0000000086d00000, 0x0000000086d00000| Untracked 
| 110|0x0000000086e00000, 0x0000000086f00000, 0x0000000086f00000|100%| O|  |TAMS 0x0000000086e00000, 0x0000000086e00000| Untracked 
| 111|0x0000000086f00000, 0x0000000087000000, 0x0000000087000000|100%| O|  |TAMS 0x0000000086f00000, 0x0000000086f00000| Untracked 
| 112|0x0000000087000000, 0x0000000087100000, 0x0000000087100000|100%| O|  |TAMS 0x0000000087000000, 0x0000000087000000| Untracked 
| 113|0x0000000087100000, 0x0000000087200000, 0x0000000087200000|100%| O|  |TAMS 0x0000000087100000, 0x0000000087100000| Untracked 
| 114|0x0000000087200000, 0x0000000087300000, 0x0000000087300000|100%| O|  |TAMS 0x0000000087200000, 0x0000000087200000| Untracked 
| 115|0x0000000087300000, 0x0000000087400000, 0x0000000087400000|100%| O|  |TAMS 0x0000000087300000, 0x0000000087300000| Untracked 
| 116|0x0000000087400000, 0x0000000087400000, 0x0000000087500000|  0%| F|  |TAMS 0x0000000087400000, 0x0000000087400000| Untracked 
| 117|0x0000000087500000, 0x0000000087500000, 0x0000000087600000|  0%| F|  |TAMS 0x0000000087500000, 0x0000000087500000| Untracked 
| 118|0x0000000087600000, 0x0000000087600000, 0x0000000087700000|  0%| F|  |TAMS 0x0000000087600000, 0x0000000087600000| Untracked 
| 119|0x0000000087700000, 0x0000000087700000, 0x0000000087800000|  0%| F|  |TAMS 0x0000000087700000, 0x0000000087700000| Untracked 
| 120|0x0000000087800000, 0x0000000087800000, 0x0000000087900000|  0%| F|  |TAMS 0x0000000087800000, 0x0000000087800000| Untracked 
| 121|0x0000000087900000, 0x0000000087900000, 0x0000000087a00000|  0%| F|  |TAMS 0x0000000087900000, 0x0000000087900000| Untracked 
| 122|0x0000000087a00000, 0x0000000087a00000, 0x0000000087b00000|  0%| F|  |TAMS 0x0000000087a00000, 0x0000000087a00000| Untracked 
| 123|0x0000000087b00000, 0x0000000087b00000, 0x0000000087c00000|  0%| F|  |TAMS 0x0000000087b00000, 0x0000000087b00000| Untracked 
| 124|0x0000000087c00000, 0x0000000087c00000, 0x0000000087d00000|  0%| F|  |TAMS 0x0000000087c00000, 0x0000000087c00000| Untracked 
| 125|0x0000000087d00000, 0x0000000087d00000, 0x0000000087e00000|  0%| F|  |TAMS 0x0000000087d00000, 0x0000000087d00000| Untracked 
| 126|0x0000000087e00000, 0x0000000087e00000, 0x0000000087f00000|  0%| F|  |TAMS 0x0000000087e00000, 0x0000000087e00000| Untracked 
| 127|0x0000000087f00000, 0x0000000087f00000, 0x0000000088000000|  0%| F|  |TAMS 0x0000000087f00000, 0x0000000087f00000| Untracked 
| 128|0x0000000088000000, 0x0000000088000000, 0x0000000088100000|  0%| F|  |TAMS 0x0000000088000000, 0x0000000088000000| Untracked 
| 129|0x0000000088100000, 0x0000000088100000, 0x0000000088200000|  0%| F|  |TAMS 0x0000000088100000, 0x0000000088100000| Untracked 
| 130|0x0000000088200000, 0x0000000088200000, 0x0000000088300000|  0%| F|  |TAMS 0x0000000088200000, 0x0000000088200000| Untracked 
| 131|0x0000000088300000, 0x0000000088300000, 0x0000000088400000|  0%| F|  |TAMS 0x0000000088300000, 0x0000000088300000| Untracked 
| 132|0x0000000088400000, 0x0000000088400000, 0x0000000088500000|  0%| F|  |TAMS 0x0000000088400000, 0x0000000088400000| Untracked 
| 133|0x0000000088500000, 0x0000000088500000, 0x0000000088600000|  0%| F|  |TAMS 0x0000000088500000, 0x0000000088500000| Untracked 
| 134|0x0000000088600000, 0x0000000088600000, 0x0000000088700000|  0%| F|  |TAMS 0x0000000088600000, 0x0000000088600000| Untracked 
| 135|0x0000000088700000, 0x0000000088700000, 0x0000000088800000|  0%| F|  |TAMS 0x0000000088700000, 0x0000000088700000| Untracked 
| 136|0x0000000088800000, 0x0000000088800000, 0x0000000088900000|  0%| F|  |TAMS 0x0000000088800000, 0x0000000088800000| Untracked 
| 137|0x0000000088900000, 0x0000000088900000, 0x0000000088a00000|  0%| F|  |TAMS 0x0000000088900000, 0x0000000088900000| Untracked 
| 138|0x0000000088a00000, 0x0000000088a00000, 0x0000000088b00000|  0%| F|  |TAMS 0x0000000088a00000, 0x0000000088a00000| Untracked 
| 139|0x0000000088b00000, 0x0000000088b00000, 0x0000000088c00000|  0%| F|  |TAMS 0x0000000088b00000, 0x0000000088b00000| Untracked 
| 140|0x0000000088c00000, 0x0000000088c00000, 0x0000000088d00000|  0%| F|  |TAMS 0x0000000088c00000, 0x0000000088c00000| Untracked 
| 141|0x0000000088d00000, 0x0000000088d00000, 0x0000000088e00000|  0%| F|  |TAMS 0x0000000088d00000, 0x0000000088d00000| Untracked 
| 142|0x0000000088e00000, 0x0000000088e00000, 0x0000000088f00000|  0%| F|  |TAMS 0x0000000088e00000, 0x0000000088e00000| Untracked 
| 143|0x0000000088f00000, 0x0000000088f00000, 0x0000000089000000|  0%| F|  |TAMS 0x0000000088f00000, 0x0000000088f00000| Untracked 
| 144|0x0000000089000000, 0x0000000089000000, 0x0000000089100000|  0%| F|  |TAMS 0x0000000089000000, 0x0000000089000000| Untracked 
| 145|0x0000000089100000, 0x0000000089100000, 0x0000000089200000|  0%| F|  |TAMS 0x0000000089100000, 0x0000000089100000| Untracked 
| 146|0x0000000089200000, 0x0000000089200000, 0x0000000089300000|  0%| F|  |TAMS 0x0000000089200000, 0x0000000089200000| Untracked 
| 147|0x0000000089300000, 0x0000000089300000, 0x0000000089400000|  0%| F|  |TAMS 0x0000000089300000, 0x0000000089300000| Untracked 
| 148|0x0000000089400000, 0x0000000089400000, 0x0000000089500000|  0%| F|  |TAMS 0x0000000089400000, 0x0000000089400000| Untracked 
| 149|0x0000000089500000, 0x0000000089500000, 0x0000000089600000|  0%| F|  |TAMS 0x0000000089500000, 0x0000000089500000| Untracked 
| 150|0x0000000089600000, 0x0000000089600000, 0x0000000089700000|  0%| F|  |TAMS 0x0000000089600000, 0x0000000089600000| Untracked 
| 151|0x0000000089700000, 0x0000000089700000, 0x0000000089800000|  0%| F|  |TAMS 0x0000000089700000, 0x0000000089700000| Untracked 
| 152|0x0000000089800000, 0x0000000089800000, 0x0000000089900000|  0%| F|  |TAMS 0x0000000089800000, 0x0000000089800000| Untracked 
| 153|0x0000000089900000, 0x0000000089900000, 0x0000000089a00000|  0%| F|  |TAMS 0x0000000089900000, 0x0000000089900000| Untracked 
| 154|0x0000000089a00000, 0x0000000089a00000, 0x0000000089b00000|  0%| F|  |TAMS 0x0000000089a00000, 0x0000000089a00000| Untracked 
| 155|0x0000000089b00000, 0x0000000089b00000, 0x0000000089c00000|  0%| F|  |TAMS 0x0000000089b00000, 0x0000000089b00000| Untracked 
| 156|0x0000000089c00000, 0x0000000089c00000, 0x0000000089d00000|  0%| F|  |TAMS 0x0000000089c00000, 0x0000000089c00000| Untracked 
| 157|0x0000000089d00000, 0x0000000089d00000, 0x0000000089e00000|  0%| F|  |TAMS 0x0000000089d00000, 0x0000000089d00000| Untracked 
| 158|0x0000000089e00000, 0x0000000089e00000, 0x0000000089f00000|  0%| F|  |TAMS 0x0000000089e00000, 0x0000000089e00000| Untracked 
| 159|0x0000000089f00000, 0x0000000089f00000, 0x000000008a000000|  0%| F|  |TAMS 0x0000000089f00000, 0x0000000089f00000| Untracked 
| 160|0x000000008a000000, 0x000000008a000000, 0x000000008a100000|  0%| F|  |TAMS 0x000000008a000000, 0x000000008a000000| Untracked 
| 161|0x000000008a100000, 0x000000008a100000, 0x000000008a200000|  0%| F|  |TAMS 0x000000008a100000, 0x000000008a100000| Untracked 
| 162|0x000000008a200000, 0x000000008a200000, 0x000000008a300000|  0%| F|  |TAMS 0x000000008a200000, 0x000000008a200000| Untracked 
| 163|0x000000008a300000, 0x000000008a300000, 0x000000008a400000|  0%| F|  |TAMS 0x000000008a300000, 0x000000008a300000| Untracked 
| 164|0x000000008a400000, 0x000000008a400000, 0x000000008a500000|  0%| F|  |TAMS 0x000000008a400000, 0x000000008a400000| Untracked 
| 165|0x000000008a500000, 0x000000008a500000, 0x000000008a600000|  0%| F|  |TAMS 0x000000008a500000, 0x000000008a500000| Untracked 
| 166|0x000000008a600000, 0x000000008a600000, 0x000000008a700000|  0%| F|  |TAMS 0x000000008a600000, 0x000000008a600000| Untracked 
| 167|0x000000008a700000, 0x000000008a700000, 0x000000008a800000|  0%| F|  |TAMS 0x000000008a700000, 0x000000008a700000| Untracked 
| 168|0x000000008a800000, 0x000000008a800000, 0x000000008a900000|  0%| F|  |TAMS 0x000000008a800000, 0x000000008a800000| Untracked 
| 169|0x000000008a900000, 0x000000008a900000, 0x000000008aa00000|  0%| F|  |TAMS 0x000000008a900000, 0x000000008a900000| Untracked 
| 170|0x000000008aa00000, 0x000000008aa00000, 0x000000008ab00000|  0%| F|  |TAMS 0x000000008aa00000, 0x000000008aa00000| Untracked 
| 171|0x000000008ab00000, 0x000000008ab00000, 0x000000008ac00000|  0%| F|  |TAMS 0x000000008ab00000, 0x000000008ab00000| Untracked 
| 172|0x000000008ac00000, 0x000000008ac00000, 0x000000008ad00000|  0%| F|  |TAMS 0x000000008ac00000, 0x000000008ac00000| Untracked 
| 173|0x000000008ad00000, 0x000000008ad00000, 0x000000008ae00000|  0%| F|  |TAMS 0x000000008ad00000, 0x000000008ad00000| Untracked 
| 174|0x000000008ae00000, 0x000000008ae00000, 0x000000008af00000|  0%| F|  |TAMS 0x000000008ae00000, 0x000000008ae00000| Untracked 
| 175|0x000000008af00000, 0x000000008af00000, 0x000000008b000000|  0%| F|  |TAMS 0x000000008af00000, 0x000000008af00000| Untracked 
| 176|0x000000008b000000, 0x000000008b000000, 0x000000008b100000|  0%| F|  |TAMS 0x000000008b000000, 0x000000008b000000| Untracked 
| 177|0x000000008b100000, 0x000000008b100000, 0x000000008b200000|  0%| F|  |TAMS 0x000000008b100000, 0x000000008b100000| Untracked 
| 178|0x000000008b200000, 0x000000008b200000, 0x000000008b300000|  0%| F|  |TAMS 0x000000008b200000, 0x000000008b200000| Untracked 
| 179|0x000000008b300000, 0x000000008b300000, 0x000000008b400000|  0%| F|  |TAMS 0x000000008b300000, 0x000000008b300000| Untracked 
| 180|0x000000008b400000, 0x000000008b400000, 0x000000008b500000|  0%| F|  |TAMS 0x000000008b400000, 0x000000008b400000| Untracked 
| 181|0x000000008b500000, 0x000000008b500000, 0x000000008b600000|  0%| F|  |TAMS 0x000000008b500000, 0x000000008b500000| Untracked 
| 182|0x000000008b600000, 0x000000008b600000, 0x000000008b700000|  0%| F|  |TAMS 0x000000008b600000, 0x000000008b600000| Untracked 
| 183|0x000000008b700000, 0x000000008b73f278, 0x000000008b800000| 24%| S|CS|TAMS 0x000000008b700000, 0x000000008b700000| Complete 
| 184|0x000000008b800000, 0x000000008b900000, 0x000000008b900000|100%| S|CS|TAMS 0x000000008b800000, 0x000000008b800000| Complete 
| 185|0x000000008b900000, 0x000000008ba00000, 0x000000008ba00000|100%| S|CS|TAMS 0x000000008b900000, 0x000000008b900000| Complete 
| 186|0x000000008ba00000, 0x000000008bb00000, 0x000000008bb00000|100%| S|CS|TAMS 0x000000008ba00000, 0x000000008ba00000| Complete 
| 187|0x000000008bb00000, 0x000000008bc00000, 0x000000008bc00000|100%| S|CS|TAMS 0x000000008bb00000, 0x000000008bb00000| Complete 
| 188|0x000000008bc00000, 0x000000008bd00000, 0x000000008bd00000|100%| S|CS|TAMS 0x000000008bc00000, 0x000000008bc00000| Complete 
| 189|0x000000008bd00000, 0x000000008be00000, 0x000000008be00000|100%| S|CS|TAMS 0x000000008bd00000, 0x000000008bd00000| Complete 
| 190|0x000000008be00000, 0x000000008bf00000, 0x000000008bf00000|100%| S|CS|TAMS 0x000000008be00000, 0x000000008be00000| Complete 
| 191|0x000000008bf00000, 0x000000008c000000, 0x000000008c000000|100%| S|CS|TAMS 0x000000008bf00000, 0x000000008bf00000| Complete 
| 192|0x000000008c000000, 0x000000008c100000, 0x000000008c100000|100%| S|CS|TAMS 0x000000008c000000, 0x000000008c000000| Complete 
| 193|0x000000008c100000, 0x000000008c200000, 0x000000008c200000|100%| S|CS|TAMS 0x000000008c100000, 0x000000008c100000| Complete 
| 194|0x000000008c200000, 0x000000008c200000, 0x000000008c300000|  0%| F|  |TAMS 0x000000008c200000, 0x000000008c200000| Untracked 
| 195|0x000000008c300000, 0x000000008c300000, 0x000000008c400000|  0%| F|  |TAMS 0x000000008c300000, 0x000000008c300000| Untracked 
| 196|0x000000008c400000, 0x000000008c400000, 0x000000008c500000|  0%| F|  |TAMS 0x000000008c400000, 0x000000008c400000| Untracked 
| 197|0x000000008c500000, 0x000000008c500000, 0x000000008c600000|  0%| F|  |TAMS 0x000000008c500000, 0x000000008c500000| Untracked 
| 198|0x000000008c600000, 0x000000008c600000, 0x000000008c700000|  0%| F|  |TAMS 0x000000008c600000, 0x000000008c600000| Untracked 
| 199|0x000000008c700000, 0x000000008c700000, 0x000000008c800000|  0%| F|  |TAMS 0x000000008c700000, 0x000000008c700000| Untracked 
| 200|0x000000008c800000, 0x000000008c800000, 0x000000008c900000|  0%| F|  |TAMS 0x000000008c800000, 0x000000008c800000| Untracked 
| 201|0x000000008c900000, 0x000000008c900000, 0x000000008ca00000|  0%| F|  |TAMS 0x000000008c900000, 0x000000008c900000| Untracked 
| 202|0x000000008ca00000, 0x000000008ca00000, 0x000000008cb00000|  0%| F|  |TAMS 0x000000008ca00000, 0x000000008ca00000| Untracked 
| 203|0x000000008cb00000, 0x000000008cb00000, 0x000000008cc00000|  0%| F|  |TAMS 0x000000008cb00000, 0x000000008cb00000| Untracked 
| 204|0x000000008cc00000, 0x000000008cc00000, 0x000000008cd00000|  0%| F|  |TAMS 0x000000008cc00000, 0x000000008cc00000| Untracked 
| 205|0x000000008cd00000, 0x000000008cd00000, 0x000000008ce00000|  0%| F|  |TAMS 0x000000008cd00000, 0x000000008cd00000| Untracked 
| 206|0x000000008ce00000, 0x000000008ce00000, 0x000000008cf00000|  0%| F|  |TAMS 0x000000008ce00000, 0x000000008ce00000| Untracked 
| 207|0x000000008cf00000, 0x000000008cf00000, 0x000000008d000000|  0%| F|  |TAMS 0x000000008cf00000, 0x000000008cf00000| Untracked 
| 208|0x000000008d000000, 0x000000008d000000, 0x000000008d100000|  0%| F|  |TAMS 0x000000008d000000, 0x000000008d000000| Untracked 
| 209|0x000000008d100000, 0x000000008d100000, 0x000000008d200000|  0%| F|  |TAMS 0x000000008d100000, 0x000000008d100000| Untracked 
| 210|0x000000008d200000, 0x000000008d200000, 0x000000008d300000|  0%| F|  |TAMS 0x000000008d200000, 0x000000008d200000| Untracked 
| 211|0x000000008d300000, 0x000000008d300000, 0x000000008d400000|  0%| F|  |TAMS 0x000000008d300000, 0x000000008d300000| Untracked 
| 212|0x000000008d400000, 0x000000008d400000, 0x000000008d500000|  0%| F|  |TAMS 0x000000008d400000, 0x000000008d400000| Untracked 
| 213|0x000000008d500000, 0x000000008d500000, 0x000000008d600000|  0%| F|  |TAMS 0x000000008d500000, 0x000000008d500000| Untracked 
| 214|0x000000008d600000, 0x000000008d600000, 0x000000008d700000|  0%| F|  |TAMS 0x000000008d600000, 0x000000008d600000| Untracked 
| 215|0x000000008d700000, 0x000000008d700000, 0x000000008d800000|  0%| F|  |TAMS 0x000000008d700000, 0x000000008d700000| Untracked 
| 216|0x000000008d800000, 0x000000008d800000, 0x000000008d900000|  0%| F|  |TAMS 0x000000008d800000, 0x000000008d800000| Untracked 
| 217|0x000000008d900000, 0x000000008d900000, 0x000000008da00000|  0%| F|  |TAMS 0x000000008d900000, 0x000000008d900000| Untracked 
| 218|0x000000008da00000, 0x000000008da00000, 0x000000008db00000|  0%| F|  |TAMS 0x000000008da00000, 0x000000008da00000| Untracked 
| 219|0x000000008db00000, 0x000000008db00000, 0x000000008dc00000|  0%| F|  |TAMS 0x000000008db00000, 0x000000008db00000| Untracked 
| 220|0x000000008dc00000, 0x000000008dc00000, 0x000000008dd00000|  0%| F|  |TAMS 0x000000008dc00000, 0x000000008dc00000| Untracked 
| 221|0x000000008dd00000, 0x000000008dd00000, 0x000000008de00000|  0%| F|  |TAMS 0x000000008dd00000, 0x000000008dd00000| Untracked 
| 222|0x000000008de00000, 0x000000008de00000, 0x000000008df00000|  0%| F|  |TAMS 0x000000008de00000, 0x000000008de00000| Untracked 
| 223|0x000000008df00000, 0x000000008df00000, 0x000000008e000000|  0%| F|  |TAMS 0x000000008df00000, 0x000000008df00000| Untracked 
| 224|0x000000008e000000, 0x000000008e000000, 0x000000008e100000|  0%| F|  |TAMS 0x000000008e000000, 0x000000008e000000| Untracked 
| 225|0x000000008e100000, 0x000000008e100000, 0x000000008e200000|  0%| F|  |TAMS 0x000000008e100000, 0x000000008e100000| Untracked 
| 226|0x000000008e200000, 0x000000008e200000, 0x000000008e300000|  0%| F|  |TAMS 0x000000008e200000, 0x000000008e200000| Untracked 
| 227|0x000000008e300000, 0x000000008e300000, 0x000000008e400000|  0%| F|  |TAMS 0x000000008e300000, 0x000000008e300000| Untracked 
| 228|0x000000008e400000, 0x000000008e400000, 0x000000008e500000|  0%| F|  |TAMS 0x000000008e400000, 0x000000008e400000| Untracked 
| 229|0x000000008e500000, 0x000000008e500000, 0x000000008e600000|  0%| F|  |TAMS 0x000000008e500000, 0x000000008e500000| Untracked 
| 230|0x000000008e600000, 0x000000008e600000, 0x000000008e700000|  0%| F|  |TAMS 0x000000008e600000, 0x000000008e600000| Untracked 
| 231|0x000000008e700000, 0x000000008e700000, 0x000000008e800000|  0%| F|  |TAMS 0x000000008e700000, 0x000000008e700000| Untracked 
| 232|0x000000008e800000, 0x000000008e800000, 0x000000008e900000|  0%| F|  |TAMS 0x000000008e800000, 0x000000008e800000| Untracked 
| 233|0x000000008e900000, 0x000000008e900000, 0x000000008ea00000|  0%| F|  |TAMS 0x000000008e900000, 0x000000008e900000| Untracked 
| 234|0x000000008ea00000, 0x000000008ea00000, 0x000000008eb00000|  0%| F|  |TAMS 0x000000008ea00000, 0x000000008ea00000| Untracked 
| 235|0x000000008eb00000, 0x000000008eb00000, 0x000000008ec00000|  0%| F|  |TAMS 0x000000008eb00000, 0x000000008eb00000| Untracked 
| 236|0x000000008ec00000, 0x000000008ec00000, 0x000000008ed00000|  0%| F|  |TAMS 0x000000008ec00000, 0x000000008ec00000| Untracked 
| 237|0x000000008ed00000, 0x000000008ed00000, 0x000000008ee00000|  0%| F|  |TAMS 0x000000008ed00000, 0x000000008ed00000| Untracked 
| 238|0x000000008ee00000, 0x000000008ee00000, 0x000000008ef00000|  0%| F|  |TAMS 0x000000008ee00000, 0x000000008ee00000| Untracked 
| 239|0x000000008ef00000, 0x000000008ef00000, 0x000000008f000000|  0%| F|  |TAMS 0x000000008ef00000, 0x000000008ef00000| Untracked 
| 240|0x000000008f000000, 0x000000008f000000, 0x000000008f100000|  0%| F|  |TAMS 0x000000008f000000, 0x000000008f000000| Untracked 
| 241|0x000000008f100000, 0x000000008f100000, 0x000000008f200000|  0%| F|  |TAMS 0x000000008f100000, 0x000000008f100000| Untracked 
| 242|0x000000008f200000, 0x000000008f200000, 0x000000008f300000|  0%| F|  |TAMS 0x000000008f200000, 0x000000008f200000| Untracked 
| 243|0x000000008f300000, 0x000000008f300000, 0x000000008f400000|  0%| F|  |TAMS 0x000000008f300000, 0x000000008f300000| Untracked 
| 244|0x000000008f400000, 0x000000008f400000, 0x000000008f500000|  0%| F|  |TAMS 0x000000008f400000, 0x000000008f400000| Untracked 
| 245|0x000000008f500000, 0x000000008f500000, 0x000000008f600000|  0%| F|  |TAMS 0x000000008f500000, 0x000000008f500000| Untracked 
| 246|0x000000008f600000, 0x000000008f600000, 0x000000008f700000|  0%| F|  |TAMS 0x000000008f600000, 0x000000008f600000| Untracked 
| 247|0x000000008f700000, 0x000000008f700000, 0x000000008f800000|  0%| F|  |TAMS 0x000000008f700000, 0x000000008f700000| Untracked 
| 248|0x000000008f800000, 0x000000008f800000, 0x000000008f900000|  0%| F|  |TAMS 0x000000008f800000, 0x000000008f800000| Untracked 
| 249|0x000000008f900000, 0x000000008f900000, 0x000000008fa00000|  0%| F|  |TAMS 0x000000008f900000, 0x000000008f900000| Untracked 
| 250|0x000000008fa00000, 0x000000008fa00000, 0x000000008fb00000|  0%| F|  |TAMS 0x000000008fa00000, 0x000000008fa00000| Untracked 
| 251|0x000000008fb00000, 0x000000008fb00000, 0x000000008fc00000|  0%| F|  |TAMS 0x000000008fb00000, 0x000000008fb00000| Untracked 
| 252|0x000000008fc00000, 0x000000008fc00000, 0x000000008fd00000|  0%| F|  |TAMS 0x000000008fc00000, 0x000000008fc00000| Untracked 
| 253|0x000000008fd00000, 0x000000008fd00000, 0x000000008fe00000|  0%| F|  |TAMS 0x000000008fd00000, 0x000000008fd00000| Untracked 
| 254|0x000000008fe00000, 0x000000008fe00000, 0x000000008ff00000|  0%| F|  |TAMS 0x000000008fe00000, 0x000000008fe00000| Untracked 
| 255|0x000000008ff00000, 0x000000008ff00000, 0x0000000090000000|  0%| F|  |TAMS 0x000000008ff00000, 0x000000008ff00000| Untracked 
| 256|0x0000000090000000, 0x0000000090000000, 0x0000000090100000|  0%| F|  |TAMS 0x0000000090000000, 0x0000000090000000| Untracked 
| 257|0x0000000090100000, 0x0000000090100000, 0x0000000090200000|  0%| F|  |TAMS 0x0000000090100000, 0x0000000090100000| Untracked 
| 258|0x0000000090200000, 0x0000000090200000, 0x0000000090300000|  0%| F|  |TAMS 0x0000000090200000, 0x0000000090200000| Untracked 
| 259|0x0000000090300000, 0x0000000090300000, 0x0000000090400000|  0%| F|  |TAMS 0x0000000090300000, 0x0000000090300000| Untracked 
| 260|0x0000000090400000, 0x0000000090400000, 0x0000000090500000|  0%| F|  |TAMS 0x0000000090400000, 0x0000000090400000| Untracked 
| 261|0x0000000090500000, 0x0000000090500000, 0x0000000090600000|  0%| F|  |TAMS 0x0000000090500000, 0x0000000090500000| Untracked 
| 262|0x0000000090600000, 0x0000000090600000, 0x0000000090700000|  0%| F|  |TAMS 0x0000000090600000, 0x0000000090600000| Untracked 
| 263|0x0000000090700000, 0x0000000090700000, 0x0000000090800000|  0%| F|  |TAMS 0x0000000090700000, 0x0000000090700000| Untracked 
| 264|0x0000000090800000, 0x0000000090800000, 0x0000000090900000|  0%| F|  |TAMS 0x0000000090800000, 0x0000000090800000| Untracked 
| 265|0x0000000090900000, 0x0000000090900000, 0x0000000090a00000|  0%| F|  |TAMS 0x0000000090900000, 0x0000000090900000| Untracked 
| 266|0x0000000090a00000, 0x0000000090a00000, 0x0000000090b00000|  0%| F|  |TAMS 0x0000000090a00000, 0x0000000090a00000| Untracked 
| 267|0x0000000090b00000, 0x0000000090b00000, 0x0000000090c00000|  0%| F|  |TAMS 0x0000000090b00000, 0x0000000090b00000| Untracked 
| 268|0x0000000090c00000, 0x0000000090c00000, 0x0000000090d00000|  0%| F|  |TAMS 0x0000000090c00000, 0x0000000090c00000| Untracked 
| 269|0x0000000090d00000, 0x0000000090d00000, 0x0000000090e00000|  0%| F|  |TAMS 0x0000000090d00000, 0x0000000090d00000| Untracked 
| 270|0x0000000090e00000, 0x0000000090e00000, 0x0000000090f00000|  0%| F|  |TAMS 0x0000000090e00000, 0x0000000090e00000| Untracked 
| 271|0x0000000090f00000, 0x0000000090f00000, 0x0000000091000000|  0%| F|  |TAMS 0x0000000090f00000, 0x0000000090f00000| Untracked 
| 272|0x0000000091000000, 0x0000000091000000, 0x0000000091100000|  0%| F|  |TAMS 0x0000000091000000, 0x0000000091000000| Untracked 
| 273|0x0000000091100000, 0x0000000091100000, 0x0000000091200000|  0%| F|  |TAMS 0x0000000091100000, 0x0000000091100000| Untracked 
| 274|0x0000000091200000, 0x0000000091200000, 0x0000000091300000|  0%| F|  |TAMS 0x0000000091200000, 0x0000000091200000| Untracked 
| 275|0x0000000091300000, 0x0000000091380800, 0x0000000091400000| 50%| E|  |TAMS 0x0000000091300000, 0x0000000091300000| Complete 
| 276|0x0000000091400000, 0x0000000091500000, 0x0000000091500000|100%| E|CS|TAMS 0x0000000091400000, 0x0000000091400000| Complete 
| 277|0x0000000091500000, 0x0000000091600000, 0x0000000091600000|100%| E|CS|TAMS 0x0000000091500000, 0x0000000091500000| Complete 
| 278|0x0000000091600000, 0x0000000091700000, 0x0000000091700000|100%| E|CS|TAMS 0x0000000091600000, 0x0000000091600000| Complete 
| 279|0x0000000091700000, 0x0000000091800000, 0x0000000091800000|100%| E|CS|TAMS 0x0000000091700000, 0x0000000091700000| Complete 
| 280|0x0000000091800000, 0x0000000091900000, 0x0000000091900000|100%| E|CS|TAMS 0x0000000091800000, 0x0000000091800000| Complete 
| 281|0x0000000091900000, 0x0000000091a00000, 0x0000000091a00000|100%| E|CS|TAMS 0x0000000091900000, 0x0000000091900000| Complete 
| 282|0x0000000091a00000, 0x0000000091b00000, 0x0000000091b00000|100%| E|CS|TAMS 0x0000000091a00000, 0x0000000091a00000| Complete 
| 283|0x0000000091b00000, 0x0000000091c00000, 0x0000000091c00000|100%| E|CS|TAMS 0x0000000091b00000, 0x0000000091b00000| Complete 
| 284|0x0000000091c00000, 0x0000000091d00000, 0x0000000091d00000|100%| E|CS|TAMS 0x0000000091c00000, 0x0000000091c00000| Complete 
| 285|0x0000000091d00000, 0x0000000091e00000, 0x0000000091e00000|100%| E|CS|TAMS 0x0000000091d00000, 0x0000000091d00000| Complete 
| 286|0x0000000091e00000, 0x0000000091f00000, 0x0000000091f00000|100%| E|CS|TAMS 0x0000000091e00000, 0x0000000091e00000| Complete 

Card table byte_map: [0x0000015c18090000,0x0000015c18490000] _byte_map_base: 0x0000015c17c90000

Marking Bits (Prev, Next): (CMBitMap*) 0x0000015c7ce34230, (CMBitMap*) 0x0000015c7ce341f8
 Prev Bits: [0x0000015c1a890000, 0x0000015c1c890000)
 Next Bits: [0x0000015c18890000, 0x0000015c1a890000)

Polling page: 0x0000015c00000000

Metaspace:

Usage:
  Non-class:     88.54 MB capacity,    86.53 MB ( 98%) used,     1.70 MB (  2%) free+waste,   322.06 KB ( <1%) overhead. 
      Class:     13.94 MB capacity,    12.71 MB ( 91%) used,     1.08 MB (  8%) free+waste,   150.63 KB (  1%) overhead. 
       Both:    102.48 MB capacity,    99.24 MB ( 97%) used,     2.78 MB (  3%) free+waste,   472.69 KB ( <1%) overhead. 

Virtual space:
  Non-class space:       90.00 MB reserved,      88.75 MB ( 99%) committed 
      Class space:      504.00 MB reserved,      14.00 MB (  3%) committed 
             Both:      594.00 MB reserved,     102.75 MB ( 17%) committed 

Chunk freelists:
   Non-Class:  20.00 KB
       Class:  0 bytes
        Both:  20.00 KB

MaxMetaspaceSize: 512.00 MB
CompressedClassSpaceSize: 504.00 MB
Initial GC threshold: 20.80 MB
Current GC threshold: 140.00 MB
CDS: off

CodeHeap 'non-profiled nmethods': size=120064Kb used=9224Kb max_used=9224Kb free=110839Kb
 bounds [0x0000015c10120000, 0x0000015c10a30000, 0x0000015c17660000]
CodeHeap 'profiled nmethods': size=120000Kb used=31135Kb max_used=31135Kb free=88864Kb
 bounds [0x0000015c08bf0000, 0x0000015c0aa60000, 0x0000015c10120000]
CodeHeap 'non-nmethods': size=5696Kb used=2439Kb max_used=2490Kb free=3256Kb
 bounds [0x0000015c08660000, 0x0000015c088e0000, 0x0000015c08bf0000]
 total_blobs=14439 nmethods=13473 adapters=876
 compilation: enabled
              stopped_count=0, restarted_count=0
 full_count=0

Compilation events (20 events):
Event: 48.965 Thread 0x0000015c1ef1e800 nmethod 13446 0x0000015c10a1a890 code [0x0000015c10a1ab80, 0x0000015c10a1cf90]
Event: 48.966 Thread 0x0000015c1ef1e800 13532 %     4       groovy.lang.MetaClassImpl::inheritInterfaceNewMetaMethods @ 100 (195 bytes)
Event: 48.986 Thread 0x0000015c287af000 nmethod 13531 0x0000015c10a1e010 code [0x0000015c10a1e2e0, 0x0000015c10a20bf0]
Event: 48.986 Thread 0x0000015c287af000 13535       4       java.beans.Introspector::addMethod (196 bytes)
Event: 48.994 Thread 0x0000015c1f840000 13542       3       org.codehaus.groovy.runtime.MetaClassHelper::convertToTypeArray (42 bytes)
Event: 48.995 Thread 0x0000015c1f840000 nmethod 13542 0x0000015c0aa54210 code [0x0000015c0aa54420, 0x0000015c0aa54c08]
Event: 48.997 Thread 0x0000015c1f840000 13543       3       org.codehaus.groovy.runtime.MetaClassHelper::getPrimitiveIndex (31 bytes)
Event: 48.997 Thread 0x0000015c1f840000 nmethod 13543 0x0000015c0aa54e10 code [0x0000015c0aa54fe0, 0x0000015c0aa551f8]
Event: 48.998 Thread 0x0000015c1f840000 13544       3       com.google.common.collect.Maps::newLinkedHashMapWithExpectedSize (12 bytes)
Event: 48.998 Thread 0x0000015c1f840000 nmethod 13544 0x0000015c0aa55310 code [0x0000015c0aa55540, 0x0000015c0aa55918]
Event: 49.022 Thread 0x0000015c1f840000 13548       3       org.codehaus.groovy.util.ComplexKeyHashMap::resize (103 bytes)
Event: 49.023 Thread 0x0000015c1f840000 nmethod 13548 0x0000015c0aa55a90 code [0x0000015c0aa55c80, 0x0000015c0aa56218]
Event: 49.030 Thread 0x0000015c1f840000 13549       3       sun.reflect.generics.reflectiveObjects.TypeVariableImpl::equals (67 bytes)
Event: 49.031 Thread 0x0000015c1f840000 nmethod 13549 0x0000015c0aa56410 code [0x0000015c0aa56640, 0x0000015c0aa56f98]
Event: 49.033 Thread 0x0000015c1f840000 13550       3       com.sun.beans.WeakCache::get (42 bytes)
Event: 49.033 Thread 0x0000015c1f840000 nmethod 13550 0x0000015c0aa57190 code [0x0000015c0aa57380, 0x0000015c0aa57848]
Event: 49.036 Thread 0x0000015c1f840000 13551       1       org.gradle.internal.action.DefaultConfigurableRule::isCacheable (5 bytes)
Event: 49.037 Thread 0x0000015c1f840000 nmethod 13551 0x0000015c10a21e10 code [0x0000015c10a21fc0, 0x0000015c10a22078]
Event: 49.037 Thread 0x0000015c1f840000 13552       3       org.codehaus.groovy.runtime.InvokerHelper::getMetaClass (10 bytes)
Event: 49.037 Thread 0x0000015c1f840000 nmethod 13552 0x0000015c0aa57990 code [0x0000015c0aa57b80, 0x0000015c0aa57f18]

GC Heap History (20 events):
Event: 44.628 GC heap before
{Heap before GC invocations=38 (full 0):
 garbage-first heap   total 157696K, used 120604K [0x0000000080000000, 0x0000000100000000)
  region size 1024K, 28 young (28672K), 2 survivors (2048K)
 Metaspace       used 88229K, capacity 91052K, committed 91136K, reserved 595968K
  class space    used 11431K, capacity 12533K, committed 12544K, reserved 516096K
}
Event: 44.634 GC heap after
{Heap after GC invocations=39 (full 0):
 garbage-first heap   total 203776K, used 97274K [0x0000000080000000, 0x0000000100000000)
  region size 1024K, 4 young (4096K), 4 survivors (4096K)
 Metaspace       used 88229K, capacity 91052K, committed 91136K, reserved 595968K
  class space    used 11431K, capacity 12533K, committed 12544K, reserved 516096K
}
Event: 44.892 GC heap before
{Heap before GC invocations=39 (full 0):
 garbage-first heap   total 203776K, used 145402K [0x0000000080000000, 0x0000000100000000)
  region size 1024K, 51 young (52224K), 4 survivors (4096K)
 Metaspace       used 88259K, capacity 91116K, committed 91136K, reserved 595968K
  class space    used 11431K, capacity 12533K, committed 12544K, reserved 516096K
}
Event: 44.897 GC heap after
{Heap after GC invocations=40 (full 0):
 garbage-first heap   total 203776K, used 98780K [0x0000000080000000, 0x0000000100000000)
  region size 1024K, 5 young (5120K), 5 survivors (5120K)
 Metaspace       used 88259K, capacity 91116K, committed 91136K, reserved 595968K
  class space    used 11431K, capacity 12533K, committed 12544K, reserved 516096K
}
Event: 45.069 GC heap before
{Heap before GC invocations=40 (full 0):
 garbage-first heap   total 203776K, used 149980K [0x0000000080000000, 0x0000000100000000)
  region size 1024K, 55 young (56320K), 5 survivors (5120K)
 Metaspace       used 88278K, capacity 91116K, committed 91136K, reserved 595968K
  class space    used 11431K, capacity 12533K, committed 12544K, reserved 516096K
}
Event: 45.075 GC heap after
{Heap after GC invocations=41 (full 0):
 garbage-first heap   total 203776K, used 99679K [0x0000000080000000, 0x0000000100000000)
  region size 1024K, 3 young (3072K), 3 survivors (3072K)
 Metaspace       used 88278K, capacity 91116K, committed 91136K, reserved 595968K
  class space    used 11431K, capacity 12533K, committed 12544K, reserved 516096K
}
Event: 45.235 GC heap before
{Heap before GC invocations=41 (full 0):
 garbage-first heap   total 203776K, used 152927K [0x0000000080000000, 0x0000000100000000)
  region size 1024K, 55 young (56320K), 3 survivors (3072K)
 Metaspace       used 88285K, capacity 91116K, committed 91136K, reserved 595968K
  class space    used 11432K, capacity 12533K, committed 12544K, reserved 516096K
}
Event: 45.239 GC heap after
{Heap after GC invocations=42 (full 0):
 garbage-first heap   total 203776K, used 100173K [0x0000000080000000, 0x0000000100000000)
  region size 1024K, 4 young (4096K), 4 survivors (4096K)
 Metaspace       used 88285K, capacity 91116K, committed 91136K, reserved 595968K
  class space    used 11432K, capacity 12533K, committed 12544K, reserved 516096K
}
Event: 45.427 GC heap before
{Heap before GC invocations=42 (full 0):
 garbage-first heap   total 203776K, used 156493K [0x0000000080000000, 0x0000000100000000)
  region size 1024K, 59 young (60416K), 4 survivors (4096K)
 Metaspace       used 88289K, capacity 91116K, committed 91136K, reserved 595968K
  class space    used 11432K, capacity 12533K, committed 12544K, reserved 516096K
}
Event: 45.432 GC heap after
{Heap after GC invocations=43 (full 0):
 garbage-first heap   total 244736K, used 100909K [0x0000000080000000, 0x0000000100000000)
  region size 1024K, 4 young (4096K), 4 survivors (4096K)
 Metaspace       used 88289K, capacity 91116K, committed 91136K, reserved 595968K
  class space    used 11432K, capacity 12533K, committed 12544K, reserved 516096K
}
Event: 46.641 GC heap before
{Heap before GC invocations=43 (full 0):
 garbage-first heap   total 244736K, used 179757K [0x0000000080000000, 0x0000000100000000)
  region size 1024K, 81 young (82944K), 4 survivors (4096K)
 Metaspace       used 95156K, capacity 98136K, committed 98176K, reserved 602112K
  class space    used 12231K, capacity 13422K, committed 13440K, reserved 516096K
}
Event: 46.649 GC heap after
{Heap after GC invocations=44 (full 0):
 garbage-first heap   total 244736K, used 103981K [0x0000000080000000, 0x0000000100000000)
  region size 1024K, 7 young (7168K), 7 survivors (7168K)
 Metaspace       used 95156K, capacity 98136K, committed 98176K, reserved 602112K
  class space    used 12231K, capacity 13422K, committed 13440K, reserved 516096K
}
Event: 47.692 GC heap before
{Heap before GC invocations=44 (full 0):
 garbage-first heap   total 244736K, used 183853K [0x0000000080000000, 0x0000000100000000)
  region size 1024K, 85 young (87040K), 7 survivors (7168K)
 Metaspace       used 100399K, capacity 103508K, committed 103808K, reserved 606208K
  class space    used 12883K, capacity 14092K, committed 14208K, reserved 516096K
}
Event: 47.706 GC heap after
{Heap after GC invocations=45 (full 0):
 garbage-first heap   total 244736K, used 110173K [0x0000000080000000, 0x0000000100000000)
  region size 1024K, 11 young (11264K), 11 survivors (11264K)
 Metaspace       used 100399K, capacity 103508K, committed 103808K, reserved 606208K
  class space    used 12883K, capacity 14092K, committed 14208K, reserved 516096K
}
Event: 47.925 GC heap before
{Heap before GC invocations=45 (full 0):
 garbage-first heap   total 244736K, used 190045K [0x0000000080000000, 0x0000000100000000)
  region size 1024K, 88 young (90112K), 11 survivors (11264K)
 Metaspace       used 100401K, capacity 103508K, committed 103808K, reserved 606208K
  class space    used 12883K, capacity 14092K, committed 14208K, reserved 516096K
}
Event: 47.941 GC heap after
{Heap after GC invocations=46 (full 0):
 garbage-first heap   total 244736K, used 118142K [0x0000000080000000, 0x0000000100000000)
  region size 1024K, 8 young (8192K), 8 survivors (8192K)
 Metaspace       used 100401K, capacity 103508K, committed 103808K, reserved 606208K
  class space    used 12883K, capacity 14092K, committed 14208K, reserved 516096K
}
Event: 48.072 GC heap before
{Heap before GC invocations=46 (full 0):
 garbage-first heap   total 244736K, used 193918K [0x0000000080000000, 0x0000000100000000)
  region size 1024K, 82 young (83968K), 8 survivors (8192K)
 Metaspace       used 100431K, capacity 103508K, committed 103808K, reserved 606208K
  class space    used 12883K, capacity 14092K, committed 14208K, reserved 516096K
}
Event: 48.084 GC heap after
{Heap after GC invocations=47 (full 0):
 garbage-first heap   total 293888K, used 120545K [0x0000000080000000, 0x0000000100000000)
  region size 1024K, 5 young (5120K), 5 survivors (5120K)
 Metaspace       used 100431K, capacity 103508K, committed 103808K, reserved 606208K
  class space    used 12883K, capacity 14092K, committed 14208K, reserved 516096K
}
Event: 48.969 GC heap before
{Heap before GC invocations=47 (full 0):
 garbage-first heap   total 293888K, used 215777K [0x0000000080000000, 0x0000000100000000)
  region size 1024K, 98 young (100352K), 5 survivors (5120K)
 Metaspace       used 101558K, capacity 104812K, committed 104960K, reserved 608256K
  class space    used 13004K, capacity 14272K, committed 14336K, reserved 516096K
}
Event: 48.983 GC heap after
{Heap after GC invocations=48 (full 0):
 garbage-first heap   total 293888K, used 126204K [0x0000000080000000, 0x0000000100000000)
  region size 1024K, 11 young (11264K), 11 survivors (11264K)
 Metaspace       used 101558K, capacity 104812K, committed 104960K, reserved 608256K
  class space    used 13004K, capacity 14272K, committed 14336K, reserved 516096K
}

Deoptimization events (20 events):
Event: 48.908 Thread 0x0000015c2175f000 Uncommon trap: trap_request=0xffffffbe fr.pc=0x0000015c10a104c8 relative=0x0000000000000e28
Event: 48.908 Thread 0x0000015c2175f000 Uncommon trap: reason=profile_predicate action=maybe_recompile pc=0x0000015c10a104c8 method=java.util.TimSort.gallopLeft(Ljava/lang/Object;[Ljava/lang/Object;IIILjava/util/Comparator;)I @ 263 c2
Event: 48.908 Thread 0x0000015c2175f000 DEOPT PACKING pc=0x0000015c10a104c8 sp=0x00000025646f2810
Event: 48.908 Thread 0x0000015c2175f000 DEOPT UNPACKING pc=0x0000015c086aa1af sp=0x00000025646f2798 mode 2
Event: 48.928 Thread 0x0000015c2175f000 Uncommon trap: trap_request=0xffffffc6 fr.pc=0x0000015c109fb4d8 relative=0x0000000000003d78
Event: 48.928 Thread 0x0000015c2175f000 Uncommon trap: reason=bimorphic_or_optimized_type_check action=maybe_recompile pc=0x0000015c109fb4d8 method=org.codehaus.groovy.runtime.metaclass.MetaMethodIndex.isOverridden(Lgroovy/lang/MetaMethod;Lgroovy/lang/MetaMethod;)Z @ 10 c2
Event: 48.928 Thread 0x0000015c2175f000 DEOPT PACKING pc=0x0000015c109fb4d8 sp=0x00000025646f8490
Event: 48.929 Thread 0x0000015c2175f000 DEOPT UNPACKING pc=0x0000015c086aa1af sp=0x00000025646f8448 mode 2
Event: 48.939 Thread 0x0000015c2175f000 Uncommon trap: trap_request=0xffffffc6 fr.pc=0x0000015c109fb4d8 relative=0x0000000000003d78
Event: 48.939 Thread 0x0000015c2175f000 Uncommon trap: reason=bimorphic_or_optimized_type_check action=maybe_recompile pc=0x0000015c109fb4d8 method=org.codehaus.groovy.runtime.metaclass.MetaMethodIndex.isOverridden(Lgroovy/lang/MetaMethod;Lgroovy/lang/MetaMethod;)Z @ 10 c2
Event: 48.939 Thread 0x0000015c2175f000 DEOPT PACKING pc=0x0000015c109fb4d8 sp=0x00000025646f6ae0
Event: 48.939 Thread 0x0000015c2175f000 DEOPT UNPACKING pc=0x0000015c086aa1af sp=0x00000025646f6a98 mode 2
Event: 49.012 Thread 0x0000015c2175f000 Uncommon trap: trap_request=0xffffffbe fr.pc=0x0000015c10a104c8 relative=0x0000000000000e28
Event: 49.012 Thread 0x0000015c2175f000 Uncommon trap: reason=profile_predicate action=maybe_recompile pc=0x0000015c10a104c8 method=java.util.TimSort.gallopLeft(Ljava/lang/Object;[Ljava/lang/Object;IIILjava/util/Comparator;)I @ 263 c2
Event: 49.012 Thread 0x0000015c2175f000 DEOPT PACKING pc=0x0000015c10a104c8 sp=0x00000025646f5120
Event: 49.012 Thread 0x0000015c2175f000 DEOPT UNPACKING pc=0x0000015c086aa1af sp=0x00000025646f50a8 mode 2
Event: 49.026 Thread 0x0000015c2175f000 Uncommon trap: trap_request=0xffffffc6 fr.pc=0x0000015c109fb4d8 relative=0x0000000000003d78
Event: 49.026 Thread 0x0000015c2175f000 Uncommon trap: reason=bimorphic_or_optimized_type_check action=maybe_recompile pc=0x0000015c109fb4d8 method=org.codehaus.groovy.runtime.metaclass.MetaMethodIndex.isOverridden(Lgroovy/lang/MetaMethod;Lgroovy/lang/MetaMethod;)Z @ 10 c2
Event: 49.026 Thread 0x0000015c2175f000 DEOPT PACKING pc=0x0000015c109fb4d8 sp=0x00000025646f7890
Event: 49.026 Thread 0x0000015c2175f000 DEOPT UNPACKING pc=0x0000015c086aa1af sp=0x00000025646f7848 mode 2

Classes redefined (0 events):
No events

Internal exceptions (20 events):
Event: 48.989 Thread 0x0000015c2175f000 Exception <a 'java/lang/ClassNotFoundException'{0x0000000091d03790}: org/gradle/api/internal/artifacts/dependencies/DefaultExternalModuleDependencyCustomizer> (0x0000000091d03790) thrown at [./src/hotspot/share/classfile/systemDictionary.cpp, line 231]
Event: 48.990 Thread 0x0000015c2175f000 Exception <a 'java/lang/ClassNotFoundException'{0x0000000091d5d1e8}: org/gradle/api/internal/artifacts/dependencies/DefaultExternalModuleDependency_DecoratedCustomizer> (0x0000000091d5d1e8) thrown at [./src/hotspot/share/classfile/systemDictionary.cpp, line 231]
Event: 49.008 Thread 0x0000015c2175f000 Exception <a 'java/lang/ClassNotFoundException'{0x0000000091baf570}: org/gradle/api/tasks/Copy_DecoratedBeanInfo> (0x0000000091baf570) thrown at [./src/hotspot/share/classfile/systemDictionary.cpp, line 231]
Event: 49.009 Thread 0x0000015c2175f000 Exception <a 'java/lang/ClassNotFoundException'{0x0000000091bd6ea8}: org/gradle/api/tasks/CopyBeanInfo> (0x0000000091bd6ea8) thrown at [./src/hotspot/share/classfile/systemDictionary.cpp, line 231]
Event: 49.010 Thread 0x0000015c2175f000 Exception <a 'java/lang/ClassNotFoundException'{0x0000000091a04320}: org/gradle/api/tasks/AbstractCopyTaskBeanInfo> (0x0000000091a04320) thrown at [./src/hotspot/share/classfile/systemDictionary.cpp, line 231]
Event: 49.010 Thread 0x0000015c2175f000 Exception <a 'java/lang/ClassNotFoundException'{0x0000000091a31650}: org/gradle/api/internal/ConventionTaskBeanInfo> (0x0000000091a31650) thrown at [./src/hotspot/share/classfile/systemDictionary.cpp, line 231]
Event: 49.011 Thread 0x0000015c2175f000 Exception <a 'java/lang/ClassNotFoundException'{0x0000000091a5ab38}: org/gradle/api/DefaultTaskBeanInfo> (0x0000000091a5ab38) thrown at [./src/hotspot/share/classfile/systemDictionary.cpp, line 231]
Event: 49.012 Thread 0x0000015c2175f000 Exception <a 'java/lang/ClassNotFoundException'{0x0000000091a87e18}: org/gradle/api/internal/AbstractTaskBeanInfo> (0x0000000091a87e18) thrown at [./src/hotspot/share/classfile/systemDictionary.cpp, line 231]
Event: 49.012 Thread 0x0000015c2175f000 Exception <a 'java/lang/ClassNotFoundException'{0x0000000091ab53c0}: org/gradle/api/internal/AbstractTaskCustomizer> (0x0000000091ab53c0) thrown at [./src/hotspot/share/classfile/systemDictionary.cpp, line 231]
Event: 49.014 Thread 0x0000015c2175f000 Exception <a 'java/lang/ClassNotFoundException'{0x0000000091928bc0}: org/gradle/api/DefaultTaskCustomizer> (0x0000000091928bc0) thrown at [./src/hotspot/share/classfile/systemDictionary.cpp, line 231]
Event: 49.017 Thread 0x0000015c2175f000 Exception <a 'java/lang/ClassNotFoundException'{0x00000000919ab758}: org/gradle/api/internal/ConventionTaskCustomizer> (0x00000000919ab758) thrown at [./src/hotspot/share/classfile/systemDictionary.cpp, line 231]
Event: 49.018 Thread 0x0000015c2175f000 Exception <a 'java/lang/ClassNotFoundException'{0x00000000919e74b0}: org/gradle/api/tasks/AbstractCopyTaskCustomizer> (0x00000000919e74b0) thrown at [./src/hotspot/share/classfile/systemDictionary.cpp, line 231]
Event: 49.020 Thread 0x0000015c2175f000 Exception <a 'java/lang/ClassNotFoundException'{0x000000009187df18}: org/gradle/api/tasks/CopyCustomizer> (0x000000009187df18) thrown at [./src/hotspot/share/classfile/systemDictionary.cpp, line 231]
Event: 49.021 Thread 0x0000015c2175f000 Exception <a 'java/lang/ClassNotFoundException'{0x00000000918befe8}: org/gradle/api/tasks/Copy_DecoratedCustomizer> (0x00000000918befe8) thrown at [./src/hotspot/share/classfile/systemDictionary.cpp, line 231]
Event: 49.027 Thread 0x0000015c2175f000 Exception <a 'java/lang/ClassNotFoundException'{0x00000000915aa2d0}: org/gradle/api/internal/artifacts/configurations/DefaultConfigurationContainer_DecoratedBeanInfo> (0x00000000915aa2d0) thrown at [./src/hotspot/share/classfile/systemDictionary.cpp, line 231]
Event: 49.028 Thread 0x0000015c2175f000 Exception <a 'java/lang/ClassNotFoundException'{0x00000000915f22a8}: org/gradle/api/internal/artifacts/configurations/DefaultConfigurationContainerBeanInfo> (0x00000000915f22a8) thrown at [./src/hotspot/share/classfile/systemDictionary.cpp, line 231]
Event: 49.029 Thread 0x0000015c2175f000 Exception <a 'java/lang/ClassNotFoundException'{0x0000000091429680}: org/gradle/api/internal/AbstractValidatingNamedDomainObjectContainerBeanInfo> (0x0000000091429680) thrown at [./src/hotspot/share/classfile/systemDictionary.cpp, line 231]
Event: 49.030 Thread 0x0000015c2175f000 Exception <a 'java/lang/ClassNotFoundException'{0x0000000091460220}: org/gradle/api/internal/AbstractValidatingNamedDomainObjectContainerCustomizer> (0x0000000091460220) thrown at [./src/hotspot/share/classfile/systemDictionary.cpp, line 231]
Event: 49.031 Thread 0x0000015c2175f000 Exception <a 'java/lang/ClassNotFoundException'{0x00000000914b2e18}: org/gradle/api/internal/artifacts/configurations/DefaultConfigurationContainerCustomizer> (0x00000000914b2e18) thrown at [./src/hotspot/share/classfile/systemDictionary.cpp, line 231]
Event: 49.034 Thread 0x0000015c2175f000 Exception <a 'java/lang/ClassNotFoundException'{0x00000000913124d0}: org/gradle/api/internal/artifacts/configurations/DefaultConfigurationContainer_DecoratedCustomizer> (0x00000000913124d0) thrown at [./src/hotspot/share/classfile/systemDictionary.cpp, line 231]

Events (20 events):
Event: 49.029 loading class org/gradle/api/internal/AbstractValidatingNamedDomainObjectContainerCustomizer
Event: 49.029 loading class org/gradle/api/internal/AbstractValidatingNamedDomainObjectContainerCustomizer done
Event: 49.030 loading class org/gradle/api/internal/AbstractValidatingNamedDomainObjectContainerCustomizer
Event: 49.030 loading class org/gradle/api/internal/AbstractValidatingNamedDomainObjectContainerCustomizer done
Event: 49.030 loading class org/gradle/api/internal/artifacts/configurations/DefaultConfigurationContainerCustomizer
Event: 49.030 loading class org/gradle/api/internal/artifacts/configurations/DefaultConfigurationContainerCustomizer done
Event: 49.031 loading class org/gradle/api/internal/artifacts/configurations/DefaultConfigurationContainerCustomizer
Event: 49.031 loading class org/gradle/api/internal/artifacts/configurations/DefaultConfigurationContainerCustomizer done
Event: 49.031 loading class org/gradle/api/internal/artifacts/configurations/DefaultConfigurationContainerCustomizer
Event: 49.031 loading class org/gradle/api/internal/artifacts/configurations/DefaultConfigurationContainerCustomizer done
Event: 49.031 loading class org/gradle/api/internal/artifacts/configurations/DefaultConfigurationContainerCustomizer
Event: 49.031 loading class org/gradle/api/internal/artifacts/configurations/DefaultConfigurationContainerCustomizer done
Event: 49.034 loading class org/gradle/api/internal/artifacts/configurations/DefaultConfigurationContainer_DecoratedCustomizer
Event: 49.034 loading class org/gradle/api/internal/artifacts/configurations/DefaultConfigurationContainer_DecoratedCustomizer done
Event: 49.034 loading class org/gradle/api/internal/artifacts/configurations/DefaultConfigurationContainer_DecoratedCustomizer
Event: 49.034 loading class org/gradle/api/internal/artifacts/configurations/DefaultConfigurationContainer_DecoratedCustomizer done
Event: 49.034 loading class org/gradle/api/internal/artifacts/configurations/DefaultConfigurationContainer_DecoratedCustomizer
Event: 49.034 loading class org/gradle/api/internal/artifacts/configurations/DefaultConfigurationContainer_DecoratedCustomizer done
Event: 49.034 loading class org/gradle/api/internal/artifacts/configurations/DefaultConfigurationContainer_DecoratedCustomizer
Event: 49.034 loading class org/gradle/api/internal/artifacts/configurations/DefaultConfigurationContainer_DecoratedCustomizer done


Dynamic libraries:
0x00007ff6036b0000 - 0x00007ff6036bd000 	C:\Program Files\Microsoft\jdk-11.0.12.7-hotspot\bin\java.exe
0x00007ffeec770000 - 0x00007ffeec965000 	C:\WINDOWS\SYSTEM32\ntdll.dll
0x00007ffeeb450000 - 0x00007ffeeb50d000 	C:\WINDOWS\System32\KERNEL32.DLL
0x00007ffee9f30000 - 0x00007ffeea1fd000 	C:\WINDOWS\System32\KERNELBASE.dll
0x00007ffeea340000 - 0x00007ffeea440000 	C:\WINDOWS\System32\ucrtbase.dll
0x00007ffecb8c0000 - 0x00007ffecb8d7000 	C:\Program Files\Microsoft\jdk-11.0.12.7-hotspot\bin\jli.dll
0x00007ffeea880000 - 0x00007ffeeaa20000 	C:\WINDOWS\System32\USER32.dll
0x00007ffeea6d0000 - 0x00007ffeea6f2000 	C:\WINDOWS\System32\win32u.dll
0x00007ffeeba20000 - 0x00007ffeeba4a000 	C:\WINDOWS\System32\GDI32.dll
0x00007ffeea200000 - 0x00007ffeea30b000 	C:\WINDOWS\System32\gdi32full.dll
0x00007ffeea440000 - 0x00007ffeea4dd000 	C:\WINDOWS\System32\msvcp_win.dll
0x00007ffed0640000 - 0x00007ffed08da000 	C:\WINDOWS\WinSxS\amd64_microsoft.windows.common-controls_6595b64144ccf1df_6.0.19041.1110_none_60b5254171f9507e\COMCTL32.dll
0x00007ffeec1c0000 - 0x00007ffeec25e000 	C:\WINDOWS\System32\msvcrt.dll
0x00007ffece690000 - 0x00007ffece6a5000 	C:\Program Files\Microsoft\jdk-11.0.12.7-hotspot\bin\VCRUNTIME140.dll
0x00007ffeebd40000 - 0x00007ffeebd70000 	C:\WINDOWS\System32\IMM32.DLL
0x00007ffec23c0000 - 0x00007ffec245b000 	C:\Program Files\Microsoft\jdk-11.0.12.7-hotspot\bin\msvcp140.dll
0x00007ffe929f0000 - 0x00007ffe93551000 	C:\Program Files\Microsoft\jdk-11.0.12.7-hotspot\bin\server\jvm.dll
0x00007ffeebe40000 - 0x00007ffeebeee000 	C:\WINDOWS\System32\ADVAPI32.dll
0x00007ffeec5c0000 - 0x00007ffeec65c000 	C:\WINDOWS\System32\sechost.dll
0x00007ffeebc10000 - 0x00007ffeebd35000 	C:\WINDOWS\System32\RPCRT4.dll
0x00007ffeebef0000 - 0x00007ffeebef8000 	C:\WINDOWS\System32\PSAPI.DLL
0x00007ffed2f60000 - 0x00007ffed2f69000 	C:\WINDOWS\SYSTEM32\WSOCK32.dll
0x00007ffeec660000 - 0x00007ffeec6cb000 	C:\WINDOWS\System32\WS2_32.dll
0x00007ffedead0000 - 0x00007ffedeaf7000 	C:\WINDOWS\SYSTEM32\WINMM.dll
0x00007ffee3650000 - 0x00007ffee365a000 	C:\WINDOWS\SYSTEM32\VERSION.dll
0x00007ffee7d60000 - 0x00007ffee7d72000 	C:\WINDOWS\SYSTEM32\kernel.appcore.dll
0x00007ffecf5b0000 - 0x00007ffecf5c0000 	C:\Program Files\Microsoft\jdk-11.0.12.7-hotspot\bin\verify.dll
0x00007ffedcb90000 - 0x00007ffedcd74000 	C:\WINDOWS\SYSTEM32\DBGHELP.DLL
0x00007ffed4160000 - 0x00007ffed418c000 	C:\WINDOWS\SYSTEM32\dbgcore.DLL
0x00007ffeea4e0000 - 0x00007ffeea562000 	C:\WINDOWS\System32\bcryptPrimitives.dll
0x00007ffec3c10000 - 0x00007ffec3c38000 	C:\Program Files\Microsoft\jdk-11.0.12.7-hotspot\bin\java.dll
0x00007ffecf1a0000 - 0x00007ffecf1aa000 	C:\Program Files\Microsoft\jdk-11.0.12.7-hotspot\bin\jimage.dll
0x00007ffec92b0000 - 0x00007ffec92c7000 	C:\Program Files\Microsoft\jdk-11.0.12.7-hotspot\bin\zip.dll
0x00007ffeeaa20000 - 0x00007ffeeb164000 	C:\WINDOWS\System32\SHELL32.dll
0x00007ffee7f60000 - 0x00007ffee86f4000 	C:\WINDOWS\SYSTEM32\windows.storage.dll
0x00007ffeec260000 - 0x00007ffeec5b4000 	C:\WINDOWS\System32\combase.dll
0x00007ffee9850000 - 0x00007ffee987c000 	C:\WINDOWS\SYSTEM32\Wldp.dll
0x00007ffeea7c0000 - 0x00007ffeea86d000 	C:\WINDOWS\System32\SHCORE.dll
0x00007ffeeb3f0000 - 0x00007ffeeb445000 	C:\WINDOWS\System32\shlwapi.dll
0x00007ffee9dc0000 - 0x00007ffee9ddf000 	C:\WINDOWS\SYSTEM32\profapi.dll
0x00007ffec61b0000 - 0x00007ffec61c9000 	C:\Program Files\Microsoft\jdk-11.0.12.7-hotspot\bin\net.dll
0x00007ffedfa90000 - 0x00007ffedfb9a000 	C:\WINDOWS\SYSTEM32\WINHTTP.dll
0x00007ffee95e0000 - 0x00007ffee964a000 	C:\WINDOWS\system32\mswsock.dll
0x00007ffec60c0000 - 0x00007ffec60d2000 	C:\Program Files\Microsoft\jdk-11.0.12.7-hotspot\bin\nio.dll
0x00007ffed1390000 - 0x00007ffed13b7000 	C:\Users\OLEG\.gradle\native\e1d6ef7f7dcc3fd88c89a11ec53ec762bb8ba0a96d01ffa2cd45eb1d1d8dd5c5\windows-amd64\native-platform.dll
0x00007ffebb950000 - 0x00007ffebba94000 	C:\Users\OLEG\.gradle\native\5664cfc778a61ccfe75a443a1ab52a65af34e5dc3c78e0209fed803814484fcb\windows-amd64\native-platform-file-events.dll
0x00007ffec6820000 - 0x00007ffec6829000 	C:\Program Files\Microsoft\jdk-11.0.12.7-hotspot\bin\management.dll
0x00007ffec4ce0000 - 0x00007ffec4ceb000 	C:\Program Files\Microsoft\jdk-11.0.12.7-hotspot\bin\management_ext.dll
0x00007ffee9810000 - 0x00007ffee9828000 	C:\WINDOWS\SYSTEM32\CRYPTSP.dll
0x00007ffee8f10000 - 0x00007ffee8f44000 	C:\WINDOWS\system32\rsaenh.dll
0x00007ffeea310000 - 0x00007ffeea337000 	C:\WINDOWS\System32\bcrypt.dll
0x00007ffee9d40000 - 0x00007ffee9d6e000 	C:\WINDOWS\SYSTEM32\USERENV.dll
0x00007ffee9770000 - 0x00007ffee977c000 	C:\WINDOWS\SYSTEM32\CRYPTBASE.dll
0x00007ffee92a0000 - 0x00007ffee92db000 	C:\WINDOWS\SYSTEM32\IPHLPAPI.DLL
0x00007ffeea870000 - 0x00007ffeea878000 	C:\WINDOWS\System32\NSI.dll
0x00007ffee2a00000 - 0x00007ffee2a17000 	C:\WINDOWS\SYSTEM32\dhcpcsvc6.DLL
0x00007ffee3660000 - 0x00007ffee367d000 	C:\WINDOWS\SYSTEM32\dhcpcsvc.DLL
0x00007ffee92f0000 - 0x00007ffee93bb000 	C:\WINDOWS\SYSTEM32\DNSAPI.dll
0x00007ffec3bb0000 - 0x00007ffec3bce000 	D:\cache\Users\Oleg\AppData\Local\Temp\native-platform3117410063776155388dir\native-platform.dll
0x00007ffec40f0000 - 0x00007ffec40f7000 	C:\Program Files\Microsoft\jdk-11.0.12.7-hotspot\bin\rmi.dll

dbghelp: loaded successfully - version: 4.0.5 - missing functions: none
symbol engine: initialized successfully - sym options: 0x614 - pdb path: .;C:\Program Files\Microsoft\jdk-11.0.12.7-hotspot\bin;C:\WINDOWS\SYSTEM32;C:\WINDOWS\WinSxS\amd64_microsoft.windows.common-controls_6595b64144ccf1df_6.0.19041.1110_none_60b5254171f9507e;C:\Program Files\Microsoft\jdk-11.0.12.7-hotspot\bin\server;C:\Users\OLEG\.gradle\native\e1d6ef7f7dcc3fd88c89a11ec53ec762bb8ba0a96d01ffa2cd45eb1d1d8dd5c5\windows-amd64;C:\Users\OLEG\.gradle\native\5664cfc778a61ccfe75a443a1ab52a65af34e5dc3c78e0209fed803814484fcb\windows-amd64;D:\cache\Users\Oleg\AppData\Local\Temp\native-platform3117410063776155388dir

VM Arguments:
jvm_args: -XX:MaxMetaspaceSize=512m --add-opens=java.base/java.util=ALL-UNNAMED --add-opens=java.base/java.lang=ALL-UNNAMED --add-opens=java.base/java.lang.invoke=ALL-UNNAMED --add-opens=java.base/java.util=ALL-UNNAMED --add-opens=java.prefs/java.util.prefs=ALL-UNNAMED --add-opens=java.prefs/java.util.prefs=ALL-UNNAMED --add-opens=java.base/java.nio.charset=ALL-UNNAMED --add-opens=java.base/java.net=ALL-UNNAMED --add-opens=java.base/java.util.concurrent.atomic=ALL-UNNAMED -Xmx2048m -Dfile.encoding=windows-1252 -Duser.country=US -Duser.language=en -Duser.variant 
java_command: org.gradle.launcher.daemon.bootstrap.GradleDaemon 7.3.3
java_class_path (initial): C:\Users\OLEG\.gradle\wrapper\dists\gradle-7.3.3-all\4295vidhdd9hd3gbjyw1xqxpo\gradle-7.3.3\lib\gradle-launcher-7.3.3.jar
Launcher Type: SUN_STANDARD

[Global flags]
     intx CICompilerCount                          = 3                                         {product} {ergonomic}
   size_t CompressedClassSpaceSize                 = 528482304                                 {product} {ergonomic}
     uint ConcGCThreads                            = 1                                         {product} {ergonomic}
     uint G1ConcRefinementThreads                  = 4                                         {product} {ergonomic}
   size_t G1HeapRegionSize                         = 1048576                                   {product} {ergonomic}
    uintx GCDrainStackTargetSize                   = 64                                        {product} {ergonomic}
   size_t InitialHeapSize                          = 134217728                                 {product} {ergonomic}
   size_t MarkStackSize                            = 4194304                                   {product} {ergonomic}
   size_t MaxHeapSize                              = 2147483648                                {product} {command line}
   size_t MaxMetaspaceSize                         = 536870912                                 {product} {command line}
   size_t MaxNewSize                               = 1287651328                                {product} {ergonomic}
   size_t MinHeapDeltaBytes                        = 1048576                                   {product} {ergonomic}
    uintx NonNMethodCodeHeapSize                   = 5830732                                {pd product} {ergonomic}
    uintx NonProfiledCodeHeapSize                  = 122913754                              {pd product} {ergonomic}
    uintx ProfiledCodeHeapSize                     = 122913754                              {pd product} {ergonomic}
    uintx ReservedCodeCacheSize                    = 251658240                              {pd product} {ergonomic}
     bool SegmentedCodeCache                       = true                                      {product} {ergonomic}
     bool UseCompressedClassPointers               = true                                 {lp64_product} {ergonomic}
     bool UseCompressedOops                        = true                                 {lp64_product} {ergonomic}
     bool UseG1GC                                  = true                                      {product} {ergonomic}
     bool UseLargePagesIndividualAllocation        = false                                  {pd product} {ergonomic}

Logging:
Log output configuration:
 #0: stdout all=warning uptime,level,tags
 #1: stderr all=off uptime,level,tags

Environment Variables:
JAVA_HOME=C:\Program Files\Microsoft\jdk-11.0.12.7-hotspot\
CLASSPATH=C:\Users\OLEG\Desktop\geekbrains\fullstack\rntodo\android\\gradle\wrapper\gradle-wrapper.jar
PATH=C:\Users\OLEG\Desktop\geekbrains\fullstack\rntodo\android\node_modules\.bin;C:\Users\OLEG\Desktop\geekbrains\fullstack\rntodo\node_modules\.bin;C:\Users\OLEG\Desktop\geekbrains\fullstack\node_modules\.bin;C:\Users\OLEG\Desktop\geekbrains\node_modules\.bin;C:\Users\OLEG\Desktop\node_modules\.bin;C:\Users\OLEG\node_modules\.bin;C:\Users\node_modules\.bin;C:\node_modules\.bin;C:\Program Files\nodejs;C:\Users\OLEG\Desktop\geekbrains\fullstack\rntodo\node_modules\.bin;C:\Users\OLEG\Desktop\geekbrains\fullstack\node_modules\.bin;C:\Users\OLEG\Desktop\geekbrains\node_modules\.bin;C:\Users\OLEG\Desktop\node_modules\.bin;C:\Users\OLEG\node_modules\.bin;C:\Users\node_modules\.bin;C:\node_modules\.bin;C:\Users\OLEG\AppData\Roaming\npm\node_modules\npm\node_modules\@npmcli\run-script\lib\node-gyp-bin;C:\Program Files\Microsoft\jdk-11.0.12.7-hotspot\bin;C:\Program Files\AdoptOpenJDK\jdk-8.0.265.01-hotspot\bin;C:\Windows\system32;C:\Windows;C:\Windows\System32\Wbem;C:\Windows\System32\WindowsPowerShell\v1.0\;C:\Windows\System32\OpenSSH\;C:\Program Files (x86)\Wolfram Research\WolframScript\;d:\apps\lab tools\NAMD;d:\apps\lab tools\VMD;D:\apps\PuTTY\;C:\Program Files\dotnet\;C:\Program Files\Microsoft SQL Server\130\Tools\Binn\;C:\WINDOWS\system32;C:\WINDOWS;C:\WINDOWS\System32\Wbem;C:\WINDOWS\System32\WindowsPowerShell\v1.0\;C:\WINDOWS\System32\OpenSSH\;D:\apps\WinSCP\;C:\Program Files (x86)\NVIDIA Corporation\PhysX\Common;D:\apps\lab tools\PyMOL\path;C:\Program Files (x86)\Avogadro\bin;C:\WINDOWS\system32;C:\WINDOWS;C:\WINDOWS\System32\Wbem;C:\WINDOWS\System32\WindowsPowerShell\v1.0\;C:\WINDOWS\System32\OpenSSH\;C:\Program Files\Git\cmd;C:\Users\OLEG\AppData\Roaming\Python\Python39\Scripts;C:\Program Files\nodejs\;C:\Program Files\Microsoft\jdk-11.0.12.7-hotspot\bin;C:\Program Files\AdoptOpenJDK\jdk-8.0.265.01-hotspot\bin;C:\Windows\system32;C:\Windows;C:\Windows\System32\Wbem;C:\Windows\System32\WindowsPowerShell\v1.0\;C:\Windows\System32\OpenSSH\;C:\Program Files (x86)\Wolfr
USERNAME=OLEG
OS=Windows_NT
PROCESSOR_IDENTIFIER=Intel64 Family 6 Model 158 Stepping 9, GenuineIntel



---------------  S Y S T E M  ---------------

OS: Windows 10 , 64 bit Build 19041 (10.0.19041.1706)
OS uptime: 0 days 0:24 hours
Hyper-V role detected

CPU:total 4 (initial active 4) (4 cores per cpu, 1 threads per core) family 6 model 158 stepping 9 microcode 0xb4, cmov, cx8, fxsr, mmx, sse, sse2, sse3, ssse3, sse4.1, sse4.2, popcnt, avx, avx2, aes, clmul, erms, 3dnowpref, lzcnt, tsc, tscinvbit, bmi1, bmi2, adx, fma

Memory: 4k page, system-wide physical 8159M (1021M free)
TotalPageFile size 8159M (AvailPageFile size 4M)
current process WorkingSet (physical memory assigned to process): 588M, peak: 591M
current process commit charge ("private bytes"): 617M, peak: 621M

vm_info: OpenJDK 64-Bit Server VM (11.0.12+7) for windows-amd64 JRE (11.0.12+7), built on Jul 21 2021 15:41:43 by "" with unknown MS VC++:1916

END.
