#
# There is insufficient memory for the Java Runtime Environment to continue.
# Native memory allocation (malloc) failed to allocate 1164816 bytes for Chunk::new
# Possible reasons:
#   The system is out of physical RAM or swap space
#   The process is running with CompressedOops enabled, and the Java Heap may be blocking the growth of the native heap
# Possible solutions:
#   Reduce memory load on the system
#   Increase physical memory or swap space
#   Check if swap backing store is full
#   Decrease Java heap size (-Xmx/-Xms)
#   Decrease number of Java threads
#   Decrease Java thread stack sizes (-Xss)
#   Set larger code cache with -XX:ReservedCodeCacheSize=
#   JVM is running with Unscaled Compressed Oops mode in which the Java heap is
#     placed in the first 4GB address space. The Java Heap base address is the
#     maximum limit for the native heap growth. Please use -XX:HeapBaseMinAddress
#     to set the Java Heap base and to place the Java Heap above 4GB virtual address.
# This output file may be truncated or incomplete.
#
#  Out of Memory Error (./open/src/hotspot/share/memory/arena.cpp:197), pid=7216, tid=876
#
# JRE version: Java(TM) SE Runtime Environment 18.9 (11.0.14+8) (build 11.0.14+8-LTS-263)
# Java VM: Java HotSpot(TM) 64-Bit Server VM 18.9 (11.0.14+8-LTS-263, mixed mode, tiered, compressed oops, g1 gc, windows-amd64)
# No core dump will be written. Minidumps are not enabled by default on client versions of Windows
#

---------------  S U M M A R Y ------------

Command Line: -XX:MaxMetaspaceSize=512m --add-opens=java.base/java.util=ALL-UNNAMED --add-opens=java.base/java.lang=ALL-UNNAMED --add-opens=java.base/java.lang.invoke=ALL-UNNAMED --add-opens=java.base/java.util=ALL-UNNAMED --add-opens=java.prefs/java.util.prefs=ALL-UNNAMED --add-opens=java.prefs/java.util.prefs=ALL-UNNAMED --add-opens=java.base/java.nio.charset=ALL-UNNAMED --add-opens=java.base/java.net=ALL-UNNAMED --add-opens=java.base/java.util.concurrent.atomic=ALL-UNNAMED -Xmx2048m -Dfile.encoding=windows-1252 -Duser.country=US -Duser.language=en -Duser.variant org.gradle.launcher.daemon.bootstrap.GradleDaemon 7.3.3

Host: Intel(R) Core(TM) i5-7400 CPU @ 3.00GHz, 4 cores, 7G,  Windows 10 , 64 bit Build 19041 (10.0.19041.1706)
Time: Tue Jun 14 13:18:47 2022 Russia TZ 2 Standard Time elapsed time: 1590.977105 seconds (0d 0h 26m 30s)

---------------  T H R E A D  ---------------

Current thread (0x000002d4f6be7800):  JavaThread "C2 CompilerThread0" daemon [_thread_in_native, id=876, stack(0x000000dca5b00000,0x000000dca5c00000)]


Current CompileTask:
C2:1590977 29133       4       org.gradle.internal.reflect.JavaPropertyReflectionUtil::getAnnotation (101 bytes)

Stack: [0x000000dca5b00000,0x000000dca5c00000]
Native frames: (J=compiled Java code, j=interpreted, Vv=VM code, C=native code)
V  [jvm.dll+0x6296da]
V  [jvm.dll+0x76323f]
V  [jvm.dll+0x7648e9]
V  [jvm.dll+0x764f73]
V  [jvm.dll+0x23d7c8]
V  [jvm.dll+0xb297c]
V  [jvm.dll+0xb2f3c]
V  [jvm.dll+0x340e52]
V  [jvm.dll+0x30e803]
V  [jvm.dll+0x30db4a]
V  [jvm.dll+0x1f8365]
V  [jvm.dll+0x1f754d]
V  [jvm.dll+0x177b21]
V  [jvm.dll+0x206e26]
V  [jvm.dll+0x204fbb]
V  [jvm.dll+0x729170]
V  [jvm.dll+0x721d44]
V  [jvm.dll+0x6285d6]
C  [ucrtbase.dll+0x21bb2]
C  [KERNEL32.DLL+0x17034]
C  [ntdll.dll+0x52651]


---------------  P R O C E S S  ---------------

Threads class SMR info:
_java_thread_list=0x000002d485bd6c80, length=41, elements={
0x000002d4d8b30800, 0x000002d4f626f000, 0x000002d4f6279000, 0x000002d4f6289800,
0x000002d4f628b800, 0x000002d4f6be2800, 0x000002d4f6be7800, 0x000002d4f6be8800,
0x000002d4f6c42800, 0x000002d4f6d3a000, 0x000002d4f7987800, 0x000002d4f9536800,
0x000002d4f92aa000, 0x000002d4f8d5a000, 0x000002d4f8d57000, 0x000002d4f8d57800,
0x000002d4f8d5b800, 0x000002d4f93c9000, 0x000002d4f93c9800, 0x000002d4f93c6800,
0x000002d4f93c7800, 0x000002d4f93cf800, 0x000002d4f93cd000, 0x000002d4f93d0800,
0x000002d4f93d1000, 0x000002d4f7eae800, 0x000002d4f92d7000, 0x000002d4f92d6800,
0x000002d4f92d8000, 0x000002d4f93cc000, 0x000002d4f93d2000, 0x000002d4f93d2800,
0x000002d4f93d3800, 0x000002d4f8d5b000, 0x000002d4fde0e000, 0x000002d4fde14800,
0x000002d4fde0f800, 0x000002d4fde0e800, 0x000002d4fde15800, 0x000002d4fde16000,
0x000002d487032000
}

Java Threads: ( => current thread )
  0x000002d4d8b30800 JavaThread "main" [_thread_blocked, id=7188, stack(0x000000dca4f00000,0x000000dca5000000)]
  0x000002d4f626f000 JavaThread "Reference Handler" daemon [_thread_blocked, id=3300, stack(0x000000dca5600000,0x000000dca5700000)]
  0x000002d4f6279000 JavaThread "Finalizer" daemon [_thread_blocked, id=11244, stack(0x000000dca5700000,0x000000dca5800000)]
  0x000002d4f6289800 JavaThread "Signal Dispatcher" daemon [_thread_blocked, id=10712, stack(0x000000dca5800000,0x000000dca5900000)]
  0x000002d4f628b800 JavaThread "Attach Listener" daemon [_thread_blocked, id=780, stack(0x000000dca5900000,0x000000dca5a00000)]
  0x000002d4f6be2800 JavaThread "Service Thread" daemon [_thread_blocked, id=7108, stack(0x000000dca5a00000,0x000000dca5b00000)]
=>0x000002d4f6be7800 JavaThread "C2 CompilerThread0" daemon [_thread_in_native, id=876, stack(0x000000dca5b00000,0x000000dca5c00000)]
  0x000002d4f6be8800 JavaThread "C1 CompilerThread0" daemon [_thread_blocked, id=2132, stack(0x000000dca5c00000,0x000000dca5d00000)]
  0x000002d4f6c42800 JavaThread "Sweeper thread" daemon [_thread_blocked, id=1848, stack(0x000000dca5d00000,0x000000dca5e00000)]
  0x000002d4f6d3a000 JavaThread "Common-Cleaner" daemon [_thread_blocked, id=10552, stack(0x000000dca5e00000,0x000000dca5f00000)]
  0x000002d4f7987800 JavaThread "Daemon health stats" [_thread_blocked, id=8044, stack(0x000000dca6300000,0x000000dca6400000)]
  0x000002d4f9536800 JavaThread "Incoming local TCP Connector on port 50135" [_thread_in_native, id=9044, stack(0x000000dca6400000,0x000000dca6500000)]
  0x000002d4f92aa000 JavaThread "Daemon periodic checks" [_thread_blocked, id=7384, stack(0x000000dca6500000,0x000000dca6600000)]
  0x000002d4f8d5a000 JavaThread "Cache worker for journal cache (C:\Users\OLEG\.gradle\caches\journal-1)" [_thread_blocked, id=10380, stack(0x000000dca6e00000,0x000000dca6f00000)]
  0x000002d4f8d57000 JavaThread "File lock request listener" [_thread_in_native, id=2308, stack(0x000000dca6f00000,0x000000dca7000000)]
  0x000002d4f8d57800 JavaThread "Cache worker for file hash cache (C:\Users\OLEG\.gradle\caches\7.3.3\fileHashes)" [_thread_blocked, id=1064, stack(0x000000dca7000000,0x000000dca7100000)]
  0x000002d4f8d5b800 JavaThread "File watcher server" daemon [_thread_in_native, id=7240, stack(0x000000dca7200000,0x000000dca7300000)]
  0x000002d4f93c9000 JavaThread "File watcher consumer" daemon [_thread_blocked, id=7888, stack(0x000000dca7300000,0x000000dca7400000)]
  0x000002d4f93c9800 JavaThread "Cache worker for execution history cache (C:\Users\OLEG\.gradle\caches\7.3.3\executionHistory)" [_thread_blocked, id=1448, stack(0x000000dca7700000,0x000000dca7800000)]
  0x000002d4f93c6800 JavaThread "jar transforms" [_thread_blocked, id=5084, stack(0x000000dca7800000,0x000000dca7900000)]
  0x000002d4f93c7800 JavaThread "jar transforms Thread 2" [_thread_blocked, id=2180, stack(0x000000dca7900000,0x000000dca7a00000)]
  0x000002d4f93cf800 JavaThread "Cache worker for file content cache (C:\Users\OLEG\.gradle\caches\7.3.3\fileContent)" [_thread_blocked, id=2756, stack(0x000000dca7a00000,0x000000dca7b00000)]
  0x000002d4f93cd000 JavaThread "jar transforms Thread 3" [_thread_blocked, id=5968, stack(0x000000dca6000000,0x000000dca6100000)]
  0x000002d4f93d0800 JavaThread "jar transforms Thread 4" [_thread_blocked, id=10980, stack(0x000000dca7b00000,0x000000dca7c00000)]
  0x000002d4f93d1000 JavaThread "Cache worker for kotlin-dsl (C:\Users\OLEG\.gradle\caches\7.3.3\kotlin-dsl)" [_thread_blocked, id=6572, stack(0x000000dca7d00000,0x000000dca7e00000)]
  0x000002d4f7eae800 JavaThread "Memory manager" [_thread_blocked, id=6580, stack(0x000000dcaa200000,0x000000dcaa300000)]
  0x000002d4f92d7000 JavaThread "Monitor" [_thread_in_native, id=5256, stack(0x000000dcab200000,0x000000dcab300000)]
  0x000002d4f92d6800 JavaThread "JdwpProxyConnection" [_thread_in_native, id=10684, stack(0x000000dcab300000,0x000000dcab400000)]
  0x000002d4f92d8000 JavaThread "Device List Monitor" [_thread_in_native, id=8288, stack(0x000000dcab400000,0x000000dcab500000)]
  0x000002d4f93cc000 JavaThread "RMI Scheduler(0)" daemon [_thread_blocked, id=11852, stack(0x000000dca9e00000,0x000000dca9f00000)]
  0x000002d4f93d2000 JavaThread "RMI GC Daemon" daemon [_thread_blocked, id=11920, stack(0x000000dcab800000,0x000000dcab900000)]
  0x000002d4f93d2800 JavaThread "RMI TCP Accept-0" daemon [_thread_in_native, id=4728, stack(0x000000dcaba00000,0x000000dcabb00000)]
  0x000002d4f93d3800 JavaThread "RMI Reaper" [_thread_blocked, id=1068, stack(0x000000dcabb00000,0x000000dcabc00000)]
  0x000002d4f8d5b000 JavaThread "Cache worker for Java compile cache (C:\Users\OLEG\.gradle\caches\7.3.3\javaCompile)" [_thread_blocked, id=2240, stack(0x000000dcabd00000,0x000000dcabe00000)]
  0x000002d4fde0e000 JavaThread "RMI RenewClean-[127.0.0.1:17492,org.jetbrains.kotlin.daemon.common.LoopbackNetworkInterface$ClientLoopbackSocketFactory@60911302]" daemon [_thread_in_native, id=10564, stack(0x000000dcac300000,0x000000dcac400000)]
  0x000002d4fde14800 JavaThread "RMI TCP Accept-0" daemon [_thread_in_native, id=6300, stack(0x000000dcac400000,0x000000dcac500000)]
  0x000002d4fde0f800 JavaThread "Daemon Thread 4" [_thread_in_native, id=2496, stack(0x000000dca4c00000,0x000000dca4d00000)]
  0x000002d4fde0e800 JavaThread "Handler for socket connection from /127.0.0.1:50135 to /127.0.0.1:51363" [_thread_in_native, id=12080, stack(0x000000dca4d00000,0x000000dca4e00000)]
  0x000002d4fde15800 JavaThread "Cancel handler" [_thread_blocked, id=10832, stack(0x000000dca4e00000,0x000000dca4f00000)]
  0x000002d4fde16000 JavaThread "Daemon worker Thread 4" [_thread_blocked, id=1676, stack(0x000000dca6600000,0x000000dca6700000)]
  0x000002d487032000 JavaThread "C2 CompilerThread1" daemon [_thread_in_native, id=12216, stack(0x000000dca6a00000,0x000000dca6b00000)]

Other Threads:
  0x000002d4f6268800 VMThread "VM Thread" [stack: 0x000000dca5500000,0x000000dca5600000] [id=2436]
  0x000002d4f6d51000 WatcherThread [stack: 0x000000dca5f00000,0x000000dca6000000] [id=1652]
  0x000002d4d8b46800 GCTaskThread "GC Thread#0" [stack: 0x000000dca5000000,0x000000dca5100000] [id=7764]
  0x000002d4f77c9800 GCTaskThread "GC Thread#1" [stack: 0x000000dca6100000,0x000000dca6200000] [id=5088]
  0x000002d4f7679000 GCTaskThread "GC Thread#2" [stack: 0x000000dca6200000,0x000000dca6300000] [id=2740]
  0x000002d4f8d77800 GCTaskThread "GC Thread#3" [stack: 0x000000dca6800000,0x000000dca6900000] [id=868]
  0x000002d4d8b76800 ConcurrentGCThread "G1 Main Marker" [stack: 0x000000dca5100000,0x000000dca5200000] [id=7768]
  0x000002d4d8b77800 ConcurrentGCThread "G1 Conc#0" [stack: 0x000000dca5200000,0x000000dca5300000] [id=10372]
  0x000002d4d8c07000 ConcurrentGCThread "G1 Refine#0" [stack: 0x000000dca5300000,0x000000dca5400000] [id=10436]
  0x000002d4d8c08000 ConcurrentGCThread "G1 Young RemSet Sampling" [stack: 0x000000dca5400000,0x000000dca5500000] [id=5920]

Threads with active compile tasks:
C2 CompilerThread01591006 29133       4       org.gradle.internal.reflect.JavaPropertyReflectionUtil::getAnnotation (101 bytes)
C2 CompilerThread11591006 29144   !   4       java.io.ObjectOutputStream::writeObject0 (619 bytes)

VM state:not at safepoint (normal execution)

VM Mutex/Monitor currently owned by a thread: None

Heap address: 0x0000000080000000, size: 2048 MB, Compressed Oops mode: 32-bit
Narrow klass base: 0x0000000000000000, Narrow klass shift: 3
Compressed class space size: 528482304 Address: 0x0000000100000000

Heap:
 garbage-first heap   total 344064K, used 211089K [0x0000000080000000, 0x0000000100000000)
  region size 1024K, 10 young (10240K), 1 survivors (1024K)
 Metaspace       used 148304K, capacity 153258K, committed 153472K, reserved 649216K
  class space    used 18394K, capacity 20225K, committed 20352K, reserved 516096K
Heap Regions: E=young(eden), S=young(survivor), O=old, HS=humongous(starts), HC=humongous(continues), CS=collection set, F=free, A=archive, TAMS=top-at-mark-start (previous, next)
|   0|0x0000000080000000, 0x0000000080100000, 0x0000000080100000|100%| O|  |TAMS 0x0000000080100000, 0x0000000080000000| Untracked 
|   1|0x0000000080100000, 0x0000000080200000, 0x0000000080200000|100%| O|  |TAMS 0x0000000080200000, 0x0000000080100000| Untracked 
|   2|0x0000000080200000, 0x0000000080300000, 0x0000000080300000|100%| O|  |TAMS 0x0000000080300000, 0x0000000080200000| Untracked 
|   3|0x0000000080300000, 0x0000000080400000, 0x0000000080400000|100%|HS|  |TAMS 0x0000000080400000, 0x0000000080300000| Complete 
|   4|0x0000000080400000, 0x0000000080500000, 0x0000000080500000|100%|HC|  |TAMS 0x0000000080500000, 0x0000000080400000| Complete 
|   5|0x0000000080500000, 0x0000000080600000, 0x0000000080600000|100%|HC|  |TAMS 0x0000000080600000, 0x0000000080500000| Complete 
|   6|0x0000000080600000, 0x0000000080700000, 0x0000000080700000|100%| O|  |TAMS 0x0000000080700000, 0x0000000080600000| Untracked 
|   7|0x0000000080700000, 0x0000000080800000, 0x0000000080800000|100%| O|  |TAMS 0x0000000080800000, 0x0000000080700000| Untracked 
|   8|0x0000000080800000, 0x0000000080900000, 0x0000000080900000|100%| O|  |TAMS 0x0000000080900000, 0x0000000080800000| Untracked 
|   9|0x0000000080900000, 0x0000000080a00000, 0x0000000080a00000|100%| O|  |TAMS 0x0000000080a00000, 0x0000000080900000| Untracked 
|  10|0x0000000080a00000, 0x0000000080b00000, 0x0000000080b00000|100%| O|  |TAMS 0x0000000080b00000, 0x0000000080a00000| Untracked 
|  11|0x0000000080b00000, 0x0000000080c00000, 0x0000000080c00000|100%| O|  |TAMS 0x0000000080c00000, 0x0000000080b00000| Untracked 
|  12|0x0000000080c00000, 0x0000000080d00000, 0x0000000080d00000|100%| O|  |TAMS 0x0000000080d00000, 0x0000000080c00000| Untracked 
|  13|0x0000000080d00000, 0x0000000080e00000, 0x0000000080e00000|100%| O|  |TAMS 0x0000000080e00000, 0x0000000080d00000| Untracked 
|  14|0x0000000080e00000, 0x0000000080f00000, 0x0000000080f00000|100%| O|  |TAMS 0x0000000080f00000, 0x0000000080e00000| Untracked 
|  15|0x0000000080f00000, 0x0000000081000000, 0x0000000081000000|100%| O|  |TAMS 0x0000000081000000, 0x0000000080f00000| Untracked 
|  16|0x0000000081000000, 0x0000000081100000, 0x0000000081100000|100%| O|  |TAMS 0x0000000081100000, 0x0000000081000000| Untracked 
|  17|0x0000000081100000, 0x0000000081200000, 0x0000000081200000|100%| O|  |TAMS 0x0000000081200000, 0x0000000081100000| Untracked 
|  18|0x0000000081200000, 0x0000000081300000, 0x0000000081300000|100%|HS|  |TAMS 0x0000000081300000, 0x0000000081200000| Complete 
|  19|0x0000000081300000, 0x0000000081400000, 0x0000000081400000|100%| O|  |TAMS 0x0000000081400000, 0x0000000081300000| Untracked 
|  20|0x0000000081400000, 0x0000000081500000, 0x0000000081500000|100%| O|  |TAMS 0x0000000081500000, 0x0000000081400000| Untracked 
|  21|0x0000000081500000, 0x0000000081600000, 0x0000000081600000|100%| O|  |TAMS 0x0000000081600000, 0x0000000081500000| Untracked 
|  22|0x0000000081600000, 0x0000000081700000, 0x0000000081700000|100%| O|  |TAMS 0x0000000081700000, 0x0000000081600000| Untracked 
|  23|0x0000000081700000, 0x0000000081800000, 0x0000000081800000|100%| O|  |TAMS 0x0000000081800000, 0x0000000081700000| Untracked 
|  24|0x0000000081800000, 0x0000000081900000, 0x0000000081900000|100%| O|  |TAMS 0x0000000081900000, 0x0000000081800000| Untracked 
|  25|0x0000000081900000, 0x0000000081a00000, 0x0000000081a00000|100%| O|  |TAMS 0x0000000081a00000, 0x0000000081900000| Untracked 
|  26|0x0000000081a00000, 0x0000000081b00000, 0x0000000081b00000|100%| O|  |TAMS 0x0000000081b00000, 0x0000000081a00000| Untracked 
|  27|0x0000000081b00000, 0x0000000081c00000, 0x0000000081c00000|100%| O|  |TAMS 0x0000000081c00000, 0x0000000081b00000| Untracked 
|  28|0x0000000081c00000, 0x0000000081d00000, 0x0000000081d00000|100%| O|  |TAMS 0x0000000081d00000, 0x0000000081c00000| Untracked 
|  29|0x0000000081d00000, 0x0000000081e00000, 0x0000000081e00000|100%| O|  |TAMS 0x0000000081e00000, 0x0000000081d00000| Untracked 
|  30|0x0000000081e00000, 0x0000000081f00000, 0x0000000081f00000|100%|HS|  |TAMS 0x0000000081f00000, 0x0000000081e00000| Complete 
|  31|0x0000000081f00000, 0x0000000082000000, 0x0000000082000000|100%|HC|  |TAMS 0x0000000082000000, 0x0000000081f00000| Complete 
|  32|0x0000000082000000, 0x0000000082100000, 0x0000000082100000|100%|HC|  |TAMS 0x0000000082100000, 0x0000000082000000| Complete 
|  33|0x0000000082100000, 0x0000000082200000, 0x0000000082200000|100%| O|  |TAMS 0x0000000082200000, 0x0000000082100000| Untracked 
|  34|0x0000000082200000, 0x0000000082300000, 0x0000000082300000|100%| O|  |TAMS 0x0000000082300000, 0x0000000082200000| Untracked 
|  35|0x0000000082300000, 0x0000000082400000, 0x0000000082400000|100%| O|  |TAMS 0x0000000082400000, 0x0000000082300000| Untracked 
|  36|0x0000000082400000, 0x0000000082500000, 0x0000000082500000|100%| O|  |TAMS 0x0000000082500000, 0x0000000082400000| Untracked 
|  37|0x0000000082500000, 0x0000000082600000, 0x0000000082600000|100%| O|  |TAMS 0x0000000082600000, 0x0000000082500000| Untracked 
|  38|0x0000000082600000, 0x0000000082700000, 0x0000000082700000|100%| O|  |TAMS 0x0000000082700000, 0x0000000082600000| Untracked 
|  39|0x0000000082700000, 0x0000000082800000, 0x0000000082800000|100%| O|  |TAMS 0x0000000082800000, 0x0000000082700000| Untracked 
|  40|0x0000000082800000, 0x0000000082900000, 0x0000000082900000|100%| O|  |TAMS 0x0000000082900000, 0x0000000082800000| Untracked 
|  41|0x0000000082900000, 0x0000000082a00000, 0x0000000082a00000|100%| O|  |TAMS 0x0000000082a00000, 0x0000000082900000| Untracked 
|  42|0x0000000082a00000, 0x0000000082b00000, 0x0000000082b00000|100%|HS|  |TAMS 0x0000000082b00000, 0x0000000082a00000| Complete 
|  43|0x0000000082b00000, 0x0000000082c00000, 0x0000000082c00000|100%|HS|  |TAMS 0x0000000082c00000, 0x0000000082b00000| Complete 
|  44|0x0000000082c00000, 0x0000000082d00000, 0x0000000082d00000|100%|HS|  |TAMS 0x0000000082d00000, 0x0000000082c00000| Complete 
|  45|0x0000000082d00000, 0x0000000082e00000, 0x0000000082e00000|100%|HC|  |TAMS 0x0000000082e00000, 0x0000000082d00000| Complete 
|  46|0x0000000082e00000, 0x0000000082f00000, 0x0000000082f00000|100%| O|  |TAMS 0x0000000082f00000, 0x0000000082e00000| Untracked 
|  47|0x0000000082f00000, 0x0000000083000000, 0x0000000083000000|100%| O|  |TAMS 0x0000000083000000, 0x0000000082f00000| Untracked 
|  48|0x0000000083000000, 0x0000000083100000, 0x0000000083100000|100%| O|  |TAMS 0x0000000083100000, 0x0000000083000000| Untracked 
|  49|0x0000000083100000, 0x0000000083200000, 0x0000000083200000|100%| O|  |TAMS 0x0000000083200000, 0x0000000083100000| Untracked 
|  50|0x0000000083200000, 0x0000000083300000, 0x0000000083300000|100%| O|  |TAMS 0x0000000083300000, 0x0000000083200000| Untracked 
|  51|0x0000000083300000, 0x0000000083400000, 0x0000000083400000|100%| O|  |TAMS 0x0000000083400000, 0x0000000083300000| Untracked 
|  52|0x0000000083400000, 0x0000000083500000, 0x0000000083500000|100%| O|  |TAMS 0x0000000083500000, 0x0000000083400000| Untracked 
|  53|0x0000000083500000, 0x0000000083600000, 0x0000000083600000|100%| O|  |TAMS 0x0000000083600000, 0x0000000083500000| Untracked 
|  54|0x0000000083600000, 0x0000000083700000, 0x0000000083700000|100%| O|  |TAMS 0x0000000083700000, 0x0000000083600000| Untracked 
|  55|0x0000000083700000, 0x0000000083800000, 0x0000000083800000|100%| O|  |TAMS 0x0000000083700000, 0x0000000083700000| Untracked 
|  56|0x0000000083800000, 0x0000000083900000, 0x0000000083900000|100%| O|  |TAMS 0x0000000083900000, 0x0000000083800000| Untracked 
|  57|0x0000000083900000, 0x0000000083a00000, 0x0000000083a00000|100%| O|  |TAMS 0x0000000083a00000, 0x0000000083900000| Untracked 
|  58|0x0000000083a00000, 0x0000000083b00000, 0x0000000083b00000|100%| O|  |TAMS 0x0000000083b00000, 0x0000000083a00000| Untracked 
|  59|0x0000000083b00000, 0x0000000083c00000, 0x0000000083c00000|100%| O|  |TAMS 0x0000000083c00000, 0x0000000083b00000| Untracked 
|  60|0x0000000083c00000, 0x0000000083d00000, 0x0000000083d00000|100%| O|  |TAMS 0x0000000083d00000, 0x0000000083c00000| Untracked 
|  61|0x0000000083d00000, 0x0000000083e00000, 0x0000000083e00000|100%| O|  |TAMS 0x0000000083e00000, 0x0000000083d00000| Untracked 
|  62|0x0000000083e00000, 0x0000000083f00000, 0x0000000083f00000|100%| O|  |TAMS 0x0000000083f00000, 0x0000000083e00000| Untracked 
|  63|0x0000000083f00000, 0x0000000084000000, 0x0000000084000000|100%| O|  |TAMS 0x0000000084000000, 0x0000000083f00000| Untracked 
|  64|0x0000000084000000, 0x0000000084100000, 0x0000000084100000|100%| O|  |TAMS 0x0000000084100000, 0x0000000084000000| Untracked 
|  65|0x0000000084100000, 0x0000000084200000, 0x0000000084200000|100%| O|  |TAMS 0x0000000084200000, 0x0000000084100000| Untracked 
|  66|0x0000000084200000, 0x0000000084300000, 0x0000000084300000|100%| O|  |TAMS 0x0000000084300000, 0x0000000084200000| Untracked 
|  67|0x0000000084300000, 0x0000000084400000, 0x0000000084400000|100%| O|  |TAMS 0x0000000084400000, 0x0000000084300000| Untracked 
|  68|0x0000000084400000, 0x0000000084500000, 0x0000000084500000|100%| O|  |TAMS 0x0000000084500000, 0x0000000084400000| Untracked 
|  69|0x0000000084500000, 0x0000000084600000, 0x0000000084600000|100%| O|  |TAMS 0x0000000084600000, 0x0000000084500000| Untracked 
|  70|0x0000000084600000, 0x0000000084700000, 0x0000000084700000|100%| O|  |TAMS 0x0000000084700000, 0x0000000084600000| Untracked 
|  71|0x0000000084700000, 0x0000000084800000, 0x0000000084800000|100%| O|  |TAMS 0x0000000084800000, 0x0000000084700000| Untracked 
|  72|0x0000000084800000, 0x0000000084900000, 0x0000000084900000|100%| O|  |TAMS 0x0000000084800000, 0x0000000084800000| Untracked 
|  73|0x0000000084900000, 0x0000000084a00000, 0x0000000084a00000|100%| O|  |TAMS 0x0000000084a00000, 0x0000000084900000| Untracked 
|  74|0x0000000084a00000, 0x0000000084b00000, 0x0000000084b00000|100%| O|  |TAMS 0x0000000084a00000, 0x0000000084a00000| Untracked 
|  75|0x0000000084b00000, 0x0000000084c00000, 0x0000000084c00000|100%| O|  |TAMS 0x0000000084c00000, 0x0000000084b00000| Untracked 
|  76|0x0000000084c00000, 0x0000000084d00000, 0x0000000084d00000|100%| O|  |TAMS 0x0000000084d00000, 0x0000000084c00000| Untracked 
|  77|0x0000000084d00000, 0x0000000084e00000, 0x0000000084e00000|100%| O|  |TAMS 0x0000000084e00000, 0x0000000084d00000| Untracked 
|  78|0x0000000084e00000, 0x0000000084f00000, 0x0000000084f00000|100%| O|  |TAMS 0x0000000084f00000, 0x0000000084e00000| Untracked 
|  79|0x0000000084f00000, 0x0000000085000000, 0x0000000085000000|100%| O|  |TAMS 0x0000000085000000, 0x0000000084f00000| Untracked 
|  80|0x0000000085000000, 0x0000000085100000, 0x0000000085100000|100%| O|  |TAMS 0x0000000085100000, 0x0000000085000000| Untracked 
|  81|0x0000000085100000, 0x0000000085200000, 0x0000000085200000|100%| O|  |TAMS 0x0000000085200000, 0x0000000085100000| Untracked 
|  82|0x0000000085200000, 0x0000000085300000, 0x0000000085300000|100%| O|  |TAMS 0x0000000085200000, 0x0000000085200000| Untracked 
|  83|0x0000000085300000, 0x0000000085400000, 0x0000000085400000|100%| O|  |TAMS 0x0000000085400000, 0x0000000085300000| Untracked 
|  84|0x0000000085400000, 0x0000000085500000, 0x0000000085500000|100%| O|  |TAMS 0x0000000085500000, 0x0000000085400000| Untracked 
|  85|0x0000000085500000, 0x0000000085600000, 0x0000000085600000|100%| O|  |TAMS 0x0000000085600000, 0x0000000085500000| Untracked 
|  86|0x0000000085600000, 0x0000000085700000, 0x0000000085700000|100%| O|  |TAMS 0x0000000085700000, 0x0000000085600000| Untracked 
|  87|0x0000000085700000, 0x0000000085800000, 0x0000000085800000|100%| O|  |TAMS 0x0000000085800000, 0x0000000085700000| Untracked 
|  88|0x0000000085800000, 0x0000000085900000, 0x0000000085900000|100%| O|  |TAMS 0x0000000085900000, 0x0000000085800000| Untracked 
|  89|0x0000000085900000, 0x0000000085a00000, 0x0000000085a00000|100%| O|  |TAMS 0x0000000085a00000, 0x0000000085900000| Untracked 
|  90|0x0000000085a00000, 0x0000000085b00000, 0x0000000085b00000|100%| O|  |TAMS 0x0000000085b00000, 0x0000000085a00000| Untracked 
|  91|0x0000000085b00000, 0x0000000085c00000, 0x0000000085c00000|100%| O|  |TAMS 0x0000000085b00000, 0x0000000085b00000| Untracked 
|  92|0x0000000085c00000, 0x0000000085d00000, 0x0000000085d00000|100%| O|  |TAMS 0x0000000085c00000, 0x0000000085c00000| Untracked 
|  93|0x0000000085d00000, 0x0000000085e00000, 0x0000000085e00000|100%| O|  |TAMS 0x0000000085e00000, 0x0000000085d00000| Untracked 
|  94|0x0000000085e00000, 0x0000000085f00000, 0x0000000085f00000|100%| O|  |TAMS 0x0000000085f00000, 0x0000000085e00000| Untracked 
|  95|0x0000000085f00000, 0x0000000086000000, 0x0000000086000000|100%| O|  |TAMS 0x0000000086000000, 0x0000000085f00000| Untracked 
|  96|0x0000000086000000, 0x0000000086100000, 0x0000000086100000|100%| O|  |TAMS 0x0000000086100000, 0x0000000086000000| Untracked 
|  97|0x0000000086100000, 0x0000000086200000, 0x0000000086200000|100%| O|  |TAMS 0x0000000086100000, 0x0000000086100000| Untracked 
|  98|0x0000000086200000, 0x0000000086300000, 0x0000000086300000|100%| O|  |TAMS 0x0000000086300000, 0x0000000086200000| Untracked 
|  99|0x0000000086300000, 0x0000000086400000, 0x0000000086400000|100%| O|  |TAMS 0x0000000086300000, 0x0000000086300000| Untracked 
| 100|0x0000000086400000, 0x0000000086500000, 0x0000000086500000|100%| O|  |TAMS 0x0000000086500000, 0x0000000086400000| Untracked 
| 101|0x0000000086500000, 0x0000000086600000, 0x0000000086600000|100%|HS|  |TAMS 0x0000000086600000, 0x0000000086500000| Complete 
| 102|0x0000000086600000, 0x0000000086700000, 0x0000000086700000|100%| O|  |TAMS 0x0000000086700000, 0x0000000086600000| Untracked 
| 103|0x0000000086700000, 0x0000000086800000, 0x0000000086800000|100%| O|  |TAMS 0x0000000086800000, 0x0000000086700000| Untracked 
| 104|0x0000000086800000, 0x0000000086900000, 0x0000000086900000|100%| O|  |TAMS 0x0000000086900000, 0x0000000086800000| Untracked 
| 105|0x0000000086900000, 0x0000000086a00000, 0x0000000086a00000|100%| O|  |TAMS 0x0000000086a00000, 0x0000000086900000| Untracked 
| 106|0x0000000086a00000, 0x0000000086b00000, 0x0000000086b00000|100%| O|  |TAMS 0x0000000086a00000, 0x0000000086a00000| Untracked 
| 107|0x0000000086b00000, 0x0000000086c00000, 0x0000000086c00000|100%| O|  |TAMS 0x0000000086b00000, 0x0000000086b00000| Untracked 
| 108|0x0000000086c00000, 0x0000000086d00000, 0x0000000086d00000|100%| O|  |TAMS 0x0000000086c00000, 0x0000000086c00000| Untracked 
| 109|0x0000000086d00000, 0x0000000086e00000, 0x0000000086e00000|100%| O|  |TAMS 0x0000000086d00000, 0x0000000086d00000| Untracked 
| 110|0x0000000086e00000, 0x0000000086f00000, 0x0000000086f00000|100%| O|  |TAMS 0x0000000086e00000, 0x0000000086e00000| Untracked 
| 111|0x0000000086f00000, 0x0000000087000000, 0x0000000087000000|100%| O|  |TAMS 0x0000000087000000, 0x0000000086f00000| Untracked 
| 112|0x0000000087000000, 0x0000000087100000, 0x0000000087100000|100%| O|  |TAMS 0x0000000087100000, 0x0000000087000000| Untracked 
| 113|0x0000000087100000, 0x0000000087200000, 0x0000000087200000|100%| O|  |TAMS 0x0000000087200000, 0x0000000087100000| Untracked 
| 114|0x0000000087200000, 0x0000000087300000, 0x0000000087300000|100%| O|  |TAMS 0x0000000087300000, 0x0000000087200000| Untracked 
| 115|0x0000000087300000, 0x0000000087400000, 0x0000000087400000|100%| O|  |TAMS 0x0000000087400000, 0x0000000087300000| Untracked 
| 116|0x0000000087400000, 0x0000000087500000, 0x0000000087500000|100%| O|  |TAMS 0x0000000087500000, 0x0000000087400000| Untracked 
| 117|0x0000000087500000, 0x0000000087600000, 0x0000000087600000|100%| O|  |TAMS 0x0000000087600000, 0x0000000087500000| Untracked 
| 118|0x0000000087600000, 0x0000000087700000, 0x0000000087700000|100%| O|  |TAMS 0x0000000087700000, 0x0000000087600000| Untracked 
| 119|0x0000000087700000, 0x0000000087800000, 0x0000000087800000|100%| O|  |TAMS 0x0000000087800000, 0x0000000087700000| Untracked 
| 120|0x0000000087800000, 0x0000000087900000, 0x0000000087900000|100%| O|  |TAMS 0x0000000087800000, 0x0000000087800000| Untracked 
| 121|0x0000000087900000, 0x0000000087a00000, 0x0000000087a00000|100%|HS|  |TAMS 0x0000000087a00000, 0x0000000087900000| Complete 
| 122|0x0000000087a00000, 0x0000000087b00000, 0x0000000087b00000|100%|HC|  |TAMS 0x0000000087b00000, 0x0000000087a00000| Complete 
| 123|0x0000000087b00000, 0x0000000087c00000, 0x0000000087c00000|100%|HC|  |TAMS 0x0000000087c00000, 0x0000000087b00000| Complete 
| 124|0x0000000087c00000, 0x0000000087d00000, 0x0000000087d00000|100%| O|  |TAMS 0x0000000087d00000, 0x0000000087c00000| Untracked 
| 125|0x0000000087d00000, 0x0000000087e00000, 0x0000000087e00000|100%| O|  |TAMS 0x0000000087e00000, 0x0000000087d00000| Untracked 
| 126|0x0000000087e00000, 0x0000000087f00000, 0x0000000087f00000|100%| O|  |TAMS 0x0000000087e00000, 0x0000000087e00000| Untracked 
| 127|0x0000000087f00000, 0x0000000088000000, 0x0000000088000000|100%| O|  |TAMS 0x0000000087f00000, 0x0000000087f00000| Untracked 
| 128|0x0000000088000000, 0x0000000088100000, 0x0000000088100000|100%| O|  |TAMS 0x0000000088000000, 0x0000000088000000| Untracked 
| 129|0x0000000088100000, 0x0000000088200000, 0x0000000088200000|100%|HS|  |TAMS 0x0000000088100000, 0x0000000088100000| Complete 
| 130|0x0000000088200000, 0x0000000088300000, 0x0000000088300000|100%| O|  |TAMS 0x0000000088200000, 0x0000000088200000| Untracked 
| 131|0x0000000088300000, 0x0000000088400000, 0x0000000088400000|100%|HS|  |TAMS 0x0000000088400000, 0x0000000088300000| Complete 
| 132|0x0000000088400000, 0x0000000088500000, 0x0000000088500000|100%| O|  |TAMS 0x0000000088500000, 0x0000000088400000| Untracked 
| 133|0x0000000088500000, 0x0000000088600000, 0x0000000088600000|100%| O|  |TAMS 0x0000000088600000, 0x0000000088500000| Untracked 
| 134|0x0000000088600000, 0x0000000088700000, 0x0000000088700000|100%| O|  |TAMS 0x0000000088600000, 0x0000000088600000| Untracked 
| 135|0x0000000088700000, 0x0000000088800000, 0x0000000088800000|100%|HS|  |TAMS 0x0000000088800000, 0x0000000088700000| Complete 
| 136|0x0000000088800000, 0x0000000088900000, 0x0000000088900000|100%|HC|  |TAMS 0x0000000088900000, 0x0000000088800000| Complete 
| 137|0x0000000088900000, 0x0000000088a00000, 0x0000000088a00000|100%|HC|  |TAMS 0x0000000088a00000, 0x0000000088900000| Complete 
| 138|0x0000000088a00000, 0x0000000088b00000, 0x0000000088b00000|100%| O|  |TAMS 0x0000000088b00000, 0x0000000088a00000| Untracked 
| 139|0x0000000088b00000, 0x0000000088c00000, 0x0000000088c00000|100%| O|  |TAMS 0x0000000088c00000, 0x0000000088b00000| Untracked 
| 140|0x0000000088c00000, 0x0000000088d00000, 0x0000000088d00000|100%| O|  |TAMS 0x0000000088d00000, 0x0000000088c00000| Untracked 
| 141|0x0000000088d00000, 0x0000000088e00000, 0x0000000088e00000|100%| O|  |TAMS 0x0000000088e00000, 0x0000000088d00000| Untracked 
| 142|0x0000000088e00000, 0x0000000088f00000, 0x0000000088f00000|100%| O|  |TAMS 0x0000000088e00000, 0x0000000088e00000| Untracked 
| 143|0x0000000088f00000, 0x0000000089000000, 0x0000000089000000|100%| O|  |TAMS 0x0000000088f00000, 0x0000000088f00000| Untracked 
| 144|0x0000000089000000, 0x0000000089100000, 0x0000000089100000|100%| O|  |TAMS 0x0000000089000000, 0x0000000089000000| Untracked 
| 145|0x0000000089100000, 0x0000000089200000, 0x0000000089200000|100%| O|  |TAMS 0x0000000089100000, 0x0000000089100000| Untracked 
| 146|0x0000000089200000, 0x0000000089300000, 0x0000000089300000|100%| O|  |TAMS 0x0000000089200000, 0x0000000089200000| Untracked 
| 147|0x0000000089300000, 0x0000000089400000, 0x0000000089400000|100%| O|  |TAMS 0x0000000089300000, 0x0000000089300000| Untracked 
| 148|0x0000000089400000, 0x0000000089500000, 0x0000000089500000|100%| O|  |TAMS 0x0000000089400000, 0x0000000089400000| Untracked 
| 149|0x0000000089500000, 0x0000000089600000, 0x0000000089600000|100%| O|  |TAMS 0x0000000089600000, 0x0000000089500000| Untracked 
| 150|0x0000000089600000, 0x0000000089700000, 0x0000000089700000|100%| O|  |TAMS 0x0000000089600000, 0x0000000089600000| Untracked 
| 151|0x0000000089700000, 0x0000000089800000, 0x0000000089800000|100%| O|  |TAMS 0x0000000089700000, 0x0000000089700000| Untracked 
| 152|0x0000000089800000, 0x0000000089800000, 0x0000000089900000|  0%| F|  |TAMS 0x0000000089800000, 0x0000000089800000| Untracked 
| 153|0x0000000089900000, 0x0000000089900000, 0x0000000089a00000|  0%| F|  |TAMS 0x0000000089900000, 0x0000000089900000| Untracked 
| 154|0x0000000089a00000, 0x0000000089a00000, 0x0000000089b00000|  0%| F|  |TAMS 0x0000000089a00000, 0x0000000089a00000| Untracked 
| 155|0x0000000089b00000, 0x0000000089b41c00, 0x0000000089c00000| 25%| O|  |TAMS 0x0000000089b00000, 0x0000000089b00000| Untracked 
| 156|0x0000000089c00000, 0x0000000089c00000, 0x0000000089d00000|  0%| F|  |TAMS 0x0000000089c00000, 0x0000000089c00000| Untracked 
| 157|0x0000000089d00000, 0x0000000089d00000, 0x0000000089e00000|  0%| F|  |TAMS 0x0000000089d00000, 0x0000000089d00000| Untracked 
| 158|0x0000000089e00000, 0x0000000089e00000, 0x0000000089f00000|  0%| F|  |TAMS 0x0000000089e00000, 0x0000000089e00000| Untracked 
| 159|0x0000000089f00000, 0x0000000089f00000, 0x000000008a000000|  0%| F|  |TAMS 0x0000000089f00000, 0x0000000089f00000| Untracked 
| 160|0x000000008a000000, 0x000000008a100000, 0x000000008a100000|100%| O|  |TAMS 0x000000008a100000, 0x000000008a000000| Untracked 
| 161|0x000000008a100000, 0x000000008a100000, 0x000000008a200000|  0%| F|  |TAMS 0x000000008a100000, 0x000000008a100000| Untracked 
| 162|0x000000008a200000, 0x000000008a200000, 0x000000008a300000|  0%| F|  |TAMS 0x000000008a200000, 0x000000008a200000| Untracked 
| 163|0x000000008a300000, 0x000000008a400000, 0x000000008a400000|100%| O|  |TAMS 0x000000008a300000, 0x000000008a300000| Untracked 
| 164|0x000000008a400000, 0x000000008a500000, 0x000000008a500000|100%| O|  |TAMS 0x000000008a400000, 0x000000008a400000| Untracked 
| 165|0x000000008a500000, 0x000000008a600000, 0x000000008a600000|100%| O|  |TAMS 0x000000008a500000, 0x000000008a500000| Untracked 
| 166|0x000000008a600000, 0x000000008a700000, 0x000000008a700000|100%| O|  |TAMS 0x000000008a600000, 0x000000008a600000| Untracked 
| 167|0x000000008a700000, 0x000000008a700000, 0x000000008a800000|  0%| F|  |TAMS 0x000000008a700000, 0x000000008a700000| Untracked 
| 168|0x000000008a800000, 0x000000008a900000, 0x000000008a900000|100%| O|  |TAMS 0x000000008a900000, 0x000000008a800000| Untracked 
| 169|0x000000008a900000, 0x000000008aa00000, 0x000000008aa00000|100%| O|  |TAMS 0x000000008a900000, 0x000000008a900000| Untracked 
| 170|0x000000008aa00000, 0x000000008aa00000, 0x000000008ab00000|  0%| F|  |TAMS 0x000000008aa00000, 0x000000008aa00000| Untracked 
| 171|0x000000008ab00000, 0x000000008ac00000, 0x000000008ac00000|100%| O|  |TAMS 0x000000008ab00000, 0x000000008ab00000| Untracked 
| 172|0x000000008ac00000, 0x000000008ac00000, 0x000000008ad00000|  0%| F|  |TAMS 0x000000008ac00000, 0x000000008ac00000| Untracked 
| 173|0x000000008ad00000, 0x000000008ae00000, 0x000000008ae00000|100%| O|  |TAMS 0x000000008ae00000, 0x000000008ad00000| Untracked 
| 174|0x000000008ae00000, 0x000000008af00000, 0x000000008af00000|100%| O|  |TAMS 0x000000008ae00000, 0x000000008ae00000| Untracked 
| 175|0x000000008af00000, 0x000000008af00000, 0x000000008b000000|  0%| F|  |TAMS 0x000000008af00000, 0x000000008af00000| Untracked 
| 176|0x000000008b000000, 0x000000008b000000, 0x000000008b100000|  0%| F|  |TAMS 0x000000008b000000, 0x000000008b000000| Untracked 
| 177|0x000000008b100000, 0x000000008b100000, 0x000000008b200000|  0%| F|  |TAMS 0x000000008b100000, 0x000000008b100000| Untracked 
| 178|0x000000008b200000, 0x000000008b200000, 0x000000008b300000|  0%| F|  |TAMS 0x000000008b200000, 0x000000008b200000| Untracked 
| 179|0x000000008b300000, 0x000000008b300000, 0x000000008b400000|  0%| F|  |TAMS 0x000000008b300000, 0x000000008b300000| Untracked 
| 180|0x000000008b400000, 0x000000008b400000, 0x000000008b500000|  0%| F|  |TAMS 0x000000008b400000, 0x000000008b400000| Untracked 
| 181|0x000000008b500000, 0x000000008b500000, 0x000000008b600000|  0%| F|  |TAMS 0x000000008b500000, 0x000000008b500000| Untracked 
| 182|0x000000008b600000, 0x000000008b600000, 0x000000008b700000|  0%| F|  |TAMS 0x000000008b600000, 0x000000008b600000| Untracked 
| 183|0x000000008b700000, 0x000000008b700000, 0x000000008b800000|  0%| F|  |TAMS 0x000000008b700000, 0x000000008b700000| Untracked 
| 184|0x000000008b800000, 0x000000008b800000, 0x000000008b900000|  0%| F|  |TAMS 0x000000008b800000, 0x000000008b800000| Untracked 
| 185|0x000000008b900000, 0x000000008b900000, 0x000000008ba00000|  0%| F|  |TAMS 0x000000008b900000, 0x000000008b900000| Untracked 
| 186|0x000000008ba00000, 0x000000008ba00000, 0x000000008bb00000|  0%| F|  |TAMS 0x000000008ba00000, 0x000000008ba00000| Untracked 
| 187|0x000000008bb00000, 0x000000008bb00000, 0x000000008bc00000|  0%| F|  |TAMS 0x000000008bb00000, 0x000000008bb00000| Untracked 
| 188|0x000000008bc00000, 0x000000008bc00000, 0x000000008bd00000|  0%| F|  |TAMS 0x000000008bc00000, 0x000000008bc00000| Untracked 
| 189|0x000000008bd00000, 0x000000008bd00000, 0x000000008be00000|  0%| F|  |TAMS 0x000000008bd00000, 0x000000008bd00000| Untracked 
| 190|0x000000008be00000, 0x000000008be00000, 0x000000008bf00000|  0%| F|  |TAMS 0x000000008be00000, 0x000000008be00000| Untracked 
| 191|0x000000008bf00000, 0x000000008bf00000, 0x000000008c000000|  0%| F|  |TAMS 0x000000008bf00000, 0x000000008bf00000| Untracked 
| 192|0x000000008c000000, 0x000000008c000000, 0x000000008c100000|  0%| F|  |TAMS 0x000000008c000000, 0x000000008c000000| Untracked 
| 193|0x000000008c100000, 0x000000008c100000, 0x000000008c200000|  0%| F|  |TAMS 0x000000008c100000, 0x000000008c100000| Untracked 
| 194|0x000000008c200000, 0x000000008c200000, 0x000000008c300000|  0%| F|  |TAMS 0x000000008c200000, 0x000000008c200000| Untracked 
| 195|0x000000008c300000, 0x000000008c300000, 0x000000008c400000|  0%| F|  |TAMS 0x000000008c300000, 0x000000008c300000| Untracked 
| 196|0x000000008c400000, 0x000000008c400000, 0x000000008c500000|  0%| F|  |TAMS 0x000000008c400000, 0x000000008c400000| Untracked 
| 197|0x000000008c500000, 0x000000008c500000, 0x000000008c600000|  0%| F|  |TAMS 0x000000008c500000, 0x000000008c500000| Untracked 
| 198|0x000000008c600000, 0x000000008c600000, 0x000000008c700000|  0%| F|  |TAMS 0x000000008c600000, 0x000000008c600000| Untracked 
| 199|0x000000008c700000, 0x000000008c800000, 0x000000008c800000|100%| O|  |TAMS 0x000000008c800000, 0x000000008c700000| Untracked 
| 200|0x000000008c800000, 0x000000008c800000, 0x000000008c900000|  0%| F|  |TAMS 0x000000008c800000, 0x000000008c800000| Untracked 
| 201|0x000000008c900000, 0x000000008ca00000, 0x000000008ca00000|100%| O|  |TAMS 0x000000008ca00000, 0x000000008c900000| Untracked 
| 202|0x000000008ca00000, 0x000000008cb00000, 0x000000008cb00000|100%| O|  |TAMS 0x000000008cb00000, 0x000000008ca00000| Untracked 
| 203|0x000000008cb00000, 0x000000008cc00000, 0x000000008cc00000|100%| O|  |TAMS 0x000000008cc00000, 0x000000008cb00000| Untracked 
| 204|0x000000008cc00000, 0x000000008cd00000, 0x000000008cd00000|100%| O|  |TAMS 0x000000008cd00000, 0x000000008cc00000| Untracked 
| 205|0x000000008cd00000, 0x000000008ce00000, 0x000000008ce00000|100%| O|  |TAMS 0x000000008ce00000, 0x000000008cd00000| Untracked 
| 206|0x000000008ce00000, 0x000000008cf00000, 0x000000008cf00000|100%| O|  |TAMS 0x000000008cf00000, 0x000000008ce00000| Untracked 
| 207|0x000000008cf00000, 0x000000008d000000, 0x000000008d000000|100%| O|  |TAMS 0x000000008d000000, 0x000000008cf00000| Untracked 
| 208|0x000000008d000000, 0x000000008d100000, 0x000000008d100000|100%| O|  |TAMS 0x000000008d100000, 0x000000008d000000| Untracked 
| 209|0x000000008d100000, 0x000000008d200000, 0x000000008d200000|100%| O|  |TAMS 0x000000008d200000, 0x000000008d100000| Untracked 
| 210|0x000000008d200000, 0x000000008d300000, 0x000000008d300000|100%| O|  |TAMS 0x000000008d300000, 0x000000008d200000| Untracked 
| 211|0x000000008d300000, 0x000000008d400000, 0x000000008d400000|100%| O|  |TAMS 0x000000008d400000, 0x000000008d300000| Untracked 
| 212|0x000000008d400000, 0x000000008d500000, 0x000000008d500000|100%| O|  |TAMS 0x000000008d500000, 0x000000008d400000| Untracked 
| 213|0x000000008d500000, 0x000000008d600000, 0x000000008d600000|100%| O|  |TAMS 0x000000008d600000, 0x000000008d500000| Untracked 
| 214|0x000000008d600000, 0x000000008d700000, 0x000000008d700000|100%| O|  |TAMS 0x000000008d700000, 0x000000008d600000| Untracked 
| 215|0x000000008d700000, 0x000000008d700000, 0x000000008d800000|  0%| F|  |TAMS 0x000000008d700000, 0x000000008d700000| Untracked 
| 216|0x000000008d800000, 0x000000008d800000, 0x000000008d900000|  0%| F|  |TAMS 0x000000008d800000, 0x000000008d800000| Untracked 
| 217|0x000000008d900000, 0x000000008da00000, 0x000000008da00000|100%| O|  |TAMS 0x000000008da00000, 0x000000008d900000| Untracked 
| 218|0x000000008da00000, 0x000000008db00000, 0x000000008db00000|100%| O|  |TAMS 0x000000008db00000, 0x000000008da00000| Untracked 
| 219|0x000000008db00000, 0x000000008dc00000, 0x000000008dc00000|100%| O|  |TAMS 0x000000008dc00000, 0x000000008db00000| Untracked 
| 220|0x000000008dc00000, 0x000000008dc00000, 0x000000008dd00000|  0%| F|  |TAMS 0x000000008dc00000, 0x000000008dc00000| Untracked 
| 221|0x000000008dd00000, 0x000000008de00000, 0x000000008de00000|100%| O|  |TAMS 0x000000008de00000, 0x000000008dd00000| Untracked 
| 222|0x000000008de00000, 0x000000008df00000, 0x000000008df00000|100%| O|  |TAMS 0x000000008df00000, 0x000000008de00000| Untracked 
| 223|0x000000008df00000, 0x000000008df00000, 0x000000008e000000|  0%| F|  |TAMS 0x000000008df00000, 0x000000008df00000| Untracked 
| 224|0x000000008e000000, 0x000000008e100000, 0x000000008e100000|100%| O|  |TAMS 0x000000008e100000, 0x000000008e000000| Untracked 
| 225|0x000000008e100000, 0x000000008e200000, 0x000000008e200000|100%| O|  |TAMS 0x000000008e200000, 0x000000008e100000| Untracked 
| 226|0x000000008e200000, 0x000000008e300000, 0x000000008e300000|100%| O|  |TAMS 0x000000008e300000, 0x000000008e200000| Untracked 
| 227|0x000000008e300000, 0x000000008e400000, 0x000000008e400000|100%| O|  |TAMS 0x000000008e400000, 0x000000008e300000| Untracked 
| 228|0x000000008e400000, 0x000000008e500000, 0x000000008e500000|100%| O|  |TAMS 0x000000008e500000, 0x000000008e400000| Untracked 
| 229|0x000000008e500000, 0x000000008e500000, 0x000000008e600000|  0%| F|  |TAMS 0x000000008e500000, 0x000000008e500000| Untracked 
| 230|0x000000008e600000, 0x000000008e700000, 0x000000008e700000|100%| O|  |TAMS 0x000000008e700000, 0x000000008e600000| Untracked 
| 231|0x000000008e700000, 0x000000008e800000, 0x000000008e800000|100%| O|  |TAMS 0x000000008e800000, 0x000000008e700000| Untracked 
| 232|0x000000008e800000, 0x000000008e800000, 0x000000008e900000|  0%| F|  |TAMS 0x000000008e800000, 0x000000008e800000| Untracked 
| 233|0x000000008e900000, 0x000000008e900000, 0x000000008ea00000|  0%| F|  |TAMS 0x000000008e900000, 0x000000008e900000| Untracked 
| 234|0x000000008ea00000, 0x000000008ea00000, 0x000000008eb00000|  0%| F|  |TAMS 0x000000008ea00000, 0x000000008ea00000| Untracked 
| 235|0x000000008eb00000, 0x000000008eb00000, 0x000000008ec00000|  0%| F|  |TAMS 0x000000008eb00000, 0x000000008eb00000| Untracked 
| 236|0x000000008ec00000, 0x000000008ed00000, 0x000000008ed00000|100%|HS|  |TAMS 0x000000008ed00000, 0x000000008ec00000| Complete 
| 237|0x000000008ed00000, 0x000000008ee00000, 0x000000008ee00000|100%|HC|  |TAMS 0x000000008ee00000, 0x000000008ed00000| Complete 
| 238|0x000000008ee00000, 0x000000008ef00000, 0x000000008ef00000|100%| O|  |TAMS 0x000000008ef00000, 0x000000008ee00000| Untracked 
| 239|0x000000008ef00000, 0x000000008f000000, 0x000000008f000000|100%| O|  |TAMS 0x000000008f000000, 0x000000008ef00000| Untracked 
| 240|0x000000008f000000, 0x000000008f100000, 0x000000008f100000|100%| O|  |TAMS 0x000000008f100000, 0x000000008f000000| Untracked 
| 241|0x000000008f100000, 0x000000008f200000, 0x000000008f200000|100%| O|  |TAMS 0x000000008f200000, 0x000000008f100000| Untracked 
| 242|0x000000008f200000, 0x000000008f300000, 0x000000008f300000|100%| O|  |TAMS 0x000000008f300000, 0x000000008f200000| Untracked 
| 243|0x000000008f300000, 0x000000008f400000, 0x000000008f400000|100%| O|  |TAMS 0x000000008f3eb600, 0x000000008f300000| Untracked 
| 244|0x000000008f400000, 0x000000008f400000, 0x000000008f500000|  0%| F|  |TAMS 0x000000008f400000, 0x000000008f400000| Untracked 
| 245|0x000000008f500000, 0x000000008f500000, 0x000000008f600000|  0%| F|  |TAMS 0x000000008f500000, 0x000000008f500000| Untracked 
| 246|0x000000008f600000, 0x000000008f600000, 0x000000008f700000|  0%| F|  |TAMS 0x000000008f600000, 0x000000008f600000| Untracked 
| 247|0x000000008f700000, 0x000000008f700000, 0x000000008f800000|  0%| F|  |TAMS 0x000000008f700000, 0x000000008f700000| Untracked 
| 248|0x000000008f800000, 0x000000008f800000, 0x000000008f900000|  0%| F|  |TAMS 0x000000008f800000, 0x000000008f800000| Untracked 
| 249|0x000000008f900000, 0x000000008f900000, 0x000000008fa00000|  0%| F|  |TAMS 0x000000008f900000, 0x000000008f900000| Untracked 
| 250|0x000000008fa00000, 0x000000008fa00000, 0x000000008fb00000|  0%| F|  |TAMS 0x000000008fa00000, 0x000000008fa00000| Untracked 
| 251|0x000000008fb00000, 0x000000008fb00000, 0x000000008fc00000|  0%| F|  |TAMS 0x000000008fb00000, 0x000000008fb00000| Untracked 
| 252|0x000000008fc00000, 0x000000008fc00000, 0x000000008fd00000|  0%| F|  |TAMS 0x000000008fc00000, 0x000000008fc00000| Untracked 
| 253|0x000000008fd00000, 0x000000008fd00000, 0x000000008fe00000|  0%| F|  |TAMS 0x000000008fd00000, 0x000000008fd00000| Untracked 
| 254|0x000000008fe00000, 0x000000008fe00000, 0x000000008ff00000|  0%| F|  |TAMS 0x000000008fe00000, 0x000000008fe00000| Untracked 
| 255|0x000000008ff00000, 0x000000008ff00000, 0x0000000090000000|  0%| F|  |TAMS 0x000000008ff00000, 0x000000008ff00000| Untracked 
| 256|0x0000000090000000, 0x00000000900e2920, 0x0000000090100000| 88%| S|CS|TAMS 0x0000000090000000, 0x0000000090000000| Complete 
| 257|0x0000000090100000, 0x0000000090100000, 0x0000000090200000|  0%| F|  |TAMS 0x0000000090100000, 0x0000000090100000| Untracked 
| 258|0x0000000090200000, 0x0000000090200000, 0x0000000090300000|  0%| F|  |TAMS 0x0000000090200000, 0x0000000090200000| Untracked 
| 259|0x0000000090300000, 0x0000000090300000, 0x0000000090400000|  0%| F|  |TAMS 0x0000000090300000, 0x0000000090300000| Untracked 
| 260|0x0000000090400000, 0x0000000090400000, 0x0000000090500000|  0%| F|  |TAMS 0x0000000090400000, 0x0000000090400000| Untracked 
| 261|0x0000000090500000, 0x0000000090500000, 0x0000000090600000|  0%| F|  |TAMS 0x0000000090500000, 0x0000000090500000| Untracked 
| 262|0x0000000090600000, 0x0000000090600000, 0x0000000090700000|  0%| F|  |TAMS 0x0000000090600000, 0x0000000090600000| Untracked 
| 263|0x0000000090700000, 0x0000000090700000, 0x0000000090800000|  0%| F|  |TAMS 0x0000000090700000, 0x0000000090700000| Untracked 
| 264|0x0000000090800000, 0x0000000090800000, 0x0000000090900000|  0%| F|  |TAMS 0x0000000090800000, 0x0000000090800000| Untracked 
| 265|0x0000000090900000, 0x0000000090900000, 0x0000000090a00000|  0%| F|  |TAMS 0x0000000090900000, 0x0000000090900000| Untracked 
| 266|0x0000000090a00000, 0x0000000090a00000, 0x0000000090b00000|  0%| F|  |TAMS 0x0000000090a00000, 0x0000000090a00000| Untracked 
| 267|0x0000000090b00000, 0x0000000090b00000, 0x0000000090c00000|  0%| F|  |TAMS 0x0000000090b00000, 0x0000000090b00000| Untracked 
| 268|0x0000000090c00000, 0x0000000090c00000, 0x0000000090d00000|  0%| F|  |TAMS 0x0000000090c00000, 0x0000000090c00000| Untracked 
| 269|0x0000000090d00000, 0x0000000090d00000, 0x0000000090e00000|  0%| F|  |TAMS 0x0000000090d00000, 0x0000000090d00000| Untracked 
| 270|0x0000000090e00000, 0x0000000090e00000, 0x0000000090f00000|  0%| F|  |TAMS 0x0000000090e00000, 0x0000000090e00000| Untracked 
| 271|0x0000000090f00000, 0x0000000090f00000, 0x0000000091000000|  0%| F|  |TAMS 0x0000000090f00000, 0x0000000090f00000| Untracked 
| 272|0x0000000091000000, 0x0000000091000000, 0x0000000091100000|  0%| F|  |TAMS 0x0000000091000000, 0x0000000091000000| Untracked 
| 273|0x0000000091100000, 0x0000000091100000, 0x0000000091200000|  0%| F|  |TAMS 0x0000000091100000, 0x0000000091100000| Untracked 
| 274|0x0000000091200000, 0x0000000091200000, 0x0000000091300000|  0%| F|  |TAMS 0x0000000091200000, 0x0000000091200000| Untracked 
| 275|0x0000000091300000, 0x0000000091300000, 0x0000000091400000|  0%| F|  |TAMS 0x0000000091300000, 0x0000000091300000| Untracked 
| 276|0x0000000091400000, 0x0000000091400000, 0x0000000091500000|  0%| F|  |TAMS 0x0000000091400000, 0x0000000091400000| Untracked 
| 277|0x0000000091500000, 0x0000000091500000, 0x0000000091600000|  0%| F|  |TAMS 0x0000000091500000, 0x0000000091500000| Untracked 
| 278|0x0000000091600000, 0x0000000091600000, 0x0000000091700000|  0%| F|  |TAMS 0x0000000091600000, 0x0000000091600000| Untracked 
| 279|0x0000000091700000, 0x0000000091700000, 0x0000000091800000|  0%| F|  |TAMS 0x0000000091700000, 0x0000000091700000| Untracked 
| 280|0x0000000091800000, 0x0000000091800000, 0x0000000091900000|  0%| F|  |TAMS 0x0000000091800000, 0x0000000091800000| Untracked 
| 281|0x0000000091900000, 0x0000000091900000, 0x0000000091a00000|  0%| F|  |TAMS 0x0000000091900000, 0x0000000091900000| Untracked 
| 282|0x0000000091a00000, 0x0000000091a00000, 0x0000000091b00000|  0%| F|  |TAMS 0x0000000091a00000, 0x0000000091a00000| Untracked 
| 283|0x0000000091b00000, 0x0000000091b00000, 0x0000000091c00000|  0%| F|  |TAMS 0x0000000091b00000, 0x0000000091b00000| Untracked 
| 284|0x0000000091c00000, 0x0000000091c00000, 0x0000000091d00000|  0%| F|  |TAMS 0x0000000091c00000, 0x0000000091c00000| Untracked 
| 285|0x0000000091d00000, 0x0000000091d00000, 0x0000000091e00000|  0%| F|  |TAMS 0x0000000091d00000, 0x0000000091d00000| Untracked 
| 286|0x0000000091e00000, 0x0000000091e00000, 0x0000000091f00000|  0%| F|  |TAMS 0x0000000091e00000, 0x0000000091e00000| Untracked 
| 287|0x0000000091f00000, 0x0000000091f00000, 0x0000000092000000|  0%| F|  |TAMS 0x0000000091f00000, 0x0000000091f00000| Untracked 
| 288|0x0000000092000000, 0x0000000092000000, 0x0000000092100000|  0%| F|  |TAMS 0x0000000092000000, 0x0000000092000000| Untracked 
| 289|0x0000000092100000, 0x0000000092100000, 0x0000000092200000|  0%| F|  |TAMS 0x0000000092100000, 0x0000000092100000| Untracked 
| 290|0x0000000092200000, 0x0000000092200000, 0x0000000092300000|  0%| F|  |TAMS 0x0000000092200000, 0x0000000092200000| Untracked 
| 291|0x0000000092300000, 0x0000000092300000, 0x0000000092400000|  0%| F|  |TAMS 0x0000000092300000, 0x0000000092300000| Untracked 
| 292|0x0000000092400000, 0x0000000092400000, 0x0000000092500000|  0%| F|  |TAMS 0x0000000092400000, 0x0000000092400000| Untracked 
| 293|0x0000000092500000, 0x0000000092500000, 0x0000000092600000|  0%| F|  |TAMS 0x0000000092500000, 0x0000000092500000| Untracked 
| 294|0x0000000092600000, 0x0000000092600000, 0x0000000092700000|  0%| F|  |TAMS 0x0000000092600000, 0x0000000092600000| Untracked 
| 295|0x0000000092700000, 0x0000000092700000, 0x0000000092800000|  0%| F|  |TAMS 0x0000000092700000, 0x0000000092700000| Untracked 
| 296|0x0000000092800000, 0x0000000092800000, 0x0000000092900000|  0%| F|  |TAMS 0x0000000092800000, 0x0000000092800000| Untracked 
| 297|0x0000000092900000, 0x0000000092900000, 0x0000000092a00000|  0%| F|  |TAMS 0x0000000092900000, 0x0000000092900000| Untracked 
| 298|0x0000000092a00000, 0x0000000092a00000, 0x0000000092b00000|  0%| F|  |TAMS 0x0000000092a00000, 0x0000000092a00000| Untracked 
| 299|0x0000000092b00000, 0x0000000092b00000, 0x0000000092c00000|  0%| F|  |TAMS 0x0000000092b00000, 0x0000000092b00000| Untracked 
| 300|0x0000000092c00000, 0x0000000092c00000, 0x0000000092d00000|  0%| F|  |TAMS 0x0000000092c00000, 0x0000000092c00000| Untracked 
| 301|0x0000000092d00000, 0x0000000092d00000, 0x0000000092e00000|  0%| F|  |TAMS 0x0000000092d00000, 0x0000000092d00000| Untracked 
| 302|0x0000000092e00000, 0x0000000092e00000, 0x0000000092f00000|  0%| F|  |TAMS 0x0000000092e00000, 0x0000000092e00000| Untracked 
| 303|0x0000000092f00000, 0x0000000092f00000, 0x0000000093000000|  0%| F|  |TAMS 0x0000000092f00000, 0x0000000092f00000| Untracked 
| 304|0x0000000093000000, 0x0000000093000000, 0x0000000093100000|  0%| F|  |TAMS 0x0000000093000000, 0x0000000093000000| Untracked 
| 305|0x0000000093100000, 0x0000000093100000, 0x0000000093200000|  0%| F|  |TAMS 0x0000000093100000, 0x0000000093100000| Untracked 
| 306|0x0000000093200000, 0x0000000093200000, 0x0000000093300000|  0%| F|  |TAMS 0x0000000093200000, 0x0000000093200000| Untracked 
| 307|0x0000000093300000, 0x0000000093300000, 0x0000000093400000|  0%| F|  |TAMS 0x0000000093300000, 0x0000000093300000| Untracked 
| 308|0x0000000093400000, 0x0000000093400000, 0x0000000093500000|  0%| F|  |TAMS 0x0000000093400000, 0x0000000093400000| Untracked 
| 309|0x0000000093500000, 0x0000000093500000, 0x0000000093600000|  0%| F|  |TAMS 0x0000000093500000, 0x0000000093500000| Untracked 
| 310|0x0000000093600000, 0x0000000093600000, 0x0000000093700000|  0%| F|  |TAMS 0x0000000093600000, 0x0000000093600000| Untracked 
| 311|0x0000000093700000, 0x0000000093700000, 0x0000000093800000|  0%| F|  |TAMS 0x0000000093700000, 0x0000000093700000| Untracked 
| 312|0x0000000093800000, 0x0000000093800000, 0x0000000093900000|  0%| F|  |TAMS 0x0000000093800000, 0x0000000093800000| Untracked 
| 313|0x0000000093900000, 0x0000000093900000, 0x0000000093a00000|  0%| F|  |TAMS 0x0000000093900000, 0x0000000093900000| Untracked 
| 314|0x0000000093a00000, 0x0000000093a00000, 0x0000000093b00000|  0%| F|  |TAMS 0x0000000093a00000, 0x0000000093a00000| Untracked 
| 315|0x0000000093b00000, 0x0000000093b00000, 0x0000000093c00000|  0%| F|  |TAMS 0x0000000093b00000, 0x0000000093b00000| Untracked 
| 316|0x0000000093c00000, 0x0000000093c00000, 0x0000000093d00000|  0%| F|  |TAMS 0x0000000093c00000, 0x0000000093c00000| Untracked 
| 317|0x0000000093d00000, 0x0000000093d00000, 0x0000000093e00000|  0%| F|  |TAMS 0x0000000093d00000, 0x0000000093d00000| Untracked 
| 318|0x0000000093e00000, 0x0000000093e00000, 0x0000000093f00000|  0%| F|  |TAMS 0x0000000093e00000, 0x0000000093e00000| Untracked 
| 319|0x0000000093f00000, 0x0000000093f00000, 0x0000000094000000|  0%| F|  |TAMS 0x0000000093f00000, 0x0000000093f00000| Untracked 
| 320|0x0000000094000000, 0x0000000094000000, 0x0000000094100000|  0%| F|  |TAMS 0x0000000094000000, 0x0000000094000000| Untracked 
| 321|0x0000000094100000, 0x0000000094100000, 0x0000000094200000|  0%| F|  |TAMS 0x0000000094100000, 0x0000000094100000| Untracked 
| 322|0x0000000094200000, 0x0000000094200000, 0x0000000094300000|  0%| F|  |TAMS 0x0000000094200000, 0x0000000094200000| Untracked 
| 323|0x0000000094300000, 0x0000000094300000, 0x0000000094400000|  0%| F|  |TAMS 0x0000000094300000, 0x0000000094300000| Untracked 
| 324|0x0000000094400000, 0x0000000094400000, 0x0000000094500000|  0%| F|  |TAMS 0x0000000094400000, 0x0000000094400000| Untracked 
| 325|0x0000000094500000, 0x0000000094500000, 0x0000000094600000|  0%| F|  |TAMS 0x0000000094500000, 0x0000000094500000| Untracked 
| 326|0x0000000094600000, 0x0000000094600000, 0x0000000094700000|  0%| F|  |TAMS 0x0000000094600000, 0x0000000094600000| Untracked 
| 327|0x0000000094700000, 0x00000000947a5aa0, 0x0000000094800000| 64%| E|  |TAMS 0x0000000094700000, 0x0000000094700000| Complete 
| 328|0x0000000094800000, 0x0000000094900000, 0x0000000094900000|100%| E|CS|TAMS 0x0000000094800000, 0x0000000094800000| Complete 
| 329|0x0000000094900000, 0x0000000094a00000, 0x0000000094a00000|100%| E|CS|TAMS 0x0000000094900000, 0x0000000094900000| Complete 
| 330|0x0000000094a00000, 0x0000000094b00000, 0x0000000094b00000|100%| E|CS|TAMS 0x0000000094a00000, 0x0000000094a00000| Complete 
| 331|0x0000000094b00000, 0x0000000094c00000, 0x0000000094c00000|100%| E|CS|TAMS 0x0000000094b00000, 0x0000000094b00000| Complete 
| 332|0x0000000094c00000, 0x0000000094d00000, 0x0000000094d00000|100%| E|CS|TAMS 0x0000000094c00000, 0x0000000094c00000| Complete 
| 333|0x0000000094d00000, 0x0000000094e00000, 0x0000000094e00000|100%| E|CS|TAMS 0x0000000094d00000, 0x0000000094d00000| Complete 
| 334|0x0000000094e00000, 0x0000000094f00000, 0x0000000094f00000|100%| E|CS|TAMS 0x0000000094e00000, 0x0000000094e00000| Complete 
| 335|0x0000000094f00000, 0x0000000095000000, 0x0000000095000000|100%| E|CS|TAMS 0x0000000094f00000, 0x0000000094f00000| Complete 

Card table byte_map: [0x000002d4ef5b0000,0x000002d4ef9b0000] _byte_map_base: 0x000002d4ef1b0000

Marking Bits (Prev, Next): (CMBitMap*) 0x000002d4d8b6d730, (CMBitMap*) 0x000002d4d8b6d6f8
 Prev Bits: [0x000002d4f1db0000, 0x000002d4f3db0000)
 Next Bits: [0x000002d4efdb0000, 0x000002d4f1db0000)

Polling page: 0x000002d4d6b00000

Metaspace:

Usage:
  Non-class:    129.92 MB capacity,   126.87 MB ( 98%) used,     2.58 MB (  2%) free+waste,   478.63 KB ( <1%) overhead. 
      Class:     19.75 MB capacity,    17.96 MB ( 91%) used,     1.57 MB (  8%) free+waste,   218.44 KB (  1%) overhead. 
       Both:    149.67 MB capacity,   144.83 MB ( 97%) used,     4.16 MB (  3%) free+waste,   697.06 KB ( <1%) overhead. 

Virtual space:
  Non-class space:      130.00 MB reserved,     130.00 MB (100%) committed 
      Class space:      504.00 MB reserved,      19.88 MB (  4%) committed 
             Both:      634.00 MB reserved,     149.88 MB ( 24%) committed 

Chunk freelists:
   Non-Class:  2.88 KB
       Class:  3.88 KB
        Both:  6.75 KB

CodeHeap 'non-profiled nmethods': size=120064Kb used=20631Kb max_used=20631Kb free=99432Kb
 bounds [0x000002d4e7c70000, 0x000002d4e90b0000, 0x000002d4ef1b0000]
CodeHeap 'profiled nmethods': size=120000Kb used=52010Kb max_used=52883Kb free=67989Kb
 bounds [0x000002d4e0740000, 0x000002d4e3b10000, 0x000002d4e7c70000]
CodeHeap 'non-nmethods': size=5696Kb used=2396Kb max_used=2452Kb free=3299Kb
 bounds [0x000002d4e01b0000, 0x000002d4e0420000, 0x000002d4e0740000]
 total_blobs=25032 nmethods=23988 adapters=954
 compilation: enabled
              stopped_count=0, restarted_count=0
 full_count=0

Compilation events (10 events):
Event: 1590.930 Thread 0x000002d4f6be8800 nmethod 29140 0x000002d4e8b81510 code [0x000002d4e8b816a0, 0x000002d4e8b81758]
Event: 1590.932 Thread 0x000002d4f6be8800 29141       3       org.gradle.internal.serialize.BaseSerializerFactory$EnumSerializer::write (10 bytes)
Event: 1590.932 Thread 0x000002d4f6be8800 nmethod 29141 0x000002d4e2dfd510 code [0x000002d4e2dfd6c0, 0x000002d4e2dfd9e8]
Event: 1590.932 Thread 0x000002d4f6be8800 29142       3       org.gradle.internal.serialize.BaseSerializerFactory$EnumSerializer::write (12 bytes)
Event: 1590.932 Thread 0x000002d4f6be8800 nmethod 29142 0x000002d4e2990610 code [0x000002d4e29907c0, 0x000002d4e29909a8]
Event: 1590.949 Thread 0x000002d4f6be8800 29146   !   3       java.io.ObjectOutputStream::writeObject (38 bytes)
Event: 1590.949 Thread 0x000002d4f6be8800 nmethod 29146 0x000002d4e2e30910 code [0x000002d4e2e30ac0, 0x000002d4e2e30dd8]
Event: 1590.959 Thread 0x000002d4f6be8800 29149       2       java.lang.ThreadLocal$ThreadLocalMap::getEntry (42 bytes)
Event: 1590.960 Thread 0x000002d4f6be8800 nmethod 29149 0x000002d4e2ac7890 code [0x000002d4e2ac7a40, 0x000002d4e2ac7bc8]
Event: 1590.960 Thread 0x000002d487032000 29144   !   4       java.io.ObjectOutputStream::writeObject0 (619 bytes)

GC Heap History (10 events):
Event: 1407.685 GC heap before
{Heap before GC invocations=210 (full 0):
 garbage-first heap   total 344064K, used 282109K [0x0000000080000000, 0x0000000100000000)
  region size 1024K, 80 young (81920K), 6 survivors (6144K)
 Metaspace       used 147134K, capacity 151981K, committed 152320K, reserved 649216K
  class space    used 18218K, capacity 20039K, committed 20224K, reserved 516096K
}
Event: 1407.689 GC heap after
{Heap after GC invocations=211 (full 0):
 garbage-first heap   total 344064K, used 207401K [0x0000000080000000, 0x0000000100000000)
  region size 1024K, 6 young (6144K), 6 survivors (6144K)
 Metaspace       used 147134K, capacity 151981K, committed 152320K, reserved 649216K
  class space    used 18218K, capacity 20039K, committed 20224K, reserved 516096K
}
Event: 1407.972 GC heap before
{Heap before GC invocations=211 (full 0):
 garbage-first heap   total 344064K, used 285225K [0x0000000080000000, 0x0000000100000000)
  region size 1024K, 82 young (83968K), 6 survivors (6144K)
 Metaspace       used 147134K, capacity 151981K, committed 152320K, reserved 649216K
  class space    used 18218K, capacity 20039K, committed 20224K, reserved 516096K
}
Event: 1407.977 GC heap after
{Heap after GC invocations=212 (full 0):
 garbage-first heap   total 344064K, used 209159K [0x0000000080000000, 0x0000000100000000)
  region size 1024K, 4 young (4096K), 4 survivors (4096K)
 Metaspace       used 147134K, capacity 151981K, committed 152320K, reserved 649216K
  class space    used 18218K, capacity 20039K, committed 20224K, reserved 516096K
}
Event: 1408.261 GC heap before
{Heap before GC invocations=212 (full 0):
 garbage-first heap   total 344064K, used 286983K [0x0000000080000000, 0x0000000100000000)
  region size 1024K, 80 young (81920K), 4 survivors (4096K)
 Metaspace       used 147134K, capacity 151981K, committed 152320K, reserved 649216K
  class space    used 18218K, capacity 20039K, committed 20224K, reserved 516096K
}
Event: 1408.264 GC heap after
{Heap after GC invocations=213 (full 0):
 garbage-first heap   total 344064K, used 209478K [0x0000000080000000, 0x0000000100000000)
  region size 1024K, 5 young (5120K), 5 survivors (5120K)
 Metaspace       used 147134K, capacity 151981K, committed 152320K, reserved 649216K
  class space    used 18218K, capacity 20039K, committed 20224K, reserved 516096K
}
Event: 1408.559 GC heap before
{Heap before GC invocations=213 (full 0):
 garbage-first heap   total 344064K, used 288326K [0x0000000080000000, 0x0000000100000000)
  region size 1024K, 82 young (83968K), 5 survivors (5120K)
 Metaspace       used 147134K, capacity 151981K, committed 152320K, reserved 649216K
  class space    used 18218K, capacity 20039K, committed 20224K, reserved 516096K
}
Event: 1408.562 GC heap after
{Heap after GC invocations=214 (full 0):
 garbage-first heap   total 344064K, used 210548K [0x0000000080000000, 0x0000000100000000)
  region size 1024K, 6 young (6144K), 6 survivors (6144K)
 Metaspace       used 147134K, capacity 151981K, committed 152320K, reserved 649216K
  class space    used 18218K, capacity 20039K, committed 20224K, reserved 516096K
}
Event: 1588.857 GC heap before
{Heap before GC invocations=214 (full 0):
 garbage-first heap   total 344064K, used 291444K [0x0000000080000000, 0x0000000100000000)
  region size 1024K, 85 young (87040K), 6 survivors (6144K)
 Metaspace       used 148285K, capacity 153234K, committed 153472K, reserved 649216K
  class space    used 18392K, capacity 20221K, committed 20352K, reserved 516096K
}
Event: 1588.859 GC heap after
{Heap after GC invocations=215 (full 0):
 garbage-first heap   total 344064K, used 202897K [0x0000000080000000, 0x0000000100000000)
  region size 1024K, 1 young (1024K), 1 survivors (1024K)
 Metaspace       used 148285K, capacity 153234K, committed 153472K, reserved 649216K
  class space    used 18392K, capacity 20221K, committed 20352K, reserved 516096K
}

Deoptimization events (10 events):
Event: 1430.718 Thread 0x000002d4f92d9000 Uncommon trap: reason=null_check action=make_not_entrant pc=0x000002d4e7f085ec method=java.lang.ThreadLocal$ThreadLocalMap.getEntryAfterMiss(Ljava/lang/ThreadLocal;ILjava/lang/ThreadLocal$ThreadLocalMap$Entry;)Ljava/lang/ThreadLocal$ThreadLocalMap$Entry; 
Event: 1438.556 Thread 0x000002d4f92dd800 Uncommon trap: reason=unstable_if action=reinterpret pc=0x000002d4e8e92ba4 method=java.util.concurrent.locks.AbstractQueuedSynchronizer$ConditionObject.awaitNanos(J)J @ 96 c2
Event: 1438.592 Thread 0x000002d4fda5c000 Uncommon trap: reason=bimorphic_or_optimized_type_check action=maybe_recompile pc=0x000002d4e7dd5394 method=com.google.common.cache.LocalCache$Segment.get(Ljava/lang/Object;I)Ljava/lang/Object; @ 44 c2
Event: 1588.822 Thread 0x000002d4f92d8000 Uncommon trap: reason=unstable_if action=reinterpret pc=0x000002d4e8a231d0 method=java.lang.StringCoding.encode(Ljava/lang/String;B[B)[B @ 69 c2
Event: 1590.946 Thread 0x000002d4fde16000 Uncommon trap: reason=bimorphic_or_optimized_type_check action=maybe_recompile pc=0x000002d4e7dd5394 method=com.google.common.cache.LocalCache$Segment.get(Ljava/lang/Object;I)Ljava/lang/Object; @ 44 c2
Event: 1590.947 Thread 0x000002d4fde16000 Uncommon trap: reason=bimorphic_or_optimized_type_check action=maybe_recompile pc=0x000002d4e90a0fa0 method=java.io.ObjectOutputStream$BlockDataOutputStream.write([BIIZ)V @ 23 c2
Event: 1590.947 Thread 0x000002d4fde16000 Uncommon trap: reason=bimorphic_or_optimized_type_check action=maybe_recompile pc=0x000002d4e90a0fa0 method=java.io.ObjectOutputStream$BlockDataOutputStream.write([BIIZ)V @ 23 c2
Event: 1590.947 Thread 0x000002d4fde16000 Uncommon trap: reason=bimorphic_or_optimized_type_check action=maybe_recompile pc=0x000002d4e90a0fa0 method=java.io.ObjectOutputStream$BlockDataOutputStream.write([BIIZ)V @ 23 c2
Event: 1590.947 Thread 0x000002d4fde16000 Uncommon trap: reason=bimorphic_or_optimized_type_check action=maybe_recompile pc=0x000002d4e90a0fa0 method=java.io.ObjectOutputStream$BlockDataOutputStream.write([BIIZ)V @ 23 c2
Event: 1590.947 Thread 0x000002d4fde16000 Uncommon trap: reason=class_check action=maybe_recompile pc=0x000002d4e802cf94 method=java.lang.Integer.equals(Ljava/lang/Object;)Z @ 1 c2

Classes redefined (0 events):
No events

Internal exceptions (10 events):
Event: 1424.422 Thread 0x000002d4f92d5800 Exception <a 'sun/net/ConnectionResetException'{0x00000000912d3ea0}: > (0x00000000912d3ea0) thrown at [./open/src/hotspot/share/prims/jni.cpp, line 632]
Event: 1426.457 Thread 0x000002d4f92d5800 Exception <a 'java/net/ConnectException'{0x00000000911ac770}: Connection refused: connect> (0x00000000911ac770) thrown at [./open/src/hotspot/share/prims/jni.cpp, line 632]
Event: 1428.502 Thread 0x000002d4f92d5800 Exception <a 'java/net/ConnectException'{0x00000000911ad9f0}: Connection refused: connect> (0x00000000911ad9f0) thrown at [./open/src/hotspot/share/prims/jni.cpp, line 632]
Event: 1430.546 Thread 0x000002d4f92d5800 Exception <a 'java/net/ConnectException'{0x00000000911aec70}: Connection refused: connect> (0x00000000911aec70) thrown at [./open/src/hotspot/share/prims/jni.cpp, line 632]
Event: 1430.553 Thread 0x000002d4f92d5800 Implicit null exception at 0x000002d4e8e2a131 to 0x000002d4e8e2a448
Event: 1430.718 Thread 0x000002d4f92d9000 Implicit null exception at 0x000002d4e7f08455 to 0x000002d4e7f085c8
Event: 1438.546 Thread 0x000002d4f92d5800 Exception <a 'java/lang/reflect/InvocationTargetException'{0x00000000910f7c48}> (0x00000000910f7c48) thrown at [./open/src/hotspot/share/runtime/reflection.cpp, line 1242]
Event: 1590.895 Thread 0x000002d4fde0e000 Exception <a 'java/net/ConnectException'{0x0000000094f08e10}: Connection refused: connect> (0x0000000094f08e10) thrown at [./open/src/hotspot/share/prims/jni.cpp, line 632]
Event: 1590.923 Thread 0x000002d4fde16000 Exception <a 'java/io/IOException'{0x0000000094bdb430}: CreateProcess error=1455, The paging file is too small for this operation to complete> (0x0000000094bdb430) thrown at [./open/src/hotspot/share/prims/jni.cpp, line 632]
Event: 1590.923 Thread 0x000002d4fde16000 Exception <a 'java/lang/reflect/InvocationTargetException'{0x0000000094bde4d8}> (0x0000000094bde4d8) thrown at [./open/src/hotspot/share/runtime/reflection.cpp, line 1242]

Events (10 events):
Event: 1590.950 Executing VM operation: RevokeBias done
Event: 1590.951 Thread 0x000002d4fde17000 Thread exited: 0x000002d4fde17000
Event: 1590.951 Executing VM operation: RevokeBias
Event: 1590.952 Executing VM operation: RevokeBias done
Event: 1590.953 Thread 0x000002d4fde17800 Thread exited: 0x000002d4fde17800
Event: 1590.959 Thread 0x000002d4fde11000 Thread exited: 0x000002d4fde11000
Event: 1590.960 Executing VM operation: RevokeBias
Event: 1590.960 Executing VM operation: RevokeBias done
Event: 1590.960 Thread 0x000002d4fde10800 Thread exited: 0x000002d4fde10800
Event: 1590.960 Thread 0x000002d487032000 Thread added: 0x000002d487032000


Dynamic libraries:
0x00007ff73caa0000 - 0x00007ff73caaf000 	C:\Program Files\Java\jdk-11.0.14\bin\java.exe
0x00007ff933630000 - 0x00007ff933825000 	C:\WINDOWS\SYSTEM32\ntdll.dll
0x00007ff932a70000 - 0x00007ff932b2d000 	C:\WINDOWS\System32\KERNEL32.DLL
0x00007ff930d40000 - 0x00007ff93100d000 	C:\WINDOWS\System32\KERNELBASE.dll
0x00007ff931010000 - 0x00007ff931110000 	C:\WINDOWS\System32\ucrtbase.dll
0x00007ff910d70000 - 0x00007ff910d85000 	C:\Program Files\Java\jdk-11.0.14\bin\VCRUNTIME140.dll
0x00007ff910cc0000 - 0x00007ff910cd8000 	C:\Program Files\Java\jdk-11.0.14\bin\jli.dll
0x00007ff931b00000 - 0x00007ff931bae000 	C:\WINDOWS\System32\ADVAPI32.dll
0x00007ff932f30000 - 0x00007ff932fce000 	C:\WINDOWS\System32\msvcrt.dll
0x00007ff932e90000 - 0x00007ff932f2c000 	C:\WINDOWS\System32\sechost.dll
0x00007ff933380000 - 0x00007ff9334a5000 	C:\WINDOWS\System32\RPCRT4.dll
0x00007ff931ca0000 - 0x00007ff931e40000 	C:\WINDOWS\System32\USER32.dll
0x00007ff9315c0000 - 0x00007ff9315e2000 	C:\WINDOWS\System32\win32u.dll
0x00007ff932870000 - 0x00007ff93289a000 	C:\WINDOWS\System32\GDI32.dll
0x00007ff919210000 - 0x00007ff9194aa000 	C:\WINDOWS\WinSxS\amd64_microsoft.windows.common-controls_6595b64144ccf1df_6.0.19041.1110_none_60b5254171f9507e\COMCTL32.dll
0x00007ff931110000 - 0x00007ff93121b000 	C:\WINDOWS\System32\gdi32full.dll
0x00007ff9314b0000 - 0x00007ff93154d000 	C:\WINDOWS\System32\msvcp_win.dll
0x00007ff929ff0000 - 0x00007ff929ffa000 	C:\WINDOWS\SYSTEM32\VERSION.dll
0x00007ff933080000 - 0x00007ff9330b0000 	C:\WINDOWS\System32\IMM32.DLL
0x00007ff8edb50000 - 0x00007ff8edbeb000 	C:\Program Files\Java\jdk-11.0.14\bin\msvcp140.dll
0x00007ff8e1c40000 - 0x00007ff8e2756000 	C:\Program Files\Java\jdk-11.0.14\bin\server\jvm.dll
0x00007ff931bb0000 - 0x00007ff931bb8000 	C:\WINDOWS\System32\PSAPI.DLL
0x00007ff918e80000 - 0x00007ff918e89000 	C:\WINDOWS\SYSTEM32\WSOCK32.dll
0x00007ff931bc0000 - 0x00007ff931c2b000 	C:\WINDOWS\System32\WS2_32.dll
0x00007ff925fd0000 - 0x00007ff925ff7000 	C:\WINDOWS\SYSTEM32\WINMM.dll
0x00007ff92ec20000 - 0x00007ff92ec32000 	C:\WINDOWS\SYSTEM32\kernel.appcore.dll
0x00007ff915b90000 - 0x00007ff915ba0000 	C:\Program Files\Java\jdk-11.0.14\bin\verify.dll
0x00007ff924560000 - 0x00007ff924744000 	C:\WINDOWS\SYSTEM32\DBGHELP.DLL
0x00007ff91a180000 - 0x00007ff91a1ac000 	C:\WINDOWS\SYSTEM32\dbgcore.DLL
0x00007ff9315f0000 - 0x00007ff931672000 	C:\WINDOWS\System32\bcryptPrimitives.dll
0x00007ff906260000 - 0x00007ff906288000 	C:\Program Files\Java\jdk-11.0.14\bin\java.dll
0x00007ff90b9d0000 - 0x00007ff90b9da000 	C:\Program Files\Java\jdk-11.0.14\bin\jimage.dll
0x00007ff90b930000 - 0x00007ff90b946000 	C:\Program Files\Java\jdk-11.0.14\bin\zip.dll
0x00007ff931e40000 - 0x00007ff932584000 	C:\WINDOWS\System32\SHELL32.dll
0x00007ff92ee20000 - 0x00007ff92f5b4000 	C:\WINDOWS\SYSTEM32\windows.storage.dll
0x00007ff932b30000 - 0x00007ff932e84000 	C:\WINDOWS\System32\combase.dll
0x00007ff930710000 - 0x00007ff93073c000 	C:\WINDOWS\SYSTEM32\Wldp.dll
0x00007ff9329c0000 - 0x00007ff932a6d000 	C:\WINDOWS\System32\SHCORE.dll
0x00007ff932960000 - 0x00007ff9329b5000 	C:\WINDOWS\System32\shlwapi.dll
0x00007ff930c80000 - 0x00007ff930c9f000 	C:\WINDOWS\SYSTEM32\profapi.dll
0x00007ff90aa20000 - 0x00007ff90aa39000 	C:\Program Files\Java\jdk-11.0.14\bin\net.dll
0x00007ff927860000 - 0x00007ff92796a000 	C:\WINDOWS\SYSTEM32\WINHTTP.dll
0x00007ff9304a0000 - 0x00007ff93050a000 	C:\WINDOWS\system32\mswsock.dll
0x00007ff906320000 - 0x00007ff906332000 	C:\Program Files\Java\jdk-11.0.14\bin\nio.dll
0x00007ff906230000 - 0x00007ff906257000 	C:\Users\OLEG\.gradle\native\e1d6ef7f7dcc3fd88c89a11ec53ec762bb8ba0a96d01ffa2cd45eb1d1d8dd5c5\windows-amd64\native-platform.dll
0x00007ff8ec670000 - 0x00007ff8ec7b4000 	C:\Users\OLEG\.gradle\native\5664cfc778a61ccfe75a443a1ab52a65af34e5dc3c78e0209fed803814484fcb\windows-amd64\native-platform-file-events.dll
0x00007ff909100000 - 0x00007ff909109000 	C:\Program Files\Java\jdk-11.0.14\bin\management.dll
0x00007ff908e60000 - 0x00007ff908e6b000 	C:\Program Files\Java\jdk-11.0.14\bin\management_ext.dll
0x00007ff9306b0000 - 0x00007ff9306c8000 	C:\WINDOWS\SYSTEM32\CRYPTSP.dll
0x00007ff92fdd0000 - 0x00007ff92fe04000 	C:\WINDOWS\system32\rsaenh.dll
0x00007ff9313d0000 - 0x00007ff9313f7000 	C:\WINDOWS\System32\bcrypt.dll
0x00007ff930c40000 - 0x00007ff930c6e000 	C:\WINDOWS\SYSTEM32\USERENV.dll
0x00007ff930630000 - 0x00007ff93063c000 	C:\WINDOWS\SYSTEM32\CRYPTBASE.dll
0x00007ff930160000 - 0x00007ff93019b000 	C:\WINDOWS\SYSTEM32\IPHLPAPI.DLL
0x00007ff931c30000 - 0x00007ff931c38000 	C:\WINDOWS\System32\NSI.dll
0x00007ff92a620000 - 0x00007ff92a637000 	C:\WINDOWS\SYSTEM32\dhcpcsvc6.DLL
0x00007ff92a600000 - 0x00007ff92a61d000 	C:\WINDOWS\SYSTEM32\dhcpcsvc.DLL
0x00007ff9301b0000 - 0x00007ff93027b000 	C:\WINDOWS\SYSTEM32\DNSAPI.dll
0x00007ff929260000 - 0x00007ff92926a000 	C:\Windows\System32\rasadhlp.dll
0x00007ff927d00000 - 0x00007ff927d80000 	C:\WINDOWS\System32\fwpuclnt.dll
0x00007ff910e30000 - 0x00007ff910e55000 	C:\Program Files\Java\jdk-11.0.14\bin\sunec.dll
0x00007ff917500000 - 0x00007ff91750d000 	C:\Program Files\Java\jdk-11.0.14\bin\sunmscapi.dll
0x00007ff931220000 - 0x00007ff931376000 	C:\WINDOWS\System32\CRYPT32.dll
0x00007ff9307f0000 - 0x00007ff930817000 	C:\WINDOWS\SYSTEM32\ncrypt.dll
0x00007ff930770000 - 0x00007ff9307ab000 	C:\WINDOWS\SYSTEM32\NTASN1.dll
0x00007ff92fa00000 - 0x00007ff92fa33000 	C:\WINDOWS\SYSTEM32\ntmarta.dll
0x00007ff915b20000 - 0x00007ff915b3e000 	D:\cache\Users\Oleg\AppData\Local\Temp\native-platform10626949483834818487dir\native-platform.dll
0x00007ff92b8e0000 - 0x00007ff92b8e7000 	C:\Program Files\Java\jdk-11.0.14\bin\rmi.dll
0x00007ff92b7b0000 - 0x00007ff92b7ce000 	D:\cache\Users\Oleg\AppData\Local\Temp\native-platform3997274086754930130dir\native-platform.dll
0x00007ff919840000 - 0x00007ff919857000 	C:\WINDOWS\system32\napinsp.dll
0x00007ff918ec0000 - 0x00007ff918edb000 	C:\WINDOWS\system32\pnrpnsp.dll
0x00007ff92b6c0000 - 0x00007ff92b6d5000 	C:\WINDOWS\system32\wshbth.dll
0x00007ff92c710000 - 0x00007ff92c72d000 	C:\WINDOWS\system32\NLAapi.dll
0x00007ff918ea0000 - 0x00007ff918eb2000 	C:\WINDOWS\System32\winrnr.dll

dbghelp: loaded successfully - version: 4.0.5 - missing functions: none
symbol engine: initialized successfully - sym options: 0x614 - pdb path: .;C:\Program Files\Java\jdk-11.0.14\bin;C:\WINDOWS\SYSTEM32;C:\WINDOWS\WinSxS\amd64_microsoft.windows.common-controls_6595b64144ccf1df_6.0.19041.1110_none_60b5254171f9507e;C:\Program Files\Java\jdk-11.0.14\bin\server;C:\Users\OLEG\.gradle\native\e1d6ef7f7dcc3fd88c89a11ec53ec762bb8ba0a96d01ffa2cd45eb1d1d8dd5c5\windows-amd64;C:\Users\OLEG\.gradle\native\5664cfc778a61ccfe75a443a1ab52a65af34e5dc3c78e0209fed803814484fcb\windows-amd64;D:\cache\Users\Oleg\AppData\Local\Temp\native-platform10626949483834818487dir;D:\cache\Users\Oleg\AppData\Local\Temp\native-platform3997274086754930130dir

VM Arguments:
jvm_args: -XX:MaxMetaspaceSize=512m --add-opens=java.base/java.util=ALL-UNNAMED --add-opens=java.base/java.lang=ALL-UNNAMED --add-opens=java.base/java.lang.invoke=ALL-UNNAMED --add-opens=java.base/java.util=ALL-UNNAMED --add-opens=java.prefs/java.util.prefs=ALL-UNNAMED --add-opens=java.prefs/java.util.prefs=ALL-UNNAMED --add-opens=java.base/java.nio.charset=ALL-UNNAMED --add-opens=java.base/java.net=ALL-UNNAMED --add-opens=java.base/java.util.concurrent.atomic=ALL-UNNAMED -Xmx2048m -Dfile.encoding=windows-1252 -Duser.country=US -Duser.language=en -Duser.variant 
java_command: org.gradle.launcher.daemon.bootstrap.GradleDaemon 7.3.3
java_class_path (initial): C:\Users\OLEG\.gradle\wrapper\dists\gradle-7.3.3-all\4295vidhdd9hd3gbjyw1xqxpo\gradle-7.3.3\lib\gradle-launcher-7.3.3.jar
Launcher Type: SUN_STANDARD

[Global flags]
     intx CICompilerCount                          = 3                                         {product} {ergonomic}
   size_t CompressedClassSpaceSize                 = 528482304                                 {product} {ergonomic}
     uint ConcGCThreads                            = 1                                         {product} {ergonomic}
     uint G1ConcRefinementThreads                  = 4                                         {product} {ergonomic}
   size_t G1HeapRegionSize                         = 1048576                                   {product} {ergonomic}
    uintx GCDrainStackTargetSize                   = 64                                        {product} {ergonomic}
   size_t InitialHeapSize                          = 134217728                                 {product} {ergonomic}
   size_t MarkStackSize                            = 4194304                                   {product} {ergonomic}
   size_t MaxHeapSize                              = 2147483648                                {product} {command line}
   size_t MaxMetaspaceSize                         = 536870912                                 {product} {command line}
   size_t MaxNewSize                               = 1287651328                                {product} {ergonomic}
   size_t MinHeapDeltaBytes                        = 1048576                                   {product} {ergonomic}
    uintx NonNMethodCodeHeapSize                   = 5830732                                {pd product} {ergonomic}
    uintx NonProfiledCodeHeapSize                  = 122913754                              {pd product} {ergonomic}
    uintx ProfiledCodeHeapSize                     = 122913754                              {pd product} {ergonomic}
    uintx ReservedCodeCacheSize                    = 251658240                              {pd product} {ergonomic}
     bool SegmentedCodeCache                       = true                                      {product} {ergonomic}
     bool UseCompressedClassPointers               = true                                 {lp64_product} {ergonomic}
     bool UseCompressedOops                        = true                                 {lp64_product} {ergonomic}
     bool UseG1GC                                  = true                                      {product} {ergonomic}
     bool UseLargePagesIndividualAllocation        = false                                  {pd product} {ergonomic}

Logging:
Log output configuration:
 #0: stdout all=warning uptime,level,tags
 #1: stderr all=off uptime,level,tags

Environment Variables:
JAVA_HOME=C:\Program Files\Java\jdk-11.0.14
CLASSPATH=C:\Users\OLEG\Desktop\geekbrains\fullstack\rntodo\android\\gradle\wrapper\gradle-wrapper.jar
PATH=C:\Users\OLEG\Desktop\geekbrains\fullstack\rntodo\android\node_modules\.bin;C:\Users\OLEG\Desktop\geekbrains\fullstack\rntodo\node_modules\.bin;C:\Users\OLEG\Desktop\geekbrains\fullstack\node_modules\.bin;C:\Users\OLEG\Desktop\geekbrains\node_modules\.bin;C:\Users\OLEG\Desktop\node_modules\.bin;C:\Users\OLEG\node_modules\.bin;C:\Users\node_modules\.bin;C:\node_modules\.bin;C:\Program Files\nodejs;C:\Users\OLEG\Desktop\geekbrains\fullstack\rntodo\node_modules\.bin;C:\Users\OLEG\Desktop\geekbrains\fullstack\node_modules\.bin;C:\Users\OLEG\Desktop\geekbrains\node_modules\.bin;C:\Users\OLEG\Desktop\node_modules\.bin;C:\Users\OLEG\node_modules\.bin;C:\Users\node_modules\.bin;C:\node_modules\.bin;C:\Users\OLEG\AppData\Roaming\npm\node_modules\npm\node_modules\@npmcli\run-script\lib\node-gyp-bin;C:\Program Files\Common Files\Oracle\Java\javapath;C:\Program Files\AdoptOpenJDK\jdk-8.0.265.01-hotspot\bin;C:\Windows\system32;C:\Windows;C:\Windows\System32\Wbem;C:\Windows\System32\WindowsPowerShell\v1.0\;C:\Windows\System32\OpenSSH\;C:\Program Files (x86)\Wolfram Research\WolframScript\;d:\apps\lab tools\NAMD;d:\apps\lab tools\VMD;D:\apps\PuTTY\;C:\Program Files\Microsoft SQL Server\130\Tools\Binn\;C:\WINDOWS\system32;C:\WINDOWS;C:\WINDOWS\System32\Wbem;C:\WINDOWS\System32\WindowsPowerShell\v1.0\;C:\WINDOWS\System32\OpenSSH\;D:\apps\WinSCP\;C:\Program Files (x86)\NVIDIA Corporation\PhysX\Common;D:\apps\lab tools\PyMOL\path;C:\WINDOWS\system32;C:\WINDOWS;C:\WINDOWS\System32\Wbem;C:\WINDOWS\System32\WindowsPowerShell\v1.0\;C:\WINDOWS\System32\OpenSSH\;C:\Program Files\Git\cmd;C:\Users\OLEG\AppData\Roaming\Python\Python39\Scripts;C:\Program Files\nodejs\;C:\Program Files\Microsoft\jdk-11.0.12.7-hotspot\bin;C:\Program Files\AdoptOpenJDK\jdk-8.0.265.01-hotspot\bin;C:\Windows\system32;C:\Windows;C:\Windows\System32\Wbem;C:\Windows\System32\WindowsPowerShell\v1.0\;C:\Windows\System32\OpenSSH\;C:\Program Files (x86)\Wolfram Research\WolframScript\;d:\apps\lab tools\NAMD;d:\apps\lab t
USERNAME=OLEG
OS=Windows_NT
PROCESSOR_IDENTIFIER=Intel64 Family 6 Model 158 Stepping 9, GenuineIntel



---------------  S Y S T E M  ---------------

OS: Windows 10 , 64 bit Build 19041 (10.0.19041.1706)
Hyper-V role detected

CPU:total 4 (initial active 4) (4 cores per cpu, 1 threads per core) family 6 model 158 stepping 9 microcode 0xb4, cmov, cx8, fxsr, mmx, sse, sse2, sse3, ssse3, sse4.1, sse4.2, popcnt, avx, avx2, aes, clmul, erms, 3dnowpref, lzcnt, tsc, tscinvbit, bmi1, bmi2, adx, fma

Memory: 4k page, system-wide physical 8159M (1560M free)
TotalPageFile size 8159M (AvailPageFile size 1M)
current process WorkingSet (physical memory assigned to process): 702M, peak: 720M
current process commit charge ("private bytes"): 772M, peak: 785M

vm_info: Java HotSpot(TM) 64-Bit Server VM (11.0.14+8-LTS-263) for windows-amd64 JRE (11.0.14+8-LTS-263), built on Dec  7 2021 21:53:57 by "mach5one" with MS VC++ 15.9 (VS2017)

END.
