#
# There is insufficient memory for the Java Runtime Environment to continue.
# Native memory allocation (mmap) failed to map 134217728 bytes for Failed to commit area from 0x0000000080800000 to 0x0000000088800000 of length 134217728.
# Possible reasons:
#   The system is out of physical RAM or swap space
#   The process is running with CompressedOops enabled, and the Java Heap may be blocking the growth of the native heap
# Possible solutions:
#   Reduce memory load on the system
#   Increase physical memory or swap space
#   Check if swap backing store is full
#   Decrease Java heap size (-Xmx/-Xms)
#   Decrease number of Java threads
#   Decrease Java thread stack sizes (-Xss)
#   Set larger code cache with -XX:ReservedCodeCacheSize=
# This output file may be truncated or incomplete.
#
#  Out of Memory Error (./open/src/hotspot/os/windows/os_windows.cpp:3284), pid=2496, tid=4888
#
# JRE version:  (11.0.14+8) (build )
# Java VM: Java HotSpot(TM) 64-Bit Server VM (11.0.14+8-LTS-263, mixed mode, sharing, tiered, compressed oops, g1 gc, windows-amd64)
# No core dump will be written. Minidumps are not enabled by default on client versions of Windows
#

---------------  S U M M A R Y ------------

Command Line: org.jetbrains.kotlin.cli.jvm.K2JVMCompiler @C:\Users\OLEG\Desktop\geekbrains\fullstack\rntodo\node_modules\react-native-gesture-handler\android\build\20220614_4778724387781014482.compiler.options

Host: Intel(R) Core(TM) i5-7400 CPU @ 3.00GHz, 4 cores, 7G,  Windows 10 , 64 bit Build 19041 (10.0.19041.1706)
Time: Tue Jun 14 13:11:49 2022 Russia TZ 2 Standard Time elapsed time: 0.012352 seconds (0d 0h 0m 0s)

---------------  T H R E A D  ---------------

Current thread (0x000001d2b60cd000):  JavaThread "Unknown thread" [_thread_in_vm, id=4888, stack(0x000000cfb4b00000,0x000000cfb4c00000)]

Stack: [0x000000cfb4b00000,0x000000cfb4c00000]
Native frames: (J=compiled Java code, j=interpreted, Vv=VM code, C=native code)
V  [jvm.dll+0x6296da]
V  [jvm.dll+0x76323f]
V  [jvm.dll+0x7648e9]
V  [jvm.dll+0x764f73]
V  [jvm.dll+0x23d7c8]
V  [jvm.dll+0x626a5a]
V  [jvm.dll+0x61b7f5]
V  [jvm.dll+0x2f262c]
V  [jvm.dll+0x2f24b2]
V  [jvm.dll+0x2f71d6]
V  [jvm.dll+0x339bdf]
V  [jvm.dll+0x339610]
V  [jvm.dll+0x2cfc48]
V  [jvm.dll+0x2d0db6]
V  [jvm.dll+0x73d857]
V  [jvm.dll+0x73f0ef]
V  [jvm.dll+0x346909]
V  [jvm.dll+0x723160]
V  [jvm.dll+0x3b551f]
V  [jvm.dll+0x3b7631]
C  [jli.dll+0x5207]
C  [ucrtbase.dll+0x21bb2]
C  [KERNEL32.DLL+0x17034]
C  [ntdll.dll+0x52651]


---------------  P R O C E S S  ---------------

Threads class SMR info:
_java_thread_list=0x000001d2b3ee8570, length=0, elements={
}

Java Threads: ( => current thread )

Other Threads:
  0x000001d2b60e3800 GCTaskThread "GC Thread#0" [stack: 0x000000cfb4c00000,0x000000cfb4d00000] [id=8112]
  0x000001d2b6114000 ConcurrentGCThread "G1 Main Marker" [stack: 0x000000cfb4d00000,0x000000cfb4e00000] [id=7704]
  0x000001d2b6115800 ConcurrentGCThread "G1 Conc#0" [stack: 0x000000cfb4e00000,0x000000cfb4f00000] [id=8536]

[error occurred during error reporting (printing all threads), id 0xc0000005, EXCEPTION_ACCESS_VIOLATION (0xc0000005) at pc=0x00007ff8e1f1eed7]

VM state:not at safepoint (not fully initialized)

VM Mutex/Monitor currently owned by a thread:  ([mutex/lock_event])
[0x000001d2b60ca410] Heap_lock - owner thread: 0x000001d2b60cd000

Heap address: 0x0000000080800000, size: 2040 MB, Compressed Oops mode: Non-zero based: 0x0000000080800000
Narrow klass base: 0x0000000000000000, Narrow klass shift: 0

GC Heap History (0 events):
No events

Deoptimization events (0 events):
No events

Classes redefined (0 events):
No events

Internal exceptions (0 events):
No events

Events (0 events):
No events


Dynamic libraries:
0x00007ff73caa0000 - 0x00007ff73caaf000 	C:\Program Files\Java\jdk-11.0.14\bin\java.exe
0x00007ff933630000 - 0x00007ff933825000 	C:\WINDOWS\SYSTEM32\ntdll.dll
0x00007ff932a70000 - 0x00007ff932b2d000 	C:\WINDOWS\System32\KERNEL32.DLL
0x00007ff930d40000 - 0x00007ff93100d000 	C:\WINDOWS\System32\KERNELBASE.dll
0x00007ff931010000 - 0x00007ff931110000 	C:\WINDOWS\System32\ucrtbase.dll
0x00007ff910cc0000 - 0x00007ff910cd8000 	C:\Program Files\Java\jdk-11.0.14\bin\jli.dll
0x00007ff910d70000 - 0x00007ff910d85000 	C:\Program Files\Java\jdk-11.0.14\bin\VCRUNTIME140.dll
0x00007ff931b00000 - 0x00007ff931bae000 	C:\WINDOWS\System32\ADVAPI32.dll
0x00007ff932f30000 - 0x00007ff932fce000 	C:\WINDOWS\System32\msvcrt.dll
0x00007ff932e90000 - 0x00007ff932f2c000 	C:\WINDOWS\System32\sechost.dll
0x00007ff933380000 - 0x00007ff9334a5000 	C:\WINDOWS\System32\RPCRT4.dll
0x00007ff931ca0000 - 0x00007ff931e40000 	C:\WINDOWS\System32\USER32.dll
0x00007ff9315c0000 - 0x00007ff9315e2000 	C:\WINDOWS\System32\win32u.dll
0x00007ff919210000 - 0x00007ff9194aa000 	C:\WINDOWS\WinSxS\amd64_microsoft.windows.common-controls_6595b64144ccf1df_6.0.19041.1110_none_60b5254171f9507e\COMCTL32.dll
0x00007ff932870000 - 0x00007ff93289a000 	C:\WINDOWS\System32\GDI32.dll
0x00007ff931110000 - 0x00007ff93121b000 	C:\WINDOWS\System32\gdi32full.dll
0x00007ff9314b0000 - 0x00007ff93154d000 	C:\WINDOWS\System32\msvcp_win.dll
0x00007ff929ff0000 - 0x00007ff929ffa000 	C:\WINDOWS\SYSTEM32\VERSION.dll
0x00007ff933080000 - 0x00007ff9330b0000 	C:\WINDOWS\System32\IMM32.DLL
0x00007ff8edb50000 - 0x00007ff8edbeb000 	C:\Program Files\Java\jdk-11.0.14\bin\msvcp140.dll
0x00007ff8e1c40000 - 0x00007ff8e2756000 	C:\Program Files\Java\jdk-11.0.14\bin\server\jvm.dll
0x00007ff931bb0000 - 0x00007ff931bb8000 	C:\WINDOWS\System32\PSAPI.DLL
0x00007ff918e80000 - 0x00007ff918e89000 	C:\WINDOWS\SYSTEM32\WSOCK32.dll
0x00007ff931bc0000 - 0x00007ff931c2b000 	C:\WINDOWS\System32\WS2_32.dll
0x00007ff925fd0000 - 0x00007ff925ff7000 	C:\WINDOWS\SYSTEM32\WINMM.dll
0x00007ff92ec20000 - 0x00007ff92ec32000 	C:\WINDOWS\SYSTEM32\kernel.appcore.dll
0x00007ff915b90000 - 0x00007ff915ba0000 	C:\Program Files\Java\jdk-11.0.14\bin\verify.dll
0x00007ff924560000 - 0x00007ff924744000 	C:\WINDOWS\SYSTEM32\DBGHELP.DLL
0x00007ff91a180000 - 0x00007ff91a1ac000 	C:\WINDOWS\SYSTEM32\dbgcore.DLL
0x00007ff9315f0000 - 0x00007ff931672000 	C:\WINDOWS\System32\bcryptPrimitives.dll
0x00007ff906260000 - 0x00007ff906288000 	C:\Program Files\Java\jdk-11.0.14\bin\java.dll
0x00007ff90b9d0000 - 0x00007ff90b9da000 	C:\Program Files\Java\jdk-11.0.14\bin\jimage.dll
0x00007ff90b930000 - 0x00007ff90b946000 	C:\Program Files\Java\jdk-11.0.14\bin\zip.dll

dbghelp: loaded successfully - version: 4.0.5 - missing functions: none
symbol engine: initialized successfully - sym options: 0x614 - pdb path: .;C:\Program Files\Java\jdk-11.0.14\bin;C:\WINDOWS\SYSTEM32;C:\WINDOWS\WinSxS\amd64_microsoft.windows.common-controls_6595b64144ccf1df_6.0.19041.1110_none_60b5254171f9507e;C:\Program Files\Java\jdk-11.0.14\bin\server

VM Arguments:
java_command: org.jetbrains.kotlin.cli.jvm.K2JVMCompiler @C:\Users\OLEG\Desktop\geekbrains\fullstack\rntodo\node_modules\react-native-gesture-handler\android\build\20220614_4778724387781014482.compiler.options
java_class_path (initial): C:\Users\OLEG\.gradle\caches\modules-2\files-2.1\org.jetbrains.kotlin\kotlin-compiler-embeddable\1.5.20\1900e8b9aca0a9caffd45b99b36e3720a0a284f8\kotlin-compiler-embeddable-1.5.20.jar;C:\Users\OLEG\.gradle\caches\modules-2\files-2.1\org.jetbrains.kotlin\kotlin-reflect\1.5.20\63810951f09a27f7827977f1bc21094042a915e\kotlin-reflect-1.5.20.jar;C:\Users\OLEG\.gradle\caches\modules-2\files-2.1\org.jetbrains.kotlin\kotlin-stdlib\1.5.20\9de35cc611bcecec8edce1d56d8e659953806751\kotlin-stdlib-1.5.20.jar;C:\Users\OLEG\.gradle\caches\modules-2\files-2.1\org.jetbrains.kotlin\kotlin-script-runtime\1.5.20\4381bb58d37b84d4d1afe55ec35542dd9b77e101\kotlin-script-runtime-1.5.20.jar;C:\Users\OLEG\.gradle\caches\modules-2\files-2.1\org.jetbrains.kotlin\kotlin-daemon-embeddable\1.5.20\36c38cda019834dcd2959cc33a12768adcd94256\kotlin-daemon-embeddable-1.5.20.jar;C:\Users\OLEG\.gradle\caches\modules-2\files-2.1\org.jetbrains.intellij.deps\trove4j\1.0.20181211\216c2e14b070f334479d800987affe4054cd563f\trove4j-1.0.20181211.jar;C:\Users\OLEG\.gradle\caches\modules-2\files-2.1\org.jetbrains\annotations\13.0\919f0dfe192fb4e063e7dacadee7f8bb9a2672a9\annotations-13.0.jar;C:\Users\OLEG\.gradle\caches\modules-2\files-2.1\org.jetbrains.kotlin\kotlin-stdlib-common\1.5.20\3d79dbd48bf605f4aac1e7028981a1953e245cbb\kotlin-stdlib-common-1.5.20.jar
Launcher Type: SUN_STANDARD

[Global flags]
     intx CICompilerCount                          = 3                                         {product} {ergonomic}
     uint ConcGCThreads                            = 1                                         {product} {ergonomic}
     uint G1ConcRefinementThreads                  = 4                                         {product} {ergonomic}
   size_t G1HeapRegionSize                         = 1048576                                   {product} {ergonomic}
    uintx GCDrainStackTargetSize                   = 64                                        {product} {ergonomic}
   size_t InitialHeapSize                          = 134217728                                 {product} {ergonomic}
   size_t MarkStackSize                            = 4194304                                   {product} {ergonomic}
   size_t MaxHeapSize                              = 2139095040                                {product} {ergonomic}
   size_t MinHeapDeltaBytes                        = 1048576                                   {product} {ergonomic}
    uintx NonNMethodCodeHeapSize                   = 5830732                                {pd product} {ergonomic}
    uintx NonProfiledCodeHeapSize                  = 122913754                              {pd product} {ergonomic}
    uintx ProfiledCodeHeapSize                     = 122913754                              {pd product} {ergonomic}
    uintx ReservedCodeCacheSize                    = 251658240                              {pd product} {ergonomic}
     bool SegmentedCodeCache                       = true                                      {product} {ergonomic}
     bool UseCompressedClassPointers               = true                                 {lp64_product} {ergonomic}
     bool UseCompressedOops                        = true                                 {lp64_product} {ergonomic}
     bool UseG1GC                                  = true                                      {product} {ergonomic}
     bool UseLargePagesIndividualAllocation        = false                                  {pd product} {ergonomic}

Logging:
Log output configuration:
 #0: stdout all=warning uptime,level,tags
 #1: stderr all=off uptime,level,tags

Environment Variables:
JAVA_HOME=C:\Program Files\Java\jdk-11.0.14
CLASSPATH=C:\Users\OLEG\Desktop\geekbrains\fullstack\rntodo\android\\gradle\wrapper\gradle-wrapper.jar
PATH=C:\Users\OLEG\Desktop\geekbrains\fullstack\rntodo\android\node_modules\.bin;C:\Users\OLEG\Desktop\geekbrains\fullstack\rntodo\node_modules\.bin;C:\Users\OLEG\Desktop\geekbrains\fullstack\node_modules\.bin;C:\Users\OLEG\Desktop\geekbrains\node_modules\.bin;C:\Users\OLEG\Desktop\node_modules\.bin;C:\Users\OLEG\node_modules\.bin;C:\Users\node_modules\.bin;C:\node_modules\.bin;C:\Program Files\nodejs;C:\Users\OLEG\Desktop\geekbrains\fullstack\rntodo\node_modules\.bin;C:\Users\OLEG\Desktop\geekbrains\fullstack\node_modules\.bin;C:\Users\OLEG\Desktop\geekbrains\node_modules\.bin;C:\Users\OLEG\Desktop\node_modules\.bin;C:\Users\OLEG\node_modules\.bin;C:\Users\node_modules\.bin;C:\node_modules\.bin;C:\Users\OLEG\AppData\Roaming\npm\node_modules\npm\node_modules\@npmcli\run-script\lib\node-gyp-bin;C:\Program Files\Common Files\Oracle\Java\javapath;C:\Program Files\AdoptOpenJDK\jdk-8.0.265.01-hotspot\bin;C:\Windows\system32;C:\Windows;C:\Windows\System32\Wbem;C:\Windows\System32\WindowsPowerShell\v1.0\;C:\Windows\System32\OpenSSH\;C:\Program Files (x86)\Wolfram Research\WolframScript\;d:\apps\lab tools\NAMD;d:\apps\lab tools\VMD;D:\apps\PuTTY\;C:\Program Files\Microsoft SQL Server\130\Tools\Binn\;C:\WINDOWS\system32;C:\WINDOWS;C:\WINDOWS\System32\Wbem;C:\WINDOWS\System32\WindowsPowerShell\v1.0\;C:\WINDOWS\System32\OpenSSH\;D:\apps\WinSCP\;C:\Program Files (x86)\NVIDIA Corporation\PhysX\Common;D:\apps\lab tools\PyMOL\path;C:\WINDOWS\system32;C:\WINDOWS;C:\WINDOWS\System32\Wbem;C:\WINDOWS\System32\WindowsPowerShell\v1.0\;C:\WINDOWS\System32\OpenSSH\;C:\Program Files\Git\cmd;C:\Users\OLEG\AppData\Roaming\Python\Python39\Scripts;C:\Program Files\nodejs\;C:\Program Files\Microsoft\jdk-11.0.12.7-hotspot\bin;C:\Program Files\AdoptOpenJDK\jdk-8.0.265.01-hotspot\bin;C:\Windows\system32;C:\Windows;C:\Windows\System32\Wbem;C:\Windows\System32\WindowsPowerShell\v1.0\;C:\Windows\System32\OpenSSH\;C:\Program Files (x86)\Wolfram Research\WolframScript\;d:\apps\lab tools\NAMD;d:\apps\lab t
USERNAME=OLEG
OS=Windows_NT
PROCESSOR_IDENTIFIER=Intel64 Family 6 Model 158 Stepping 9, GenuineIntel



---------------  S Y S T E M  ---------------

OS: Windows 10 , 64 bit Build 19041 (10.0.19041.1706)
Hyper-V role detected

CPU:total 4 (initial active 4) (4 cores per cpu, 1 threads per core) family 6 model 158 stepping 9 microcode 0xb4, cmov, cx8, fxsr, mmx, sse, sse2, sse3, ssse3, sse4.1, sse4.2, popcnt, avx, avx2, aes, clmul, erms, 3dnowpref, lzcnt, tsc, tscinvbit, bmi1, bmi2, adx, fma

Memory: 4k page, system-wide physical 8159M (1540M free)
TotalPageFile size 8159M (AvailPageFile size 101M)
current process WorkingSet (physical memory assigned to process): 9M, peak: 9M
current process commit charge ("private bytes"): 51M, peak: 179M

vm_info: Java HotSpot(TM) 64-Bit Server VM (11.0.14+8-LTS-263) for windows-amd64 JRE (11.0.14+8-LTS-263), built on Dec  7 2021 21:53:57 by "mach5one" with MS VC++ 15.9 (VS2017)

END.
